<?xml version="1.0" encoding="utf-8"?>
<TestRun id="97a64cbf-5398-4fef-9d3b-3917cc4177b0" name="@r3e 2025-08-22 04:20:57" xmlns="http://microsoft.com/schemas/VisualStudio/TeamTest/2010">
  <Times creation="2025-08-22T04:20:57.3805576+00:00" queuing="2025-08-22T04:20:57.3805577+00:00" start="2025-08-22T04:20:56.8952884+00:00" finish="2025-08-22T04:20:57.3808602+00:00" />
  <TestSettings name="default" id="420483dc-a5ae-4e19-8723-540c9f5c2561">
    <Deployment runDeploymentRoot="_r3e_2025-08-22_04_20_57" />
  </TestSettings>
  <TestLists>
    <TestList name="Results Not in a List" id="8c84fa94-04c1-424b-9868-57a2d4851a1d" />
    <TestList name="All Loaded Results" id="19431567-8539-422a-85d7-44ee4e166bda" />
  </TestLists>
  <ResultSummary outcome="Completed">
    <Counters total="0" executed="0" passed="0" failed="0" error="0" timeout="0" aborted="0" inconclusive="0" passedButRunAborted="0" notRunnable="0" notExecuted="0" disconnected="0" warning="0" completed="0" inProgress="0" pending="0" />
    <Output>
      <StdOut>[xUnit.net 00:00:00.00] xUnit.net VSTest Adapter v2.8.2+699d445a1a (64-bit .NET 9.0.6)
[xUnit.net 00:00:00.05]   Discovering: NeoSharp.Tests
[xUnit.net 00:00:00.11]   Discovered:  NeoSharp.Tests
[xUnit.net 00:00:00.11]   Starting:    NeoSharp.Tests
[xUnit.net 00:00:00.12]   Finished:    NeoSharp.Tests
</StdOut>
    </Output>
    <RunInfos>
      <RunInfo computerName="r3e" outcome="Warning" timestamp="2025-08-22T04:20:57.3226168+00:00">
        <Text>No test matches the given testcase filter `TestMethod=TestNEP2KeyChecksumValidation` in /home/ubuntu/NeoSwift/NeoSharp/tests/NeoSharp.Tests/bin/Debug/net9.0/NeoSharp.Tests.dll</Text>
      </RunInfo>
    </RunInfos>
  </ResultSummary>
</TestRun>