<?xml version="1.0" encoding="utf-8"?>
<TestRun id="260d58be-1ef6-463c-99a8-e1d03a3fb95c" name="@r3e 2025-08-22 04:21:15" xmlns="http://microsoft.com/schemas/VisualStudio/TeamTest/2010">
  <Times creation="2025-08-22T04:21:15.3827648+00:00" queuing="2025-08-22T04:21:15.3827648+00:00" start="2025-08-22T04:21:14.9129256+00:00" finish="2025-08-22T04:21:15.3830692+00:00" />
  <TestSettings name="default" id="051d5ff7-0637-4c13-ac0e-5c0991bb338f">
    <Deployment runDeploymentRoot="_r3e_2025-08-22_04_21_15" />
  </TestSettings>
  <TestLists>
    <TestList name="Results Not in a List" id="8c84fa94-04c1-424b-9868-57a2d4851a1d" />
    <TestList name="All Loaded Results" id="19431567-8539-422a-85d7-44ee4e166bda" />
  </TestLists>
  <ResultSummary outcome="Completed">
    <Counters total="0" executed="0" passed="0" failed="0" error="0" timeout="0" aborted="0" inconclusive="0" passedButRunAborted="0" notRunnable="0" notExecuted="0" disconnected="0" warning="0" completed="0" inProgress="0" pending="0" />
    <Output>
      <StdOut>[xUnit.net 00:00:00.00] xUnit.net VSTest Adapter v2.8.2+699d445a1a (64-bit .NET 9.0.6)
[xUnit.net 00:00:00.05]   Discovering: NeoSharp.Tests
[xUnit.net 00:00:00.10]   Discovered:  NeoSharp.Tests
[xUnit.net 00:00:00.11]   Starting:    NeoSharp.Tests
[xUnit.net 00:00:00.12]   Finished:    NeoSharp.Tests
</StdOut>
    </Output>
    <RunInfos>
      <RunInfo computerName="r3e" outcome="Warning" timestamp="2025-08-22T04:21:15.3285763+00:00">
        <Text>No test matches the given testcase filter `TestMethod=TestNEP2KeyChecksumValidation` in /home/ubuntu/NeoSwift/NeoSharp/tests/NeoSharp.Tests/bin/Debug/net9.0/NeoSharp.Tests.dll</Text>
      </RunInfo>
    </RunInfos>
  </ResultSummary>
</TestRun>