<?xml version="1.0" encoding="utf-8"?>
<TestRun id="73e17e90-188d-416a-847c-729bd6c30ec2" name="@r3e 2025-08-22 04:18:49" xmlns="http://microsoft.com/schemas/VisualStudio/TeamTest/2010">
  <Times creation="2025-08-22T04:18:49.4803880+00:00" queuing="2025-08-22T04:18:49.4803880+00:00" start="2025-08-22T04:18:48.8985095+00:00" finish="2025-08-22T04:18:49.5090774+00:00" />
  <TestSettings name="default" id="acac5c5a-8463-49a8-bcdd-01e41d4744fb">
    <Deployment runDeploymentRoot="_r3e_2025-08-22_04_18_49" />
  </TestSettings>
  <Results>
    <UnitTestResult executionId="7e25dd5b-6557-4042-b29c-e8b33bfffe31" testId="2563e2a7-4774-1734-682f-9b5a97cf68dd" testName="NeoSharp.Tests.Contract.SmartContractTests.BuildInvokeFunctionScript_ShouldCreateCorrectScript" computerName="r3e" duration="00:00:00.0035652" startTime="2025-08-22T04:18:49.4613477+00:00" endTime="2025-08-22T04:18:49.4613478+00:00" testType="13cdc9d9-ddb5-4fa4-a97d-d965ccfc6d4b" outcome="Passed" testListId="8c84fa94-04c1-424b-9868-57a2d4851a1d" relativeResultsDirectory="7e25dd5b-6557-4042-b29c-e8b33bfffe31" />
    <UnitTestResult executionId="da85e95a-d635-4136-b804-890b7e59b047" testId="9a5a5259-43e7-a157-ba6e-2aaadbf51c75" testName="NeoSharp.Tests.Contract.SmartContractTests.ToString_ShouldReturnScriptHashString" computerName="r3e" duration="00:00:00.0017107" startTime="2025-08-22T04:18:49.4402760+00:00" endTime="2025-08-22T04:18:49.4402761+00:00" testType="13cdc9d9-ddb5-4fa4-a97d-d965ccfc6d4b" outcome="Passed" testListId="8c84fa94-04c1-424b-9868-57a2d4851a1d" relativeResultsDirectory="da85e95a-d635-4136-b804-890b7e59b047" />
    <UnitTestResult executionId="7937c43e-817f-4a14-897d-62e365b81d80" testId="acd4bcec-3088-d922-c81d-7c878116fd96" testName="NeoSharp.Tests.Contract.SmartContractTests.InvokeFunction_WithNullMethod_ShouldThrowArgumentNullException" computerName="r3e" duration="00:00:00.0014471" startTime="2025-08-22T04:18:49.4385322+00:00" endTime="2025-08-22T04:18:49.4385322+00:00" testType="13cdc9d9-ddb5-4fa4-a97d-d965ccfc6d4b" outcome="Passed" testListId="8c84fa94-04c1-424b-9868-57a2d4851a1d" relativeResultsDirectory="7937c43e-817f-4a14-897d-62e365b81d80" />
    <UnitTestResult executionId="8ed1cf0d-92ca-4c20-827e-ef3b3fef8b00" testId="c0a24241-2665-51f1-0378-db611bcd3dd4" testName="NeoSharp.Tests.Contract.SmartContractTests.BuildInvokeFunctionScript_WithWhitespaceMethod_ShouldThrowArgumentException" computerName="r3e" duration="00:00:00.0009051" startTime="2025-08-22T04:18:49.4345234+00:00" endTime="2025-08-22T04:18:49.4345235+00:00" testType="13cdc9d9-ddb5-4fa4-a97d-d965ccfc6d4b" outcome="Passed" testListId="8c84fa94-04c1-424b-9868-57a2d4851a1d" relativeResultsDirectory="8ed1cf0d-92ca-4c20-827e-ef3b3fef8b00" />
    <UnitTestResult executionId="4d5930c8-ce0a-46db-bb5d-03571df9c41f" testId="6a5e6311-a3da-999b-519f-c3f8d768df61" testName="NeoSharp.Tests.Contract.SmartContractTests.InvokeFunction_WithEmptyString_ShouldThrowException" computerName="r3e" duration="00:00:00.0016152" startTime="2025-08-22T04:18:49.4322736+00:00" endTime="2025-08-22T04:18:49.4322737+00:00" testType="13cdc9d9-ddb5-4fa4-a97d-d965ccfc6d4b" outcome="Passed" testListId="8c84fa94-04c1-424b-9868-57a2d4851a1d" relativeResultsDirectory="4d5930c8-ce0a-46db-bb5d-03571df9c41f" />
    <UnitTestResult executionId="8383ae48-e636-41e2-9903-823e8c4e838d" testId="6a1a42d1-c8ac-745c-9a41-f4fb54483f96" testName="NeoSharp.Tests.Contract.SmartContractTests.InvokeFunction_WithEmptyMethod_ShouldThrowArgumentException" computerName="r3e" duration="00:00:00.1030544" startTime="2025-08-22T04:18:49.4298631+00:00" endTime="2025-08-22T04:18:49.4298828+00:00" testType="13cdc9d9-ddb5-4fa4-a97d-d965ccfc6d4b" outcome="Passed" testListId="8c84fa94-04c1-424b-9868-57a2d4851a1d" relativeResultsDirectory="8383ae48-e636-41e2-9903-823e8c4e838d" />
    <UnitTestResult executionId="536237bb-5eb9-46fa-9ce1-50e4e78bd9ea" testId="91cbf24d-f0bf-6c41-1756-f4dc69567fe4" testName="NeoSharp.Tests.Contract.SmartContractTests.InvokeFunction_WithNullParameters_ShouldWork" computerName="r3e" duration="00:00:00.0017782" startTime="2025-08-22T04:18:49.4328680+00:00" endTime="2025-08-22T04:18:49.4328681+00:00" testType="13cdc9d9-ddb5-4fa4-a97d-d965ccfc6d4b" outcome="Passed" testListId="8c84fa94-04c1-424b-9868-57a2d4851a1d" relativeResultsDirectory="536237bb-5eb9-46fa-9ce1-50e4e78bd9ea" />
    <UnitTestResult executionId="b99e0d36-5cc3-4d64-8db9-ea6a10492698" testId="49a4d1dc-d639-43e5-b5bf-49f3c902de94" testName="NeoSharp.Tests.Contract.SmartContractTests.BuildInvokeFunctionScript_WithEmptyMethod_ShouldThrowArgumentException" computerName="r3e" duration="00:00:00.0011039" startTime="2025-08-22T04:18:49.4614851+00:00" endTime="2025-08-22T04:18:49.4614851+00:00" testType="13cdc9d9-ddb5-4fa4-a97d-d965ccfc6d4b" outcome="Passed" testListId="8c84fa94-04c1-424b-9868-57a2d4851a1d" relativeResultsDirectory="b99e0d36-5cc3-4d64-8db9-ea6a10492698" />
    <UnitTestResult executionId="863bbda5-b86d-4219-b56b-37637eba41f1" testId="125ad7c0-573e-815a-337e-6925403e5304" testName="NeoSharp.Tests.Contract.SmartContractTests.BuildInvokeFunctionScript_WithNullMethod_ShouldThrowArgumentNullException" computerName="r3e" duration="00:00:00.0008607" startTime="2025-08-22T04:18:49.4612099+00:00" endTime="2025-08-22T04:18:49.4612099+00:00" testType="13cdc9d9-ddb5-4fa4-a97d-d965ccfc6d4b" outcome="Passed" testListId="8c84fa94-04c1-424b-9868-57a2d4851a1d" relativeResultsDirectory="863bbda5-b86d-4219-b56b-37637eba41f1" />
    <UnitTestResult executionId="bdc38f33-e6ce-4445-ba6a-ae75c45c4f5e" testId="459adc09-7f49-1440-4f10-c70a3ca70d53" testName="NeoSharp.Tests.Contract.SmartContractTests.InvokeFunction_ShouldCreateTransactionBuilder" computerName="r3e" duration="00:00:00.0007705" startTime="2025-08-22T04:18:49.4614600+00:00" endTime="2025-08-22T04:18:49.4614600+00:00" testType="13cdc9d9-ddb5-4fa4-a97d-d965ccfc6d4b" outcome="Passed" testListId="8c84fa94-04c1-424b-9868-57a2d4851a1d" relativeResultsDirectory="bdc38f33-e6ce-4445-ba6a-ae75c45c4f5e" />
    <UnitTestResult executionId="f5e449d5-0a8a-4bd7-8536-a23057d9e5a5" testId="29456248-06fd-18a6-b06f-ad49591a0ced" testName="NeoSharp.Tests.Contract.SmartContractTests.Equals_ShouldCompareByScriptHash" computerName="r3e" duration="00:00:00.0024705" startTime="2025-08-22T04:18:49.4370442+00:00" endTime="2025-08-22T04:18:49.4370443+00:00" testType="13cdc9d9-ddb5-4fa4-a97d-d965ccfc6d4b" outcome="Passed" testListId="8c84fa94-04c1-424b-9868-57a2d4851a1d" relativeResultsDirectory="f5e449d5-0a8a-4bd7-8536-a23057d9e5a5" />
    <UnitTestResult executionId="b86e49b9-ba5b-4627-8516-001b0f344313" testId="fb9c5acf-a0a4-9474-e2d6-b90acdb6038f" testName="NeoSharp.Tests.Contract.SmartContractTests.Constructor_ShouldSetScriptHashCorrectly" computerName="r3e" duration="00:00:00.0007033" startTime="2025-08-22T04:18:49.4614091+00:00" endTime="2025-08-22T04:18:49.4614091+00:00" testType="13cdc9d9-ddb5-4fa4-a97d-d965ccfc6d4b" outcome="Passed" testListId="8c84fa94-04c1-424b-9868-57a2d4851a1d" relativeResultsDirectory="b86e49b9-ba5b-4627-8516-001b0f344313" />
    <UnitTestResult executionId="d2c3ed5a-2ff0-4e0f-a74c-cb2daa280574" testId="b2a5cf74-d54b-a40a-2fad-3f7112c31afc" testName="NeoSharp.Tests.Contract.SmartContractTests.SmartContract_WithNullNeoSharp_ShouldThrowArgumentNullException" computerName="r3e" duration="00:00:00.0008823" startTime="2025-08-22T04:18:49.4411864+00:00" endTime="2025-08-22T04:18:49.4411865+00:00" testType="13cdc9d9-ddb5-4fa4-a97d-d965ccfc6d4b" outcome="Passed" testListId="8c84fa94-04c1-424b-9868-57a2d4851a1d" relativeResultsDirectory="d2c3ed5a-2ff0-4e0f-a74c-cb2daa280574" />
    <UnitTestResult executionId="94aae73b-36c1-47e1-905d-c3a98f475a7a" testId="c6ca9350-47d0-de0b-9e29-00de07b6df7a" testName="NeoSharp.Tests.Contract.SmartContractTests.InvokeFunction_WithWhitespaceMethod_ShouldThrowArgumentException" computerName="r3e" duration="00:00:00.0010440" startTime="2025-08-22T04:18:49.4613797+00:00" endTime="2025-08-22T04:18:49.4613797+00:00" testType="13cdc9d9-ddb5-4fa4-a97d-d965ccfc6d4b" outcome="Passed" testListId="8c84fa94-04c1-424b-9868-57a2d4851a1d" relativeResultsDirectory="94aae73b-36c1-47e1-905d-c3a98f475a7a" />
    <UnitTestResult executionId="43e47e00-f0f0-491e-ab7e-6543b5c1c14f" testId="00306738-6d37-3b3f-c2d6-1d2023d106ea" testName="NeoSharp.Tests.Contract.SmartContractTests.BuildInvokeFunctionScript_WithNullParameters_ShouldWork" computerName="r3e" duration="00:00:00.0006780" startTime="2025-08-22T04:18:49.4614345+00:00" endTime="2025-08-22T04:18:49.4614345+00:00" testType="13cdc9d9-ddb5-4fa4-a97d-d965ccfc6d4b" outcome="Passed" testListId="8c84fa94-04c1-424b-9868-57a2d4851a1d" relativeResultsDirectory="43e47e00-f0f0-491e-ab7e-6543b5c1c14f" />
    <UnitTestResult executionId="a4f4a761-6527-4ebb-aed1-f30dcde274bb" testId="92594ce4-a29a-2f60-6b95-8de7cbb18821" testName="NeoSharp.Tests.Contract.SmartContractTests.ScriptHash_ShouldBeReadOnly" computerName="r3e" duration="00:00:00.0006953" startTime="2025-08-22T04:18:49.4335891+00:00" endTime="2025-08-22T04:18:49.4335891+00:00" testType="13cdc9d9-ddb5-4fa4-a97d-d965ccfc6d4b" outcome="Passed" testListId="8c84fa94-04c1-424b-9868-57a2d4851a1d" relativeResultsDirectory="a4f4a761-6527-4ebb-aed1-f30dcde274bb" />
  </Results>
  <TestDefinitions>
    <UnitTest name="NeoSharp.Tests.Contract.SmartContractTests.BuildInvokeFunctionScript_ShouldCreateCorrectScript" storage="/home/ubuntu/neoswift/neosharp/tests/neosharp.tests/bin/debug/net9.0/neosharp.tests.dll" id="2563e2a7-4774-1734-682f-9b5a97cf68dd">
      <Execution id="7e25dd5b-6557-4042-b29c-e8b33bfffe31" />
      <TestMethod codeBase="/home/ubuntu/NeoSwift/NeoSharp/tests/NeoSharp.Tests/bin/Debug/net9.0/NeoSharp.Tests.dll" adapterTypeName="executor://xunit/VsTestRunner2/netcoreapp" className="NeoSharp.Tests.Contract.SmartContractTests" name="BuildInvokeFunctionScript_ShouldCreateCorrectScript" />
    </UnitTest>
    <UnitTest name="NeoSharp.Tests.Contract.SmartContractTests.BuildInvokeFunctionScript_WithNullParameters_ShouldWork" storage="/home/ubuntu/neoswift/neosharp/tests/neosharp.tests/bin/debug/net9.0/neosharp.tests.dll" id="00306738-6d37-3b3f-c2d6-1d2023d106ea">
      <Execution id="43e47e00-f0f0-491e-ab7e-6543b5c1c14f" />
      <TestMethod codeBase="/home/ubuntu/NeoSwift/NeoSharp/tests/NeoSharp.Tests/bin/Debug/net9.0/NeoSharp.Tests.dll" adapterTypeName="executor://xunit/VsTestRunner2/netcoreapp" className="NeoSharp.Tests.Contract.SmartContractTests" name="BuildInvokeFunctionScript_WithNullParameters_ShouldWork" />
    </UnitTest>
    <UnitTest name="NeoSharp.Tests.Contract.SmartContractTests.InvokeFunction_WithNullMethod_ShouldThrowArgumentNullException" storage="/home/ubuntu/neoswift/neosharp/tests/neosharp.tests/bin/debug/net9.0/neosharp.tests.dll" id="acd4bcec-3088-d922-c81d-7c878116fd96">
      <Execution id="7937c43e-817f-4a14-897d-62e365b81d80" />
      <TestMethod codeBase="/home/ubuntu/NeoSwift/NeoSharp/tests/NeoSharp.Tests/bin/Debug/net9.0/NeoSharp.Tests.dll" adapterTypeName="executor://xunit/VsTestRunner2/netcoreapp" className="NeoSharp.Tests.Contract.SmartContractTests" name="InvokeFunction_WithNullMethod_ShouldThrowArgumentNullException" />
    </UnitTest>
    <UnitTest name="NeoSharp.Tests.Contract.SmartContractTests.InvokeFunction_ShouldCreateTransactionBuilder" storage="/home/ubuntu/neoswift/neosharp/tests/neosharp.tests/bin/debug/net9.0/neosharp.tests.dll" id="459adc09-7f49-1440-4f10-c70a3ca70d53">
      <Execution id="bdc38f33-e6ce-4445-ba6a-ae75c45c4f5e" />
      <TestMethod codeBase="/home/ubuntu/NeoSwift/NeoSharp/tests/NeoSharp.Tests/bin/Debug/net9.0/NeoSharp.Tests.dll" adapterTypeName="executor://xunit/VsTestRunner2/netcoreapp" className="NeoSharp.Tests.Contract.SmartContractTests" name="InvokeFunction_ShouldCreateTransactionBuilder" />
    </UnitTest>
    <UnitTest name="NeoSharp.Tests.Contract.SmartContractTests.InvokeFunction_WithWhitespaceMethod_ShouldThrowArgumentException" storage="/home/ubuntu/neoswift/neosharp/tests/neosharp.tests/bin/debug/net9.0/neosharp.tests.dll" id="c6ca9350-47d0-de0b-9e29-00de07b6df7a">
      <Execution id="94aae73b-36c1-47e1-905d-c3a98f475a7a" />
      <TestMethod codeBase="/home/ubuntu/NeoSwift/NeoSharp/tests/NeoSharp.Tests/bin/Debug/net9.0/NeoSharp.Tests.dll" adapterTypeName="executor://xunit/VsTestRunner2/netcoreapp" className="NeoSharp.Tests.Contract.SmartContractTests" name="InvokeFunction_WithWhitespaceMethod_ShouldThrowArgumentException" />
    </UnitTest>
    <UnitTest name="NeoSharp.Tests.Contract.SmartContractTests.SmartContract_WithNullNeoSharp_ShouldThrowArgumentNullException" storage="/home/ubuntu/neoswift/neosharp/tests/neosharp.tests/bin/debug/net9.0/neosharp.tests.dll" id="b2a5cf74-d54b-a40a-2fad-3f7112c31afc">
      <Execution id="d2c3ed5a-2ff0-4e0f-a74c-cb2daa280574" />
      <TestMethod codeBase="/home/ubuntu/NeoSwift/NeoSharp/tests/NeoSharp.Tests/bin/Debug/net9.0/NeoSharp.Tests.dll" adapterTypeName="executor://xunit/VsTestRunner2/netcoreapp" className="NeoSharp.Tests.Contract.SmartContractTests" name="SmartContract_WithNullNeoSharp_ShouldThrowArgumentNullException" />
    </UnitTest>
    <UnitTest name="NeoSharp.Tests.Contract.SmartContractTests.Equals_ShouldCompareByScriptHash" storage="/home/ubuntu/neoswift/neosharp/tests/neosharp.tests/bin/debug/net9.0/neosharp.tests.dll" id="29456248-06fd-18a6-b06f-ad49591a0ced">
      <Execution id="f5e449d5-0a8a-4bd7-8536-a23057d9e5a5" />
      <TestMethod codeBase="/home/ubuntu/NeoSwift/NeoSharp/tests/NeoSharp.Tests/bin/Debug/net9.0/NeoSharp.Tests.dll" adapterTypeName="executor://xunit/VsTestRunner2/netcoreapp" className="NeoSharp.Tests.Contract.SmartContractTests" name="Equals_ShouldCompareByScriptHash" />
    </UnitTest>
    <UnitTest name="NeoSharp.Tests.Contract.SmartContractTests.BuildInvokeFunctionScript_WithWhitespaceMethod_ShouldThrowArgumentException" storage="/home/ubuntu/neoswift/neosharp/tests/neosharp.tests/bin/debug/net9.0/neosharp.tests.dll" id="c0a24241-2665-51f1-0378-db611bcd3dd4">
      <Execution id="8ed1cf0d-92ca-4c20-827e-ef3b3fef8b00" />
      <TestMethod codeBase="/home/ubuntu/NeoSwift/NeoSharp/tests/NeoSharp.Tests/bin/Debug/net9.0/NeoSharp.Tests.dll" adapterTypeName="executor://xunit/VsTestRunner2/netcoreapp" className="NeoSharp.Tests.Contract.SmartContractTests" name="BuildInvokeFunctionScript_WithWhitespaceMethod_ShouldThrowArgumentException" />
    </UnitTest>
    <UnitTest name="NeoSharp.Tests.Contract.SmartContractTests.InvokeFunction_WithNullParameters_ShouldWork" storage="/home/ubuntu/neoswift/neosharp/tests/neosharp.tests/bin/debug/net9.0/neosharp.tests.dll" id="91cbf24d-f0bf-6c41-1756-f4dc69567fe4">
      <Execution id="536237bb-5eb9-46fa-9ce1-50e4e78bd9ea" />
      <TestMethod codeBase="/home/ubuntu/NeoSwift/NeoSharp/tests/NeoSharp.Tests/bin/Debug/net9.0/NeoSharp.Tests.dll" adapterTypeName="executor://xunit/VsTestRunner2/netcoreapp" className="NeoSharp.Tests.Contract.SmartContractTests" name="InvokeFunction_WithNullParameters_ShouldWork" />
    </UnitTest>
    <UnitTest name="NeoSharp.Tests.Contract.SmartContractTests.BuildInvokeFunctionScript_WithEmptyMethod_ShouldThrowArgumentException" storage="/home/ubuntu/neoswift/neosharp/tests/neosharp.tests/bin/debug/net9.0/neosharp.tests.dll" id="49a4d1dc-d639-43e5-b5bf-49f3c902de94">
      <Execution id="b99e0d36-5cc3-4d64-8db9-ea6a10492698" />
      <TestMethod codeBase="/home/ubuntu/NeoSwift/NeoSharp/tests/NeoSharp.Tests/bin/Debug/net9.0/NeoSharp.Tests.dll" adapterTypeName="executor://xunit/VsTestRunner2/netcoreapp" className="NeoSharp.Tests.Contract.SmartContractTests" name="BuildInvokeFunctionScript_WithEmptyMethod_ShouldThrowArgumentException" />
    </UnitTest>
    <UnitTest name="NeoSharp.Tests.Contract.SmartContractTests.ScriptHash_ShouldBeReadOnly" storage="/home/ubuntu/neoswift/neosharp/tests/neosharp.tests/bin/debug/net9.0/neosharp.tests.dll" id="92594ce4-a29a-2f60-6b95-8de7cbb18821">
      <Execution id="a4f4a761-6527-4ebb-aed1-f30dcde274bb" />
      <TestMethod codeBase="/home/ubuntu/NeoSwift/NeoSharp/tests/NeoSharp.Tests/bin/Debug/net9.0/NeoSharp.Tests.dll" adapterTypeName="executor://xunit/VsTestRunner2/netcoreapp" className="NeoSharp.Tests.Contract.SmartContractTests" name="ScriptHash_ShouldBeReadOnly" />
    </UnitTest>
    <UnitTest name="NeoSharp.Tests.Contract.SmartContractTests.InvokeFunction_WithEmptyMethod_ShouldThrowArgumentException" storage="/home/ubuntu/neoswift/neosharp/tests/neosharp.tests/bin/debug/net9.0/neosharp.tests.dll" id="6a1a42d1-c8ac-745c-9a41-f4fb54483f96">
      <Execution id="8383ae48-e636-41e2-9903-823e8c4e838d" />
      <TestMethod codeBase="/home/ubuntu/NeoSwift/NeoSharp/tests/NeoSharp.Tests/bin/Debug/net9.0/NeoSharp.Tests.dll" adapterTypeName="executor://xunit/VsTestRunner2/netcoreapp" className="NeoSharp.Tests.Contract.SmartContractTests" name="InvokeFunction_WithEmptyMethod_ShouldThrowArgumentException" />
    </UnitTest>
    <UnitTest name="NeoSharp.Tests.Contract.SmartContractTests.BuildInvokeFunctionScript_WithNullMethod_ShouldThrowArgumentNullException" storage="/home/ubuntu/neoswift/neosharp/tests/neosharp.tests/bin/debug/net9.0/neosharp.tests.dll" id="125ad7c0-573e-815a-337e-6925403e5304">
      <Execution id="863bbda5-b86d-4219-b56b-37637eba41f1" />
      <TestMethod codeBase="/home/ubuntu/NeoSwift/NeoSharp/tests/NeoSharp.Tests/bin/Debug/net9.0/NeoSharp.Tests.dll" adapterTypeName="executor://xunit/VsTestRunner2/netcoreapp" className="NeoSharp.Tests.Contract.SmartContractTests" name="BuildInvokeFunctionScript_WithNullMethod_ShouldThrowArgumentNullException" />
    </UnitTest>
    <UnitTest name="NeoSharp.Tests.Contract.SmartContractTests.Constructor_ShouldSetScriptHashCorrectly" storage="/home/ubuntu/neoswift/neosharp/tests/neosharp.tests/bin/debug/net9.0/neosharp.tests.dll" id="fb9c5acf-a0a4-9474-e2d6-b90acdb6038f">
      <Execution id="b86e49b9-ba5b-4627-8516-001b0f344313" />
      <TestMethod codeBase="/home/ubuntu/NeoSwift/NeoSharp/tests/NeoSharp.Tests/bin/Debug/net9.0/NeoSharp.Tests.dll" adapterTypeName="executor://xunit/VsTestRunner2/netcoreapp" className="NeoSharp.Tests.Contract.SmartContractTests" name="Constructor_ShouldSetScriptHashCorrectly" />
    </UnitTest>
    <UnitTest name="NeoSharp.Tests.Contract.SmartContractTests.InvokeFunction_WithEmptyString_ShouldThrowException" storage="/home/ubuntu/neoswift/neosharp/tests/neosharp.tests/bin/debug/net9.0/neosharp.tests.dll" id="6a5e6311-a3da-999b-519f-c3f8d768df61">
      <Execution id="4d5930c8-ce0a-46db-bb5d-03571df9c41f" />
      <TestMethod codeBase="/home/ubuntu/NeoSwift/NeoSharp/tests/NeoSharp.Tests/bin/Debug/net9.0/NeoSharp.Tests.dll" adapterTypeName="executor://xunit/VsTestRunner2/netcoreapp" className="NeoSharp.Tests.Contract.SmartContractTests" name="InvokeFunction_WithEmptyString_ShouldThrowException" />
    </UnitTest>
    <UnitTest name="NeoSharp.Tests.Contract.SmartContractTests.ToString_ShouldReturnScriptHashString" storage="/home/ubuntu/neoswift/neosharp/tests/neosharp.tests/bin/debug/net9.0/neosharp.tests.dll" id="9a5a5259-43e7-a157-ba6e-2aaadbf51c75">
      <Execution id="da85e95a-d635-4136-b804-890b7e59b047" />
      <TestMethod codeBase="/home/ubuntu/NeoSwift/NeoSharp/tests/NeoSharp.Tests/bin/Debug/net9.0/NeoSharp.Tests.dll" adapterTypeName="executor://xunit/VsTestRunner2/netcoreapp" className="NeoSharp.Tests.Contract.SmartContractTests" name="ToString_ShouldReturnScriptHashString" />
    </UnitTest>
  </TestDefinitions>
  <TestEntries>
    <TestEntry testId="2563e2a7-4774-1734-682f-9b5a97cf68dd" executionId="7e25dd5b-6557-4042-b29c-e8b33bfffe31" testListId="8c84fa94-04c1-424b-9868-57a2d4851a1d" />
    <TestEntry testId="9a5a5259-43e7-a157-ba6e-2aaadbf51c75" executionId="da85e95a-d635-4136-b804-890b7e59b047" testListId="8c84fa94-04c1-424b-9868-57a2d4851a1d" />
    <TestEntry testId="acd4bcec-3088-d922-c81d-7c878116fd96" executionId="7937c43e-817f-4a14-897d-62e365b81d80" testListId="8c84fa94-04c1-424b-9868-57a2d4851a1d" />
    <TestEntry testId="c0a24241-2665-51f1-0378-db611bcd3dd4" executionId="8ed1cf0d-92ca-4c20-827e-ef3b3fef8b00" testListId="8c84fa94-04c1-424b-9868-57a2d4851a1d" />
    <TestEntry testId="6a5e6311-a3da-999b-519f-c3f8d768df61" executionId="4d5930c8-ce0a-46db-bb5d-03571df9c41f" testListId="8c84fa94-04c1-424b-9868-57a2d4851a1d" />
    <TestEntry testId="6a1a42d1-c8ac-745c-9a41-f4fb54483f96" executionId="8383ae48-e636-41e2-9903-823e8c4e838d" testListId="8c84fa94-04c1-424b-9868-57a2d4851a1d" />
    <TestEntry testId="91cbf24d-f0bf-6c41-1756-f4dc69567fe4" executionId="536237bb-5eb9-46fa-9ce1-50e4e78bd9ea" testListId="8c84fa94-04c1-424b-9868-57a2d4851a1d" />
    <TestEntry testId="49a4d1dc-d639-43e5-b5bf-49f3c902de94" executionId="b99e0d36-5cc3-4d64-8db9-ea6a10492698" testListId="8c84fa94-04c1-424b-9868-57a2d4851a1d" />
    <TestEntry testId="125ad7c0-573e-815a-337e-6925403e5304" executionId="863bbda5-b86d-4219-b56b-37637eba41f1" testListId="8c84fa94-04c1-424b-9868-57a2d4851a1d" />
    <TestEntry testId="459adc09-7f49-1440-4f10-c70a3ca70d53" executionId="bdc38f33-e6ce-4445-ba6a-ae75c45c4f5e" testListId="8c84fa94-04c1-424b-9868-57a2d4851a1d" />
    <TestEntry testId="29456248-06fd-18a6-b06f-ad49591a0ced" executionId="f5e449d5-0a8a-4bd7-8536-a23057d9e5a5" testListId="8c84fa94-04c1-424b-9868-57a2d4851a1d" />
    <TestEntry testId="fb9c5acf-a0a4-9474-e2d6-b90acdb6038f" executionId="b86e49b9-ba5b-4627-8516-001b0f344313" testListId="8c84fa94-04c1-424b-9868-57a2d4851a1d" />
    <TestEntry testId="b2a5cf74-d54b-a40a-2fad-3f7112c31afc" executionId="d2c3ed5a-2ff0-4e0f-a74c-cb2daa280574" testListId="8c84fa94-04c1-424b-9868-57a2d4851a1d" />
    <TestEntry testId="c6ca9350-47d0-de0b-9e29-00de07b6df7a" executionId="94aae73b-36c1-47e1-905d-c3a98f475a7a" testListId="8c84fa94-04c1-424b-9868-57a2d4851a1d" />
    <TestEntry testId="00306738-6d37-3b3f-c2d6-1d2023d106ea" executionId="43e47e00-f0f0-491e-ab7e-6543b5c1c14f" testListId="8c84fa94-04c1-424b-9868-57a2d4851a1d" />
    <TestEntry testId="92594ce4-a29a-2f60-6b95-8de7cbb18821" executionId="a4f4a761-6527-4ebb-aed1-f30dcde274bb" testListId="8c84fa94-04c1-424b-9868-57a2d4851a1d" />
  </TestEntries>
  <TestLists>
    <TestList name="Results Not in a List" id="8c84fa94-04c1-424b-9868-57a2d4851a1d" />
    <TestList name="All Loaded Results" id="19431567-8539-422a-85d7-44ee4e166bda" />
  </TestLists>
  <ResultSummary outcome="Completed">
    <Counters total="16" executed="16" passed="16" failed="0" error="0" timeout="0" aborted="0" inconclusive="0" passedButRunAborted="0" notRunnable="0" notExecuted="0" disconnected="0" warning="0" completed="0" inProgress="0" pending="0" />
    <Output>
      <StdOut>[xUnit.net 00:00:00.00] xUnit.net VSTest Adapter v2.8.2+699d445a1a (64-bit .NET 9.0.6)
[xUnit.net 00:00:00.05]   Discovering: NeoSharp.Tests
[xUnit.net 00:00:00.10]   Discovered:  NeoSharp.Tests
[xUnit.net 00:00:00.11]   Starting:    NeoSharp.Tests
[xUnit.net 00:00:00.27]   Finished:    NeoSharp.Tests
</StdOut>
    </Output>
  </ResultSummary>
</TestRun>