<?xml version="1.0" encoding="utf-8"?>
<TestRun id="a0a7b5cb-a0ec-456a-ba4b-e1af21196e55" name="@r3e 2025-08-22 04:02:06" xmlns="http://microsoft.com/schemas/VisualStudio/TeamTest/2010">
  <Times creation="2025-08-22T04:02:07.0017192+00:00" queuing="2025-08-22T04:02:07.0017192+00:00" start="2025-08-22T04:02:06.9217465+00:00" finish="2025-08-22T04:02:07.0019818+00:00" />
  <TestSettings name="default" id="1c6aaef1-7263-474a-87bd-fe989c046a91">
    <Deployment runDeploymentRoot="_r3e_2025-08-22_04_02_06" />
  </TestSettings>
  <TestLists>
    <TestList name="Results Not in a List" id="8c84fa94-04c1-424b-9868-57a2d4851a1d" />
    <TestList name="All Loaded Results" id="19431567-8539-422a-85d7-44ee4e166bda" />
  </TestLists>
  <ResultSummary outcome="Failed">
    <Counters total="0" executed="0" passed="0" failed="0" error="0" timeout="0" aborted="0" inconclusive="0" passedButRunAborted="0" notRunnable="0" notExecuted="0" disconnected="0" warning="0" completed="0" inProgress="0" pending="0" />
    <Output>
      <StdOut>You must install or update .NET to run this application.
App: /home/ubuntu/NeoSwift/NeoSharp/tests/NeoSharp.Tests/bin/Debug/net8.0/testhost.dll
Architecture: x64
Framework: 'Microsoft.NETCore.App', version '8.0.0' (x64)
.NET location: /usr/lib/dotnet/
The following frameworks were found:
  9.0.6 at [/usr/lib/dotnet/shared/Microsoft.NETCore.App]
Learn more:
https://aka.ms/dotnet/app-launch-failed
To install missing framework, download:
https://aka.ms/dotnet-core-applaunch?framework=Microsoft.NETCore.App&amp;framework_version=8.0.0&amp;arch=x64&amp;rid=ubuntu.24.04-x64&amp;os=ubuntu.24.04
</StdOut>
    </Output>
    <RunInfos>
      <RunInfo computerName="r3e" outcome="Error" timestamp="2025-08-22T04:02:06.9731142+00:00">
        <Text>Testhost process for source(s) '/home/ubuntu/NeoSwift/NeoSharp/tests/NeoSharp.Tests/bin/Debug/net8.0/NeoSharp.Tests.dll' exited with error: You must install or update .NET to run this application.
App: /home/ubuntu/NeoSwift/NeoSharp/tests/NeoSharp.Tests/bin/Debug/net8.0/testhost.dll
Architecture: x64
Framework: 'Microsoft.NETCore.App', version '8.0.0' (x64)
.NET location: /usr/lib/dotnet/
The following frameworks were found:
  9.0.6 at [/usr/lib/dotnet/shared/Microsoft.NETCore.App]
Learn more:
https://aka.ms/dotnet/app-launch-failed
To install missing framework, download:
https://aka.ms/dotnet-core-applaunch?framework=Microsoft.NETCore.App&amp;framework_version=8.0.0&amp;arch=x64&amp;rid=ubuntu.24.04-x64&amp;os=ubuntu.24.04
. Please check the diagnostic logs for more information.</Text>
      </RunInfo>
    </RunInfos>
  </ResultSummary>
</TestRun>