<?xml version="1.0" encoding="utf-8"?>
<TestRun id="905802d7-02ab-4a26-822e-84d80c473f0f" name="@r3e 2025-08-22 09:53:19" xmlns="http://microsoft.com/schemas/VisualStudio/TeamTest/2010">
  <Times creation="2025-08-22T09:53:19.5152863+00:00" queuing="2025-08-22T09:53:19.5152864+00:00" start="2025-08-22T09:53:18.8020743+00:00" finish="2025-08-22T09:56:55.2839970+00:00" />
  <TestSettings name="default" id="f2b31808-71c6-4734-8cc5-9aa9465bcb48">
    <Deployment runDeploymentRoot="_r3e_2025-08-22_09_53_19" />
  </TestSettings>
  <Results>
    <UnitTestResult executionId="7492a4dd-8278-4596-b01b-396fd4518b11" testId="27f2afbd-9f07-3545-d5d6-b28952ebdfd1" testName="NeoSharp.Tests.Crypto.Base58Tests.TestBase58DecodingKnownValues(base58Input: &quot;1NS17iag9jJgTHD1VXjvLCEnZuQ3rJDE9L&quot;, expectedHex: &quot;00eb15231dfceb60925886b67d065299925915aeb172c06647&quot;)" computerName="r3e" duration="00:00:00.0000275" startTime="2025-08-22T09:53:19.4970829+00:00" endTime="2025-08-22T09:53:19.4970829+00:00" testType="13cdc9d9-ddb5-4fa4-a97d-d965ccfc6d4b" outcome="Passed" testListId="8c84fa94-04c1-424b-9868-57a2d4851a1d" relativeResultsDirectory="7492a4dd-8278-4596-b01b-396fd4518b11" />
    <UnitTestResult executionId="4954d237-743e-4ccd-9e49-86d7e89bfe95" testId="93afad43-36e1-d731-837d-ad6d5a7f49c1" testName="NeoSharp.Tests.Crypto.WIFTests.IsValidWIF_WithValidWIF_ShouldReturnTrue" computerName="r3e" duration="00:00:00.0002732" startTime="2025-08-22T09:53:19.6166290+00:00" endTime="2025-08-22T09:53:19.6166290+00:00" testType="13cdc9d9-ddb5-4fa4-a97d-d965ccfc6d4b" outcome="Passed" testListId="8c84fa94-04c1-424b-9868-57a2d4851a1d" relativeResultsDirectory="4954d237-743e-4ccd-9e49-86d7e89bfe95" />
    <UnitTestResult executionId="e9f59f8c-1d80-408b-a67a-5eed5065630f" testId="9a7d42b9-5bb8-9a73-719c-d3d0d3f66968" testName="NeoSharp.Tests.Wallet.AccountTests.GetScriptHash_ShouldReturnCorrectHash" computerName="r3e" duration="00:00:00.0004122" startTime="2025-08-22T09:53:50.0392091+00:00" endTime="2025-08-22T09:53:50.0392091+00:00" testType="13cdc9d9-ddb5-4fa4-a97d-d965ccfc6d4b" outcome="Passed" testListId="8c84fa94-04c1-424b-9868-57a2d4851a1d" relativeResultsDirectory="e9f59f8c-1d80-408b-a67a-5eed5065630f" />
    <UnitTestResult executionId="efe7433e-9343-4ca3-aafd-63a9acb770c9" testId="520fc664-9814-ee48-7c06-87170716aa83" testName="NeoSharp.Tests.Crypto.SecurityTests.TestHashCacheThreadSafety" computerName="r3e" duration="00:00:00.0047380" startTime="2025-08-22T09:53:31.7385827+00:00" endTime="2025-08-22T09:53:31.7385828+00:00" testType="13cdc9d9-ddb5-4fa4-a97d-d965ccfc6d4b" outcome="Passed" testListId="8c84fa94-04c1-424b-9868-57a2d4851a1d" relativeResultsDirectory="efe7433e-9343-4ca3-aafd-63a9acb770c9" />
    <UnitTestResult executionId="489860c3-67f9-43bc-b61e-c81f4941d5a2" testId="a3ae36ff-fb49-636b-3f78-195a1ca621d2" testName="NeoSharp.Tests.Crypto.SignTests.TestSignMessage" computerName="r3e" duration="00:00:00.0194206" startTime="2025-08-22T09:53:19.7770055+00:00" endTime="2025-08-22T09:53:19.7770056+00:00" testType="13cdc9d9-ddb5-4fa4-a97d-d965ccfc6d4b" outcome="Passed" testListId="8c84fa94-04c1-424b-9868-57a2d4851a1d" relativeResultsDirectory="489860c3-67f9-43bc-b61e-c81f4941d5a2" />
    <UnitTestResult executionId="b03c938e-17c5-4b56-8ff3-6fbe77fd4721" testId="0cd0b68b-dc3d-1e65-70c2-00debc90e057" testName="NeoSharp.Tests.Crypto.ScryptParamsTests.TestScryptParamsRoundTrip(n: 16384, r: 8, p: 8)" computerName="r3e" duration="00:00:00.0000449" startTime="2025-08-22T09:53:19.5666964+00:00" endTime="2025-08-22T09:53:19.5666964+00:00" testType="13cdc9d9-ddb5-4fa4-a97d-d965ccfc6d4b" outcome="Passed" testListId="8c84fa94-04c1-424b-9868-57a2d4851a1d" relativeResultsDirectory="b03c938e-17c5-4b56-8ff3-6fbe77fd4721" />
    <UnitTestResult executionId="08e52781-adc0-4ae1-b60d-5c41215bfa38" testId="7f7ab2b2-597e-eee2-72be-73a112a769f7" testName="NeoSharp.Tests.Types.EnumTypeTests.ContractParameterType_AllValues_ShouldHaveCorrectProperties(paramType: Integer, expectedJson: &quot;Integer&quot;, expectedByte: 17)" computerName="r3e" duration="00:00:00.0002634" startTime="2025-08-22T09:53:19.5471112+00:00" endTime="2025-08-22T09:53:19.5471112+00:00" testType="13cdc9d9-ddb5-4fa4-a97d-d965ccfc6d4b" outcome="Passed" testListId="8c84fa94-04c1-424b-9868-57a2d4851a1d" relativeResultsDirectory="08e52781-adc0-4ae1-b60d-5c41215bfa38" />
    <UnitTestResult executionId="bdad0acf-a25f-4d36-a711-bbd47012e1dc" testId="84f4aa5b-2dbf-da24-8c49-9944ee9416f3" testName="NeoSharp.Tests.Types.Hash160Tests.Zero_ShouldReturnZeroHash" computerName="r3e" duration="00:00:00.0068706" startTime="2025-08-22T09:53:19.6496278+00:00" endTime="2025-08-22T09:53:19.6496278+00:00" testType="13cdc9d9-ddb5-4fa4-a97d-d965ccfc6d4b" outcome="Passed" testListId="8c84fa94-04c1-424b-9868-57a2d4851a1d" relativeResultsDirectory="bdad0acf-a25f-4d36-a711-bbd47012e1dc" />
    <UnitTestResult executionId="7db7af2b-e0de-4f88-951b-26e7e5ff625c" testId="8c8e5669-cac9-8cd2-8cb1-9da59e2f22d4" testName="NeoSharp.Tests.Script.ScriptBuilderTests.PushByteArray_ShouldHandleDifferentSizes" computerName="r3e" duration="00:00:00.0037417" startTime="2025-08-22T09:53:19.6339657+00:00" endTime="2025-08-22T09:53:19.6339658+00:00" testType="13cdc9d9-ddb5-4fa4-a97d-d965ccfc6d4b" outcome="Passed" testListId="8c84fa94-04c1-424b-9868-57a2d4851a1d" relativeResultsDirectory="7db7af2b-e0de-4f88-951b-26e7e5ff625c" />
    <UnitTestResult executionId="ab5ffce3-4b23-431d-9ddb-1d1fa5187631" testId="2d2a9605-3a0d-6e02-270f-fff5f7a24d69" testName="NeoSharp.Tests.Types.Hash256Tests.Zero_ShouldReturnZeroHash" computerName="r3e" duration="00:00:00.0042812" startTime="2025-08-22T09:53:19.5248240+00:00" endTime="2025-08-22T09:53:19.5248240+00:00" testType="13cdc9d9-ddb5-4fa4-a97d-d965ccfc6d4b" outcome="Passed" testListId="8c84fa94-04c1-424b-9868-57a2d4851a1d" relativeResultsDirectory="ab5ffce3-4b23-431d-9ddb-1d1fa5187631" />
    <UnitTestResult executionId="52bc00aa-e766-4ddc-93cd-b8f51dda90ed" testId="ab3c62e7-d184-01a1-5e12-a63742eb3420" testName="NeoSharp.Tests.Crypto.ECKeyPairTests.DeserializePublicKey_ShouldCreateCorrectKey" computerName="r3e" duration="00:00:00.0001198" startTime="2025-08-22T09:53:19.6866869+00:00" endTime="2025-08-22T09:53:19.6866869+00:00" testType="13cdc9d9-ddb5-4fa4-a97d-d965ccfc6d4b" outcome="Passed" testListId="8c84fa94-04c1-424b-9868-57a2d4851a1d" relativeResultsDirectory="52bc00aa-e766-4ddc-93cd-b8f51dda90ed" />
    <UnitTestResult executionId="1b9d0302-f333-4b36-9d7a-ac000fcdfef6" testId="06f81819-3fd4-bb37-39ac-53fe9c4dccb5" testName="NeoSharp.Tests.Crypto.ECKeyPairTests.NewPublicKeyFromPointWithHexPrefix_ShouldHandlePrefix" computerName="r3e" duration="00:00:00.0001652" startTime="2025-08-22T09:53:19.6826761+00:00" endTime="2025-08-22T09:53:19.6826761+00:00" testType="13cdc9d9-ddb5-4fa4-a97d-d965ccfc6d4b" outcome="Passed" testListId="8c84fa94-04c1-424b-9868-57a2d4851a1d" relativeResultsDirectory="1b9d0302-f333-4b36-9d7a-ac000fcdfef6" />
    <UnitTestResult executionId="9874e81c-6bb6-421d-a5ee-18fdc112b7fd" testId="137931c0-8691-6fca-7f01-9635ba02a966" testName="NeoSharp.Tests.Crypto.Base58Tests.TestBase58EncodingKnownValues(hexInput: &quot;516b6fcd0f&quot;, expectedBase58: &quot;ABnLTmg&quot;)" computerName="r3e" duration="00:00:00.0000116" startTime="2025-08-22T09:53:19.5154077+00:00" endTime="2025-08-22T09:53:19.5154077+00:00" testType="13cdc9d9-ddb5-4fa4-a97d-d965ccfc6d4b" outcome="Passed" testListId="8c84fa94-04c1-424b-9868-57a2d4851a1d" relativeResultsDirectory="9874e81c-6bb6-421d-a5ee-18fdc112b7fd" />
    <UnitTestResult executionId="3ccad6f5-f5d3-476e-9fa5-87728fe8eccc" testId="0a93bcd0-fc6a-56a2-32f3-61add043fee9" testName="NeoSharp.Tests.Crypto.ECKeyPairTests.KeyPairSigning_ShouldProduceValidSignature" computerName="r3e" duration="00:00:00.0011794" startTime="2025-08-22T09:53:19.6835265+00:00" endTime="2025-08-22T09:53:19.6835265+00:00" testType="13cdc9d9-ddb5-4fa4-a97d-d965ccfc6d4b" outcome="Passed" testListId="8c84fa94-04c1-424b-9868-57a2d4851a1d" relativeResultsDirectory="3ccad6f5-f5d3-476e-9fa5-87728fe8eccc" />
    <UnitTestResult executionId="3c16362a-2d99-4327-917b-ee98d433c851" testId="f3e83804-4bfc-b256-1868-00b97a2ebe4b" testName="NeoSharp.Tests.Types.ContractParameterTests.Array_ShouldCreateArrayParameter" computerName="r3e" duration="00:00:00.0005580" startTime="2025-08-22T09:53:19.5440435+00:00" endTime="2025-08-22T09:53:19.5440435+00:00" testType="13cdc9d9-ddb5-4fa4-a97d-d965ccfc6d4b" outcome="Passed" testListId="8c84fa94-04c1-424b-9868-57a2d4851a1d" relativeResultsDirectory="3c16362a-2d99-4327-917b-ee98d433c851" />
    <UnitTestResult executionId="65d5c0b6-e759-47a3-8442-53338bf89c91" testId="cabce220-086e-7b08-bb2d-5b89bcbe34c8" testName="NeoSharp.Tests.Crypto.Base58Tests.TestBase58DecodingForInvalidStrings" computerName="r3e" duration="00:00:00.0001334" startTime="2025-08-22T09:53:19.5374787+00:00" endTime="2025-08-22T09:53:19.5374787+00:00" testType="13cdc9d9-ddb5-4fa4-a97d-d965ccfc6d4b" outcome="Passed" testListId="8c84fa94-04c1-424b-9868-57a2d4851a1d" relativeResultsDirectory="65d5c0b6-e759-47a3-8442-53338bf89c91" />
    <UnitTestResult executionId="420e91f2-b36f-4710-bc55-577c8b894d82" testId="f10fde39-91da-cdc8-1ac1-947772a818bb" testName="NeoSharp.Tests.Types.Hash256Tests.Deserialize_ShouldCreateHashFromLittleEndianBytes" computerName="r3e" duration="00:00:00.0143411" startTime="2025-08-22T09:53:19.4741406+00:00" endTime="2025-08-22T09:53:19.4741406+00:00" testType="13cdc9d9-ddb5-4fa4-a97d-d965ccfc6d4b" outcome="Passed" testListId="8c84fa94-04c1-424b-9868-57a2d4851a1d" relativeResultsDirectory="420e91f2-b36f-4710-bc55-577c8b894d82" />
    <UnitTestResult executionId="7739710c-f06f-4ea0-951f-8b32e0baff32" testId="c5499fac-0887-5ff8-f4e8-5df1dcf51938" testName="NeoSharp.Tests.Crypto.ScryptParamsTests.TestScryptParamsJsonVariations(json: &quot;{\&quot;cost\&quot;:8,\&quot;blockSize\&quot;:4,\&quot;p\&quot;:9}&quot;)" computerName="r3e" duration="00:00:00.0000285" startTime="2025-08-22T09:53:19.5904884+00:00" endTime="2025-08-22T09:53:19.5904885+00:00" testType="13cdc9d9-ddb5-4fa4-a97d-d965ccfc6d4b" outcome="Passed" testListId="8c84fa94-04c1-424b-9868-57a2d4851a1d" relativeResultsDirectory="7739710c-f06f-4ea0-951f-8b32e0baff32" />
    <UnitTestResult executionId="8895e8b3-6f8a-458a-9de2-17db57cc2c40" testId="b4da6257-ddc3-4454-c78a-2162fb472e15" testName="NeoSharp.Tests.Types.ContractParameterTests.Integer_WithInt_ShouldCreateIntegerParameter" computerName="r3e" duration="00:00:00.0001994" startTime="2025-08-22T09:53:19.5242223+00:00" endTime="2025-08-22T09:53:19.5242224+00:00" testType="13cdc9d9-ddb5-4fa4-a97d-d965ccfc6d4b" outcome="Passed" testListId="8c84fa94-04c1-424b-9868-57a2d4851a1d" relativeResultsDirectory="8895e8b3-6f8a-458a-9de2-17db57cc2c40" />
    <UnitTestResult executionId="2c3d207d-b94d-4222-84cd-76eaa29b7c92" testId="e0f51f72-d8b8-59e9-9de3-c6b33c399d4f" testName="NeoSharp.Tests.Wallet.AccountTests.FromVerificationScript_ShouldCreateCorrectAccount" computerName="r3e" duration="00:00:00.0003686" startTime="2025-08-22T09:53:41.2878067+00:00" endTime="2025-08-22T09:53:41.2878067+00:00" testType="13cdc9d9-ddb5-4fa4-a97d-d965ccfc6d4b" outcome="Passed" testListId="8c84fa94-04c1-424b-9868-57a2d4851a1d" relativeResultsDirectory="2c3d207d-b94d-4222-84cd-76eaa29b7c92" />
    <UnitTestResult executionId="a61a8b52-7eed-4154-8578-bc7f98149bce" testId="28c1a9bf-5a93-c3ad-eea0-bb20680fffa4" testName="NeoSharp.Tests.Types.Hash256Tests.Serialize_ShouldWriteLittleEndianBytes" computerName="r3e" duration="00:00:00.0157842" startTime="2025-08-22T09:53:19.5662406+00:00" endTime="2025-08-22T09:53:19.5662407+00:00" testType="13cdc9d9-ddb5-4fa4-a97d-d965ccfc6d4b" outcome="Passed" testListId="8c84fa94-04c1-424b-9868-57a2d4851a1d" relativeResultsDirectory="a61a8b52-7eed-4154-8578-bc7f98149bce" />
    <UnitTestResult executionId="30b1c2b8-3d9b-4924-9169-45f25da4b474" testId="35384949-bc6d-881c-1268-c51617a75afb" testName="NeoSharp.Tests.Crypto.SecurityTests.TestSecureBytesCreation" computerName="r3e" duration="00:00:00.0005398" startTime="2025-08-22T09:53:31.7463678+00:00" endTime="2025-08-22T09:53:31.7463678+00:00" testType="13cdc9d9-ddb5-4fa4-a97d-d965ccfc6d4b" outcome="Passed" testListId="8c84fa94-04c1-424b-9868-57a2d4851a1d" relativeResultsDirectory="30b1c2b8-3d9b-4924-9169-45f25da4b474" />
    <UnitTestResult executionId="8f0daf30-2428-46b0-ad75-75704ed4a206" testId="ec4a4449-1424-a7ee-e040-db656a90d838" testName="NeoSharp.Tests.Crypto.NEP2Tests.TestVariousPasswords(password: &quot;password&quot;)" computerName="r3e" duration="00:00:10.9987832" startTime="2025-08-22T09:53:36.8313644+00:00" endTime="2025-08-22T09:53:36.8313657+00:00" testType="13cdc9d9-ddb5-4fa4-a97d-d965ccfc6d4b" outcome="Passed" testListId="8c84fa94-04c1-424b-9868-57a2d4851a1d" relativeResultsDirectory="8f0daf30-2428-46b0-ad75-75704ed4a206" />
    <UnitTestResult executionId="1f93bcf1-7333-4556-8160-06864e481753" testId="920e6c5d-9623-aca6-54e1-2a6db20518e7" testName="NeoSharp.Tests.Crypto.Base58Tests.TestBase58EncodingKnownValues(hexInput: &quot;&quot;, expectedBase58: &quot;&quot;)" computerName="r3e" duration="00:00:00.0001599" startTime="2025-08-22T09:53:19.5109001+00:00" endTime="2025-08-22T09:53:19.5109001+00:00" testType="13cdc9d9-ddb5-4fa4-a97d-d965ccfc6d4b" outcome="Passed" testListId="8c84fa94-04c1-424b-9868-57a2d4851a1d" relativeResultsDirectory="1f93bcf1-7333-4556-8160-06864e481753" />
    <UnitTestResult executionId="40336642-a7fc-4a35-96f3-b44c442b3caa" testId="3ad41eb3-674c-040c-673f-5eb164d827cb" testName="NeoSharp.Tests.Crypto.Base58Tests.TestBase58EncodingKnownValues(hexInput: &quot;61&quot;, expectedBase58: &quot;2g&quot;)" computerName="r3e" duration="00:00:00.0000090" startTime="2025-08-22T09:53:19.5144648+00:00" endTime="2025-08-22T09:53:19.5144649+00:00" testType="13cdc9d9-ddb5-4fa4-a97d-d965ccfc6d4b" outcome="Passed" testListId="8c84fa94-04c1-424b-9868-57a2d4851a1d" relativeResultsDirectory="40336642-a7fc-4a35-96f3-b44c442b3caa" />
    <UnitTestResult executionId="4570fc5e-7e4b-4856-85ae-d4b5687a8115" testId="42f0c1d8-472b-225e-839a-1e8337b6f2c9" testName="NeoSharp.Tests.Types.Hash160Tests.ToLittleEndianArray_ShouldReverseBytes" computerName="r3e" duration="00:00:00.0004732" startTime="2025-08-22T09:53:19.6358028+00:00" endTime="2025-08-22T09:53:19.6358029+00:00" testType="13cdc9d9-ddb5-4fa4-a97d-d965ccfc6d4b" outcome="Passed" testListId="8c84fa94-04c1-424b-9868-57a2d4851a1d" relativeResultsDirectory="4570fc5e-7e4b-4856-85ae-d4b5687a8115" />
    <UnitTestResult executionId="8caf9256-4c94-4763-9bcc-8333f365e1e6" testId="d386e6a8-91ed-763e-b3a1-4b62ffed5cf3" testName="NeoSharp.Tests.Crypto.Base58Tests.TestBase58CheckDecodingWithInvalidCharacters" computerName="r3e" duration="00:00:00.0003399" startTime="2025-08-22T09:53:19.5339472+00:00" endTime="2025-08-22T09:53:19.5339473+00:00" testType="13cdc9d9-ddb5-4fa4-a97d-d965ccfc6d4b" outcome="Passed" testListId="8c84fa94-04c1-424b-9868-57a2d4851a1d" relativeResultsDirectory="8caf9256-4c94-4763-9bcc-8333f365e1e6" />
    <UnitTestResult executionId="0a2b1dcf-0e3d-4622-b836-1f19424cd06c" testId="e5bc4cef-c9d7-228d-d607-aa84511db155" testName="NeoSharp.Tests.Types.Hash256Tests.Equals_ShouldWorkCorrectly" computerName="r3e" duration="00:00:00.0008779" startTime="2025-08-22T09:53:19.6361011+00:00" endTime="2025-08-22T09:53:19.6361011+00:00" testType="13cdc9d9-ddb5-4fa4-a97d-d965ccfc6d4b" outcome="Passed" testListId="8c84fa94-04c1-424b-9868-57a2d4851a1d" relativeResultsDirectory="0a2b1dcf-0e3d-4622-b836-1f19424cd06c" />
    <UnitTestResult executionId="132a1dec-30d0-402a-8f26-87ce05663043" testId="6ab66c03-5ab2-3e1f-187f-860a3bcb8043" testName="NeoSharp.Tests.Crypto.ECKeyPairTests.PublicKeyInequality_ShouldWorkCorrectly" computerName="r3e" duration="00:00:00.1683197" startTime="2025-08-22T09:53:19.6820732+00:00" endTime="2025-08-22T09:53:19.6820732+00:00" testType="13cdc9d9-ddb5-4fa4-a97d-d965ccfc6d4b" outcome="Passed" testListId="8c84fa94-04c1-424b-9868-57a2d4851a1d" relativeResultsDirectory="132a1dec-30d0-402a-8f26-87ce05663043" />
    <UnitTestResult executionId="5b7957d5-f69c-427d-b923-c92fe51baa5b" testId="51f5edf3-4cf1-eb27-23e0-a2855310af0f" testName="NeoSharp.Tests.Crypto.WIFTests.UncompressedWif_ShouldDecodeCorrectly" computerName="r3e" duration="00:00:00.0137911" startTime="2025-08-22T09:53:19.5620719+00:00" endTime="2025-08-22T09:53:19.5620719+00:00" testType="13cdc9d9-ddb5-4fa4-a97d-d965ccfc6d4b" outcome="Passed" testListId="8c84fa94-04c1-424b-9868-57a2d4851a1d" relativeResultsDirectory="5b7957d5-f69c-427d-b923-c92fe51baa5b" />
    <UnitTestResult executionId="f1320633-e38e-47fb-ad65-4bd195ef3b53" testId="629e7032-8557-9949-051b-245664692db4" testName="NeoSharp.Tests.Types.EnumTypeTests.ContractParameterType_AllValues_ShouldHaveCorrectProperties(paramType: Boolean, expectedJson: &quot;Boolean&quot;, expectedByte: 16)" computerName="r3e" duration="00:00:00.0000122" startTime="2025-08-22T09:53:19.5495130+00:00" endTime="2025-08-22T09:53:19.5495131+00:00" testType="13cdc9d9-ddb5-4fa4-a97d-d965ccfc6d4b" outcome="Passed" testListId="8c84fa94-04c1-424b-9868-57a2d4851a1d" relativeResultsDirectory="f1320633-e38e-47fb-ad65-4bd195ef3b53" />
    <UnitTestResult executionId="a68ba5a6-4018-4e55-81a9-f0abc89b28a7" testId="18b7722c-b2a8-52c1-cddc-92860b3f2b90" testName="NeoSharp.Tests.Types.EnumTypeTests.TransactionAttributeType_ShouldWorkCorrectly" computerName="r3e" duration="00:00:00.0001195" startTime="2025-08-22T09:53:19.5724926+00:00" endTime="2025-08-22T09:53:19.5724927+00:00" testType="13cdc9d9-ddb5-4fa4-a97d-d965ccfc6d4b" outcome="Passed" testListId="8c84fa94-04c1-424b-9868-57a2d4851a1d" relativeResultsDirectory="a68ba5a6-4018-4e55-81a9-f0abc89b28a7" />
    <UnitTestResult executionId="e8fa6f13-1154-477a-8488-eeefd8fd9206" testId="43a93774-e244-efde-3836-bf3986847e98" testName="NeoSharp.Tests.Types.Hash160Tests.CompareTo_ShouldOrderCorrectly" computerName="r3e" duration="00:00:00.0007891" startTime="2025-08-22T09:53:19.6562125+00:00" endTime="2025-08-22T09:53:19.6562126+00:00" testType="13cdc9d9-ddb5-4fa4-a97d-d965ccfc6d4b" outcome="Passed" testListId="8c84fa94-04c1-424b-9868-57a2d4851a1d" relativeResultsDirectory="e8fa6f13-1154-477a-8488-eeefd8fd9206" />
    <UnitTestResult executionId="cc26e34c-3f7c-440e-88a1-465d5c8895bb" testId="3e6e6c8a-2579-62b2-c566-29b61215c625" testName="NeoSharp.Tests.Types.EnumTypeTests.ContractParameterType_Hashes_ShouldBeDetected" computerName="r3e" duration="00:00:00.0002347" startTime="2025-08-22T09:53:19.5603027+00:00" endTime="2025-08-22T09:53:19.5603027+00:00" testType="13cdc9d9-ddb5-4fa4-a97d-d965ccfc6d4b" outcome="Passed" testListId="8c84fa94-04c1-424b-9868-57a2d4851a1d" relativeResultsDirectory="cc26e34c-3f7c-440e-88a1-465d5c8895bb" />
    <UnitTestResult executionId="d09b73a9-e3e2-4d3e-a790-61e172118aa9" testId="8b02887a-436a-84b1-9469-502e894249de" testName="NeoSharp.Tests.Crypto.NEP2Tests.TestVariousPasswords(password: &quot;&quot;)" computerName="r3e" duration="00:00:07.9537775" startTime="2025-08-22T09:53:54.2720453+00:00" endTime="2025-08-22T09:53:54.2720455+00:00" testType="13cdc9d9-ddb5-4fa4-a97d-d965ccfc6d4b" outcome="Passed" testListId="8c84fa94-04c1-424b-9868-57a2d4851a1d" relativeResultsDirectory="d09b73a9-e3e2-4d3e-a790-61e172118aa9" />
    <UnitTestResult executionId="4afa0e02-2375-40f4-b619-0bbf5d924839" testId="04920b5f-686b-4d0a-a325-7e2ad0ac452a" testName="NeoSharp.Tests.Serialization.BinaryReaderTests.ReadPushData_WithInvalidOpCode_ShouldThrowException" computerName="r3e" duration="00:00:00.0021820" startTime="2025-08-22T09:53:20.1434356+00:00" endTime="2025-08-22T09:53:20.1434358+00:00" testType="13cdc9d9-ddb5-4fa4-a97d-d965ccfc6d4b" outcome="Passed" testListId="8c84fa94-04c1-424b-9868-57a2d4851a1d" relativeResultsDirectory="4afa0e02-2375-40f4-b619-0bbf5d924839" />
    <UnitTestResult executionId="47e7d927-e8c1-4817-8a2b-4439972d592a" testId="a670f6ba-6b92-ff82-b344-e17a9ee818a8" testName="NeoSharp.Tests.Crypto.WIFTests.ValidWifToPrivateKey_ShouldDecodeCorrectly" computerName="r3e" duration="00:00:00.0001459" startTime="2025-08-22T09:53:19.6200280+00:00" endTime="2025-08-22T09:53:19.6200280+00:00" testType="13cdc9d9-ddb5-4fa4-a97d-d965ccfc6d4b" outcome="Passed" testListId="8c84fa94-04c1-424b-9868-57a2d4851a1d" relativeResultsDirectory="47e7d927-e8c1-4817-8a2b-4439972d592a" />
    <UnitTestResult executionId="efd6d785-3c0b-406a-b912-2a7da7df2dc1" testId="33843bfb-59e0-4d8b-1700-315e81e57341" testName="NeoSharp.Tests.Wallet.AccountTests.IsWatchOnly_ShouldReturnFalseForAccountsWithPrivateKey" computerName="r3e" duration="00:00:00.0003654" startTime="2025-08-22T09:53:50.0387656+00:00" endTime="2025-08-22T09:53:50.0387656+00:00" testType="13cdc9d9-ddb5-4fa4-a97d-d965ccfc6d4b" outcome="Passed" testListId="8c84fa94-04c1-424b-9868-57a2d4851a1d" relativeResultsDirectory="efd6d785-3c0b-406a-b912-2a7da7df2dc1" />
    <UnitTestResult executionId="5a5db514-63e5-4e2e-9bf4-27210aa337c0" testId="e1772adc-4111-9752-4572-923cbd634c5b" testName="NeoSharp.Tests.Serialization.BinaryWriterTests.WriteVarBytes_WithBigIntegerData_ShouldEncodeCorrectly" computerName="r3e" duration="00:00:00.0005918" startTime="2025-08-22T09:53:19.6005732+00:00" endTime="2025-08-22T09:53:19.6005733+00:00" testType="13cdc9d9-ddb5-4fa4-a97d-d965ccfc6d4b" outcome="Passed" testListId="8c84fa94-04c1-424b-9868-57a2d4851a1d" relativeResultsDirectory="5a5db514-63e5-4e2e-9bf4-27210aa337c0" />
    <UnitTestResult executionId="8ff2ac2e-53b1-41f3-bb81-49c55c1c81a6" testId="693f5a41-e6ea-2fe8-b639-69d705d0deef" testName="NeoSharp.Tests.Crypto.Bip32ECKeyPairTests.TestPathValidation" computerName="r3e" duration="00:00:00.0144339" startTime="2025-08-22T09:53:19.4742805+00:00" endTime="2025-08-22T09:53:19.4742806+00:00" testType="13cdc9d9-ddb5-4fa4-a97d-d965ccfc6d4b" outcome="Passed" testListId="8c84fa94-04c1-424b-9868-57a2d4851a1d" relativeResultsDirectory="8ff2ac2e-53b1-41f3-bb81-49c55c1c81a6" />
    <UnitTestResult executionId="1f4a61d3-3f7b-42b4-a66d-d958fa1fd89c" testId="a4f10603-0b26-0d65-ce5e-e2df30b3d1b6" testName="NeoSharp.Tests.Crypto.Base64Tests.Base64Encode_ForBytes_ShouldEncodeCorrectly" computerName="r3e" duration="00:00:00.0001279" startTime="2025-08-22T09:53:19.5234442+00:00" endTime="2025-08-22T09:53:19.5234442+00:00" testType="13cdc9d9-ddb5-4fa4-a97d-d965ccfc6d4b" outcome="Passed" testListId="8c84fa94-04c1-424b-9868-57a2d4851a1d" relativeResultsDirectory="1f4a61d3-3f7b-42b4-a66d-d958fa1fd89c" />
    <UnitTestResult executionId="6ee23a69-84bf-459b-95fd-31f230ad564b" testId="afa758de-baa5-0ce9-bfdd-2c3fb03d1e53" testName="NeoSharp.Tests.Crypto.ScryptParamsTests.TestScryptParamsJsonVariations(json: &quot;{\&quot;N\&quot;:8,\&quot;R\&quot;:4,\&quot;P\&quot;:9}&quot;)" computerName="r3e" duration="00:00:00.0002240" startTime="2025-08-22T09:53:19.5901695+00:00" endTime="2025-08-22T09:53:19.5901696+00:00" testType="13cdc9d9-ddb5-4fa4-a97d-d965ccfc6d4b" outcome="Passed" testListId="8c84fa94-04c1-424b-9868-57a2d4851a1d" relativeResultsDirectory="6ee23a69-84bf-459b-95fd-31f230ad564b" />
    <UnitTestResult executionId="a2a84543-9420-437c-8e68-41755612cac7" testId="c130288d-a9d4-34a1-8371-13344ddcfeae" testName="NeoSharp.Tests.Types.Hash256Tests.Constructor_WithInvalidHex_ShouldThrowException" computerName="r3e" duration="00:00:00.0141118" startTime="2025-08-22T09:53:19.6134307+00:00" endTime="2025-08-22T09:53:19.6134307+00:00" testType="13cdc9d9-ddb5-4fa4-a97d-d965ccfc6d4b" outcome="Passed" testListId="8c84fa94-04c1-424b-9868-57a2d4851a1d" relativeResultsDirectory="a2a84543-9420-437c-8e68-41755612cac7" />
    <UnitTestResult executionId="202e6eb7-66cc-4a1a-8d3c-ab78505fa356" testId="c064602b-a199-c25b-89df-ce5815c62b71" testName="NeoSharp.Tests.Wallet.AccountTests.CreateMultiSigAccount_ShouldCreateCorrectMultiSigAccount" computerName="r3e" duration="00:00:00.0017736" startTime="2025-08-22T09:53:31.4104447+00:00" endTime="2025-08-22T09:53:31.4104448+00:00" testType="13cdc9d9-ddb5-4fa4-a97d-d965ccfc6d4b" outcome="Passed" testListId="8c84fa94-04c1-424b-9868-57a2d4851a1d" relativeResultsDirectory="202e6eb7-66cc-4a1a-8d3c-ab78505fa356" />
    <UnitTestResult executionId="6d753891-fead-4bb8-a68a-919b6b399342" testId="c4d11546-b7ff-9147-d8a7-3a820d75d8d6" testName="NeoSharp.Tests.Serialization.BinaryReaderTests.ReadBeyondEnd_ShouldThrowException" computerName="r3e" duration="00:00:00.0009866" startTime="2025-08-22T09:53:20.1488634+00:00" endTime="2025-08-22T09:53:20.1488635+00:00" testType="13cdc9d9-ddb5-4fa4-a97d-d965ccfc6d4b" outcome="Passed" testListId="8c84fa94-04c1-424b-9868-57a2d4851a1d" relativeResultsDirectory="6d753891-fead-4bb8-a68a-919b6b399342" />
    <UnitTestResult executionId="8bed63c1-7a6d-4eec-a463-f458bb908768" testId="46e9ff7c-0efc-b9b8-9dfa-b389ab865583" testName="NeoSharp.Tests.Crypto.WIFTests.CompressedFlag_ShouldBeHandledCorrectly(compressed: False)" computerName="r3e" duration="00:00:00.0005323" startTime="2025-08-22T09:53:19.6137176+00:00" endTime="2025-08-22T09:53:19.6137177+00:00" testType="13cdc9d9-ddb5-4fa4-a97d-d965ccfc6d4b" outcome="Passed" testListId="8c84fa94-04c1-424b-9868-57a2d4851a1d" relativeResultsDirectory="8bed63c1-7a6d-4eec-a463-f458bb908768" />
    <UnitTestResult executionId="dddbc23e-a4ea-4d89-9cbf-e67459c6933b" testId="c2bfde30-e914-458b-e340-ab93132a81d3" testName="NeoSharp.Tests.Types.ContractParameterTests.Integer_WithBigInteger_ShouldCreateIntegerParameter" computerName="r3e" duration="00:00:00.0015946" startTime="2025-08-22T09:53:19.5436244+00:00" endTime="2025-08-22T09:53:19.5436245+00:00" testType="13cdc9d9-ddb5-4fa4-a97d-d965ccfc6d4b" outcome="Passed" testListId="8c84fa94-04c1-424b-9868-57a2d4851a1d" relativeResultsDirectory="dddbc23e-a4ea-4d89-9cbf-e67459c6933b" />
    <UnitTestResult executionId="afacca4b-11b1-4735-bec4-a3105e612f31" testId="a808c36a-caa7-39d4-cdb6-d21910c083e8" testName="NeoSharp.Tests.Crypto.ScryptParamsTests.TestScryptParamsWithExtraFields" computerName="r3e" duration="00:00:00.0002061" startTime="2025-08-22T09:53:19.6164531+00:00" endTime="2025-08-22T09:53:19.6164532+00:00" testType="13cdc9d9-ddb5-4fa4-a97d-d965ccfc6d4b" outcome="Passed" testListId="8c84fa94-04c1-424b-9868-57a2d4851a1d" relativeResultsDirectory="afacca4b-11b1-4735-bec4-a3105e612f31" />
    <UnitTestResult executionId="53491d09-7697-4161-8e0a-5f5a5a0ceb04" testId="6861b503-9934-6890-ab3d-e56aa077c1aa" testName="NeoSharp.Tests.Crypto.SignTests.TestRecoverSigningScriptHash" computerName="r3e" duration="00:00:00.0212915" startTime="2025-08-22T09:53:19.7562051+00:00" endTime="2025-08-22T09:53:19.7562051+00:00" testType="13cdc9d9-ddb5-4fa4-a97d-d965ccfc6d4b" outcome="Passed" testListId="8c84fa94-04c1-424b-9868-57a2d4851a1d" relativeResultsDirectory="53491d09-7697-4161-8e0a-5f5a5a0ceb04" />
    <UnitTestResult executionId="3be34034-405d-4733-904f-a24abd5336d2" testId="a7973589-6615-ff59-0718-69a2453e4a2e" testName="NeoSharp.Tests.Crypto.SecurityTests.TestConstantTimeByteComparison" computerName="r3e" duration="00:00:00.0001742" startTime="2025-08-22T09:53:41.6357804+00:00" endTime="2025-08-22T09:53:41.6357805+00:00" testType="13cdc9d9-ddb5-4fa4-a97d-d965ccfc6d4b" outcome="Passed" testListId="8c84fa94-04c1-424b-9868-57a2d4851a1d" relativeResultsDirectory="3be34034-405d-4733-904f-a24abd5336d2" />
    <UnitTestResult executionId="5f45fedb-52cb-4056-a884-52dd12e28a9b" testId="7215a0c9-7676-8e37-e04e-db7c106aeda3" testName="NeoSharp.Tests.Serialization.BinaryWriterTests.WriteUInt32_ShouldWriteCorrectBytes" computerName="r3e" duration="00:00:00.0038801" startTime="2025-08-22T09:53:19.6080293+00:00" endTime="2025-08-22T09:53:19.6080293+00:00" testType="13cdc9d9-ddb5-4fa4-a97d-d965ccfc6d4b" outcome="Passed" testListId="8c84fa94-04c1-424b-9868-57a2d4851a1d" relativeResultsDirectory="5f45fedb-52cb-4056-a884-52dd12e28a9b" />
    <UnitTestResult executionId="96fdb172-5cd1-4a8b-b363-0ddac6a08ea6" testId="ed290d48-5b09-a0ef-0064-b242dcf2f952" testName="NeoSharp.Tests.Crypto.Base58Tests.TestBase58DecodingForValidStrings" computerName="r3e" duration="00:00:00.0002342" startTime="2025-08-22T09:53:19.5408362+00:00" endTime="2025-08-22T09:53:19.5408363+00:00" testType="13cdc9d9-ddb5-4fa4-a97d-d965ccfc6d4b" outcome="Passed" testListId="8c84fa94-04c1-424b-9868-57a2d4851a1d" relativeResultsDirectory="96fdb172-5cd1-4a8b-b363-0ddac6a08ea6" />
    <UnitTestResult executionId="0518591a-aa12-41a3-8a33-3d7f154bb8a1" testId="8d64e49c-54b6-a9d2-2909-1d5c6c0bbf6b" testName="NeoSharp.Tests.Types.Hash256Tests.FromData_ShouldCreateHashFromData" computerName="r3e" duration="00:00:00.0005075" startTime="2025-08-22T09:53:19.6242362+00:00" endTime="2025-08-22T09:53:19.6242363+00:00" testType="13cdc9d9-ddb5-4fa4-a97d-d965ccfc6d4b" outcome="Passed" testListId="8c84fa94-04c1-424b-9868-57a2d4851a1d" relativeResultsDirectory="0518591a-aa12-41a3-8a33-3d7f154bb8a1" />
    <UnitTestResult executionId="d1301561-821b-4997-affd-b614706e4cb0" testId="eb73977e-8f44-f8b8-ed4a-02bb3f4815ba" testName="NeoSharp.Tests.Types.Hash256Tests.ToArray_ShouldReturnBigEndianBytes" computerName="r3e" duration="00:00:00.0004685" startTime="2025-08-22T09:53:19.6203319+00:00" endTime="2025-08-22T09:53:19.6203320+00:00" testType="13cdc9d9-ddb5-4fa4-a97d-d965ccfc6d4b" outcome="Passed" testListId="8c84fa94-04c1-424b-9868-57a2d4851a1d" relativeResultsDirectory="d1301561-821b-4997-affd-b614706e4cb0" />
    <UnitTestResult executionId="e9ee17ab-3619-4e4a-b275-971ba9fdd737" testId="f8d47d8d-7ddf-b062-b8b7-9793b946bf9b" testName="NeoSharp.Tests.Serialization.BinaryReaderTests.ReadInt64_ShouldReadCorrectValues" computerName="r3e" duration="00:00:00.0003317" startTime="2025-08-22T09:53:20.1483877+00:00" endTime="2025-08-22T09:53:20.1483878+00:00" testType="13cdc9d9-ddb5-4fa4-a97d-d965ccfc6d4b" outcome="Passed" testListId="8c84fa94-04c1-424b-9868-57a2d4851a1d" relativeResultsDirectory="e9ee17ab-3619-4e4a-b275-971ba9fdd737" />
    <UnitTestResult executionId="22fcaa81-9c7b-42f9-91a8-af68da765684" testId="dbf23bcc-10fe-b4f8-bdba-93a8f4169160" testName="NeoSharp.Tests.Serialization.BinaryReaderTests.Position_ShouldTrackCurrentPosition" computerName="r3e" duration="00:00:00.0003846" startTime="2025-08-22T09:53:20.1443728+00:00" endTime="2025-08-22T09:53:20.1443730+00:00" testType="13cdc9d9-ddb5-4fa4-a97d-d965ccfc6d4b" outcome="Passed" testListId="8c84fa94-04c1-424b-9868-57a2d4851a1d" relativeResultsDirectory="22fcaa81-9c7b-42f9-91a8-af68da765684" />
    <UnitTestResult executionId="9451d308-0846-43c0-8a4f-8b5635f41889" testId="723e2c01-0ca0-a41a-c68a-e34ac45318ce" testName="NeoSharp.Tests.Serialization.BinaryReaderTests.ReadVarInt_ShouldReadVariableIntegers" computerName="r3e" duration="00:00:00.0003223" startTime="2025-08-22T09:53:20.1522829+00:00" endTime="2025-08-22T09:53:20.1522830+00:00" testType="13cdc9d9-ddb5-4fa4-a97d-d965ccfc6d4b" outcome="Passed" testListId="8c84fa94-04c1-424b-9868-57a2d4851a1d" relativeResultsDirectory="9451d308-0846-43c0-8a4f-8b5635f41889" />
    <UnitTestResult executionId="bff6c7d7-6625-42c2-aa76-9187a2cd26f0" testId="9a19bf8c-2f75-d177-6e9d-60a96d4a88db" testName="NeoSharp.Tests.Crypto.Base58Tests.TestBase58DecodingKnownValues(base58Input: &quot;2cFupjhnEsSn59qHXstmK2ffpLv2&quot;, expectedHex: &quot;73696d706c792061206c6f6e6720737472696e67&quot;)" computerName="r3e" duration="00:00:00.0000199" startTime="2025-08-22T09:53:19.5054105+00:00" endTime="2025-08-22T09:53:19.5054106+00:00" testType="13cdc9d9-ddb5-4fa4-a97d-d965ccfc6d4b" outcome="Passed" testListId="8c84fa94-04c1-424b-9868-57a2d4851a1d" relativeResultsDirectory="bff6c7d7-6625-42c2-aa76-9187a2cd26f0" />
    <UnitTestResult executionId="93904993-7f89-4bf5-8c40-e6f6f7e2aed2" testId="694269c9-e36e-d154-83f2-af845bc2e686" testName="NeoSharp.Tests.Crypto.NEP2Tests.TestVariousPasswords(password: &quot;a&quot;)" computerName="r3e" duration="00:00:09.4867153" startTime="2025-08-22T09:53:46.3181733+00:00" endTime="2025-08-22T09:53:46.3181734+00:00" testType="13cdc9d9-ddb5-4fa4-a97d-d965ccfc6d4b" outcome="Passed" testListId="8c84fa94-04c1-424b-9868-57a2d4851a1d" relativeResultsDirectory="93904993-7f89-4bf5-8c40-e6f6f7e2aed2" />
    <UnitTestResult executionId="079ecb71-6144-4dee-aff2-d696c22a856b" testId="6a5e6311-a3da-999b-519f-c3f8d768df61" testName="NeoSharp.Tests.Contract.SmartContractTests.InvokeFunction_WithEmptyString_ShouldThrowException" computerName="r3e" duration="00:00:00.0035407" startTime="2025-08-22T09:53:19.6620211+00:00" endTime="2025-08-22T09:53:19.6620211+00:00" testType="13cdc9d9-ddb5-4fa4-a97d-d965ccfc6d4b" outcome="Passed" testListId="8c84fa94-04c1-424b-9868-57a2d4851a1d" relativeResultsDirectory="079ecb71-6144-4dee-aff2-d696c22a856b" />
    <UnitTestResult executionId="24335654-908b-4b3f-9c28-e79aa6bd03ad" testId="2563e2a7-4774-1734-682f-9b5a97cf68dd" testName="NeoSharp.Tests.Contract.SmartContractTests.BuildInvokeFunctionScript_ShouldCreateCorrectScript" computerName="r3e" duration="00:00:00.0013012" startTime="2025-08-22T09:53:19.6872694+00:00" endTime="2025-08-22T09:53:19.6872694+00:00" testType="13cdc9d9-ddb5-4fa4-a97d-d965ccfc6d4b" outcome="Passed" testListId="8c84fa94-04c1-424b-9868-57a2d4851a1d" relativeResultsDirectory="24335654-908b-4b3f-9c28-e79aa6bd03ad" />
    <UnitTestResult executionId="b86d3b4b-17b0-4b10-8383-8dfdb382c1a7" testId="b097dbb8-c1a9-a4fd-8dd1-eb21b696c11d" testName="NeoSharp.Tests.Script.ScriptBuilderTests.PushInteger_ShouldHandleVeryLargeNumbers" computerName="r3e" duration="00:00:00.0014801" startTime="2025-08-22T09:53:19.6405845+00:00" endTime="2025-08-22T09:53:19.6405845+00:00" testType="13cdc9d9-ddb5-4fa4-a97d-d965ccfc6d4b" outcome="Passed" testListId="8c84fa94-04c1-424b-9868-57a2d4851a1d" relativeResultsDirectory="b86d3b4b-17b0-4b10-8383-8dfdb382c1a7" />
    <UnitTestResult executionId="5cf5b965-23bf-4fb5-aa0e-f34d542af8d7" testId="3ed16a39-f753-1684-2bda-2743af606520" testName="NeoSharp.Tests.Wallet.AccountTests.Constructor_WithExistingKeyPair_ShouldCreateCorrectAccount" computerName="r3e" duration="00:00:00.0004515" startTime="2025-08-22T09:53:50.0362990+00:00" endTime="2025-08-22T09:53:50.0362990+00:00" testType="13cdc9d9-ddb5-4fa4-a97d-d965ccfc6d4b" outcome="Passed" testListId="8c84fa94-04c1-424b-9868-57a2d4851a1d" relativeResultsDirectory="5cf5b965-23bf-4fb5-aa0e-f34d542af8d7" />
    <UnitTestResult executionId="e0583517-fe2c-46a8-9773-22cfc20194b1" testId="125ad7c0-573e-815a-337e-6925403e5304" testName="NeoSharp.Tests.Contract.SmartContractTests.BuildInvokeFunctionScript_WithNullMethod_ShouldThrowArgumentNullException" computerName="r3e" duration="00:00:00.0029153" startTime="2025-08-22T09:53:19.6829870+00:00" endTime="2025-08-22T09:53:19.6829871+00:00" testType="13cdc9d9-ddb5-4fa4-a97d-d965ccfc6d4b" outcome="Passed" testListId="8c84fa94-04c1-424b-9868-57a2d4851a1d" relativeResultsDirectory="e0583517-fe2c-46a8-9773-22cfc20194b1" />
    <UnitTestResult executionId="f37a7676-3818-4dc1-9d27-5347a31325a4" testId="c9d78f46-4c53-e244-bafd-0d22014fcd87" testName="NeoSharp.Tests.Wallet.AccountTests.DecryptPrivateKey_ShouldDecryptPrivateKey" computerName="r3e" duration="00:00:11.9126242" startTime="2025-08-22T09:53:31.4085858+00:00" endTime="2025-08-22T09:53:31.4085858+00:00" testType="13cdc9d9-ddb5-4fa4-a97d-d965ccfc6d4b" outcome="Passed" testListId="8c84fa94-04c1-424b-9868-57a2d4851a1d" relativeResultsDirectory="f37a7676-3818-4dc1-9d27-5347a31325a4" />
    <UnitTestResult executionId="ee45b1b8-1417-4559-8a74-0631d1cc7010" testId="2119fef3-55b3-cb02-38e7-b693aad1c328" testName="NeoSharp.Tests.Script.ScriptBuilderTests.VerificationScriptFromPublicKeys_ShouldCreateCorrectScript" computerName="r3e" duration="00:00:00.0079040" startTime="2025-08-22T09:53:19.6231476+00:00" endTime="2025-08-22T09:53:19.6231477+00:00" testType="13cdc9d9-ddb5-4fa4-a97d-d965ccfc6d4b" outcome="Passed" testListId="8c84fa94-04c1-424b-9868-57a2d4851a1d" relativeResultsDirectory="ee45b1b8-1417-4559-8a74-0631d1cc7010" />
    <UnitTestResult executionId="930e658a-e8dd-4e13-8a18-40ab7b3f6986" testId="e00d70fb-44f8-7b36-8e1e-0ef0429966ac" testName="NeoSharp.Tests.Crypto.NEP2Tests.TestNEP2WithDifferentScryptParams" computerName="r3e" duration="00:00:29.4774131" startTime="2025-08-22T09:55:07.8102890+00:00" endTime="2025-08-22T09:55:07.8102891+00:00" testType="13cdc9d9-ddb5-4fa4-a97d-d965ccfc6d4b" outcome="Passed" testListId="8c84fa94-04c1-424b-9868-57a2d4851a1d" relativeResultsDirectory="930e658a-e8dd-4e13-8a18-40ab7b3f6986" />
    <UnitTestResult executionId="a8c735a5-97f3-465d-ba03-752e3f11cc45" testId="dc7a5ba7-f9d6-fc52-1733-2b6ba5e7f9c8" testName="NeoSharp.Tests.Serialization.BinaryReaderTests.Available_ShouldReturnRemainingBytes" computerName="r3e" duration="00:00:00.0003618" startTime="2025-08-22T09:53:19.5999302+00:00" endTime="2025-08-22T09:53:19.5999302+00:00" testType="13cdc9d9-ddb5-4fa4-a97d-d965ccfc6d4b" outcome="Passed" testListId="8c84fa94-04c1-424b-9868-57a2d4851a1d" relativeResultsDirectory="a8c735a5-97f3-465d-ba03-752e3f11cc45" />
    <UnitTestResult executionId="a3b37857-84d7-497e-a98c-938fcd0e7d42" testId="603a4190-4c31-e235-1dea-4448262c18fc" testName="NeoSharp.Tests.Types.EnumTypeTests.ContractParameterType_BinaryData_ShouldBeDetected" computerName="r3e" duration="00:00:00.0003295" startTime="2025-08-22T09:53:19.5597551+00:00" endTime="2025-08-22T09:53:19.5597551+00:00" testType="13cdc9d9-ddb5-4fa4-a97d-d965ccfc6d4b" outcome="Passed" testListId="8c84fa94-04c1-424b-9868-57a2d4851a1d" relativeResultsDirectory="a3b37857-84d7-497e-a98c-938fcd0e7d42" />
    <UnitTestResult executionId="9d5fc69a-fdac-4d68-bb4c-d7946a0335c7" testId="219f2562-40dc-2f4d-2d29-11af09c2f8b7" testName="NeoSharp.Tests.Crypto.WIFTests.NullWifString_ShouldThrowArgumentNullException" computerName="r3e" duration="00:00:00.0004606" startTime="2025-08-22T09:53:19.6398786+00:00" endTime="2025-08-22T09:53:19.6398786+00:00" testType="13cdc9d9-ddb5-4fa4-a97d-d965ccfc6d4b" outcome="Passed" testListId="8c84fa94-04c1-424b-9868-57a2d4851a1d" relativeResultsDirectory="9d5fc69a-fdac-4d68-bb4c-d7946a0335c7" />
    <UnitTestResult executionId="17f06b82-bc0e-4b8c-8c12-bae8b3a1910b" testId="0c17d28a-6ce5-362a-f711-bf5c79224b99" testName="NeoSharp.Tests.Script.ScriptBuilderTests.PushString_ShouldHandleDifferentSizes" computerName="r3e" duration="00:00:00.0005184" startTime="2025-08-22T09:53:19.6045559+00:00" endTime="2025-08-22T09:53:19.6045559+00:00" testType="13cdc9d9-ddb5-4fa4-a97d-d965ccfc6d4b" outcome="Passed" testListId="8c84fa94-04c1-424b-9868-57a2d4851a1d" relativeResultsDirectory="17f06b82-bc0e-4b8c-8c12-bae8b3a1910b" />
    <UnitTestResult executionId="ca7fc19a-ec01-4100-8647-20b22fe359ba" testId="98f39cc9-60d5-cddc-419a-d6fad552effe" testName="NeoSharp.Tests.Serialization.BinaryWriterTests.WriteInt64_ShouldWriteCorrectBytes" computerName="r3e" duration="00:00:00.0007029" startTime="2025-08-22T09:53:19.6047330+00:00" endTime="2025-08-22T09:53:19.6047330+00:00" testType="13cdc9d9-ddb5-4fa4-a97d-d965ccfc6d4b" outcome="Passed" testListId="8c84fa94-04c1-424b-9868-57a2d4851a1d" relativeResultsDirectory="ca7fc19a-ec01-4100-8647-20b22fe359ba" />
    <UnitTestResult executionId="3fc92b93-fe3e-4571-895b-92b6c826c17c" testId="c059a965-96a2-5f6a-33b0-65d3371d6856" testName="NeoSharp.Tests.Crypto.ScryptParamsTests.TestSerialize" computerName="r3e" duration="00:00:00.0001919" startTime="2025-08-22T09:53:19.5927841+00:00" endTime="2025-08-22T09:53:19.5927842+00:00" testType="13cdc9d9-ddb5-4fa4-a97d-d965ccfc6d4b" outcome="Passed" testListId="8c84fa94-04c1-424b-9868-57a2d4851a1d" relativeResultsDirectory="3fc92b93-fe3e-4571-895b-92b6c826c17c" />
    <UnitTestResult executionId="03a0f8d1-ca8e-4bc3-9965-d17b655c1a86" testId="ba42f61a-4918-db0a-7057-c08cf25ba397" testName="NeoSharp.Tests.Crypto.ECKeyPairTests.GetAddress_ShouldReturnValidNeoAddress" computerName="r3e" duration="00:00:00.0103197" startTime="2025-08-22T09:53:19.6527546+00:00" endTime="2025-08-22T09:53:19.6527546+00:00" testType="13cdc9d9-ddb5-4fa4-a97d-d965ccfc6d4b" outcome="Passed" testListId="8c84fa94-04c1-424b-9868-57a2d4851a1d" relativeResultsDirectory="03a0f8d1-ca8e-4bc3-9965-d17b655c1a86" />
    <UnitTestResult executionId="b716e98a-a78c-428b-9629-5d75308974e8" testId="956fca44-5e60-03fc-7509-a833909ab23c" testName="NeoSharp.Tests.Types.ContractParameterTests.String_ShouldCreateStringParameter" computerName="r3e" duration="00:00:00.0001678" startTime="2025-08-22T09:53:19.5442187+00:00" endTime="2025-08-22T09:53:19.5442188+00:00" testType="13cdc9d9-ddb5-4fa4-a97d-d965ccfc6d4b" outcome="Passed" testListId="8c84fa94-04c1-424b-9868-57a2d4851a1d" relativeResultsDirectory="b716e98a-a78c-428b-9629-5d75308974e8" />
    <UnitTestResult executionId="57908d8b-56f8-4ce4-bb38-bab7b62694f1" testId="f5fc6183-1464-d7b4-9e54-d9f91a9efcb6" testName="NeoSharp.Tests.Crypto.SignTests.TestSignatureByteArrayConversion" computerName="r3e" duration="00:00:00.0025274" startTime="2025-08-22T09:53:19.6960955+00:00" endTime="2025-08-22T09:53:19.6960956+00:00" testType="13cdc9d9-ddb5-4fa4-a97d-d965ccfc6d4b" outcome="Passed" testListId="8c84fa94-04c1-424b-9868-57a2d4851a1d" relativeResultsDirectory="57908d8b-56f8-4ce4-bb38-bab7b62694f1" />
    <UnitTestResult executionId="2868a7dd-9a92-4ee7-b44e-55d53dc267d6" testId="e3627c06-71fc-a060-1d4d-260adb9f1210" testName="NeoSharp.Tests.Types.EnumTypeTests.WitnessScope_ShouldWorkCorrectly" computerName="r3e" duration="00:00:00.0008480" startTime="2025-08-22T09:53:19.5719532+00:00" endTime="2025-08-22T09:53:19.5719533+00:00" testType="13cdc9d9-ddb5-4fa4-a97d-d965ccfc6d4b" outcome="Passed" testListId="8c84fa94-04c1-424b-9868-57a2d4851a1d" relativeResultsDirectory="2868a7dd-9a92-4ee7-b44e-55d53dc267d6" />
    <UnitTestResult executionId="66e356a6-d63f-4038-8b92-419d2d3cf550" testId="78244beb-de60-cebe-d71b-1d69e6c372ee" testName="NeoSharp.Tests.Types.ContractParameterTests.Hash256_ShouldCreateHash256Parameter" computerName="r3e" duration="00:00:00.0013417" startTime="2025-08-22T09:53:19.5236081+00:00" endTime="2025-08-22T09:53:19.5236082+00:00" testType="13cdc9d9-ddb5-4fa4-a97d-d965ccfc6d4b" outcome="Passed" testListId="8c84fa94-04c1-424b-9868-57a2d4851a1d" relativeResultsDirectory="66e356a6-d63f-4038-8b92-419d2d3cf550" />
    <UnitTestResult executionId="734ff1d2-aa24-42bb-9db8-1a5ada2ae6ca" testId="0c0c4f0b-af88-b5f0-9da0-491f9d254775" testName="NeoSharp.Tests.Crypto.Base58Tests.TestBase58EncodingKnownValues(hexInput: &quot;00eb15231dfceb60925886b67d065299925915aeb172c06647&quot;, expectedBase58: &quot;1NS17iag9jJgTHD1VXjvLCEnZuQ3rJDE9L&quot;)" computerName="r3e" duration="00:00:00.0000165" startTime="2025-08-22T09:53:19.5183694+00:00" endTime="2025-08-22T09:53:19.5183695+00:00" testType="13cdc9d9-ddb5-4fa4-a97d-d965ccfc6d4b" outcome="Passed" testListId="8c84fa94-04c1-424b-9868-57a2d4851a1d" relativeResultsDirectory="734ff1d2-aa24-42bb-9db8-1a5ada2ae6ca" />
    <UnitTestResult executionId="c6805252-cba7-4853-88a0-5d6e0796f7b4" testId="26db6d8c-2b9b-41b0-9243-370f8164f8a8" testName="NeoSharp.Tests.Crypto.SecurityTests.TestHashCaching" computerName="r3e" duration="00:00:00.0014036" startTime="2025-08-22T09:53:31.7154614+00:00" endTime="2025-08-22T09:53:31.7154615+00:00" testType="13cdc9d9-ddb5-4fa4-a97d-d965ccfc6d4b" outcome="Passed" testListId="8c84fa94-04c1-424b-9868-57a2d4851a1d" relativeResultsDirectory="c6805252-cba7-4853-88a0-5d6e0796f7b4" />
    <UnitTestResult executionId="882aa80e-1c75-4741-af10-ca3bf53749e2" testId="ac899e7c-3b9d-efbd-e46c-1925a05dd291" testName="NeoSharp.Tests.Wallet.AccountTests.FromPrivateKey_ShouldCreateCorrectAccount" computerName="r3e" duration="00:00:00.0012928" startTime="2025-08-22T09:53:41.2873836+00:00" endTime="2025-08-22T09:53:41.2873838+00:00" testType="13cdc9d9-ddb5-4fa4-a97d-d965ccfc6d4b" outcome="Passed" testListId="8c84fa94-04c1-424b-9868-57a2d4851a1d" relativeResultsDirectory="882aa80e-1c75-4741-af10-ca3bf53749e2" />
    <UnitTestResult executionId="c7eb61c8-8867-434c-b1a9-586fd77d5e76" testId="a0b69eef-402a-b362-a21b-b7c396dde08f" testName="NeoSharp.Tests.Crypto.SignTests.TestSignatureRecoveryIds" computerName="r3e" duration="00:00:00.0181407" startTime="2025-08-22T09:53:19.6815958+00:00" endTime="2025-08-22T09:53:19.6815958+00:00" testType="13cdc9d9-ddb5-4fa4-a97d-d965ccfc6d4b" outcome="Passed" testListId="8c84fa94-04c1-424b-9868-57a2d4851a1d" relativeResultsDirectory="c7eb61c8-8867-434c-b1a9-586fd77d5e76" />
    <UnitTestResult executionId="a5b542e7-5e4b-42aa-bb2a-91d6431cc997" testId="709b4022-f285-904a-2c89-b604766b2030" testName="NeoSharp.Tests.Serialization.BinaryReaderTests.ReadPushDataBigInteger_ShouldReadNumbersCorrectly" computerName="r3e" duration="00:00:00.0005497" startTime="2025-08-22T09:53:20.1474341+00:00" endTime="2025-08-22T09:53:20.1474342+00:00" testType="13cdc9d9-ddb5-4fa4-a97d-d965ccfc6d4b" outcome="Passed" testListId="8c84fa94-04c1-424b-9868-57a2d4851a1d" relativeResultsDirectory="a5b542e7-5e4b-42aa-bb2a-91d6431cc997" />
    <UnitTestResult executionId="c8f2e3d7-32a8-456f-a3e5-6c31077018e5" testId="1c288487-717c-db15-18cd-7065e8403dd8" testName="NeoSharp.Tests.Wallet.AccountTests.FromWIF_ShouldCreateCorrectAccount" computerName="r3e" duration="00:00:00.0004253" startTime="2025-08-22T09:53:41.2917945+00:00" endTime="2025-08-22T09:53:41.2917946+00:00" testType="13cdc9d9-ddb5-4fa4-a97d-d965ccfc6d4b" outcome="Passed" testListId="8c84fa94-04c1-424b-9868-57a2d4851a1d" relativeResultsDirectory="c8f2e3d7-32a8-456f-a3e5-6c31077018e5" />
    <UnitTestResult executionId="5c639ac3-914e-4b24-bb14-810c293e95ed" testId="deb531c7-2015-a88f-674c-68295032b174" testName="NeoSharp.Tests.Crypto.WIFTests.EmptyWifString_ShouldThrowWIFException" computerName="r3e" duration="00:00:00.0011143" startTime="2025-08-22T09:53:19.6294217+00:00" endTime="2025-08-22T09:53:19.6294218+00:00" testType="13cdc9d9-ddb5-4fa4-a97d-d965ccfc6d4b" outcome="Passed" testListId="8c84fa94-04c1-424b-9868-57a2d4851a1d" relativeResultsDirectory="5c639ac3-914e-4b24-bb14-810c293e95ed" />
    <UnitTestResult executionId="9057107a-f81a-45eb-92b2-a23eda03fc10" testId="bf17d55d-18b3-99d1-0543-d696a261fdc4" testName="NeoSharp.Tests.Types.Hash256Tests.Parse_WithRealHashes_ShouldSucceed(hashString: &quot;0xf782c7fde78c1c2b2021d1c0c8f17236d1c68690b96ad884&quot;···)" computerName="r3e" duration="00:00:00.0006521" startTime="2025-08-22T09:53:19.5114690+00:00" endTime="2025-08-22T09:53:19.5114690+00:00" testType="13cdc9d9-ddb5-4fa4-a97d-d965ccfc6d4b" outcome="Passed" testListId="8c84fa94-04c1-424b-9868-57a2d4851a1d" relativeResultsDirectory="9057107a-f81a-45eb-92b2-a23eda03fc10" />
    <UnitTestResult executionId="af22572b-82c7-47f6-8178-28b70c3df678" testId="1fd2d563-2db0-b811-6dea-5bf5b95f5c6c" testName="NeoSharp.Tests.Types.ContractParameterTests.ByteArray_WithBytes_ShouldCreateByteArrayParameter" computerName="r3e" duration="00:00:00.0055771" startTime="2025-08-22T09:53:19.5411359+00:00" endTime="2025-08-22T09:53:19.5411360+00:00" testType="13cdc9d9-ddb5-4fa4-a97d-d965ccfc6d4b" outcome="Passed" testListId="8c84fa94-04c1-424b-9868-57a2d4851a1d" relativeResultsDirectory="af22572b-82c7-47f6-8178-28b70c3df678" />
    <UnitTestResult executionId="d2056f75-60ae-42c6-aebe-781fcbaa3856" testId="1bbd0f7b-de32-4350-357e-2b738932497b" testName="NeoSharp.Tests.Crypto.Base58Tests.TestBase58EncodingKnownValues(hexInput: &quot;bf4f89001e670274dd&quot;, expectedBase58: &quot;3SEo3LWLoPntC&quot;)" computerName="r3e" duration="00:00:00.0000113" startTime="2025-08-22T09:53:19.5195644+00:00" endTime="2025-08-22T09:53:19.5195644+00:00" testType="13cdc9d9-ddb5-4fa4-a97d-d965ccfc6d4b" outcome="Passed" testListId="8c84fa94-04c1-424b-9868-57a2d4851a1d" relativeResultsDirectory="d2056f75-60ae-42c6-aebe-781fcbaa3856" />
    <UnitTestResult executionId="1fea9e91-7571-4eff-b98d-fc9b8c3d0c48" testId="1c147b09-1397-43a6-8b37-d96f2d1f3ed4" testName="NeoSharp.Tests.Crypto.SecurityTests.TestConstantTimeStringComparison" computerName="r3e" duration="00:00:00.0000998" startTime="2025-08-22T09:53:41.6361980+00:00" endTime="2025-08-22T09:53:41.6361980+00:00" testType="13cdc9d9-ddb5-4fa4-a97d-d965ccfc6d4b" outcome="Passed" testListId="8c84fa94-04c1-424b-9868-57a2d4851a1d" relativeResultsDirectory="1fea9e91-7571-4eff-b98d-fc9b8c3d0c48" />
    <UnitTestResult executionId="680e98fc-f675-469c-a2d0-fbd7a58b1dda" testId="693de814-d436-dc86-2f4b-cd82be387302" testName="NeoSharp.Tests.Types.Hash160Tests.FromLittleEndianBytes_ShouldCreateHashCorrectly" computerName="r3e" duration="00:00:00.0003532" startTime="2025-08-22T09:53:19.6402300+00:00" endTime="2025-08-22T09:53:19.6402300+00:00" testType="13cdc9d9-ddb5-4fa4-a97d-d965ccfc6d4b" outcome="Passed" testListId="8c84fa94-04c1-424b-9868-57a2d4851a1d" relativeResultsDirectory="680e98fc-f675-469c-a2d0-fbd7a58b1dda" />
    <UnitTestResult executionId="11f7141a-eee7-4088-819e-22eee8ab987f" testId="7152b94d-2d9b-e310-2aa2-69d02bf45611" testName="NeoSharp.Tests.Crypto.ScryptParamsTests.TestScryptParamsPerformanceRelativeTime" computerName="r3e" duration="00:00:00.0068891" startTime="2025-08-22T09:53:19.5321160+00:00" endTime="2025-08-22T09:53:19.5321161+00:00" testType="13cdc9d9-ddb5-4fa4-a97d-d965ccfc6d4b" outcome="Passed" testListId="8c84fa94-04c1-424b-9868-57a2d4851a1d" relativeResultsDirectory="11f7141a-eee7-4088-819e-22eee8ab987f" />
    <UnitTestResult executionId="c3cd5f94-4be1-476e-a17a-aa1c1f96ac3b" testId="78f352c5-3b6e-fb0e-98ff-03ea8c6b439a" testName="NeoSharp.Tests.Script.ScriptBuilderTests.ContractCall_ShouldCreateCorrectScript" computerName="r3e" duration="00:00:00.0008072" startTime="2025-08-22T09:53:19.6455450+00:00" endTime="2025-08-22T09:53:19.6455451+00:00" testType="13cdc9d9-ddb5-4fa4-a97d-d965ccfc6d4b" outcome="Passed" testListId="8c84fa94-04c1-424b-9868-57a2d4851a1d" relativeResultsDirectory="c3cd5f94-4be1-476e-a17a-aa1c1f96ac3b" />
    <UnitTestResult executionId="19b9564a-c15e-4f95-952a-e31e463e7738" testId="6ec975b5-1579-df12-f95a-68143de38353" testName="NeoSharp.Tests.Wallet.AccountTests.Equals_ShouldCompareByScriptHash" computerName="r3e" duration="00:00:00.0024941" startTime="2025-08-22T09:53:41.2913445+00:00" endTime="2025-08-22T09:53:41.2913446+00:00" testType="13cdc9d9-ddb5-4fa4-a97d-d965ccfc6d4b" outcome="Passed" testListId="8c84fa94-04c1-424b-9868-57a2d4851a1d" relativeResultsDirectory="19b9564a-c15e-4f95-952a-e31e463e7738" />
    <UnitTestResult executionId="1f7de09b-5a12-41e1-851c-b447e7745510" testId="ab896882-276a-8776-de00-376c160e386c" testName="NeoSharp.Tests.Crypto.Base58Tests.TestBase58EncodingKnownValues(hexInput: &quot;572e4794&quot;, expectedBase58: &quot;3EFU7m&quot;)" computerName="r3e" duration="00:00:00.0000045" startTime="2025-08-22T09:53:19.5151175+00:00" endTime="2025-08-22T09:53:19.5151176+00:00" testType="13cdc9d9-ddb5-4fa4-a97d-d965ccfc6d4b" outcome="Passed" testListId="8c84fa94-04c1-424b-9868-57a2d4851a1d" relativeResultsDirectory="1f7de09b-5a12-41e1-851c-b447e7745510" />
    <UnitTestResult executionId="972403fe-2408-4ec9-8bbd-de991d555f23" testId="89cd3ca8-497c-6040-13f0-10f5cb59f90d" testName="NeoSharp.Tests.Crypto.SecurityTests.TestSecureBytesConstantTimeComparison" computerName="r3e" duration="00:00:00.0002719" startTime="2025-08-22T09:53:41.6360756+00:00" endTime="2025-08-22T09:53:41.6360756+00:00" testType="13cdc9d9-ddb5-4fa4-a97d-d965ccfc6d4b" outcome="Passed" testListId="8c84fa94-04c1-424b-9868-57a2d4851a1d" relativeResultsDirectory="972403fe-2408-4ec9-8bbd-de991d555f23" />
    <UnitTestResult executionId="5824e503-3e7a-404d-aefb-10d27f6f7d31" testId="5a39d779-7003-bdf3-d546-1b77b3f14d9c" testName="NeoSharp.Tests.Crypto.SignTests.TestSignatureDataFromBytes" computerName="r3e" duration="00:00:00.0043215" startTime="2025-08-22T09:53:19.8175942+00:00" endTime="2025-08-22T09:53:19.8175943+00:00" testType="13cdc9d9-ddb5-4fa4-a97d-d965ccfc6d4b" outcome="Passed" testListId="8c84fa94-04c1-424b-9868-57a2d4851a1d" relativeResultsDirectory="5824e503-3e7a-404d-aefb-10d27f6f7d31" />
    <UnitTestResult executionId="69eff6a6-67b4-4831-a53a-8488d65a0900" testId="b1072d1f-7873-6c4a-c503-939a854d65f7" testName="NeoSharp.Tests.Crypto.Base58Tests.TestBase58DecodingKnownValues(base58Input: &quot;3SEo3LWLoPntC&quot;, expectedHex: &quot;bf4f89001e670274dd&quot;)" computerName="r3e" duration="00:00:00.0000103" startTime="2025-08-22T09:53:19.5062310+00:00" endTime="2025-08-22T09:53:19.5062310+00:00" testType="13cdc9d9-ddb5-4fa4-a97d-d965ccfc6d4b" outcome="Passed" testListId="8c84fa94-04c1-424b-9868-57a2d4851a1d" relativeResultsDirectory="69eff6a6-67b4-4831-a53a-8488d65a0900" />
    <UnitTestResult executionId="0bbb102a-b5db-419c-8e61-7a745bd7fa17" testId="3a8dc186-285e-ba06-37ed-700bdc91daf9" testName="NeoSharp.Tests.Types.ContractParameterTests.ToJson_String_ShouldSerializeCorrectly" computerName="r3e" duration="00:00:00.0001481" startTime="2025-08-22T09:53:19.5293783+00:00" endTime="2025-08-22T09:53:19.5293784+00:00" testType="13cdc9d9-ddb5-4fa4-a97d-d965ccfc6d4b" outcome="Passed" testListId="8c84fa94-04c1-424b-9868-57a2d4851a1d" relativeResultsDirectory="0bbb102a-b5db-419c-8e61-7a745bd7fa17" />
    <UnitTestResult executionId="8b19adc6-9224-4055-9fb3-bd47d4c23b53" testId="30d6f990-16b2-1890-0b3a-d1dfbe9eedf5" testName="NeoSharp.Tests.Crypto.WIFTests.WronglySizedWifs_ShouldThrowException(invalidWif: &quot;L25kgAQJXNHnhc7Sx9bomxxwVSMsZdkaNQ3m2VfHrnLzKWMLP1&quot;···)" computerName="r3e" duration="00:00:00.0035466" startTime="2025-08-22T09:53:19.6342635+00:00" endTime="2025-08-22T09:53:19.6342636+00:00" testType="13cdc9d9-ddb5-4fa4-a97d-d965ccfc6d4b" outcome="Passed" testListId="8c84fa94-04c1-424b-9868-57a2d4851a1d" relativeResultsDirectory="8b19adc6-9224-4055-9fb3-bd47d4c23b53" />
    <UnitTestResult executionId="bd608666-5d29-4133-9080-60817744cdff" testId="eef9c9b8-ae6a-45f8-64af-99c50f984646" testName="NeoSharp.Tests.Crypto.NEP2Tests.TestMultipleEncryptionsProduceSameResults" computerName="r3e" duration="00:00:20.1142432" startTime="2025-08-22T09:54:38.3353740+00:00" endTime="2025-08-22T09:54:38.3353741+00:00" testType="13cdc9d9-ddb5-4fa4-a97d-d965ccfc6d4b" outcome="Passed" testListId="8c84fa94-04c1-424b-9868-57a2d4851a1d" relativeResultsDirectory="bd608666-5d29-4133-9080-60817744cdff" />
    <UnitTestResult executionId="6f1b7e4e-1712-46ee-8a38-b2c85c96e77c" testId="180b2260-9f10-8804-ff19-b6ea3fa61d5c" testName="NeoSharp.Tests.Crypto.Base64Tests.Base64Decode_WithInvalidInput_ShouldThrowException" computerName="r3e" duration="00:00:00.0013546" startTime="2025-08-22T09:53:19.5223695+00:00" endTime="2025-08-22T09:53:19.5223695+00:00" testType="13cdc9d9-ddb5-4fa4-a97d-d965ccfc6d4b" outcome="Passed" testListId="8c84fa94-04c1-424b-9868-57a2d4851a1d" relativeResultsDirectory="6f1b7e4e-1712-46ee-8a38-b2c85c96e77c" />
    <UnitTestResult executionId="4170bcef-3e28-47d7-a94d-0390ac89aa98" testId="159b95df-fcac-493e-9d02-021648159908" testName="NeoSharp.Tests.Crypto.Base58Tests.TestBase58EncodingKnownValues(hexInput: &quot;626262&quot;, expectedBase58: &quot;a3gV&quot;)" computerName="r3e" duration="00:00:00.0000087" startTime="2025-08-22T09:53:19.5188541+00:00" endTime="2025-08-22T09:53:19.5188541+00:00" testType="13cdc9d9-ddb5-4fa4-a97d-d965ccfc6d4b" outcome="Passed" testListId="8c84fa94-04c1-424b-9868-57a2d4851a1d" relativeResultsDirectory="4170bcef-3e28-47d7-a94d-0390ac89aa98" />
    <UnitTestResult executionId="bf8114cc-35e9-4ea1-9687-aa1be61f304a" testId="c6ca9350-47d0-de0b-9e29-00de07b6df7a" testName="NeoSharp.Tests.Contract.SmartContractTests.InvokeFunction_WithWhitespaceMethod_ShouldThrowArgumentException" computerName="r3e" duration="00:00:00.0038392" startTime="2025-08-22T09:53:19.6885888+00:00" endTime="2025-08-22T09:53:19.6885889+00:00" testType="13cdc9d9-ddb5-4fa4-a97d-d965ccfc6d4b" outcome="Passed" testListId="8c84fa94-04c1-424b-9868-57a2d4851a1d" relativeResultsDirectory="bf8114cc-35e9-4ea1-9687-aa1be61f304a" />
    <UnitTestResult executionId="677a3fc8-94ff-4db5-aec7-aee7b18a5a9d" testId="89f9964d-c6bd-f1e1-c61d-b736a8b08ce9" testName="NeoSharp.Tests.Serialization.BinaryReaderTests.ReadBigInteger_ShouldReadCorrectly" computerName="r3e" duration="00:00:00.0035967" startTime="2025-08-22T09:53:19.5977666+00:00" endTime="2025-08-22T09:53:19.5977667+00:00" testType="13cdc9d9-ddb5-4fa4-a97d-d965ccfc6d4b" outcome="Passed" testListId="8c84fa94-04c1-424b-9868-57a2d4851a1d" relativeResultsDirectory="677a3fc8-94ff-4db5-aec7-aee7b18a5a9d" />
    <UnitTestResult executionId="dc1de1e5-67fe-4f13-8731-e36ddeb8bd43" testId="61724534-4112-de3a-86e6-9c884b4d524d" testName="NeoSharp.Tests.Wallet.AccountTests.Constructor_WithNullKeyPair_ShouldThrowArgumentNullException" computerName="r3e" duration="00:00:00.0014032" startTime="2025-08-22T09:53:45.5914982+00:00" endTime="2025-08-22T09:53:45.5914982+00:00" testType="13cdc9d9-ddb5-4fa4-a97d-d965ccfc6d4b" outcome="Passed" testListId="8c84fa94-04c1-424b-9868-57a2d4851a1d" relativeResultsDirectory="dc1de1e5-67fe-4f13-8731-e36ddeb8bd43" />
    <UnitTestResult executionId="90388966-00a0-426f-b749-65a74a569e62" testId="513e7ecc-85ad-0979-62bb-1b73ef202de7" testName="NeoSharp.Tests.Crypto.ECKeyPairTests.DeterministicKeyGeneration_ShouldBeConsistent" computerName="r3e" duration="00:00:00.0613815" startTime="2025-08-22T09:53:19.6438302+00:00" endTime="2025-08-22T09:53:19.6438303+00:00" testType="13cdc9d9-ddb5-4fa4-a97d-d965ccfc6d4b" outcome="Passed" testListId="8c84fa94-04c1-424b-9868-57a2d4851a1d" relativeResultsDirectory="90388966-00a0-426f-b749-65a74a569e62" />
    <UnitTestResult executionId="8c1f1962-e3c7-4b70-a234-5ac3f9358406" testId="d88f0724-fb18-bcb6-0e7b-5a1ac4859c7c" testName="NeoSharp.Tests.Serialization.BinaryReaderTests.ReadUInt16_ShouldReadCorrectValues" computerName="r3e" duration="00:00:00.0017536" startTime="2025-08-22T09:53:20.1464434+00:00" endTime="2025-08-22T09:53:20.1464436+00:00" testType="13cdc9d9-ddb5-4fa4-a97d-d965ccfc6d4b" outcome="Passed" testListId="8c84fa94-04c1-424b-9868-57a2d4851a1d" relativeResultsDirectory="8c1f1962-e3c7-4b70-a234-5ac3f9358406" />
    <UnitTestResult executionId="8e11f2a1-c020-4e9c-b300-ace01b631c1f" testId="b0afab83-521d-3bdc-8472-8661a0acaf09" testName="NeoSharp.Tests.Types.EnumTypeTests.ContractParameterType_FromJsonValue_WithValidValues_ShouldSucceed(jsonValue: &quot;Map&quot;)" computerName="r3e" duration="00:00:00.0007678" startTime="2025-08-22T09:53:19.5732929+00:00" endTime="2025-08-22T09:53:19.5732930+00:00" testType="13cdc9d9-ddb5-4fa4-a97d-d965ccfc6d4b" outcome="Passed" testListId="8c84fa94-04c1-424b-9868-57a2d4851a1d" relativeResultsDirectory="8e11f2a1-c020-4e9c-b300-ace01b631c1f" />
    <UnitTestResult executionId="5ec6862e-75bf-4f04-af27-e749b9cf1028" testId="8f7f6552-5520-b454-97d1-e1ac4c03bd80" testName="NeoSharp.Tests.Types.EnumTypeTests.OpCode_ShouldHaveCorrectByteValues" computerName="r3e" duration="00:00:00.0002509" startTime="2025-08-22T09:53:19.5618021+00:00" endTime="2025-08-22T09:53:19.5618021+00:00" testType="13cdc9d9-ddb5-4fa4-a97d-d965ccfc6d4b" outcome="Passed" testListId="8c84fa94-04c1-424b-9868-57a2d4851a1d" relativeResultsDirectory="5ec6862e-75bf-4f04-af27-e749b9cf1028" />
    <UnitTestResult executionId="2ef5c61b-a3f0-46a4-82ca-e25fbf198e8f" testId="4cd92221-df49-90c6-39a3-365e787a59a6" testName="NeoSharp.Tests.Types.Hash256Tests.ToLittleEndianArray_ShouldReverseBytes" computerName="r3e" duration="00:00:00.0005377" startTime="2025-08-22T09:53:19.6268500+00:00" endTime="2025-08-22T09:53:19.6268500+00:00" testType="13cdc9d9-ddb5-4fa4-a97d-d965ccfc6d4b" outcome="Passed" testListId="8c84fa94-04c1-424b-9868-57a2d4851a1d" relativeResultsDirectory="2ef5c61b-a3f0-46a4-82ca-e25fbf198e8f" />
    <UnitTestResult executionId="d3766d3e-0421-4904-853c-3ce9fa2b35c2" testId="5d748615-1a32-dcc6-a161-923cde120b47" testName="NeoSharp.Tests.Types.ContractParameterTests.Boolean_ShouldCreateBooleanParameter" computerName="r3e" duration="00:00:00.0001672" startTime="2025-08-22T09:53:19.5274894+00:00" endTime="2025-08-22T09:53:19.5274895+00:00" testType="13cdc9d9-ddb5-4fa4-a97d-d965ccfc6d4b" outcome="Passed" testListId="8c84fa94-04c1-424b-9868-57a2d4851a1d" relativeResultsDirectory="d3766d3e-0421-4904-853c-3ce9fa2b35c2" />
    <UnitTestResult executionId="d44d65d3-1d4d-44a6-ad07-8024469200e4" testId="d74c1b47-2b45-42f8-b27a-2c9d874ea10b" testName="NeoSharp.Tests.Crypto.ECKeyPairTests.GetScriptHash_ShouldReturnValidHash" computerName="r3e" duration="00:00:00.0025818" startTime="2025-08-22T09:53:19.6902991+00:00" endTime="2025-08-22T09:53:19.6902992+00:00" testType="13cdc9d9-ddb5-4fa4-a97d-d965ccfc6d4b" outcome="Passed" testListId="8c84fa94-04c1-424b-9868-57a2d4851a1d" relativeResultsDirectory="d44d65d3-1d4d-44a6-ad07-8024469200e4" />
    <UnitTestResult executionId="7e06474a-3f82-48fd-9e9e-2b8c3ac9b6b7" testId="cebdfbc2-1c44-c355-92fb-f3754bfef121" testName="NeoSharp.Tests.Crypto.Base58Tests.TestBase58DecodingKnownValues(base58Input: &quot;a3gV&quot;, expectedHex: &quot;626262&quot;)" computerName="r3e" duration="00:00:00.0000085" startTime="2025-08-22T09:53:19.5057540+00:00" endTime="2025-08-22T09:53:19.5057540+00:00" testType="13cdc9d9-ddb5-4fa4-a97d-d965ccfc6d4b" outcome="Passed" testListId="8c84fa94-04c1-424b-9868-57a2d4851a1d" relativeResultsDirectory="7e06474a-3f82-48fd-9e9e-2b8c3ac9b6b7" />
    <UnitTestResult executionId="cf647f8b-616f-412a-8c8d-a75c9269a443" testId="54257088-ee8c-40f1-c5ba-2f061684eb74" testName="NeoSharp.Tests.Crypto.SecurityTests.TestCryptographicRandomness" computerName="r3e" duration="00:00:00.0005180" startTime="2025-08-22T09:53:31.7161412+00:00" endTime="2025-08-22T09:53:31.7161414+00:00" testType="13cdc9d9-ddb5-4fa4-a97d-d965ccfc6d4b" outcome="Passed" testListId="8c84fa94-04c1-424b-9868-57a2d4851a1d" relativeResultsDirectory="cf647f8b-616f-412a-8c8d-a75c9269a443" />
    <UnitTestResult executionId="99c5c27f-8b1c-445b-a31c-d850d0af73bb" testId="f0c0998a-02c2-d6bb-d7e3-38a411a27bd4" testName="NeoSharp.Tests.Crypto.WIFTests.CompressedFlag_ShouldBeHandledCorrectly(compressed: True)" computerName="r3e" duration="00:00:00.0005429" startTime="2025-08-22T09:53:19.6124920+00:00" endTime="2025-08-22T09:53:19.6124920+00:00" testType="13cdc9d9-ddb5-4fa4-a97d-d965ccfc6d4b" outcome="Passed" testListId="8c84fa94-04c1-424b-9868-57a2d4851a1d" relativeResultsDirectory="99c5c27f-8b1c-445b-a31c-d850d0af73bb" />
    <UnitTestResult executionId="51a02c57-5f10-4e04-8e2d-094628384115" testId="4b35573e-3a26-d9e4-572f-1869874e4bc6" testName="NeoSharp.Tests.Wallet.AccountTests.Sign_ShouldCreateValidSignature" computerName="r3e" duration="00:00:00.0008735" startTime="2025-08-22T09:53:45.5900336+00:00" endTime="2025-08-22T09:53:45.5900337+00:00" testType="13cdc9d9-ddb5-4fa4-a97d-d965ccfc6d4b" outcome="Passed" testListId="8c84fa94-04c1-424b-9868-57a2d4851a1d" relativeResultsDirectory="51a02c57-5f10-4e04-8e2d-094628384115" />
    <UnitTestResult executionId="ed653ac9-fcf3-450e-9ef7-dab70a004f2a" testId="47faf41c-250f-3921-1a8f-8cb28a6d80ff" testName="NeoSharp.Tests.Crypto.NEP2Tests.TestRoundTripEncryptionDecryption" computerName="r3e" duration="00:00:07.7436004" startTime="2025-08-22T09:55:19.5080966+00:00" endTime="2025-08-22T09:55:19.5080967+00:00" testType="13cdc9d9-ddb5-4fa4-a97d-d965ccfc6d4b" outcome="Passed" testListId="8c84fa94-04c1-424b-9868-57a2d4851a1d" relativeResultsDirectory="ed653ac9-fcf3-450e-9ef7-dab70a004f2a" />
    <UnitTestResult executionId="276f5a0c-ebad-4df3-a8aa-25ab825a2ea1" testId="ed490758-ac9d-30c7-6c35-31dda870b5e6" testName="NeoSharp.Tests.Types.Hash256Tests.Parse_WithRealHashes_ShouldSucceed(hashString: &quot;0x668e0c1f9870f61d45b8a91c77585e468c22c1216c5d6f94&quot;···)" computerName="r3e" duration="00:00:00.0001234" startTime="2025-08-22T09:53:19.5181202+00:00" endTime="2025-08-22T09:53:19.5181203+00:00" testType="13cdc9d9-ddb5-4fa4-a97d-d965ccfc6d4b" outcome="Passed" testListId="8c84fa94-04c1-424b-9868-57a2d4851a1d" relativeResultsDirectory="276f5a0c-ebad-4df3-a8aa-25ab825a2ea1" />
    <UnitTestResult executionId="98192f0c-9c8b-449b-85bf-48cbccaa3a77" testId="ee15e4ec-2da5-7177-94d9-138b7165c68e" testName="NeoSharp.Tests.Crypto.ScryptParamsTests.TestScryptParamsJsonVariations(json: &quot;{\&quot;n\&quot;: 8, \&quot;r\&quot;: 4, \&quot;p\&quot;: 9}&quot;)" computerName="r3e" duration="00:00:00.0020231" startTime="2025-08-22T09:53:19.5889159+00:00" endTime="2025-08-22T09:53:19.5889160+00:00" testType="13cdc9d9-ddb5-4fa4-a97d-d965ccfc6d4b" outcome="Passed" testListId="8c84fa94-04c1-424b-9868-57a2d4851a1d" relativeResultsDirectory="98192f0c-9c8b-449b-85bf-48cbccaa3a77" />
    <UnitTestResult executionId="a1a34938-0a95-454e-a176-7da10e325836" testId="54e39a07-b8b3-ea60-fc2e-939b4e8d3e8a" testName="NeoSharp.Tests.Types.EnumTypeTests.ContractParameterType_AllValues_ShouldHaveCorrectProperties(paramType: Any, expectedJson: &quot;Any&quot;, expectedByte: 0)" computerName="r3e" duration="00:00:00.0000062" startTime="2025-08-22T09:53:19.5499625+00:00" endTime="2025-08-22T09:53:19.5499626+00:00" testType="13cdc9d9-ddb5-4fa4-a97d-d965ccfc6d4b" outcome="Passed" testListId="8c84fa94-04c1-424b-9868-57a2d4851a1d" relativeResultsDirectory="a1a34938-0a95-454e-a176-7da10e325836" />
    <UnitTestResult executionId="f96a5153-4ef4-48c0-b69b-0a782eed059c" testId="4f32cb3d-de52-e96e-9283-a46161e53f2c" testName="NeoSharp.Tests.Crypto.NEP2Tests.TestVariousPasswords(password: &quot;VeryLongPasswordWithSpecialCharacters!@#$%^&amp;*()_+-&quot;···)" computerName="r3e" duration="00:00:07.6172184" startTime="2025-08-22T09:54:01.8893829+00:00" endTime="2025-08-22T09:54:01.8893836+00:00" testType="13cdc9d9-ddb5-4fa4-a97d-d965ccfc6d4b" outcome="Passed" testListId="8c84fa94-04c1-424b-9868-57a2d4851a1d" relativeResultsDirectory="f96a5153-4ef4-48c0-b69b-0a782eed059c" />
    <UnitTestResult executionId="947b046c-9bc4-4552-b41c-cdd45bd35287" testId="9ac25e8c-f2f8-8f1f-14f5-488a222ed3b0" testName="NeoSharp.Tests.Types.Hash256Tests.ExplicitHashConversion_ShouldCreateFromHexString" computerName="r3e" duration="00:00:00.0002571" startTime="2025-08-22T09:53:19.6333604+00:00" endTime="2025-08-22T09:53:19.6333604+00:00" testType="13cdc9d9-ddb5-4fa4-a97d-d965ccfc6d4b" outcome="Passed" testListId="8c84fa94-04c1-424b-9868-57a2d4851a1d" relativeResultsDirectory="947b046c-9bc4-4552-b41c-cdd45bd35287" />
    <UnitTestResult executionId="78d106db-48b1-465c-87f1-84a0b7b87d4e" testId="7d8319eb-03fb-08d3-0f3a-a74ec239d2fe" testName="NeoSharp.Tests.Crypto.ScryptParamsTests.TestScryptParamsMemoryUsageCalculation" computerName="r3e" duration="00:00:00.0012075" startTime="2025-08-22T09:53:19.6051804+00:00" endTime="2025-08-22T09:53:19.6051804+00:00" testType="13cdc9d9-ddb5-4fa4-a97d-d965ccfc6d4b" outcome="Passed" testListId="8c84fa94-04c1-424b-9868-57a2d4851a1d" relativeResultsDirectory="78d106db-48b1-465c-87f1-84a0b7b87d4e" />
    <UnitTestResult executionId="0b268cd7-96c4-41ff-88b9-ca798eda1699" testId="05a04dc9-7731-84e7-b9ed-ede4e5c43f86" testName="NeoSharp.Tests.Types.EnumTypeTests.ContractParameterType_FromJsonValue_WithValidValues_ShouldSucceed(jsonValue: &quot;Integer&quot;)" computerName="r3e" duration="00:00:00.0000115" startTime="2025-08-22T09:53:19.5810928+00:00" endTime="2025-08-22T09:53:19.5810928+00:00" testType="13cdc9d9-ddb5-4fa4-a97d-d965ccfc6d4b" outcome="Passed" testListId="8c84fa94-04c1-424b-9868-57a2d4851a1d" relativeResultsDirectory="0b268cd7-96c4-41ff-88b9-ca798eda1699" />
    <UnitTestResult executionId="1c29f643-1458-4a2e-a2df-9431ee80abdb" testId="2343f28d-b6f1-ea40-62f5-69bed78cd97b" testName="NeoSharp.Tests.Crypto.SignTests.TestSignatureWithWrongKey" computerName="r3e" duration="00:00:00.0113122" startTime="2025-08-22T09:53:19.6934969+00:00" endTime="2025-08-22T09:53:19.6934970+00:00" testType="13cdc9d9-ddb5-4fa4-a97d-d965ccfc6d4b" outcome="Passed" testListId="8c84fa94-04c1-424b-9868-57a2d4851a1d" relativeResultsDirectory="1c29f643-1458-4a2e-a2df-9431ee80abdb" />
    <UnitTestResult executionId="50ace2e4-6688-40ce-9110-36e8b22b8564" testId="0f5e07ad-4979-2fa5-f6e0-8e5750b169fc" testName="NeoSharp.Tests.Crypto.Bip32ECKeyPairTests.TestHardenedDerivation" computerName="r3e" duration="00:00:00.0003134" startTime="2025-08-22T09:53:19.5368591+00:00" endTime="2025-08-22T09:53:19.5368591+00:00" testType="13cdc9d9-ddb5-4fa4-a97d-d965ccfc6d4b" outcome="Passed" testListId="8c84fa94-04c1-424b-9868-57a2d4851a1d" relativeResultsDirectory="50ace2e4-6688-40ce-9110-36e8b22b8564" />
    <UnitTestResult executionId="7287f5b4-45c9-4ec0-bc8e-09a9860f4392" testId="400f22d6-d2e2-8408-a698-81e6d43f3f42" testName="NeoSharp.Tests.Crypto.Base58Tests.TestBase58EncodingKnownValues(hexInput: &quot;636363&quot;, expectedBase58: &quot;aPEr&quot;)" computerName="r3e" duration="00:00:00.0000113" startTime="2025-08-22T09:53:19.5141219+00:00" endTime="2025-08-22T09:53:19.5141219+00:00" testType="13cdc9d9-ddb5-4fa4-a97d-d965ccfc6d4b" outcome="Passed" testListId="8c84fa94-04c1-424b-9868-57a2d4851a1d" relativeResultsDirectory="7287f5b4-45c9-4ec0-bc8e-09a9860f4392" />
    <UnitTestResult executionId="64bc8ba9-a401-4b94-bb81-232f5c571f78" testId="a8d17546-f6ae-34d4-9e27-95bbfd5e1d33" testName="NeoSharp.Tests.Crypto.SignTests.TestSignDifferentMessages" computerName="r3e" duration="00:00:00.0224545" startTime="2025-08-22T09:53:19.7186645+00:00" endTime="2025-08-22T09:53:19.7186646+00:00" testType="13cdc9d9-ddb5-4fa4-a97d-d965ccfc6d4b" outcome="Passed" testListId="8c84fa94-04c1-424b-9868-57a2d4851a1d" relativeResultsDirectory="64bc8ba9-a401-4b94-bb81-232f5c571f78" />
    <UnitTestResult executionId="c425ef49-1c26-4004-830e-8d92820319c4" testId="8eb0f6de-e206-b1b3-376e-4fc96993f209" testName="NeoSharp.Tests.Crypto.WIFTests.WrongByte33Wif_ShouldThrowException" computerName="r3e" duration="00:00:00.0009607" startTime="2025-08-22T09:53:19.6484453+00:00" endTime="2025-08-22T09:53:19.6484454+00:00" testType="13cdc9d9-ddb5-4fa4-a97d-d965ccfc6d4b" outcome="Passed" testListId="8c84fa94-04c1-424b-9868-57a2d4851a1d" relativeResultsDirectory="c425ef49-1c26-4004-830e-8d92820319c4" />
    <UnitTestResult executionId="a2f2d5fd-563e-4c52-94d4-5dfaf63e1179" testId="beaeae1a-5663-5159-f554-4cb8ce24af1b" testName="NeoSharp.Tests.Crypto.WIFTests.RoundTrip_ShouldPreservePrivateKey" computerName="r3e" duration="00:00:00.0008206" startTime="2025-08-22T09:53:19.6493376+00:00" endTime="2025-08-22T09:53:19.6493377+00:00" testType="13cdc9d9-ddb5-4fa4-a97d-d965ccfc6d4b" outcome="Passed" testListId="8c84fa94-04c1-424b-9868-57a2d4851a1d" relativeResultsDirectory="a2f2d5fd-563e-4c52-94d4-5dfaf63e1179" />
    <UnitTestResult executionId="432cfe96-8ba2-45f0-a195-03487500bd07" testId="26f25596-6bcf-2aa2-0a70-f62cab760fd9" testName="NeoSharp.Tests.Crypto.WIFTests.WrongFirstByteWif_ShouldThrowException" computerName="r3e" duration="00:00:00.0004730" startTime="2025-08-22T09:53:19.6239305+00:00" endTime="2025-08-22T09:53:19.6239305+00:00" testType="13cdc9d9-ddb5-4fa4-a97d-d965ccfc6d4b" outcome="Passed" testListId="8c84fa94-04c1-424b-9868-57a2d4851a1d" relativeResultsDirectory="432cfe96-8ba2-45f0-a195-03487500bd07" />
    <UnitTestResult executionId="52e76c46-b048-4633-a62f-67424013a25c" testId="d7cbdf25-1abd-5be0-1705-629b06ed6233" testName="NeoSharp.Tests.Crypto.WIFTests.IsValidWIF_WithInvalidWIF_ShouldReturnFalse(invalidWif: &quot;invalid&quot;)" computerName="r3e" duration="00:00:00.0001466" startTime="2025-08-22T09:53:19.6300564+00:00" endTime="2025-08-22T09:53:19.6300564+00:00" testType="13cdc9d9-ddb5-4fa4-a97d-d965ccfc6d4b" outcome="Passed" testListId="8c84fa94-04c1-424b-9868-57a2d4851a1d" relativeResultsDirectory="52e76c46-b048-4633-a62f-67424013a25c" />
    <UnitTestResult executionId="776e6425-7fed-48b8-8c75-460046488f1c" testId="5e97768f-d530-99d2-989a-4e0f3db77405" testName="NeoSharp.Tests.Serialization.BinaryWriterTests.WriteUInt16_ShouldWriteCorrectBytes" computerName="r3e" duration="00:00:00.0003946" startTime="2025-08-22T09:53:19.6092917+00:00" endTime="2025-08-22T09:53:19.6092918+00:00" testType="13cdc9d9-ddb5-4fa4-a97d-d965ccfc6d4b" outcome="Passed" testListId="8c84fa94-04c1-424b-9868-57a2d4851a1d" relativeResultsDirectory="776e6425-7fed-48b8-8c75-460046488f1c" />
    <UnitTestResult executionId="bc45fd85-8449-4ac7-88bd-5d27c0337683" testId="36429002-8d89-ea56-e975-9c33a5aedcfa" testName="NeoSharp.Tests.Crypto.NEP2Tests.TestDecryptWithWrongPassword" computerName="r3e" duration="00:00:08.8545180" startTime="2025-08-22T09:54:18.2183248+00:00" endTime="2025-08-22T09:54:18.2183248+00:00" testType="13cdc9d9-ddb5-4fa4-a97d-d965ccfc6d4b" outcome="Passed" testListId="8c84fa94-04c1-424b-9868-57a2d4851a1d" relativeResultsDirectory="bc45fd85-8449-4ac7-88bd-5d27c0337683" />
    <UnitTestResult executionId="aa071b67-65a7-47d4-a386-867ee220369c" testId="05f8f41f-2a0a-483a-d80a-d63002f27122" testName="NeoSharp.Tests.Crypto.NEP2Tests.TestNEP2KeyChecksumValidation" computerName="r3e" duration="00:00:06.3562166" startTime="2025-08-22T09:53:25.8325178+00:00" endTime="2025-08-22T09:53:25.8325187+00:00" testType="13cdc9d9-ddb5-4fa4-a97d-d965ccfc6d4b" outcome="Passed" testListId="8c84fa94-04c1-424b-9868-57a2d4851a1d" relativeResultsDirectory="aa071b67-65a7-47d4-a386-867ee220369c" />
    <UnitTestResult executionId="df1f827f-d448-4466-a6ec-3879ded51ca7" testId="9a5a5259-43e7-a157-ba6e-2aaadbf51c75" testName="NeoSharp.Tests.Contract.SmartContractTests.ToString_ShouldReturnScriptHashString" computerName="r3e" duration="00:00:00.0033686" startTime="2025-08-22T09:53:19.6780642+00:00" endTime="2025-08-22T09:53:19.6780642+00:00" testType="13cdc9d9-ddb5-4fa4-a97d-d965ccfc6d4b" outcome="Passed" testListId="8c84fa94-04c1-424b-9868-57a2d4851a1d" relativeResultsDirectory="df1f827f-d448-4466-a6ec-3879ded51ca7" />
    <UnitTestResult executionId="1b410472-6726-475d-8f3b-3758099ead0b" testId="08f8f522-e527-951e-fd77-3ff317c0ac27" testName="NeoSharp.Tests.Types.ContractParameterTests.ToJson_ByteArray_ShouldSerializeAsBase64" computerName="r3e" duration="00:00:00.0002806" startTime="2025-08-22T09:53:19.5245279+00:00" endTime="2025-08-22T09:53:19.5245279+00:00" testType="13cdc9d9-ddb5-4fa4-a97d-d965ccfc6d4b" outcome="Passed" testListId="8c84fa94-04c1-424b-9868-57a2d4851a1d" relativeResultsDirectory="1b410472-6726-475d-8f3b-3758099ead0b" />
    <UnitTestResult executionId="f01d9c59-8f14-4692-9821-47d06aecdff3" testId="8920274a-5d15-dd80-35c4-6ef25156aa22" testName="NeoSharp.Tests.Crypto.NEP2Tests.TestVariousPasswords(password: &quot;\ud83d\udd10\ud83d\udd11\ud83d\udc8e&quot;)" computerName="r3e" duration="00:00:07.4742772" startTime="2025-08-22T09:54:09.3637099+00:00" endTime="2025-08-22T09:54:09.3637100+00:00" testType="13cdc9d9-ddb5-4fa4-a97d-d965ccfc6d4b" outcome="Passed" testListId="8c84fa94-04c1-424b-9868-57a2d4851a1d" relativeResultsDirectory="f01d9c59-8f14-4692-9821-47d06aecdff3" />
    <UnitTestResult executionId="41e05b12-33d8-49dc-b4c1-6611dda94c41" testId="651bb81c-b2c1-0179-60d9-76ea480286e6" testName="NeoSharp.Tests.Serialization.BinaryReaderTests.ReadUInt32_ShouldReadCorrectValues" computerName="r3e" duration="00:00:00.0003389" startTime="2025-08-22T09:53:20.1468753+00:00" endTime="2025-08-22T09:53:20.1468753+00:00" testType="13cdc9d9-ddb5-4fa4-a97d-d965ccfc6d4b" outcome="Passed" testListId="8c84fa94-04c1-424b-9868-57a2d4851a1d" relativeResultsDirectory="41e05b12-33d8-49dc-b4c1-6611dda94c41" />
    <UnitTestResult executionId="85384489-fc79-45c3-8bdc-ab98fba33cae" testId="a5f85e1f-a238-e2d3-1bc1-0d79eff381b9" testName="NeoSharp.Tests.Crypto.WIFTests.PrivateKeyToWif_ShouldEncodeCorrectly" computerName="r3e" duration="00:00:00.0001020" startTime="2025-08-22T09:53:19.6197199+00:00" endTime="2025-08-22T09:53:19.6197199+00:00" testType="13cdc9d9-ddb5-4fa4-a97d-d965ccfc6d4b" outcome="Passed" testListId="8c84fa94-04c1-424b-9868-57a2d4851a1d" relativeResultsDirectory="85384489-fc79-45c3-8bdc-ab98fba33cae" />
    <UnitTestResult executionId="bc455fbc-f662-4bc2-8f6a-b44833ea6514" testId="46948e2c-121d-478f-8491-eb42ecb316c0" testName="NeoSharp.Tests.Crypto.ECKeyPairTests.KeyPairVerification_ShouldVerifyOwnSignature" computerName="r3e" duration="00:00:00.0054907" startTime="2025-08-22T09:53:19.6969960+00:00" endTime="2025-08-22T09:53:19.6969961+00:00" testType="13cdc9d9-ddb5-4fa4-a97d-d965ccfc6d4b" outcome="Passed" testListId="8c84fa94-04c1-424b-9868-57a2d4851a1d" relativeResultsDirectory="bc455fbc-f662-4bc2-8f6a-b44833ea6514" />
    <UnitTestResult executionId="a9ea31a1-557d-4ee6-85fc-e3e645341de6" testId="fb9dbead-6581-a40e-326f-bb7f29555d11" testName="NeoSharp.Tests.Types.EnumTypeTests.ContractParameterType_FromJsonValue_WithValidValues_ShouldSucceed(jsonValue: &quot;Boolean&quot;)" computerName="r3e" duration="00:00:00.0000059" startTime="2025-08-22T09:53:19.5816367+00:00" endTime="2025-08-22T09:53:19.5816367+00:00" testType="13cdc9d9-ddb5-4fa4-a97d-d965ccfc6d4b" outcome="Passed" testListId="8c84fa94-04c1-424b-9868-57a2d4851a1d" relativeResultsDirectory="a9ea31a1-557d-4ee6-85fc-e3e645341de6" />
    <UnitTestResult executionId="032b5b34-5423-44b4-84be-ad627513bd5b" testId="d7400e8a-7d55-2939-6e26-46d7d776b09b" testName="NeoSharp.Tests.Script.ScriptBuilderTests.PushInteger_ShouldHandleSpecialValues" computerName="r3e" duration="00:00:00.0005369" startTime="2025-08-22T09:53:19.5981902+00:00" endTime="2025-08-22T09:53:19.5981903+00:00" testType="13cdc9d9-ddb5-4fa4-a97d-d965ccfc6d4b" outcome="Passed" testListId="8c84fa94-04c1-424b-9868-57a2d4851a1d" relativeResultsDirectory="032b5b34-5423-44b4-84be-ad627513bd5b" />
    <UnitTestResult executionId="7c7fdcc6-2dce-4f12-9152-c348c43e58e6" testId="ea284b85-8c42-66b5-15ff-c6e3a5198213" testName="NeoSharp.Tests.Crypto.SecurityTests.TestConstantTimeSelection" computerName="r3e" duration="00:00:00.0001651" startTime="2025-08-22T09:53:41.6350135+00:00" endTime="2025-08-22T09:53:41.6350136+00:00" testType="13cdc9d9-ddb5-4fa4-a97d-d965ccfc6d4b" outcome="Passed" testListId="8c84fa94-04c1-424b-9868-57a2d4851a1d" relativeResultsDirectory="7c7fdcc6-2dce-4f12-9152-c348c43e58e6" />
    <UnitTestResult executionId="c06a36b2-7492-4626-8b89-c941c90ab118" testId="3fdd123a-6dd7-43a2-c25a-6a9fb66236db" testName="NeoSharp.Tests.Crypto.Base58Tests.TestBase58DecodingKnownValues(base58Input: &quot;3EFU7m&quot;, expectedHex: &quot;572e4794&quot;)" computerName="r3e" duration="00:00:00.0000075" startTime="2025-08-22T09:53:19.5066520+00:00" endTime="2025-08-22T09:53:19.5066520+00:00" testType="13cdc9d9-ddb5-4fa4-a97d-d965ccfc6d4b" outcome="Passed" testListId="8c84fa94-04c1-424b-9868-57a2d4851a1d" relativeResultsDirectory="c06a36b2-7492-4626-8b89-c941c90ab118" />
    <UnitTestResult executionId="e009be37-3f37-4816-95b9-6bc28c4b49b5" testId="0d10b196-42d5-b32d-b6e6-0a21b3a72aed" testName="NeoSharp.Tests.Crypto.Base64Tests.Base64Decode_ShouldDecodeCorrectly" computerName="r3e" duration="00:00:00.0001336" startTime="2025-08-22T09:53:19.5061399+00:00" endTime="2025-08-22T09:53:19.5061399+00:00" testType="13cdc9d9-ddb5-4fa4-a97d-d965ccfc6d4b" outcome="Passed" testListId="8c84fa94-04c1-424b-9868-57a2d4851a1d" relativeResultsDirectory="e009be37-3f37-4816-95b9-6bc28c4b49b5" />
    <UnitTestResult executionId="e86745fc-22ac-493b-883a-ad233cfbbbbe" testId="3666327d-eeb2-8cf6-199c-a28cfc5678bf" testName="NeoSharp.Tests.Crypto.Bip32ECKeyPairTests.TestMasterKeyGeneration(seedHex: &quot;fffcf9f6f3f0edeae7e4e1dedbd8d5d2cfccc9c6c3c0bdbab7&quot;···, path: [])" computerName="r3e" duration="00:00:00.0046019" startTime="2025-08-22T09:53:19.5227519+00:00" endTime="2025-08-22T09:53:19.5227519+00:00" testType="13cdc9d9-ddb5-4fa4-a97d-d965ccfc6d4b" outcome="Passed" testListId="8c84fa94-04c1-424b-9868-57a2d4851a1d" relativeResultsDirectory="e86745fc-22ac-493b-883a-ad233cfbbbbe" />
    <UnitTestResult executionId="4d92e64e-efac-4f3f-a253-179825bfc495" testId="aed8925a-767a-6626-c9d6-3af8273ee6b3" testName="NeoSharp.Tests.Crypto.ECKeyPairTests.NewPublicKeyFromUncompressedPoint_ShouldCompressCorrectly" computerName="r3e" duration="00:00:00.0002090" startTime="2025-08-22T09:53:19.6530685+00:00" endTime="2025-08-22T09:53:19.6530686+00:00" testType="13cdc9d9-ddb5-4fa4-a97d-d965ccfc6d4b" outcome="Passed" testListId="8c84fa94-04c1-424b-9868-57a2d4851a1d" relativeResultsDirectory="4d92e64e-efac-4f3f-a253-179825bfc495" />
    <UnitTestResult executionId="07e92918-f55b-4913-a180-037a9aaab4f0" testId="c945ab89-80df-493f-f507-df688cdfc95f" testName="NeoSharp.Tests.Types.Hash160Tests.Constructor_WithValidBytes_ShouldCreateHash" computerName="r3e" duration="00:00:00.0004890" startTime="2025-08-22T09:53:19.6487599+00:00" endTime="2025-08-22T09:53:19.6487599+00:00" testType="13cdc9d9-ddb5-4fa4-a97d-d965ccfc6d4b" outcome="Passed" testListId="8c84fa94-04c1-424b-9868-57a2d4851a1d" relativeResultsDirectory="07e92918-f55b-4913-a180-037a9aaab4f0" />
    <UnitTestResult executionId="81faaa98-7815-41ed-a655-dc3c28d5df59" testId="00306738-6d37-3b3f-c2d6-1d2023d106ea" testName="NeoSharp.Tests.Contract.SmartContractTests.BuildInvokeFunctionScript_WithNullParameters_ShouldWork" computerName="r3e" duration="00:00:00.0011874" startTime="2025-08-22T09:53:19.6931467+00:00" endTime="2025-08-22T09:53:19.6931467+00:00" testType="13cdc9d9-ddb5-4fa4-a97d-d965ccfc6d4b" outcome="Passed" testListId="8c84fa94-04c1-424b-9868-57a2d4851a1d" relativeResultsDirectory="81faaa98-7815-41ed-a655-dc3c28d5df59" />
    <UnitTestResult executionId="df92276b-43c8-487b-af79-66e2be2fc312" testId="9462caff-3bcd-cb3a-1143-b324bad75af7" testName="NeoSharp.Tests.Crypto.SignTests.TestSignVariousMessages(message: &quot;&quot;)" computerName="r3e" duration="00:00:00.0162570" startTime="2025-08-22T09:53:19.6593035+00:00" endTime="2025-08-22T09:53:19.6593036+00:00" testType="13cdc9d9-ddb5-4fa4-a97d-d965ccfc6d4b" outcome="Passed" testListId="8c84fa94-04c1-424b-9868-57a2d4851a1d" relativeResultsDirectory="df92276b-43c8-487b-af79-66e2be2fc312" />
    <UnitTestResult executionId="d593b740-dbd4-47e0-bcde-b3eb5b9e916e" testId="6f06f4f6-7e48-c0da-1fff-f5c44b023382" testName="NeoSharp.Tests.Types.Hash160Tests.FromScript_WithValidScript_ShouldCreateHash" computerName="r3e" duration="00:00:00.0053403" startTime="2025-08-22T09:53:19.6336632+00:00" endTime="2025-08-22T09:53:19.6336632+00:00" testType="13cdc9d9-ddb5-4fa4-a97d-d965ccfc6d4b" outcome="Passed" testListId="8c84fa94-04c1-424b-9868-57a2d4851a1d" relativeResultsDirectory="d593b740-dbd4-47e0-bcde-b3eb5b9e916e" />
    <UnitTestResult executionId="3a56344f-c6e0-450d-be68-312a8cee739a" testId="955eafc5-5014-d0fd-ce5e-e921d4a1d72f" testName="NeoSharp.Tests.Crypto.Base58Tests.TestBase58DecodingKnownValues(base58Input: &quot;1111111111&quot;, expectedHex: &quot;00000000000000000000&quot;)" computerName="r3e" duration="00:00:00.0000086" startTime="2025-08-22T09:53:19.5064850+00:00" endTime="2025-08-22T09:53:19.5064850+00:00" testType="13cdc9d9-ddb5-4fa4-a97d-d965ccfc6d4b" outcome="Passed" testListId="8c84fa94-04c1-424b-9868-57a2d4851a1d" relativeResultsDirectory="3a56344f-c6e0-450d-be68-312a8cee739a" />
    <UnitTestResult executionId="a1df9ef7-32e2-452b-a50d-d75823d349d6" testId="7e18d156-c166-d1dc-3710-de7645360064" testName="NeoSharp.Tests.Crypto.SecurityTests.TestNEP2EncryptionDecryption" computerName="r3e" duration="00:00:09.8880776" startTime="2025-08-22T09:53:41.6347048+00:00" endTime="2025-08-22T09:53:41.6347048+00:00" testType="13cdc9d9-ddb5-4fa4-a97d-d965ccfc6d4b" outcome="Passed" testListId="8c84fa94-04c1-424b-9868-57a2d4851a1d" relativeResultsDirectory="a1df9ef7-32e2-452b-a50d-d75823d349d6" />
    <UnitTestResult executionId="7dba64c3-6fb8-4336-aed6-3867a90d883f" testId="e29c4f29-7204-f094-f66e-43917242093b" testName="NeoSharp.Tests.Crypto.ECKeyPairTests.NewPublicKeyFromStringWithInvalidSize_ShouldThrowException" computerName="r3e" duration="00:00:00.0004980" startTime="2025-08-22T09:53:19.6915704+00:00" endTime="2025-08-22T09:53:19.6915705+00:00" testType="13cdc9d9-ddb5-4fa4-a97d-d965ccfc6d4b" outcome="Passed" testListId="8c84fa94-04c1-424b-9868-57a2d4851a1d" relativeResultsDirectory="7dba64c3-6fb8-4336-aed6-3867a90d883f" />
    <UnitTestResult executionId="d7f52f36-c1d3-4c21-98c2-368b670419f7" testId="8fc4c271-55a8-1d75-ee9b-ca171542217e" testName="NeoSharp.Tests.Crypto.SignTests.TestDeterministicSigning" computerName="r3e" duration="00:00:00.0140216" startTime="2025-08-22T09:53:19.7911480+00:00" endTime="2025-08-22T09:53:19.7911480+00:00" testType="13cdc9d9-ddb5-4fa4-a97d-d965ccfc6d4b" outcome="Passed" testListId="8c84fa94-04c1-424b-9868-57a2d4851a1d" relativeResultsDirectory="d7f52f36-c1d3-4c21-98c2-368b670419f7" />
    <UnitTestResult executionId="656c7746-417b-4672-8e62-7838860acf66" testId="a62b168f-b9b1-d2df-3ac2-1df7f1c9725e" testName="NeoSharp.Tests.Serialization.BinaryWriterTests.WriteBoolean_ShouldWriteBooleaneanAsBytes" computerName="r3e" duration="00:00:00.0003152" startTime="2025-08-22T09:53:19.6192617+00:00" endTime="2025-08-22T09:53:19.6192618+00:00" testType="13cdc9d9-ddb5-4fa4-a97d-d965ccfc6d4b" outcome="Passed" testListId="8c84fa94-04c1-424b-9868-57a2d4851a1d" relativeResultsDirectory="656c7746-417b-4672-8e62-7838860acf66" />
    <UnitTestResult executionId="679bb3e6-fb4a-4afc-b7f6-2f94f8de9d5f" testId="e8045b2b-82d5-c4bc-52d0-a2b14899b624" testName="NeoSharp.Tests.Crypto.SecurityTests.TestNEP2WrongPassword" computerName="r3e" duration="00:00:12.2157239" startTime="2025-08-22T09:53:31.7109380+00:00" endTime="2025-08-22T09:53:31.7109382+00:00" testType="13cdc9d9-ddb5-4fa4-a97d-d965ccfc6d4b" outcome="Passed" testListId="8c84fa94-04c1-424b-9868-57a2d4851a1d" relativeResultsDirectory="679bb3e6-fb4a-4afc-b7f6-2f94f8de9d5f" />
    <UnitTestResult executionId="62cf3b39-9a4c-4b4a-b376-2abd051a4f3c" testId="763e5af7-a89f-7243-f04b-0e0023b5d5cf" testName="NeoSharp.Tests.Crypto.Base58Tests.TestBase58DecodingKnownValues(base58Input: &quot;EJDM8drfXA6uyA&quot;, expectedHex: &quot;ecac89cad93923c02321&quot;)" computerName="r3e" duration="00:00:00.0147073" startTime="2025-08-22T09:53:19.4730073+00:00" endTime="2025-08-22T09:53:19.4730074+00:00" testType="13cdc9d9-ddb5-4fa4-a97d-d965ccfc6d4b" outcome="Passed" testListId="8c84fa94-04c1-424b-9868-57a2d4851a1d" relativeResultsDirectory="62cf3b39-9a4c-4b4a-b376-2abd051a4f3c" />
    <UnitTestResult executionId="6ef769aa-a98f-4fe6-bc50-3f79838fc51c" testId="a0d97b46-0458-3af4-f41c-5d33a12c3635" testName="NeoSharp.Tests.Crypto.Base58Tests.TestBase58CheckEncoding" computerName="r3e" duration="00:00:00.0002592" startTime="2025-08-22T09:53:19.5370173+00:00" endTime="2025-08-22T09:53:19.5370173+00:00" testType="13cdc9d9-ddb5-4fa4-a97d-d965ccfc6d4b" outcome="Passed" testListId="8c84fa94-04c1-424b-9868-57a2d4851a1d" relativeResultsDirectory="6ef769aa-a98f-4fe6-bc50-3f79838fc51c" />
    <UnitTestResult executionId="6ede4f31-dd3f-4195-ac20-3007cf23b6e8" testId="150e6074-80a7-605c-4217-a3ae543d9419" testName="NeoSharp.Tests.Crypto.ScryptParamsTests.TestDefaultScryptParams" computerName="r3e" duration="00:00:00.0008665" startTime="2025-08-22T09:53:19.5689484+00:00" endTime="2025-08-22T09:53:19.5689484+00:00" testType="13cdc9d9-ddb5-4fa4-a97d-d965ccfc6d4b" outcome="Passed" testListId="8c84fa94-04c1-424b-9868-57a2d4851a1d" relativeResultsDirectory="6ede4f31-dd3f-4195-ac20-3007cf23b6e8" />
    <UnitTestResult executionId="cec1b5a2-fdec-4f37-b97b-2331d6a0492d" testId="7c596a1b-f03c-10d5-15f5-4962c4c57d6b" testName="NeoSharp.Tests.Crypto.Base58Tests.TestBase58EmptyInput" computerName="r3e" duration="00:00:00.0001491" startTime="2025-08-22T09:53:19.5401604+00:00" endTime="2025-08-22T09:53:19.5401604+00:00" testType="13cdc9d9-ddb5-4fa4-a97d-d965ccfc6d4b" outcome="Passed" testListId="8c84fa94-04c1-424b-9868-57a2d4851a1d" relativeResultsDirectory="cec1b5a2-fdec-4f37-b97b-2331d6a0492d" />
    <UnitTestResult executionId="31dc7b63-0cd9-4624-913b-33178ec72c90" testId="55512dc9-1dfa-597d-3130-060b23c90329" testName="NeoSharp.Tests.Types.Hash160Tests.Equals_WithSameHash_ShouldReturnTrue" computerName="r3e" duration="00:00:00.0002732" startTime="2025-08-22T09:53:19.6467783+00:00" endTime="2025-08-22T09:53:19.6467783+00:00" testType="13cdc9d9-ddb5-4fa4-a97d-d965ccfc6d4b" outcome="Passed" testListId="8c84fa94-04c1-424b-9868-57a2d4851a1d" relativeResultsDirectory="31dc7b63-0cd9-4624-913b-33178ec72c90" />
    <UnitTestResult executionId="f19501fd-0158-4489-9359-afe4fd1a0fff" testId="5a4dae1a-21dc-18ed-ce1c-6af1ac37d58c" testName="NeoSharp.Tests.Types.Hash160Tests.Parse_WithKnownContractHashes_ShouldSucceed(contractHash: &quot;0xef4073a0f2b305a38ec4050e4d3d28bc40ea63f5&quot;)" computerName="r3e" duration="00:00:00.0002094" startTime="2025-08-22T09:53:19.6432203+00:00" endTime="2025-08-22T09:53:19.6432204+00:00" testType="13cdc9d9-ddb5-4fa4-a97d-d965ccfc6d4b" outcome="Passed" testListId="8c84fa94-04c1-424b-9868-57a2d4851a1d" relativeResultsDirectory="f19501fd-0158-4489-9359-afe4fd1a0fff" />
    <UnitTestResult executionId="6002d798-5adb-4bb3-a90f-86411dbba6bb" testId="9c0fb039-5409-8e27-4cbc-4bb910228eab" testName="NeoSharp.Tests.Crypto.ScryptParamsTests.TestScryptParamsEquality" computerName="r3e" duration="00:00:00.0007642" startTime="2025-08-22T09:53:19.5985542+00:00" endTime="2025-08-22T09:53:19.5985542+00:00" testType="13cdc9d9-ddb5-4fa4-a97d-d965ccfc6d4b" outcome="Passed" testListId="8c84fa94-04c1-424b-9868-57a2d4851a1d" relativeResultsDirectory="6002d798-5adb-4bb3-a90f-86411dbba6bb" />
    <UnitTestResult executionId="4626e965-5d30-4d87-bdff-6b574b8a7eae" testId="d8c28e8f-0978-66b7-aeff-ee6e5f77d9ad" testName="NeoSharp.Tests.Serialization.BinaryReaderTests.ReadBytes_ShouldReadSpecifiedNumberOfBytes" computerName="r3e" duration="00:00:00.0017321" startTime="2025-08-22T09:53:19.5731294+00:00" endTime="2025-08-22T09:53:19.5731294+00:00" testType="13cdc9d9-ddb5-4fa4-a97d-d965ccfc6d4b" outcome="Passed" testListId="8c84fa94-04c1-424b-9868-57a2d4851a1d" relativeResultsDirectory="4626e965-5d30-4d87-bdff-6b574b8a7eae" />
    <UnitTestResult executionId="89b6900a-7792-4908-955b-d6ffc06e3239" testId="f923296d-aa35-93a8-537c-cce656a0fadd" testName="NeoSharp.Tests.Crypto.Base64Tests.Base64RoundTrip_ShouldPreserveData(expectedBase64: &quot;SGVsbG8gV29ybGQ=&quot;, originalText: &quot;Hello World&quot;)" computerName="r3e" duration="00:00:00.0002046" startTime="2025-08-22T09:53:19.4764067+00:00" endTime="2025-08-22T09:53:19.4764068+00:00" testType="13cdc9d9-ddb5-4fa4-a97d-d965ccfc6d4b" outcome="Passed" testListId="8c84fa94-04c1-424b-9868-57a2d4851a1d" relativeResultsDirectory="89b6900a-7792-4908-955b-d6ffc06e3239" />
    <UnitTestResult executionId="460013d9-f047-4177-b572-5cd240d4b131" testId="0a80ec7c-a614-b66a-c381-75aab29fd732" testName="NeoSharp.Tests.Crypto.WIFTests.NullPrivateKey_ShouldThrowArgumentNullException" computerName="r3e" duration="00:00:00.0069291" startTime="2025-08-22T09:53:19.6524133+00:00" endTime="2025-08-22T09:53:19.6524133+00:00" testType="13cdc9d9-ddb5-4fa4-a97d-d965ccfc6d4b" outcome="Passed" testListId="8c84fa94-04c1-424b-9868-57a2d4851a1d" relativeResultsDirectory="460013d9-f047-4177-b572-5cd240d4b131" />
    <UnitTestResult executionId="b449aeb7-036b-42e8-9f83-381a97982d49" testId="0097a575-f2af-f2ad-c169-d76c203c5e13" testName="NeoSharp.Tests.Wallet.AccountTests.CreateMultiSigAccount_WithNullPublicKeys_ShouldThrowArgumentNullException" computerName="r3e" duration="00:00:00.0005681" startTime="2025-08-22T09:53:50.0370085+00:00" endTime="2025-08-22T09:53:50.0370086+00:00" testType="13cdc9d9-ddb5-4fa4-a97d-d965ccfc6d4b" outcome="Passed" testListId="8c84fa94-04c1-424b-9868-57a2d4851a1d" relativeResultsDirectory="b449aeb7-036b-42e8-9f83-381a97982d49" />
    <UnitTestResult executionId="92ca3cfa-8510-4887-a924-e6ec53ed4bc4" testId="4c1b1419-5c14-80bd-dd63-0cffef6e6b4c" testName="NeoSharp.Tests.Crypto.ScryptParamsTests.TestScryptParamsValidation" computerName="r3e" duration="00:00:00.0026332" startTime="2025-08-22T09:53:19.6153212+00:00" endTime="2025-08-22T09:53:19.6153212+00:00" testType="13cdc9d9-ddb5-4fa4-a97d-d965ccfc6d4b" outcome="Passed" testListId="8c84fa94-04c1-424b-9868-57a2d4851a1d" relativeResultsDirectory="92ca3cfa-8510-4887-a924-e6ec53ed4bc4" />
    <UnitTestResult executionId="248a81d3-4625-4fc4-9157-3fe49fe04460" testId="30cb0310-de3e-88ff-8f97-159661e8875a" testName="NeoSharp.Tests.Wallet.AccountTests.IsWatchOnly_ShouldReturnTrueForAccountsWithoutPrivateKey" computerName="r3e" duration="00:00:00.0001483" startTime="2025-08-22T09:53:45.5891243+00:00" endTime="2025-08-22T09:53:45.5891244+00:00" testType="13cdc9d9-ddb5-4fa4-a97d-d965ccfc6d4b" outcome="Passed" testListId="8c84fa94-04c1-424b-9868-57a2d4851a1d" relativeResultsDirectory="248a81d3-4625-4fc4-9157-3fe49fe04460" />
    <UnitTestResult executionId="d28b7c30-c3af-4e0c-93a9-c0434dd1b794" testId="ec366ec3-cbab-e25c-b165-80f003a5a779" testName="NeoSharp.Tests.Crypto.SignTests.TestPublicKeyFromPrivateKey" computerName="r3e" duration="00:00:00.0035717" startTime="2025-08-22T09:53:19.8212660+00:00" endTime="2025-08-22T09:53:19.8212661+00:00" testType="13cdc9d9-ddb5-4fa4-a97d-d965ccfc6d4b" outcome="Passed" testListId="8c84fa94-04c1-424b-9868-57a2d4851a1d" relativeResultsDirectory="d28b7c30-c3af-4e0c-93a9-c0434dd1b794" />
    <UnitTestResult executionId="616f8884-f41f-47da-9e69-4c548ede517e" testId="6a1a42d1-c8ac-745c-9a41-f4fb54483f96" testName="NeoSharp.Tests.Contract.SmartContractTests.InvokeFunction_WithEmptyMethod_ShouldThrowArgumentException" computerName="r3e" duration="00:00:00.2267290" startTime="2025-08-22T09:53:19.6596077+00:00" endTime="2025-08-22T09:53:19.6596078+00:00" testType="13cdc9d9-ddb5-4fa4-a97d-d965ccfc6d4b" outcome="Passed" testListId="8c84fa94-04c1-424b-9868-57a2d4851a1d" relativeResultsDirectory="616f8884-f41f-47da-9e69-4c548ede517e" />
    <UnitTestResult executionId="15016e75-0c8c-49b1-b10a-4b99124d60bd" testId="7abf3a3b-a9be-4e0c-533d-4c9cfcb4fe24" testName="NeoSharp.Tests.Types.EnumTypeTests.ContractParameterType_FromJsonValue_WithValidValues_ShouldSucceed(jsonValue: &quot;String&quot;)" computerName="r3e" duration="00:00:00.0001399" startTime="2025-08-22T09:53:19.5728183+00:00" endTime="2025-08-22T09:53:19.5728184+00:00" testType="13cdc9d9-ddb5-4fa4-a97d-d965ccfc6d4b" outcome="Passed" testListId="8c84fa94-04c1-424b-9868-57a2d4851a1d" relativeResultsDirectory="15016e75-0c8c-49b1-b10a-4b99124d60bd" />
    <UnitTestResult executionId="79b138cc-d7cb-466d-bbbb-d978c62d5ff3" testId="0aff520c-12c7-ea64-ba02-ff6e8d29b49f" testName="NeoSharp.Tests.Wallet.AccountTests.EncryptPrivateKey_ShouldEncryptPrivateKey" computerName="r3e" duration="00:00:04.2941801" startTime="2025-08-22T09:53:45.5860751+00:00" endTime="2025-08-22T09:53:45.5860753+00:00" testType="13cdc9d9-ddb5-4fa4-a97d-d965ccfc6d4b" outcome="Passed" testListId="8c84fa94-04c1-424b-9868-57a2d4851a1d" relativeResultsDirectory="79b138cc-d7cb-466d-bbbb-d978c62d5ff3" />
    <UnitTestResult executionId="923d6ae3-a550-461b-8165-41811f6ca670" testId="a705c5d0-b329-898a-1d9c-c7cf3ccf19ed" testName="NeoSharp.Tests.Types.Hash256Tests.FromLittleEndianBytes_ShouldCreateHashCorrectly" computerName="r3e" duration="00:00:00.0002253" startTime="2025-08-22T09:53:19.6161398+00:00" endTime="2025-08-22T09:53:19.6161398+00:00" testType="13cdc9d9-ddb5-4fa4-a97d-d965ccfc6d4b" outcome="Passed" testListId="8c84fa94-04c1-424b-9868-57a2d4851a1d" relativeResultsDirectory="923d6ae3-a550-461b-8165-41811f6ca670" />
    <UnitTestResult executionId="27800798-bf8c-4be8-8b36-52b7bfd808af" testId="a51a3933-dd22-27be-1ca9-2cb4584d6666" testName="NeoSharp.Tests.Types.EnumTypeTests.ContractParameterType_AllValues_ShouldHaveCorrectProperties(paramType: Array, expectedJson: &quot;Array&quot;, expectedByte: 32)" computerName="r3e" duration="00:00:00.0000045" startTime="2025-08-22T09:53:19.5520273+00:00" endTime="2025-08-22T09:53:19.5520273+00:00" testType="13cdc9d9-ddb5-4fa4-a97d-d965ccfc6d4b" outcome="Passed" testListId="8c84fa94-04c1-424b-9868-57a2d4851a1d" relativeResultsDirectory="27800798-bf8c-4be8-8b36-52b7bfd808af" />
    <UnitTestResult executionId="c43224a5-1f45-4979-8212-82d2d5121e0e" testId="7e022a46-3a6a-f120-12f8-5e2c3f2247c2" testName="NeoSharp.Tests.Types.EnumTypeTests.ContractParameterType_ShouldWorkCorrectly" computerName="r3e" duration="00:00:00.0007792" startTime="2025-08-22T09:53:19.5600316+00:00" endTime="2025-08-22T09:53:19.5600316+00:00" testType="13cdc9d9-ddb5-4fa4-a97d-d965ccfc6d4b" outcome="Passed" testListId="8c84fa94-04c1-424b-9868-57a2d4851a1d" relativeResultsDirectory="c43224a5-1f45-4979-8212-82d2d5121e0e" />
    <UnitTestResult executionId="1d83a6be-67e8-48dd-a85f-30c1ca99f826" testId="a0bebf88-5e02-e146-8258-22cf0fc669cc" testName="NeoSharp.Tests.Types.Hash160Tests.Parse_WithoutPrefix_ShouldCreateHash" computerName="r3e" duration="00:00:00.0003382" startTime="2025-08-22T09:53:19.6227624+00:00" endTime="2025-08-22T09:53:19.6227624+00:00" testType="13cdc9d9-ddb5-4fa4-a97d-d965ccfc6d4b" outcome="Passed" testListId="8c84fa94-04c1-424b-9868-57a2d4851a1d" relativeResultsDirectory="1d83a6be-67e8-48dd-a85f-30c1ca99f826" />
    <UnitTestResult executionId="ce308ae0-29ae-48cd-bc10-1d22ffc47c48" testId="77fc752b-8f45-9e78-5b84-e90ebc566278" testName="NeoSharp.Tests.Crypto.WIFTests.InvalidPrivateKeyLength_ShouldThrowWIFException(length: 33)" computerName="r3e" duration="00:00:00.0011048" startTime="2025-08-22T09:53:19.6099135+00:00" endTime="2025-08-22T09:53:19.6099136+00:00" testType="13cdc9d9-ddb5-4fa4-a97d-d965ccfc6d4b" outcome="Passed" testListId="8c84fa94-04c1-424b-9868-57a2d4851a1d" relativeResultsDirectory="ce308ae0-29ae-48cd-bc10-1d22ffc47c48" />
    <UnitTestResult executionId="8e79783f-fa55-4303-a18b-e5843db7960b" testId="a4ddc36c-736e-2706-b327-6b53ea1cc6d6" testName="NeoSharp.Tests.Serialization.BinaryWriterTests.WriteVarString_ShouldEncodeCorrectly" computerName="r3e" duration="00:00:00.0076434" startTime="2025-08-22T09:53:19.6427533+00:00" endTime="2025-08-22T09:53:19.6427534+00:00" testType="13cdc9d9-ddb5-4fa4-a97d-d965ccfc6d4b" outcome="Passed" testListId="8c84fa94-04c1-424b-9868-57a2d4851a1d" relativeResultsDirectory="8e79783f-fa55-4303-a18b-e5843db7960b" />
    <UnitTestResult executionId="6eb83404-f487-409a-a7a6-b8b24e16319f" testId="459adc09-7f49-1440-4f10-c70a3ca70d53" testName="NeoSharp.Tests.Contract.SmartContractTests.InvokeFunction_ShouldCreateTransactionBuilder" computerName="r3e" duration="00:00:00.0026288" startTime="2025-08-22T09:53:19.6943624+00:00" endTime="2025-08-22T09:53:19.6943624+00:00" testType="13cdc9d9-ddb5-4fa4-a97d-d965ccfc6d4b" outcome="Passed" testListId="8c84fa94-04c1-424b-9868-57a2d4851a1d" relativeResultsDirectory="6eb83404-f487-409a-a7a6-b8b24e16319f" />
    <UnitTestResult executionId="305dd629-728e-4d5e-8cf0-0e3743860417" testId="4fd00a53-8db1-d78c-2599-95e001080d8f" testName="NeoSharp.Tests.Types.Hash256Tests.CompareTo_ShouldOrderCorrectly" computerName="r3e" duration="00:00:00.0006879" startTime="2025-08-22T09:53:19.6323817+00:00" endTime="2025-08-22T09:53:19.6323817+00:00" testType="13cdc9d9-ddb5-4fa4-a97d-d965ccfc6d4b" outcome="Passed" testListId="8c84fa94-04c1-424b-9868-57a2d4851a1d" relativeResultsDirectory="305dd629-728e-4d5e-8cf0-0e3743860417" />
    <UnitTestResult executionId="52edb82f-7fda-43ea-8d45-40bed023cd9e" testId="76598d68-aeac-8776-2f3e-2dda3a9a5fce" testName="NeoSharp.Tests.Wallet.AccountTests.IsDefault_ShouldReflectWalletState" computerName="r3e" duration="00:00:00.0005485" startTime="2025-08-22T09:53:41.2883874+00:00" endTime="2025-08-22T09:53:41.2883874+00:00" testType="13cdc9d9-ddb5-4fa4-a97d-d965ccfc6d4b" outcome="Passed" testListId="8c84fa94-04c1-424b-9868-57a2d4851a1d" relativeResultsDirectory="52edb82f-7fda-43ea-8d45-40bed023cd9e" />
    <UnitTestResult executionId="13ad37b6-dfcf-4761-b60c-cd711c100b7e" testId="abbaed55-681d-78da-3d42-03ca0b46a976" testName="NeoSharp.Tests.Serialization.BinaryReaderTests.ReadPushDataString_ShouldReadStringsCorrectly" computerName="r3e" duration="00:00:00.0012695" startTime="2025-08-22T09:53:20.1514923+00:00" endTime="2025-08-22T09:53:20.1514925+00:00" testType="13cdc9d9-ddb5-4fa4-a97d-d965ccfc6d4b" outcome="Passed" testListId="8c84fa94-04c1-424b-9868-57a2d4851a1d" relativeResultsDirectory="13ad37b6-dfcf-4761-b60c-cd711c100b7e" />
    <UnitTestResult executionId="c3a9c403-9101-4904-b9b5-c6178dce7bb1" testId="00a25fdc-9b88-3fce-f0ad-b7913fb21618" testName="NeoSharp.Tests.Crypto.SecurityTests.TestSignatureVerification" computerName="r3e" duration="00:00:00.0033175" startTime="2025-08-22T09:53:31.7245051+00:00" endTime="2025-08-22T09:53:31.7245052+00:00" testType="13cdc9d9-ddb5-4fa4-a97d-d965ccfc6d4b" outcome="Passed" testListId="8c84fa94-04c1-424b-9868-57a2d4851a1d" relativeResultsDirectory="c3a9c403-9101-4904-b9b5-c6178dce7bb1" />
    <UnitTestResult executionId="562e55c6-fbbf-4895-8be4-6107b4ad4260" testId="86e2e90a-39da-e6e6-9a93-bb33e054653a" testName="NeoSharp.Tests.Crypto.ScryptParamsTests.TestScryptParamsRoundTrip(n: 256, r: 1, p: 1)" computerName="r3e" duration="00:00:00.0140115" startTime="2025-08-22T09:53:19.5604601+00:00" endTime="2025-08-22T09:53:19.5604602+00:00" testType="13cdc9d9-ddb5-4fa4-a97d-d965ccfc6d4b" outcome="Passed" testListId="8c84fa94-04c1-424b-9868-57a2d4851a1d" relativeResultsDirectory="562e55c6-fbbf-4895-8be4-6107b4ad4260" />
    <UnitTestResult executionId="fd1a371a-f851-4283-91c0-5a6fc9776078" testId="08b7c809-5c55-e168-d11e-cb58a1056788" testName="NeoSharp.Tests.Script.ScriptBuilderTests.BuildThrowScript_ShouldCreateThrowScript" computerName="r3e" duration="00:00:00.0001635" startTime="2025-08-22T09:53:19.6271451+00:00" endTime="2025-08-22T09:53:19.6271451+00:00" testType="13cdc9d9-ddb5-4fa4-a97d-d965ccfc6d4b" outcome="Passed" testListId="8c84fa94-04c1-424b-9868-57a2d4851a1d" relativeResultsDirectory="fd1a371a-f851-4283-91c0-5a6fc9776078" />
    <UnitTestResult executionId="59c113d0-58d4-401f-b6fc-5f69ff7b4706" testId="064f0647-333d-d6ac-aef1-1673d5818907" testName="NeoSharp.Tests.Script.ScriptBuilderTests.Clear_ShouldResetBuilder" computerName="r3e" duration="00:00:00.0001815" startTime="2025-08-22T09:53:19.5983853+00:00" endTime="2025-08-22T09:53:19.5983853+00:00" testType="13cdc9d9-ddb5-4fa4-a97d-d965ccfc6d4b" outcome="Passed" testListId="8c84fa94-04c1-424b-9868-57a2d4851a1d" relativeResultsDirectory="59c113d0-58d4-401f-b6fc-5f69ff7b4706" />
    <UnitTestResult executionId="f4aa2029-b45f-4c87-b5e9-aa57252d1c4f" testId="f29ca3ea-8044-4bff-f5a2-13a04fd029e4" testName="NeoSharp.Tests.Types.Hash160Tests.FromAddress_WithValidAddress_ShouldCreateHash" computerName="r3e" duration="00:00:00.0023777" startTime="2025-08-22T09:53:19.6533694+00:00" endTime="2025-08-22T09:53:19.6533695+00:00" testType="13cdc9d9-ddb5-4fa4-a97d-d965ccfc6d4b" outcome="Passed" testListId="8c84fa94-04c1-424b-9868-57a2d4851a1d" relativeResultsDirectory="f4aa2029-b45f-4c87-b5e9-aa57252d1c4f" />
    <UnitTestResult executionId="0a68d01a-68e6-4c8d-bfd0-91115bc9fbd2" testId="c0a24241-2665-51f1-0378-db611bcd3dd4" testName="NeoSharp.Tests.Contract.SmartContractTests.BuildInvokeFunctionScript_WithWhitespaceMethod_ShouldThrowArgumentException" computerName="r3e" duration="00:00:00.0010230" startTime="2025-08-22T09:53:19.6666840+00:00" endTime="2025-08-22T09:53:19.6666841+00:00" testType="13cdc9d9-ddb5-4fa4-a97d-d965ccfc6d4b" outcome="Passed" testListId="8c84fa94-04c1-424b-9868-57a2d4851a1d" relativeResultsDirectory="0a68d01a-68e6-4c8d-bfd0-91115bc9fbd2" />
    <UnitTestResult executionId="b7142267-efab-45b8-be93-d1ea846a56c6" testId="350aed43-d63e-4b3d-f69f-480da0dbfb1c" testName="NeoSharp.Tests.Crypto.ScryptParamsTests.TestScryptParamsRoundTrip(n: 32768, r: 8, p: 8)" computerName="r3e" duration="00:00:00.0003914" startTime="2025-08-22T09:53:19.5623697+00:00" endTime="2025-08-22T09:53:19.5623697+00:00" testType="13cdc9d9-ddb5-4fa4-a97d-d965ccfc6d4b" outcome="Passed" testListId="8c84fa94-04c1-424b-9868-57a2d4851a1d" relativeResultsDirectory="b7142267-efab-45b8-be93-d1ea846a56c6" />
    <UnitTestResult executionId="be35591c-897d-49fa-bf39-6692673c0d66" testId="8e8c20ef-c921-4caa-8e32-3f8b87a136b8" testName="NeoSharp.Tests.Crypto.SecurityTests.TestPrivateKeyNotInMemoryAfterClear" computerName="r3e" duration="00:00:00.0001398" startTime="2025-08-22T09:53:31.7469306+00:00" endTime="2025-08-22T09:53:31.7469306+00:00" testType="13cdc9d9-ddb5-4fa4-a97d-d965ccfc6d4b" outcome="Passed" testListId="8c84fa94-04c1-424b-9868-57a2d4851a1d" relativeResultsDirectory="be35591c-897d-49fa-bf39-6692673c0d66" />
    <UnitTestResult executionId="395c6386-2228-488b-a825-1bcc261a6a50" testId="09e10194-f968-2de2-e0b9-66d7f6ba2e02" testName="NeoSharp.Tests.Crypto.ECKeyPairTests.NewPublicKeyFromPoint_ShouldCreateCorrectKey" computerName="r3e" duration="00:00:00.0015432" startTime="2025-08-22T09:53:19.6990909+00:00" endTime="2025-08-22T09:53:19.6990910+00:00" testType="13cdc9d9-ddb5-4fa4-a97d-d965ccfc6d4b" outcome="Passed" testListId="8c84fa94-04c1-424b-9868-57a2d4851a1d" relativeResultsDirectory="395c6386-2228-488b-a825-1bcc261a6a50" />
    <UnitTestResult executionId="6e38e75d-c71f-48d5-9f52-54755efde2a6" testId="47219b03-e477-2ce4-e2b2-e738b7e057c5" testName="NeoSharp.Tests.Crypto.NEP2Tests.TestEncryptWithNonDefaultScryptParams" computerName="r3e" duration="00:00:00.0013855" startTime="2025-08-22T09:55:19.5095221+00:00" endTime="2025-08-22T09:55:19.5095221+00:00" testType="13cdc9d9-ddb5-4fa4-a97d-d965ccfc6d4b" outcome="Passed" testListId="8c84fa94-04c1-424b-9868-57a2d4851a1d" relativeResultsDirectory="6e38e75d-c71f-48d5-9f52-54755efde2a6" />
    <UnitTestResult executionId="fa3c22de-1833-4a29-a8c5-b0ac428cf0b0" testId="ee08edbe-4c15-84de-05db-9a33d9ce21b4" testName="NeoSharp.Tests.Types.EnumTypeTests.ContractParameterType_AllValues_ShouldHaveCorrectProperties(paramType: ByteArray, expectedJson: &quot;ByteArray&quot;, expectedByte: 18)" computerName="r3e" duration="00:00:00.0000043" startTime="2025-08-22T09:53:19.5523878+00:00" endTime="2025-08-22T09:53:19.5523879+00:00" testType="13cdc9d9-ddb5-4fa4-a97d-d965ccfc6d4b" outcome="Passed" testListId="8c84fa94-04c1-424b-9868-57a2d4851a1d" relativeResultsDirectory="fa3c22de-1833-4a29-a8c5-b0ac428cf0b0" />
    <UnitTestResult executionId="688c6cc3-6832-4cf1-8ba5-dc7b4a57ed92" testId="b985c272-2592-d0e5-e7ac-1705f30801e5" testName="NeoSharp.Tests.Crypto.ScryptParamsTests.TestDeserialize" computerName="r3e" duration="00:00:00.0041314" startTime="2025-08-22T09:53:19.6086643+00:00" endTime="2025-08-22T09:53:19.6086644+00:00" testType="13cdc9d9-ddb5-4fa4-a97d-d965ccfc6d4b" outcome="Passed" testListId="8c84fa94-04c1-424b-9868-57a2d4851a1d" relativeResultsDirectory="688c6cc3-6832-4cf1-8ba5-dc7b4a57ed92" />
    <UnitTestResult executionId="46b32178-cb90-4015-ae35-15aad7cd3cc8" testId="3a16c4e1-d197-ae08-4046-bd7faac128bf" testName="NeoSharp.Tests.Crypto.SecurityTests.TestSecureMemoryZeroing" computerName="r3e" duration="00:00:00.0029032" startTime="2025-08-22T09:53:31.7139834+00:00" endTime="2025-08-22T09:53:31.7139839+00:00" testType="13cdc9d9-ddb5-4fa4-a97d-d965ccfc6d4b" outcome="Passed" testListId="8c84fa94-04c1-424b-9868-57a2d4851a1d" relativeResultsDirectory="46b32178-cb90-4015-ae35-15aad7cd3cc8" />
    <UnitTestResult executionId="38a3c6d5-5bdc-4e06-91bb-6fc56a182e66" testId="3d1072a3-d564-79e2-b111-feb2d4c2120c" testName="NeoSharp.Tests.Serialization.BinaryWriterTests.WriteNullableBytes_ShouldHandleNullValues" computerName="r3e" duration="00:00:00.0002716" startTime="2025-08-22T09:53:19.5973723+00:00" endTime="2025-08-22T09:53:19.5973723+00:00" testType="13cdc9d9-ddb5-4fa4-a97d-d965ccfc6d4b" outcome="Passed" testListId="8c84fa94-04c1-424b-9868-57a2d4851a1d" relativeResultsDirectory="38a3c6d5-5bdc-4e06-91bb-6fc56a182e66" />
    <UnitTestResult executionId="2dd10754-928d-4844-939b-6564fd7ff624" testId="dff9965e-4957-f7db-013c-ff7112bdb3f5" testName="NeoSharp.Tests.Script.ScriptBuilderTests.PushMapNested_ShouldCreateCorrectNestedMapStructure" computerName="r3e" duration="00:00:00.0009388" startTime="2025-08-22T09:53:19.5934721+00:00" endTime="2025-08-22T09:53:19.5934721+00:00" testType="13cdc9d9-ddb5-4fa4-a97d-d965ccfc6d4b" outcome="Passed" testListId="8c84fa94-04c1-424b-9868-57a2d4851a1d" relativeResultsDirectory="2dd10754-928d-4844-939b-6564fd7ff624" />
    <UnitTestResult executionId="ae4a8ea5-a127-4635-b024-9e756f541017" testId="7750cff9-d7c1-7a64-5bf0-bd8412d9d66c" testName="NeoSharp.Tests.Types.ContractParameterTests.MapToContractParameter_ShouldHandleVariousTypes" computerName="r3e" duration="00:00:00.0006534" startTime="2025-08-22T09:53:19.5457957+00:00" endTime="2025-08-22T09:53:19.5457957+00:00" testType="13cdc9d9-ddb5-4fa4-a97d-d965ccfc6d4b" outcome="Passed" testListId="8c84fa94-04c1-424b-9868-57a2d4851a1d" relativeResultsDirectory="ae4a8ea5-a127-4635-b024-9e756f541017" />
    <UnitTestResult executionId="25eae813-733b-4568-a711-0f6a153a5d77" testId="3f3058b5-29b7-7193-a316-a0a18c9bcf81" testName="NeoSharp.Tests.Types.Hash256Tests.Size_ShouldReturn32" computerName="r3e" duration="00:00:00.0027885" startTime="2025-08-22T09:53:19.6327042+00:00" endTime="2025-08-22T09:53:19.6327043+00:00" testType="13cdc9d9-ddb5-4fa4-a97d-d965ccfc6d4b" outcome="Passed" testListId="8c84fa94-04c1-424b-9868-57a2d4851a1d" relativeResultsDirectory="25eae813-733b-4568-a711-0f6a153a5d77" />
    <UnitTestResult executionId="4974a93e-c1fe-4c7b-91f6-6b312ef179e8" testId="a44c85b8-f35a-b67e-c72e-802a946b2b67" testName="NeoSharp.Tests.Crypto.Bip32ECKeyPairTests.TestVectors2" computerName="r3e" duration="00:00:00.0002692" startTime="2025-08-22T09:53:19.5357905+00:00" endTime="2025-08-22T09:53:19.5357905+00:00" testType="13cdc9d9-ddb5-4fa4-a97d-d965ccfc6d4b" outcome="Passed" testListId="8c84fa94-04c1-424b-9868-57a2d4851a1d" relativeResultsDirectory="4974a93e-c1fe-4c7b-91f6-6b312ef179e8" />
    <UnitTestResult executionId="d7647984-6680-4e60-8903-09685f1a759f" testId="42da5785-dc68-eb06-6258-986f8c7b7a9d" testName="NeoSharp.Tests.Crypto.Base58Tests.TestBase58EncodingForValidStrings" computerName="r3e" duration="00:00:00.0056684" startTime="2025-08-22T09:53:19.5324640+00:00" endTime="2025-08-22T09:53:19.5324640+00:00" testType="13cdc9d9-ddb5-4fa4-a97d-d965ccfc6d4b" outcome="Passed" testListId="8c84fa94-04c1-424b-9868-57a2d4851a1d" relativeResultsDirectory="d7647984-6680-4e60-8903-09685f1a759f" />
    <UnitTestResult executionId="8453b18a-82c8-4589-88bc-6be2d3713559" testId="02b756d5-cbae-c1fe-81a7-b40c49aaf7bf" testName="NeoSharp.Tests.Crypto.NEP2Tests.TestDecryptWithDefaultScryptParams" computerName="r3e" duration="00:00:03.9525971" startTime="2025-08-22T09:55:11.7629421+00:00" endTime="2025-08-22T09:55:11.7629421+00:00" testType="13cdc9d9-ddb5-4fa4-a97d-d965ccfc6d4b" outcome="Passed" testListId="8c84fa94-04c1-424b-9868-57a2d4851a1d" relativeResultsDirectory="8453b18a-82c8-4589-88bc-6be2d3713559" />
    <UnitTestResult executionId="3f83c4a9-f152-4f20-a290-fcec0ce7dafb" testId="17439590-e91f-3aab-b409-463c285438fd" testName="NeoSharp.Tests.Crypto.SecurityTests.TestDeterministicSignatures" computerName="r3e" duration="00:00:00.0052761" startTime="2025-08-22T09:53:31.7457858+00:00" endTime="2025-08-22T09:53:31.7457858+00:00" testType="13cdc9d9-ddb5-4fa4-a97d-d965ccfc6d4b" outcome="Passed" testListId="8c84fa94-04c1-424b-9868-57a2d4851a1d" relativeResultsDirectory="3f83c4a9-f152-4f20-a290-fcec0ce7dafb" />
    <UnitTestResult executionId="64b0a1ac-e979-46b6-aa15-b0bd121cfa73" testId="37b43959-e293-89a7-a436-5db3f7c6bca6" testName="NeoSharp.Tests.Crypto.Bip32ECKeyPairTests.TestVectors3" computerName="r3e" duration="00:00:00.0001749" startTime="2025-08-22T09:53:19.5335097+00:00" endTime="2025-08-22T09:53:19.5335098+00:00" testType="13cdc9d9-ddb5-4fa4-a97d-d965ccfc6d4b" outcome="Passed" testListId="8c84fa94-04c1-424b-9868-57a2d4851a1d" relativeResultsDirectory="64b0a1ac-e979-46b6-aa15-b0bd121cfa73" />
    <UnitTestResult executionId="9457f67f-7669-4a36-a614-005d545f30ac" testId="5b2a61b5-a877-35e2-ce62-96593f9e2cb3" testName="NeoSharp.Tests.Types.EnumTypeTests.ContractParameterType_AllValues_ShouldHaveCorrectProperties(paramType: Hash256, expectedJson: &quot;Hash256&quot;, expectedByte: 21)" computerName="r3e" duration="00:00:00.0000050" startTime="2025-08-22T09:53:19.5527360+00:00" endTime="2025-08-22T09:53:19.5527361+00:00" testType="13cdc9d9-ddb5-4fa4-a97d-d965ccfc6d4b" outcome="Passed" testListId="8c84fa94-04c1-424b-9868-57a2d4851a1d" relativeResultsDirectory="9457f67f-7669-4a36-a614-005d545f30ac" />
    <UnitTestResult executionId="9012639a-9733-4f7d-bf43-d7a7cd69adfe" testId="736e58a5-e61f-d16f-a200-62c2b0320ab8" testName="NeoSharp.Tests.Serialization.BinaryReaderTests.ReadBoolean_ShouldReadBooleaneanValues" computerName="r3e" duration="00:00:00.0003148" startTime="2025-08-22T09:53:20.1519079+00:00" endTime="2025-08-22T09:53:20.1519081+00:00" testType="13cdc9d9-ddb5-4fa4-a97d-d965ccfc6d4b" outcome="Passed" testListId="8c84fa94-04c1-424b-9868-57a2d4851a1d" relativeResultsDirectory="9012639a-9733-4f7d-bf43-d7a7cd69adfe" />
    <UnitTestResult executionId="c34bff32-7247-4cc0-a19b-16b0712eb621" testId="b48c632d-b893-92fa-f886-b99be87992cb" testName="NeoSharp.Tests.Crypto.Base58Tests.TestBase58DecodingKnownValues(base58Input: &quot;aPEr&quot;, expectedHex: &quot;636363&quot;)" computerName="r3e" duration="00:00:00.0000062" startTime="2025-08-22T09:53:19.5068201+00:00" endTime="2025-08-22T09:53:19.5068201+00:00" testType="13cdc9d9-ddb5-4fa4-a97d-d965ccfc6d4b" outcome="Passed" testListId="8c84fa94-04c1-424b-9868-57a2d4851a1d" relativeResultsDirectory="c34bff32-7247-4cc0-a19b-16b0712eb621" />
    <UnitTestResult executionId="fcc40345-6376-4d73-8fa3-1d11165f8971" testId="132ccf43-7ae7-adb9-92a9-df519faee0a1" testName="NeoSharp.Tests.Crypto.SecurityTests.TestTimingAttackResistance" computerName="r3e" duration="00:00:00.0014480" startTime="2025-08-22T09:53:31.7260232+00:00" endTime="2025-08-22T09:53:31.7260232+00:00" testType="13cdc9d9-ddb5-4fa4-a97d-d965ccfc6d4b" outcome="Passed" testListId="8c84fa94-04c1-424b-9868-57a2d4851a1d" relativeResultsDirectory="fcc40345-6376-4d73-8fa3-1d11165f8971" />
    <UnitTestResult executionId="1256a4fa-c275-4952-8d81-f81ae40a53bf" testId="04c472f2-f8b9-2afb-de0f-fb57b66e6f05" testName="NeoSharp.Tests.Crypto.SignTests.TestSignVariousMessages(message: &quot;This is a longer message that tests the signing al&quot;···)" computerName="r3e" duration="00:00:00.0215636" startTime="2025-08-22T09:53:19.6616493+00:00" endTime="2025-08-22T09:53:19.6616493+00:00" testType="13cdc9d9-ddb5-4fa4-a97d-d965ccfc6d4b" outcome="Passed" testListId="8c84fa94-04c1-424b-9868-57a2d4851a1d" relativeResultsDirectory="1256a4fa-c275-4952-8d81-f81ae40a53bf" />
    <UnitTestResult executionId="9c03035a-a3fa-4d5b-afce-f3c2d4cd9e79" testId="498133df-5339-0fec-7f10-6cd5a987c16c" testName="NeoSharp.Tests.Types.EnumTypeTests.ContractParameterType_FromJsonValue_WithValidValues_ShouldSucceed(jsonValue: &quot;Array&quot;)" computerName="r3e" duration="00:00:00.0000056" startTime="2025-08-22T09:53:19.5819840+00:00" endTime="2025-08-22T09:53:19.5819840+00:00" testType="13cdc9d9-ddb5-4fa4-a97d-d965ccfc6d4b" outcome="Passed" testListId="8c84fa94-04c1-424b-9868-57a2d4851a1d" relativeResultsDirectory="9c03035a-a3fa-4d5b-afce-f3c2d4cd9e79" />
    <UnitTestResult executionId="eb19f005-cb7b-415c-b81e-572bc58b0b9e" testId="647ae2db-69ed-a458-f9b2-e1ff03e6988f" testName="NeoSharp.Tests.Serialization.BinaryReaderTests.ReadVarString_ShouldReadVariableString" computerName="r3e" duration="00:00:00.0011666" startTime="2025-08-22T09:53:20.1501958+00:00" endTime="2025-08-22T09:53:20.1501960+00:00" testType="13cdc9d9-ddb5-4fa4-a97d-d965ccfc6d4b" outcome="Passed" testListId="8c84fa94-04c1-424b-9868-57a2d4851a1d" relativeResultsDirectory="eb19f005-cb7b-415c-b81e-572bc58b0b9e" />
    <UnitTestResult executionId="d0619bc2-c145-4d0b-a15d-aefa787f5f8c" testId="89d95cf3-c50b-5860-b057-4a39d76baba8" testName="NeoSharp.Tests.Types.ContractParameterTests.Equals_ShouldWorkCorrectly" computerName="r3e" duration="00:00:00.0013008" startTime="2025-08-22T09:53:19.5464622+00:00" endTime="2025-08-22T09:53:19.5464622+00:00" testType="13cdc9d9-ddb5-4fa4-a97d-d965ccfc6d4b" outcome="Passed" testListId="8c84fa94-04c1-424b-9868-57a2d4851a1d" relativeResultsDirectory="d0619bc2-c145-4d0b-a15d-aefa787f5f8c" />
    <UnitTestResult executionId="b2b238c2-0578-42f3-893d-e0ea3d8a5ff2" testId="91cbf24d-f0bf-6c41-1756-f4dc69567fe4" testName="NeoSharp.Tests.Contract.SmartContractTests.InvokeFunction_WithNullParameters_ShouldWork" computerName="r3e" duration="00:00:00.0014250" startTime="2025-08-22T09:53:19.6632838+00:00" endTime="2025-08-22T09:53:19.6632839+00:00" testType="13cdc9d9-ddb5-4fa4-a97d-d965ccfc6d4b" outcome="Passed" testListId="8c84fa94-04c1-424b-9868-57a2d4851a1d" relativeResultsDirectory="b2b238c2-0578-42f3-893d-e0ea3d8a5ff2" />
    <UnitTestResult executionId="bc7adaa1-5e20-4f26-b5a6-5c17c12bfcb8" testId="ca4fe77c-4e86-9f45-1b70-049fdc1c1239" testName="NeoSharp.Tests.Crypto.Base58Tests.TestBase58EncodingKnownValues(hexInput: &quot;00000000000000000000&quot;, expectedBase58: &quot;1111111111&quot;)" computerName="r3e" duration="00:00:00.0000174" startTime="2025-08-22T09:53:19.5111850+00:00" endTime="2025-08-22T09:53:19.5111851+00:00" testType="13cdc9d9-ddb5-4fa4-a97d-d965ccfc6d4b" outcome="Passed" testListId="8c84fa94-04c1-424b-9868-57a2d4851a1d" relativeResultsDirectory="bc7adaa1-5e20-4f26-b5a6-5c17c12bfcb8" />
    <UnitTestResult executionId="b2b42524-6b88-4977-8252-1062f6805e1e" testId="f0cdfe8d-ed22-e606-4448-12aa4bd1069a" testName="NeoSharp.Tests.Crypto.Base64Tests.Base64Encode_WithEmptyInput_ShouldReturnEmptyString" computerName="r3e" duration="00:00:00.0001020" startTime="2025-08-22T09:53:19.5102380+00:00" endTime="2025-08-22T09:53:19.5102381+00:00" testType="13cdc9d9-ddb5-4fa4-a97d-d965ccfc6d4b" outcome="Passed" testListId="8c84fa94-04c1-424b-9868-57a2d4851a1d" relativeResultsDirectory="b2b42524-6b88-4977-8252-1062f6805e1e" />
    <UnitTestResult executionId="5819f34d-fd5f-4a3a-9954-37433cff2b27" testId="58ff235e-a3c2-8d16-8f18-a5f78f51d8db" testName="NeoSharp.Tests.Crypto.ScryptParamsTests.TestScryptParamsIncompleteJson" computerName="r3e" duration="00:00:00.0016678" startTime="2025-08-22T09:53:19.5937680+00:00" endTime="2025-08-22T09:53:19.5937680+00:00" testType="13cdc9d9-ddb5-4fa4-a97d-d965ccfc6d4b" outcome="Passed" testListId="8c84fa94-04c1-424b-9868-57a2d4851a1d" relativeResultsDirectory="5819f34d-fd5f-4a3a-9954-37433cff2b27" />
    <UnitTestResult executionId="d1d85ada-56be-4090-981f-09a0350e56d3" testId="f8cbfdd2-aca9-9e27-c8fd-251f064fdfce" testName="NeoSharp.Tests.Crypto.SignTests.TestSignVariousMessages(message: &quot;\ud83d\ude80 Unicode message with emojis \ud83d\udd10&quot;)" computerName="r3e" duration="00:00:00.0235426" startTime="2025-08-22T09:53:19.6590332+00:00" endTime="2025-08-22T09:53:19.6590332+00:00" testType="13cdc9d9-ddb5-4fa4-a97d-d965ccfc6d4b" outcome="Passed" testListId="8c84fa94-04c1-424b-9868-57a2d4851a1d" relativeResultsDirectory="d1d85ada-56be-4090-981f-09a0350e56d3" />
    <UnitTestResult executionId="bdea10c9-86f8-462c-b4c3-17a25672475c" testId="bb02b94f-37a8-19ca-090b-2dc88817d8ad" testName="NeoSharp.Tests.Crypto.Base58Tests.TestBase58EncodingKnownValues(hexInput: &quot;ecac89cad93923c02321&quot;, expectedBase58: &quot;EJDM8drfXA6uyA&quot;)" computerName="r3e" duration="00:00:00.0000104" startTime="2025-08-22T09:53:19.5156867+00:00" endTime="2025-08-22T09:53:19.5156868+00:00" testType="13cdc9d9-ddb5-4fa4-a97d-d965ccfc6d4b" outcome="Passed" testListId="8c84fa94-04c1-424b-9868-57a2d4851a1d" relativeResultsDirectory="bdea10c9-86f8-462c-b4c3-17a25672475c" />
    <UnitTestResult executionId="beb9782c-0bf3-4dc0-b801-aa87165bad89" testId="0631d2fe-14c3-645d-b7f2-ea6ec366fdbe" testName="NeoSharp.Tests.Serialization.BinaryWriterTests.Reset_ShouldClearBuffer" computerName="r3e" duration="00:00:00.0014693" startTime="2025-08-22T09:53:19.6128030+00:00" endTime="2025-08-22T09:53:19.6128030+00:00" testType="13cdc9d9-ddb5-4fa4-a97d-d965ccfc6d4b" outcome="Passed" testListId="8c84fa94-04c1-424b-9868-57a2d4851a1d" relativeResultsDirectory="beb9782c-0bf3-4dc0-b801-aa87165bad89" />
    <UnitTestResult executionId="f1f74886-9d10-47d3-8c5c-eb6ae0044d53" testId="7b266048-0978-0a8c-a97a-95543f8ed20d" testName="NeoSharp.Tests.Types.ContractParameterTests.Hash160_ShouldCreateHash160Parameter" computerName="r3e" duration="00:00:00.0003746" startTime="2025-08-22T09:53:19.5317719+00:00" endTime="2025-08-22T09:53:19.5317720+00:00" testType="13cdc9d9-ddb5-4fa4-a97d-d965ccfc6d4b" outcome="Passed" testListId="8c84fa94-04c1-424b-9868-57a2d4851a1d" relativeResultsDirectory="f1f74886-9d10-47d3-8c5c-eb6ae0044d53" />
    <UnitTestResult executionId="ddf6a145-ce97-49a1-a6d8-08d522dd77af" testId="d09a547b-4f67-e1d1-0bc4-62a721e6d668" testName="NeoSharp.Tests.Crypto.SecurityTests.TestWIFImportSecurely" computerName="r3e" duration="00:00:00.0006432" startTime="2025-08-22T09:53:41.6356667+00:00" endTime="2025-08-22T09:53:41.6356667+00:00" testType="13cdc9d9-ddb5-4fa4-a97d-d965ccfc6d4b" outcome="Passed" testListId="8c84fa94-04c1-424b-9868-57a2d4851a1d" relativeResultsDirectory="ddf6a145-ce97-49a1-a6d8-08d522dd77af" />
    <UnitTestResult executionId="ba0c1568-d1de-4f12-b7f3-ccd08731f2f0" testId="5a36d705-aa38-507a-4b32-976bc129677f" testName="NeoSharp.Tests.Types.ContractParameterTests.ToJson_Integer_ShouldSerializeCorrectly" computerName="r3e" duration="00:00:00.0143447" startTime="2025-08-22T09:53:19.4739575+00:00" endTime="2025-08-22T09:53:19.4739576+00:00" testType="13cdc9d9-ddb5-4fa4-a97d-d965ccfc6d4b" outcome="Passed" testListId="8c84fa94-04c1-424b-9868-57a2d4851a1d" relativeResultsDirectory="ba0c1568-d1de-4f12-b7f3-ccd08731f2f0" />
    <UnitTestResult executionId="82d93255-fec2-4f24-91b1-05b804f98142" testId="ea24ca3c-4e72-8267-eca6-49c11c381c9b" testName="NeoSharp.Tests.Script.ScriptBuilderTests.VerificationScriptFromPublicKey_ShouldCreateCorrectScript" computerName="r3e" duration="00:00:00.0007961" startTime="2025-08-22T09:53:19.6262407+00:00" endTime="2025-08-22T09:53:19.6262408+00:00" testType="13cdc9d9-ddb5-4fa4-a97d-d965ccfc6d4b" outcome="Passed" testListId="8c84fa94-04c1-424b-9868-57a2d4851a1d" relativeResultsDirectory="82d93255-fec2-4f24-91b1-05b804f98142" />
    <UnitTestResult executionId="47a1c7a1-0732-4671-9f68-a1b8b1c4b943" testId="3458ea21-a5c4-8720-c598-ec4aa2be7d08" testName="NeoSharp.Tests.Crypto.Base58Tests.TestBase58CheckDecodingWithInvalidChecksum" computerName="r3e" duration="00:00:00.0007827" startTime="2025-08-22T09:53:19.5405164+00:00" endTime="2025-08-22T09:53:19.5405164+00:00" testType="13cdc9d9-ddb5-4fa4-a97d-d965ccfc6d4b" outcome="Passed" testListId="8c84fa94-04c1-424b-9868-57a2d4851a1d" relativeResultsDirectory="47a1c7a1-0732-4671-9f68-a1b8b1c4b943" />
    <UnitTestResult executionId="2778a2f9-0c06-4974-8ba1-54cbd295154b" testId="dd543aac-b9bf-de04-f5f2-6dbf4dce32d7" testName="NeoSharp.Tests.Crypto.SignTests.TestSignatureDataEquality" computerName="r3e" duration="00:00:00.0022716" startTime="2025-08-22T09:53:19.6823860+00:00" endTime="2025-08-22T09:53:19.6823860+00:00" testType="13cdc9d9-ddb5-4fa4-a97d-d965ccfc6d4b" outcome="Passed" testListId="8c84fa94-04c1-424b-9868-57a2d4851a1d" relativeResultsDirectory="2778a2f9-0c06-4974-8ba1-54cbd295154b" />
    <UnitTestResult executionId="a17de00d-3b4d-4798-9355-1c1c52476bc0" testId="4867ef49-9b69-7d61-fb16-c1d4ddc1384b" testName="NeoSharp.Tests.Serialization.BinaryWriterTests.WriteBytes_ShouldWriteByteArray" computerName="r3e" duration="00:00:00.0002217" startTime="2025-08-22T09:53:19.6096173+00:00" endTime="2025-08-22T09:53:19.6096173+00:00" testType="13cdc9d9-ddb5-4fa4-a97d-d965ccfc6d4b" outcome="Passed" testListId="8c84fa94-04c1-424b-9868-57a2d4851a1d" relativeResultsDirectory="a17de00d-3b4d-4798-9355-1c1c52476bc0" />
    <UnitTestResult executionId="dda52176-c6a0-46c9-9b07-e6f5c74f3ddd" testId="fe050ba5-2379-58fd-0cae-82b0659a2b6d" testName="NeoSharp.Tests.Crypto.SignTests.TestVerifySignature" computerName="r3e" duration="00:00:00.0219187" startTime="2025-08-22T09:53:19.8131660+00:00" endTime="2025-08-22T09:53:19.8131661+00:00" testType="13cdc9d9-ddb5-4fa4-a97d-d965ccfc6d4b" outcome="Passed" testListId="8c84fa94-04c1-424b-9868-57a2d4851a1d" relativeResultsDirectory="dda52176-c6a0-46c9-9b07-e6f5c74f3ddd" />
    <UnitTestResult executionId="9d36e5db-92ab-4ad6-83a2-e977ea79cfee" testId="5275f261-f731-19c7-4b6e-434e6bc2d08d" testName="NeoSharp.Tests.Serialization.BinaryReaderTests.ReadPushDataBytes_ShouldReadCorrectlyBasedOnPrefix" computerName="r3e" duration="00:00:00.6612657" startTime="2025-08-22T09:53:20.1412035+00:00" endTime="2025-08-22T09:53:20.1412037+00:00" testType="13cdc9d9-ddb5-4fa4-a97d-d965ccfc6d4b" outcome="Passed" testListId="8c84fa94-04c1-424b-9868-57a2d4851a1d" relativeResultsDirectory="9d36e5db-92ab-4ad6-83a2-e977ea79cfee" />
    <UnitTestResult executionId="c74db8c9-886f-49bf-90f1-8fc2951a2e62" testId="76bfe392-7fcd-a802-9e94-5d9cc9e08f66" testName="NeoSharp.Tests.Crypto.Base64Tests.Base64RoundTrip_ShouldPreserveData(expectedBase64: &quot;QmxvY2tjaGFpbg==&quot;, originalText: &quot;Blockchain&quot;)" computerName="r3e" duration="00:00:00.0000073" startTime="2025-08-22T09:53:19.4959349+00:00" endTime="2025-08-22T09:53:19.4959350+00:00" testType="13cdc9d9-ddb5-4fa4-a97d-d965ccfc6d4b" outcome="Passed" testListId="8c84fa94-04c1-424b-9868-57a2d4851a1d" relativeResultsDirectory="c74db8c9-886f-49bf-90f1-8fc2951a2e62" />
    <UnitTestResult executionId="cadfdacb-7206-4819-89ad-9f5994a2b18d" testId="bf7d9fb7-e62a-8966-f152-a6c666e37bf0" testName="NeoSharp.Tests.Crypto.ECKeyPairTests.KeyPairFromPrivateKey_ShouldGenerateCorrectPublicKey" computerName="r3e" duration="00:00:00.0034260" startTime="2025-08-22T09:53:19.6555642+00:00" endTime="2025-08-22T09:53:19.6555643+00:00" testType="13cdc9d9-ddb5-4fa4-a97d-d965ccfc6d4b" outcome="Passed" testListId="8c84fa94-04c1-424b-9868-57a2d4851a1d" relativeResultsDirectory="cadfdacb-7206-4819-89ad-9f5994a2b18d" />
    <UnitTestResult executionId="38a5306c-c6c4-4345-aa18-841d51c047b3" testId="dcb9e996-abcc-94c1-715a-a881c7c87d00" testName="NeoSharp.Tests.Types.EnumTypeTests.ContractParameterType_Collections_ShouldBeDetected" computerName="r3e" duration="00:00:00.0002771" startTime="2025-08-22T09:53:19.5673271+00:00" endTime="2025-08-22T09:53:19.5673272+00:00" testType="13cdc9d9-ddb5-4fa4-a97d-d965ccfc6d4b" outcome="Passed" testListId="8c84fa94-04c1-424b-9868-57a2d4851a1d" relativeResultsDirectory="38a5306c-c6c4-4345-aa18-841d51c047b3" />
    <UnitTestResult executionId="4277d233-6cb8-407f-bdf6-d55b2fed2ad7" testId="fb9c5acf-a0a4-9474-e2d6-b90acdb6038f" testName="NeoSharp.Tests.Contract.SmartContractTests.Constructor_ShouldSetScriptHashCorrectly" computerName="r3e" duration="00:00:00.0026038" startTime="2025-08-22T09:53:19.6906319+00:00" endTime="2025-08-22T09:53:19.6906320+00:00" testType="13cdc9d9-ddb5-4fa4-a97d-d965ccfc6d4b" outcome="Passed" testListId="8c84fa94-04c1-424b-9868-57a2d4851a1d" relativeResultsDirectory="4277d233-6cb8-407f-bdf6-d55b2fed2ad7" />
    <UnitTestResult executionId="36d10238-d2f9-4713-b605-08b5f63ac8c8" testId="8d7a3cb7-0721-5fbc-8b4a-ca2018c37dfd" testName="NeoSharp.Tests.Crypto.NEP2Tests.TestEncryptWithDefaultScryptParams" computerName="r3e" duration="00:00:07.5798367" startTime="2025-08-22T09:55:27.0894375+00:00" endTime="2025-08-22T09:55:27.0894376+00:00" testType="13cdc9d9-ddb5-4fa4-a97d-d965ccfc6d4b" outcome="Passed" testListId="8c84fa94-04c1-424b-9868-57a2d4851a1d" relativeResultsDirectory="36d10238-d2f9-4713-b605-08b5f63ac8c8" />
    <UnitTestResult executionId="f3c7afdc-63a9-4aef-8caf-e3369e59fbd8" testId="45d2fbdd-356c-c68c-8b8d-eb409c7fbdd5" testName="NeoSharp.Tests.Wallet.AccountTests.GetAddress_ShouldReturnCorrectAddress" computerName="r3e" duration="00:00:00.0610666" startTime="2025-08-22T09:53:19.6429263+00:00" endTime="2025-08-22T09:53:19.6429263+00:00" testType="13cdc9d9-ddb5-4fa4-a97d-d965ccfc6d4b" outcome="Passed" testListId="8c84fa94-04c1-424b-9868-57a2d4851a1d" relativeResultsDirectory="f3c7afdc-63a9-4aef-8caf-e3369e59fbd8" />
    <UnitTestResult executionId="97dcbdd5-7680-4173-b43f-0910cacd21c1" testId="1152df18-e346-ddeb-56d2-4baba47f379b" testName="NeoSharp.Tests.Crypto.SecurityTests.TestSecureECKeyPair" computerName="r3e" duration="00:00:00.0030466" startTime="2025-08-22T09:53:31.7292065+00:00" endTime="2025-08-22T09:53:31.7292066+00:00" testType="13cdc9d9-ddb5-4fa4-a97d-d965ccfc6d4b" outcome="Passed" testListId="8c84fa94-04c1-424b-9868-57a2d4851a1d" relativeResultsDirectory="97dcbdd5-7680-4173-b43f-0910cacd21c1" />
    <UnitTestResult executionId="a09f85d0-95f4-4477-996a-8c18724b680b" testId="745556e0-6207-6405-cb05-73e41479d01b" testName="NeoSharp.Tests.Crypto.SignTests.TestPublicKeyFromSignedMessage" computerName="r3e" duration="00:00:00.0160212" startTime="2025-08-22T09:53:19.7348089+00:00" endTime="2025-08-22T09:53:19.7348090+00:00" testType="13cdc9d9-ddb5-4fa4-a97d-d965ccfc6d4b" outcome="Passed" testListId="8c84fa94-04c1-424b-9868-57a2d4851a1d" relativeResultsDirectory="a09f85d0-95f4-4477-996a-8c18724b680b" />
    <UnitTestResult executionId="d923dde2-8942-4c9e-9436-d26b7c1a849d" testId="af020ac1-365f-b7eb-a431-ac7da1a55d0e" testName="NeoSharp.Tests.Serialization.BinaryWriterTests.WriteVarInt_ShouldEncodeCorrectly" computerName="r3e" duration="00:00:00.0014078" startTime="2025-08-22T09:53:19.5821823+00:00" endTime="2025-08-22T09:53:19.5821824+00:00" testType="13cdc9d9-ddb5-4fa4-a97d-d965ccfc6d4b" outcome="Passed" testListId="8c84fa94-04c1-424b-9868-57a2d4851a1d" relativeResultsDirectory="d923dde2-8942-4c9e-9436-d26b7c1a849d" />
    <UnitTestResult executionId="56378418-e711-43c5-85ac-350a508fe6c0" testId="954601e0-f9ec-a2d9-0256-f03b3529ae84" testName="NeoSharp.Tests.Types.Hash256Tests.Parse_WithValidHexString_ShouldCreateHash" computerName="r3e" duration="00:00:00.0004371" startTime="2025-08-22T09:53:19.5099055+00:00" endTime="2025-08-22T09:53:19.5099056+00:00" testType="13cdc9d9-ddb5-4fa4-a97d-d965ccfc6d4b" outcome="Passed" testListId="8c84fa94-04c1-424b-9868-57a2d4851a1d" relativeResultsDirectory="56378418-e711-43c5-85ac-350a508fe6c0" />
    <UnitTestResult executionId="5b5df949-5450-43ae-b5dc-554c4283ea59" testId="969475b1-614e-3792-edcc-ede55f705bde" testName="NeoSharp.Tests.Crypto.Base58Tests.TestBase58DecodingKnownValues(base58Input: &quot;2g&quot;, expectedHex: &quot;61&quot;)" computerName="r3e" duration="00:00:00.0000053" startTime="2025-08-22T09:53:19.5069921+00:00" endTime="2025-08-22T09:53:19.5069921+00:00" testType="13cdc9d9-ddb5-4fa4-a97d-d965ccfc6d4b" outcome="Passed" testListId="8c84fa94-04c1-424b-9868-57a2d4851a1d" relativeResultsDirectory="5b5df949-5450-43ae-b5dc-554c4283ea59" />
    <UnitTestResult executionId="ac6d706b-309b-4823-8332-51c04e84327a" testId="1289e3dd-43be-584e-b51e-23570abe3f5d" testName="NeoSharp.Tests.Types.Hash160Tests.ToAddress_ShouldReturnCorrectAddress" computerName="r3e" duration="00:00:00.0002201" startTime="2025-08-22T09:53:19.6520837+00:00" endTime="2025-08-22T09:53:19.6520838+00:00" testType="13cdc9d9-ddb5-4fa4-a97d-d965ccfc6d4b" outcome="Passed" testListId="8c84fa94-04c1-424b-9868-57a2d4851a1d" relativeResultsDirectory="ac6d706b-309b-4823-8332-51c04e84327a" />
    <UnitTestResult executionId="3032c3fb-3d17-4db4-9d1c-623043689e10" testId="90cdd93f-96cb-b0e4-bdfb-41af2a417f44" testName="NeoSharp.Tests.Crypto.Base58Tests.TestBase58RoundTrip" computerName="r3e" duration="00:00:00.0005137" startTime="2025-08-22T09:53:19.5676527+00:00" endTime="2025-08-22T09:53:19.5676527+00:00" testType="13cdc9d9-ddb5-4fa4-a97d-d965ccfc6d4b" outcome="Passed" testListId="8c84fa94-04c1-424b-9868-57a2d4851a1d" relativeResultsDirectory="3032c3fb-3d17-4db4-9d1c-623043689e10" />
    <UnitTestResult executionId="d7461a13-fd08-4445-9edb-c8b9aa2a6636" testId="56fd0b33-b60a-b29a-95b2-a281082a22a7" testName="NeoSharp.Tests.Crypto.Bip32ECKeyPairTests.TestMasterKeyGeneration(seedHex: &quot;000102030405060708090a0b0c0d0e0f&quot;, path: [])" computerName="r3e" duration="00:00:00.0004748" startTime="2025-08-22T09:53:19.5239199+00:00" endTime="2025-08-22T09:53:19.5239200+00:00" testType="13cdc9d9-ddb5-4fa4-a97d-d965ccfc6d4b" outcome="Passed" testListId="8c84fa94-04c1-424b-9868-57a2d4851a1d" relativeResultsDirectory="d7461a13-fd08-4445-9edb-c8b9aa2a6636" />
    <UnitTestResult executionId="0b14318c-07b0-4d9f-9970-9adfe71ba860" testId="e20dd4bc-1076-9b08-911a-53745c946843" testName="NeoSharp.Tests.Crypto.ECKeyPairTests.PublicKeyEquality_ShouldWorkCorrectly" computerName="r3e" duration="00:00:00.0002895" startTime="2025-08-22T09:53:19.6998683+00:00" endTime="2025-08-22T09:53:19.6998684+00:00" testType="13cdc9d9-ddb5-4fa4-a97d-d965ccfc6d4b" outcome="Passed" testListId="8c84fa94-04c1-424b-9868-57a2d4851a1d" relativeResultsDirectory="0b14318c-07b0-4d9f-9970-9adfe71ba860" />
    <UnitTestResult executionId="c176f8c4-cea5-4f1a-a98e-e2cb6dcee846" testId="acd4bcec-3088-d922-c81d-7c878116fd96" testName="NeoSharp.Tests.Contract.SmartContractTests.InvokeFunction_WithNullMethod_ShouldThrowArgumentNullException" computerName="r3e" duration="00:00:00.0035424" startTime="2025-08-22T09:53:19.6750261+00:00" endTime="2025-08-22T09:53:19.6750262+00:00" testType="13cdc9d9-ddb5-4fa4-a97d-d965ccfc6d4b" outcome="Passed" testListId="8c84fa94-04c1-424b-9868-57a2d4851a1d" relativeResultsDirectory="c176f8c4-cea5-4f1a-a98e-e2cb6dcee846" />
    <UnitTestResult executionId="e956539f-5a64-4ed2-9da9-ae7f8a26bab7" testId="3d239bfe-c698-b684-dbea-c3fa7475cac3" testName="NeoSharp.Tests.Crypto.WIFTests.IsValidWIF_WithInvalidWIF_ShouldReturnFalse(invalidWif: &quot;L25kgAQJXNHnhc7Sx9bomxxwVSMsZdkaNQ3m2VfHrnLzKWMLP1&quot;···)" computerName="r3e" duration="00:00:00.0000671" startTime="2025-08-22T09:53:19.6306494+00:00" endTime="2025-08-22T09:53:19.6306494+00:00" testType="13cdc9d9-ddb5-4fa4-a97d-d965ccfc6d4b" outcome="Passed" testListId="8c84fa94-04c1-424b-9868-57a2d4851a1d" relativeResultsDirectory="e956539f-5a64-4ed2-9da9-ae7f8a26bab7" />
    <UnitTestResult executionId="28708455-0646-4bca-bedb-6413983db040" testId="8c07b406-fe7d-69af-02cd-d9ef9d9292a2" testName="NeoSharp.Tests.Types.Hash160Tests.Constructor_WithInvalidLength_ShouldThrowException" computerName="r3e" duration="00:00:00.0003259" startTime="2025-08-22T09:53:19.6409178+00:00" endTime="2025-08-22T09:53:19.6409178+00:00" testType="13cdc9d9-ddb5-4fa4-a97d-d965ccfc6d4b" outcome="Passed" testListId="8c84fa94-04c1-424b-9868-57a2d4851a1d" relativeResultsDirectory="28708455-0646-4bca-bedb-6413983db040" />
    <UnitTestResult executionId="c13d1f30-6552-404e-8f69-eeaab75522c4" testId="a7471f80-cbf9-8a3c-4135-e8764bf5beac" testName="NeoSharp.Tests.Serialization.BinaryReaderTests.ReadByte_ShouldReadSingleByte" computerName="r3e" duration="00:00:00.0002113" startTime="2025-08-22T09:53:20.1526591+00:00" endTime="2025-08-22T09:53:20.1526592+00:00" testType="13cdc9d9-ddb5-4fa4-a97d-d965ccfc6d4b" outcome="Passed" testListId="8c84fa94-04c1-424b-9868-57a2d4851a1d" relativeResultsDirectory="c13d1f30-6552-404e-8f69-eeaab75522c4" />
    <UnitTestResult executionId="b02d556f-d764-4ca5-a62f-cdeb986b445f" testId="e39a4c61-b8fe-475f-ae8e-0405980a31e1" testName="NeoSharp.Tests.Serialization.BinaryWriterTests.Dispose_ShouldNotThrowException" computerName="r3e" duration="00:00:00.0004302" startTime="2025-08-22T09:53:19.6156376+00:00" endTime="2025-08-22T09:53:19.6156377+00:00" testType="13cdc9d9-ddb5-4fa4-a97d-d965ccfc6d4b" outcome="Passed" testListId="8c84fa94-04c1-424b-9868-57a2d4851a1d" relativeResultsDirectory="b02d556f-d764-4ca5-a62f-cdeb986b445f" />
    <UnitTestResult executionId="f6e6fee5-ac33-4d97-bf07-828d4b0d0391" testId="3531bb1c-4b27-a459-4c43-0cfe3ff11658" testName="NeoSharp.Tests.Crypto.ScryptParamsTests.TestScryptParamsRoundTrip(n: 4096, r: 4, p: 4)" computerName="r3e" duration="00:00:00.0000405" startTime="2025-08-22T09:53:19.5670228+00:00" endTime="2025-08-22T09:53:19.5670228+00:00" testType="13cdc9d9-ddb5-4fa4-a97d-d965ccfc6d4b" outcome="Passed" testListId="8c84fa94-04c1-424b-9868-57a2d4851a1d" relativeResultsDirectory="f6e6fee5-ac33-4d97-bf07-828d4b0d0391" />
    <UnitTestResult executionId="cc8187fd-2aa2-41b0-99db-584cedb282d9" testId="7d2410b8-3c58-b582-417b-c169fd10082a" testName="NeoSharp.Tests.Serialization.BinaryReaderTests.ReadVarBytes_ShouldReadVariableBytes" computerName="r3e" duration="00:00:00.0006211" startTime="2025-08-22T09:53:20.1447709+00:00" endTime="2025-08-22T09:53:20.1447711+00:00" testType="13cdc9d9-ddb5-4fa4-a97d-d965ccfc6d4b" outcome="Passed" testListId="8c84fa94-04c1-424b-9868-57a2d4851a1d" relativeResultsDirectory="cc8187fd-2aa2-41b0-99db-584cedb282d9" />
    <UnitTestResult executionId="93c638b0-e9e2-491e-abc6-a21ca4396827" testId="b2140eb5-1158-292e-b391-05603b283241" testName="NeoSharp.Tests.Types.EnumTypeTests.ContractParameterType_AllValues_ShouldHaveCorrectProperties(paramType: Hash160, expectedJson: &quot;Hash160&quot;, expectedByte: 20)" computerName="r3e" duration="00:00:00.0000050" startTime="2025-08-22T09:53:19.5512029+00:00" endTime="2025-08-22T09:53:19.5512029+00:00" testType="13cdc9d9-ddb5-4fa4-a97d-d965ccfc6d4b" outcome="Passed" testListId="8c84fa94-04c1-424b-9868-57a2d4851a1d" relativeResultsDirectory="93c638b0-e9e2-491e-abc6-a21ca4396827" />
    <UnitTestResult executionId="364cf94b-71d3-4cc4-9b82-0b9a60dcf18a" testId="7a5cf7da-061e-50b8-db52-35905e76bf20" testName="NeoSharp.Tests.Wallet.AccountTests.SignData_ShouldCreateValidSignature" computerName="r3e" duration="00:00:00.0008970" startTime="2025-08-22T09:53:45.5886763+00:00" endTime="2025-08-22T09:53:45.5886763+00:00" testType="13cdc9d9-ddb5-4fa4-a97d-d965ccfc6d4b" outcome="Passed" testListId="8c84fa94-04c1-424b-9868-57a2d4851a1d" relativeResultsDirectory="364cf94b-71d3-4cc4-9b82-0b9a60dcf18a" />
    <UnitTestResult executionId="5cec96d3-b1aa-4e6c-935e-7e4178f0bf43" testId="8037f4df-cf2b-6def-7972-b1473d2ac3fc" testName="NeoSharp.Tests.Crypto.Base58Tests.TestBase58DecodingKnownValues(base58Input: &quot;ABnLTmg&quot;, expectedHex: &quot;516b6fcd0f&quot;)" computerName="r3e" duration="00:00:00.0000154" startTime="2025-08-22T09:53:19.4967612+00:00" endTime="2025-08-22T09:53:19.4967613+00:00" testType="13cdc9d9-ddb5-4fa4-a97d-d965ccfc6d4b" outcome="Passed" testListId="8c84fa94-04c1-424b-9868-57a2d4851a1d" relativeResultsDirectory="5cec96d3-b1aa-4e6c-935e-7e4178f0bf43" />
    <UnitTestResult executionId="4eedecaa-f10f-4720-9cbe-c9432fdd2de5" testId="bccc2445-89a6-1399-42c4-b4fe289cc575" testName="NeoSharp.Tests.Types.Hash160Tests.FromPublicKey_WithValidPublicKey_ShouldCreateHash" computerName="r3e" duration="00:00:00.0002322" startTime="2025-08-22T09:53:19.6567957+00:00" endTime="2025-08-22T09:53:19.6580151+00:00" testType="13cdc9d9-ddb5-4fa4-a97d-d965ccfc6d4b" outcome="Passed" testListId="8c84fa94-04c1-424b-9868-57a2d4851a1d" relativeResultsDirectory="4eedecaa-f10f-4720-9cbe-c9432fdd2de5" />
    <UnitTestResult executionId="0bd9f866-94e4-414d-a1f5-d3275bbf648e" testId="4d62d737-01d7-eab8-ec9c-5b7088340c30" testName="NeoSharp.Tests.Serialization.BinaryWriterTests.WriteVarBytes_ShouldEncodeCorrectly" computerName="r3e" duration="00:00:00.0030848" startTime="2025-08-22T09:53:19.5940899+00:00" endTime="2025-08-22T09:53:19.5940900+00:00" testType="13cdc9d9-ddb5-4fa4-a97d-d965ccfc6d4b" outcome="Passed" testListId="8c84fa94-04c1-424b-9868-57a2d4851a1d" relativeResultsDirectory="0bd9f866-94e4-414d-a1f5-d3275bbf648e" />
    <UnitTestResult executionId="f1629a22-0522-47b2-8f3a-ec66a1625370" testId="7567889c-89b1-6883-c5eb-0dc4a697c9a2" testName="NeoSharp.Tests.Crypto.ECKeyPairTests.NullPrivateKey_ShouldThrowArgumentNullException" computerName="r3e" duration="00:00:00.0007307" startTime="2025-08-22T09:53:19.6909257+00:00" endTime="2025-08-22T09:53:19.6909258+00:00" testType="13cdc9d9-ddb5-4fa4-a97d-d965ccfc6d4b" outcome="Passed" testListId="8c84fa94-04c1-424b-9868-57a2d4851a1d" relativeResultsDirectory="f1629a22-0522-47b2-8f3a-ec66a1625370" />
    <UnitTestResult executionId="9b15484f-6441-4820-a27c-bb3505c65050" testId="6952147b-0649-5a15-153f-168299f6ea42" testName="NeoSharp.Tests.Crypto.ECKeyPairTests.InvalidPrivateKey_ShouldThrowException" computerName="r3e" duration="00:00:00.0027573" startTime="2025-08-22T09:53:19.6582589+00:00" endTime="2025-08-22T09:53:19.6582590+00:00" testType="13cdc9d9-ddb5-4fa4-a97d-d965ccfc6d4b" outcome="Passed" testListId="8c84fa94-04c1-424b-9868-57a2d4851a1d" relativeResultsDirectory="9b15484f-6441-4820-a27c-bb3505c65050" />
    <UnitTestResult executionId="4078b813-27dd-40aa-b979-a0fccdf79a22" testId="e70b8920-102c-2c49-870e-b83b646da4cf" testName="NeoSharp.Tests.Types.ContractParameterTests.ToJson_Array_ShouldSerializeCorrectly" computerName="r3e" duration="00:00:00.0035700" startTime="2025-08-22T09:53:19.5207805+00:00" endTime="2025-08-22T09:53:19.5207806+00:00" testType="13cdc9d9-ddb5-4fa4-a97d-d965ccfc6d4b" outcome="Passed" testListId="8c84fa94-04c1-424b-9868-57a2d4851a1d" relativeResultsDirectory="4078b813-27dd-40aa-b979-a0fccdf79a22" />
    <UnitTestResult executionId="fc7a239c-e324-4224-888a-f1d4a39acd34" testId="510613cb-21e1-a1c9-bb93-eed81a23f6dd" testName="NeoSharp.Tests.Crypto.WIFTests.InvalidChecksum_ShouldThrowException" computerName="r3e" duration="00:00:00.0009055" startTime="2025-08-22T09:53:19.6435205+00:00" endTime="2025-08-22T09:53:19.6435205+00:00" testType="13cdc9d9-ddb5-4fa4-a97d-d965ccfc6d4b" outcome="Passed" testListId="8c84fa94-04c1-424b-9868-57a2d4851a1d" relativeResultsDirectory="fc7a239c-e324-4224-888a-f1d4a39acd34" />
    <UnitTestResult executionId="99e8c494-1cb1-4a1f-a74a-073d4ce5a4b2" testId="49a4d1dc-d639-43e5-b5bf-49f3c902de94" testName="NeoSharp.Tests.Contract.SmartContractTests.BuildInvokeFunctionScript_WithEmptyMethod_ShouldThrowArgumentException" computerName="r3e" duration="00:00:00.0026283" startTime="2025-08-22T09:53:19.6987834+00:00" endTime="2025-08-22T09:53:19.6987834+00:00" testType="13cdc9d9-ddb5-4fa4-a97d-d965ccfc6d4b" outcome="Passed" testListId="8c84fa94-04c1-424b-9868-57a2d4851a1d" relativeResultsDirectory="99e8c494-1cb1-4a1f-a74a-073d4ce5a4b2" />
    <UnitTestResult executionId="b8b698fb-a678-4d84-8430-8ffa5c08c8b9" testId="76faaf38-4622-4c88-5501-fed78da072ec" testName="NeoSharp.Tests.Script.ScriptBuilderTests.PushParamEmptyArray_ShouldCreateNewArray0" computerName="r3e" duration="00:00:00.0003243" startTime="2025-08-22T09:53:19.6265520+00:00" endTime="2025-08-22T09:53:19.6265520+00:00" testType="13cdc9d9-ddb5-4fa4-a97d-d965ccfc6d4b" outcome="Passed" testListId="8c84fa94-04c1-424b-9868-57a2d4851a1d" relativeResultsDirectory="b8b698fb-a678-4d84-8430-8ffa5c08c8b9" />
    <UnitTestResult executionId="2eafb163-ccd8-47af-a10b-a38d0f514a12" testId="1d0b1407-50e3-9faa-1e3c-031be37d7e48" testName="NeoSharp.Tests.Crypto.Base64Tests.Base64Encode_WithUtf8String_ShouldEncodeCorrectly" computerName="r3e" duration="00:00:00.0001403" startTime="2025-08-22T09:53:19.5095061+00:00" endTime="2025-08-22T09:53:19.5095061+00:00" testType="13cdc9d9-ddb5-4fa4-a97d-d965ccfc6d4b" outcome="Passed" testListId="8c84fa94-04c1-424b-9868-57a2d4851a1d" relativeResultsDirectory="2eafb163-ccd8-47af-a10b-a38d0f514a12" />
    <UnitTestResult executionId="42718040-1d68-4d4f-b578-5c4d0670dcc8" testId="0522e2ba-d5d4-2a3d-66cc-29afc357df8a" testName="NeoSharp.Tests.Crypto.Base58Tests.TestBase58LeadingZeros" computerName="r3e" duration="00:00:00.0115815" startTime="2025-08-22T09:53:19.5615266+00:00" endTime="2025-08-22T09:53:19.5615266+00:00" testType="13cdc9d9-ddb5-4fa4-a97d-d965ccfc6d4b" outcome="Passed" testListId="8c84fa94-04c1-424b-9868-57a2d4851a1d" relativeResultsDirectory="42718040-1d68-4d4f-b578-5c4d0670dcc8" />
    <UnitTestResult executionId="91d83730-5235-4557-b1ee-b751892b292a" testId="ebf5a56a-f7f7-6329-0fdd-d1c186256e6a" testName="NeoSharp.Tests.Crypto.WIFTests.IsValidWIF_WithInvalidWIF_ShouldReturnFalse(invalidWif: &quot;&quot;)" computerName="r3e" duration="00:00:00.0001451" startTime="2025-08-22T09:53:19.6303519+00:00" endTime="2025-08-22T09:53:19.6303519+00:00" testType="13cdc9d9-ddb5-4fa4-a97d-d965ccfc6d4b" outcome="Passed" testListId="8c84fa94-04c1-424b-9868-57a2d4851a1d" relativeResultsDirectory="91d83730-5235-4557-b1ee-b751892b292a" />
    <UnitTestResult executionId="d76534cd-83b9-49dd-bccd-be3f5d7816ff" testId="90d56c51-2ddc-8245-26c9-08f2adcdbbf1" testName="NeoSharp.Tests.Wallet.AccountTests.DecryptPrivateKey_WithWrongPassword_ShouldThrowException" computerName="r3e" duration="00:00:09.8754339" startTime="2025-08-22T09:53:41.2860258+00:00" endTime="2025-08-22T09:53:41.2860261+00:00" testType="13cdc9d9-ddb5-4fa4-a97d-d965ccfc6d4b" outcome="Passed" testListId="8c84fa94-04c1-424b-9868-57a2d4851a1d" relativeResultsDirectory="d76534cd-83b9-49dd-bccd-be3f5d7816ff" />
    <UnitTestResult executionId="3644cbda-8502-4087-b6be-7a5ae6b9af7b" testId="8dc7aaf8-eccc-25c6-3e3b-36a084427ca9" testName="NeoSharp.Tests.Crypto.NEP2Tests.TestNEP2AddressGeneration" computerName="r3e" duration="00:00:03.6552968" startTime="2025-08-22T09:55:30.7448337+00:00" endTime="2025-08-22T09:55:30.7448338+00:00" testType="13cdc9d9-ddb5-4fa4-a97d-d965ccfc6d4b" outcome="Passed" testListId="8c84fa94-04c1-424b-9868-57a2d4851a1d" relativeResultsDirectory="3644cbda-8502-4087-b6be-7a5ae6b9af7b" />
    <UnitTestResult executionId="105f1190-71b2-492f-8da2-7b253ce7c1fd" testId="5521532a-c03d-ff38-db82-2d0010d35d74" testName="NeoSharp.Tests.Crypto.WIFTests.WronglySizedWifs_ShouldThrowException(invalidWif: &quot;L25kgAQJXNHnhc7Sx9bomxxwVSMsZdkaNQ3m2VfHrnLzKWML&quot;)" computerName="r3e" duration="00:00:00.0005605" startTime="2025-08-22T09:53:19.6362571+00:00" endTime="2025-08-22T09:53:19.6362571+00:00" testType="13cdc9d9-ddb5-4fa4-a97d-d965ccfc6d4b" outcome="Passed" testListId="8c84fa94-04c1-424b-9868-57a2d4851a1d" relativeResultsDirectory="105f1190-71b2-492f-8da2-7b253ce7c1fd" />
    <UnitTestResult executionId="76995307-38f5-496e-bceb-0c562091e0e6" testId="39b5d22d-0067-e3ff-d99c-706c8284a251" testName="NeoSharp.Tests.Types.EnumTypeTests.ContractParameterType_AllValues_ShouldHaveCorrectProperties(paramType: Map, expectedJson: &quot;Map&quot;, expectedByte: 34)" computerName="r3e" duration="00:00:00.0000055" startTime="2025-08-22T09:53:19.5594622+00:00" endTime="2025-08-22T09:53:19.5594623+00:00" testType="13cdc9d9-ddb5-4fa4-a97d-d965ccfc6d4b" outcome="Passed" testListId="8c84fa94-04c1-424b-9868-57a2d4851a1d" relativeResultsDirectory="76995307-38f5-496e-bceb-0c562091e0e6" />
    <UnitTestResult executionId="c1fc34d9-9b15-4f32-bb7c-c91a58fe91a6" testId="2a8abbfe-1496-ae71-1450-b38c0db53bfc" testName="NeoSharp.Tests.Crypto.Base64Tests.Base64RoundTrip_ShouldPreserveData(expectedBase64: &quot;TmVv&quot;, originalText: &quot;Neo&quot;)" computerName="r3e" duration="00:00:00.0143338" startTime="2025-08-22T09:53:19.4664517+00:00" endTime="2025-08-22T09:53:19.4664918+00:00" testType="13cdc9d9-ddb5-4fa4-a97d-d965ccfc6d4b" outcome="Passed" testListId="8c84fa94-04c1-424b-9868-57a2d4851a1d" relativeResultsDirectory="c1fc34d9-9b15-4f32-bb7c-c91a58fe91a6" />
    <UnitTestResult executionId="122ee427-da96-4a99-8179-0f21e02b347d" testId="dc4a098b-795d-74bb-d48d-bb930ac51271" testName="NeoSharp.Tests.Types.Hash160Tests.Parse_WithKnownContractHashes_ShouldSucceed(contractHash: &quot;0xd2a4cff31913016155e38e474a2c06d08be276cf&quot;)" computerName="r3e" duration="00:00:00.0004269" startTime="2025-08-22T09:53:19.6461692+00:00" endTime="2025-08-22T09:53:19.6461692+00:00" testType="13cdc9d9-ddb5-4fa4-a97d-d965ccfc6d4b" outcome="Passed" testListId="8c84fa94-04c1-424b-9868-57a2d4851a1d" relativeResultsDirectory="122ee427-da96-4a99-8179-0f21e02b347d" />
    <UnitTestResult executionId="155f6f9f-b912-47ac-bf0c-3eaf3d4ec0f4" testId="7fd0c204-7b22-7b74-17fd-4cc34182ba94" testName="NeoSharp.Tests.Wallet.AccountTests.Create_ShouldCreateValidGenericAccount" computerName="r3e" duration="00:00:00.0006442" startTime="2025-08-22T09:53:45.5867589+00:00" endTime="2025-08-22T09:53:45.5867590+00:00" testType="13cdc9d9-ddb5-4fa4-a97d-d965ccfc6d4b" outcome="Passed" testListId="8c84fa94-04c1-424b-9868-57a2d4851a1d" relativeResultsDirectory="155f6f9f-b912-47ac-bf0c-3eaf3d4ec0f4" />
    <UnitTestResult executionId="bd8a29ef-9b00-4dbf-9078-a77bfa0ced5e" testId="66248bda-3701-ca80-1735-652ce46c5d20" testName="NeoSharp.Tests.Types.Hash160Tests.Parse_WithValidHexString_ShouldCreateHash" computerName="r3e" duration="00:00:00.0001775" startTime="2025-08-22T09:53:19.6490479+00:00" endTime="2025-08-22T09:53:19.6490479+00:00" testType="13cdc9d9-ddb5-4fa4-a97d-d965ccfc6d4b" outcome="Passed" testListId="8c84fa94-04c1-424b-9868-57a2d4851a1d" relativeResultsDirectory="bd8a29ef-9b00-4dbf-9078-a77bfa0ced5e" />
    <UnitTestResult executionId="49d5cc71-e06c-4ff3-988d-06b4d51b97b6" testId="e0ff5e87-9149-ce63-9796-3fa300857898" testName="NeoSharp.Tests.Types.Hash160Tests.Serialize_ShouldWriteLittleEndianBytes" computerName="r3e" duration="00:00:00.0005303" startTime="2025-08-22T09:53:19.6392233+00:00" endTime="2025-08-22T09:53:19.6392234+00:00" testType="13cdc9d9-ddb5-4fa4-a97d-d965ccfc6d4b" outcome="Passed" testListId="8c84fa94-04c1-424b-9868-57a2d4851a1d" relativeResultsDirectory="49d5cc71-e06c-4ff3-988d-06b4d51b97b6" />
    <UnitTestResult executionId="29a5fd20-7e94-4116-a2fe-cbd163021196" testId="5e8ea83d-a317-e7a9-7c7b-042795e1eff1" testName="NeoSharp.Tests.Crypto.Base58Tests.TestBase58EncodingKnownValues(hexInput: &quot;73696d706c792061206c6f6e6720737472696e67&quot;, expectedBase58: &quot;2cFupjhnEsSn59qHXstmK2ffpLv2&quot;)" computerName="r3e" duration="00:00:00.0005883" startTime="2025-08-22T09:53:19.5106015+00:00" endTime="2025-08-22T09:53:19.5106015+00:00" testType="13cdc9d9-ddb5-4fa4-a97d-d965ccfc6d4b" outcome="Passed" testListId="8c84fa94-04c1-424b-9868-57a2d4851a1d" relativeResultsDirectory="29a5fd20-7e94-4116-a2fe-cbd163021196" />
    <UnitTestResult executionId="1d8202b8-d20b-43f5-957f-f9b7b6627a4c" testId="5569ace7-c374-a3a5-367c-296344974383" testName="NeoSharp.Tests.Types.Hash160Tests.Equals_WithDifferentHash_ShouldReturnFalse" computerName="r3e" duration="00:00:00.0002053" startTime="2025-08-22T09:53:19.6565060+00:00" endTime="2025-08-22T09:53:19.6565060+00:00" testType="13cdc9d9-ddb5-4fa4-a97d-d965ccfc6d4b" outcome="Passed" testListId="8c84fa94-04c1-424b-9868-57a2d4851a1d" relativeResultsDirectory="1d8202b8-d20b-43f5-957f-f9b7b6627a4c" />
    <UnitTestResult executionId="42b3997a-5d16-47fe-b9ef-669d76175acb" testId="35966a0e-660b-4e81-3caf-977868899497" testName="NeoSharp.Tests.Crypto.NEP2Tests.TestDecryptWithNonDefaultScryptParams" computerName="r3e" duration="00:00:00.0014450" startTime="2025-08-22T09:55:11.7644184+00:00" endTime="2025-08-22T09:55:11.7644184+00:00" testType="13cdc9d9-ddb5-4fa4-a97d-d965ccfc6d4b" outcome="Passed" testListId="8c84fa94-04c1-424b-9868-57a2d4851a1d" relativeResultsDirectory="42b3997a-5d16-47fe-b9ef-669d76175acb" />
    <UnitTestResult executionId="1bd90ddb-0eb9-4c4a-9e68-bc3175e5406c" testId="7b1adb34-29e1-8e99-6cf5-b6dc68ed1598" testName="NeoSharp.Tests.Types.Hash160Tests.GetHashCode_ShouldBeConsistent" computerName="r3e" duration="00:00:00.0028687" startTime="2025-08-22T09:53:19.6552545+00:00" endTime="2025-08-22T09:53:19.6552546+00:00" testType="13cdc9d9-ddb5-4fa4-a97d-d965ccfc6d4b" outcome="Passed" testListId="8c84fa94-04c1-424b-9868-57a2d4851a1d" relativeResultsDirectory="1bd90ddb-0eb9-4c4a-9e68-bc3175e5406c" />
    <UnitTestResult executionId="ac07406e-e7d8-4ab3-873f-7b4bb1a2b981" testId="b151b523-5c65-459c-1a05-18b8bbbf66f9" testName="NeoSharp.Tests.Crypto.SignTests.TestInvalidSignatureVerification" computerName="r3e" duration="00:00:00.0175206" startTime="2025-08-22T09:53:19.8388746+00:00" endTime="2025-08-22T09:53:19.8388746+00:00" testType="13cdc9d9-ddb5-4fa4-a97d-d965ccfc6d4b" outcome="Passed" testListId="8c84fa94-04c1-424b-9868-57a2d4851a1d" relativeResultsDirectory="ac07406e-e7d8-4ab3-873f-7b4bb1a2b981" />
    <UnitTestResult executionId="403d1256-e538-4a10-950c-fc39d60a1f00" testId="66e16570-c643-e3da-6443-21f93e9732be" testName="NeoSharp.Tests.Crypto.ScryptParamsTests.TestScryptParamsStringRepresentation" computerName="r3e" duration="00:00:00.0149168" startTime="2025-08-22T09:53:19.4744248+00:00" endTime="2025-08-22T09:53:19.4744248+00:00" testType="13cdc9d9-ddb5-4fa4-a97d-d965ccfc6d4b" outcome="Passed" testListId="8c84fa94-04c1-424b-9868-57a2d4851a1d" relativeResultsDirectory="403d1256-e538-4a10-950c-fc39d60a1f00" />
    <UnitTestResult executionId="5bb31293-be43-4878-bbe1-adb5777befa6" testId="6e0886c3-c6d4-9316-913e-67c4a2ab715a" testName="NeoSharp.Tests.Crypto.ECKeyPairTests.SerializePublicKey_ShouldReturnCorrectBytes" computerName="r3e" duration="00:00:00.0005245" startTime="2025-08-22T09:53:19.6536570+00:00" endTime="2025-08-22T09:53:19.6536571+00:00" testType="13cdc9d9-ddb5-4fa4-a97d-d965ccfc6d4b" outcome="Passed" testListId="8c84fa94-04c1-424b-9868-57a2d4851a1d" relativeResultsDirectory="5bb31293-be43-4878-bbe1-adb5777befa6" />
    <UnitTestResult executionId="18619281-bd49-4d62-b137-96444484b825" testId="6eeceb8d-f303-db47-4bc1-99a3fca42609" testName="NeoSharp.Tests.Script.ScriptBuilderTests.OpCode_ShouldAddCorrectOpCode" computerName="r3e" duration="00:00:00.0128273" startTime="2025-08-22T09:53:19.5612421+00:00" endTime="2025-08-22T09:53:19.5612421+00:00" testType="13cdc9d9-ddb5-4fa4-a97d-d965ccfc6d4b" outcome="Passed" testListId="8c84fa94-04c1-424b-9868-57a2d4851a1d" relativeResultsDirectory="18619281-bd49-4d62-b137-96444484b825" />
    <UnitTestResult executionId="bff1a931-5345-41a8-b098-1fca80444857" testId="242ecbf7-6100-e859-58bb-a5d31355fd7f" testName="NeoSharp.Tests.Script.ScriptBuilderTests.PushBoolean_ShouldCreateCorrectOpCode" computerName="r3e" duration="00:00:00.0003199" startTime="2025-08-22T09:53:19.6040597+00:00" endTime="2025-08-22T09:53:19.6040597+00:00" testType="13cdc9d9-ddb5-4fa4-a97d-d965ccfc6d4b" outcome="Passed" testListId="8c84fa94-04c1-424b-9868-57a2d4851a1d" relativeResultsDirectory="bff1a931-5345-41a8-b098-1fca80444857" />
    <UnitTestResult executionId="24650c01-19eb-4973-9390-fe07f143092d" testId="f5c4f377-4e3e-b2d1-f112-051ef98aaff6" testName="NeoSharp.Tests.Crypto.Base58Tests.TestBase58EncodingKnownValues(hexInput: &quot;10c8511e&quot;, expectedBase58: &quot;Rt5zm&quot;)" computerName="r3e" duration="00:00:00.0000082" startTime="2025-08-22T09:53:19.5198752+00:00" endTime="2025-08-22T09:53:19.5198752+00:00" testType="13cdc9d9-ddb5-4fa4-a97d-d965ccfc6d4b" outcome="Passed" testListId="8c84fa94-04c1-424b-9868-57a2d4851a1d" relativeResultsDirectory="24650c01-19eb-4973-9390-fe07f143092d" />
    <UnitTestResult executionId="2d5f7514-33d2-4c54-8749-2834c05a377f" testId="a725406b-a2e9-2dd0-1f6b-0aa81740b95d" testName="NeoSharp.Tests.Crypto.WIFTests.InvalidPrivateKeyLength_ShouldThrowWIFException(length: 31)" computerName="r3e" duration="00:00:00.0120159" startTime="2025-08-22T09:53:19.6089849+00:00" endTime="2025-08-22T09:53:19.6089850+00:00" testType="13cdc9d9-ddb5-4fa4-a97d-d965ccfc6d4b" outcome="Passed" testListId="8c84fa94-04c1-424b-9868-57a2d4851a1d" relativeResultsDirectory="2d5f7514-33d2-4c54-8749-2834c05a377f" />
    <UnitTestResult executionId="d8cdbcfb-becd-46a0-a9ab-26ea01d848ce" testId="b2a5cf74-d54b-a40a-2fad-3f7112c31afc" testName="NeoSharp.Tests.Contract.SmartContractTests.SmartContract_WithNullNeoSharp_ShouldThrowArgumentNullException" computerName="r3e" duration="00:00:00.0014800" startTime="2025-08-22T09:53:19.6796000+00:00" endTime="2025-08-22T09:53:19.6796001+00:00" testType="13cdc9d9-ddb5-4fa4-a97d-d965ccfc6d4b" outcome="Passed" testListId="8c84fa94-04c1-424b-9868-57a2d4851a1d" relativeResultsDirectory="d8cdbcfb-becd-46a0-a9ab-26ea01d848ce" />
    <UnitTestResult executionId="a8ce9f3b-4d8f-4440-a0ef-b986d6eef724" testId="dc528239-1430-c276-350b-70d67eb64991" testName="NeoSharp.Tests.Crypto.Base58Tests.TestBase58CheckDecoding" computerName="r3e" duration="00:00:00.0001740" startTime="2025-08-22T09:53:19.5361680+00:00" endTime="2025-08-22T09:53:19.5361680+00:00" testType="13cdc9d9-ddb5-4fa4-a97d-d965ccfc6d4b" outcome="Passed" testListId="8c84fa94-04c1-424b-9868-57a2d4851a1d" relativeResultsDirectory="a8ce9f3b-4d8f-4440-a0ef-b986d6eef724" />
    <UnitTestResult executionId="195c938f-ff87-429d-8cc7-e7d8296635c3" testId="3c56c2c2-4fb6-11eb-e517-8e04c9da4bfc" testName="NeoSharp.Tests.Types.Hash256Tests.ImplicitStringConversion_ShouldReturnHexString" computerName="r3e" duration="00:00:00.0001708" startTime="2025-08-22T09:53:19.6258948+00:00" endTime="2025-08-22T09:53:19.6258949+00:00" testType="13cdc9d9-ddb5-4fa4-a97d-d965ccfc6d4b" outcome="Passed" testListId="8c84fa94-04c1-424b-9868-57a2d4851a1d" relativeResultsDirectory="195c938f-ff87-429d-8cc7-e7d8296635c3" />
    <UnitTestResult executionId="118963f4-4fbc-44b5-a7c0-de8c6a3737d6" testId="46dc94f7-ad9d-a3be-24f6-15ca29f318c8" testName="NeoSharp.Tests.Types.ContractParameterTests.ToJson_Boolean_ShouldSerializeCorrectly" computerName="r3e" duration="00:00:00.0002006" startTime="2025-08-22T09:53:19.5438647+00:00" endTime="2025-08-22T09:53:19.5438647+00:00" testType="13cdc9d9-ddb5-4fa4-a97d-d965ccfc6d4b" outcome="Passed" testListId="8c84fa94-04c1-424b-9868-57a2d4851a1d" relativeResultsDirectory="118963f4-4fbc-44b5-a7c0-de8c6a3737d6" />
    <UnitTestResult executionId="4ea711ed-71b8-4659-a594-3c84a8dae360" testId="2f9efc0b-2b51-e1f2-b995-c9e4d27be7ef" testName="NeoSharp.Tests.Crypto.NEP2Tests.TestInvalidNEP2Format" computerName="r3e" duration="00:00:00.0014245" startTime="2025-08-22T09:55:30.7463383+00:00" endTime="2025-08-22T09:55:30.7463383+00:00" testType="13cdc9d9-ddb5-4fa4-a97d-d965ccfc6d4b" outcome="Passed" testListId="8c84fa94-04c1-424b-9868-57a2d4851a1d" relativeResultsDirectory="4ea711ed-71b8-4659-a594-3c84a8dae360" />
    <UnitTestResult executionId="0b050841-76f2-429c-9c38-4c97b5c5ff49" testId="f86c1082-ed35-a19a-aa0b-8740241d8a93" testName="NeoSharp.Tests.Crypto.SignTests.TestKeyFromSignedMessageWithInvalidSignature" computerName="r3e" duration="00:00:00.0034588" startTime="2025-08-22T09:53:19.8424132+00:00" endTime="2025-08-22T09:53:19.8424132+00:00" testType="13cdc9d9-ddb5-4fa4-a97d-d965ccfc6d4b" outcome="Passed" testListId="8c84fa94-04c1-424b-9868-57a2d4851a1d" relativeResultsDirectory="0b050841-76f2-429c-9c38-4c97b5c5ff49" />
    <UnitTestResult executionId="c92ae235-76c4-4fe4-9b8f-50f9277f2dfa" testId="29456248-06fd-18a6-b06f-ad49591a0ced" testName="NeoSharp.Tests.Contract.SmartContractTests.Equals_ShouldCompareByScriptHash" computerName="r3e" duration="00:00:00.0029951" startTime="2025-08-22T09:53:19.6697394+00:00" endTime="2025-08-22T09:53:19.6697395+00:00" testType="13cdc9d9-ddb5-4fa4-a97d-d965ccfc6d4b" outcome="Passed" testListId="8c84fa94-04c1-424b-9868-57a2d4851a1d" relativeResultsDirectory="c92ae235-76c4-4fe4-9b8f-50f9277f2dfa" />
    <UnitTestResult executionId="6b1e5412-4055-42f7-9bc7-352cb3b1f563" testId="cf9fb0fd-61f7-dc81-2870-e2efb0a27e99" testName="NeoSharp.Tests.Types.Hash160Tests.Size_ShouldReturn20" computerName="r3e" duration="00:00:00.0001533" startTime="2025-08-22T09:53:19.6464839+00:00" endTime="2025-08-22T09:53:19.6464840+00:00" testType="13cdc9d9-ddb5-4fa4-a97d-d965ccfc6d4b" outcome="Passed" testListId="8c84fa94-04c1-424b-9868-57a2d4851a1d" relativeResultsDirectory="6b1e5412-4055-42f7-9bc7-352cb3b1f563" />
    <UnitTestResult executionId="593fce90-a68c-400a-af63-dde73eb885fd" testId="3261412c-4855-a412-6651-3353475b70d1" testName="NeoSharp.Tests.Crypto.Base64Tests.Base64Decode_WithEmptyInput_ShouldReturnEmptyArray" computerName="r3e" duration="00:00:00.0024518" startTime="2025-08-22T09:53:19.5201715+00:00" endTime="2025-08-22T09:53:19.5201716+00:00" testType="13cdc9d9-ddb5-4fa4-a97d-d965ccfc6d4b" outcome="Passed" testListId="8c84fa94-04c1-424b-9868-57a2d4851a1d" relativeResultsDirectory="593fce90-a68c-400a-af63-dde73eb885fd" />
    <UnitTestResult executionId="fa4e5b36-714c-4db7-985d-b9d125320176" testId="d9db7865-5d01-a38d-f8ab-fec80d4cd58f" testName="NeoSharp.Tests.Wallet.AccountTests.Sign_WithLockedAccount_ShouldThrowException" computerName="r3e" duration="00:00:04.4442531" startTime="2025-08-22T09:53:50.0358337+00:00" endTime="2025-08-22T09:53:50.0358338+00:00" testType="13cdc9d9-ddb5-4fa4-a97d-d965ccfc6d4b" outcome="Passed" testListId="8c84fa94-04c1-424b-9868-57a2d4851a1d" relativeResultsDirectory="fa4e5b36-714c-4db7-985d-b9d125320176" />
    <UnitTestResult executionId="c149f299-69c5-404b-be52-9e49fc3f43e4" testId="2949711f-0eb3-2956-3cc9-6eb25ae76d45" testName="NeoSharp.Tests.Script.ScriptBuilderTests.PushInteger_ShouldHandleLargeNumbers" computerName="r3e" duration="00:00:00.0010881" startTime="2025-08-22T09:53:19.5931483+00:00" endTime="2025-08-22T09:53:19.5931484+00:00" testType="13cdc9d9-ddb5-4fa4-a97d-d965ccfc6d4b" outcome="Passed" testListId="8c84fa94-04c1-424b-9868-57a2d4851a1d" relativeResultsDirectory="c149f299-69c5-404b-be52-9e49fc3f43e4" />
    <UnitTestResult executionId="208787a7-e345-4f1c-ba8b-6c641f264e93" testId="212362f0-6582-d921-5ad6-0f18fb1fccd7" testName="NeoSharp.Tests.Serialization.BinaryWriterTests.WriteByte_ShouldWriteSingleByte" computerName="r3e" duration="00:00:00.0393257" startTime="2025-08-22T09:53:19.5678376+00:00" endTime="2025-08-22T09:53:19.5678377+00:00" testType="13cdc9d9-ddb5-4fa4-a97d-d965ccfc6d4b" outcome="Passed" testListId="8c84fa94-04c1-424b-9868-57a2d4851a1d" relativeResultsDirectory="208787a7-e345-4f1c-ba8b-6c641f264e93" />
    <UnitTestResult executionId="bdad2f80-5d8e-4c7d-b6ec-7fbf450a76c3" testId="5c8b8879-3785-ed7e-8517-b4801c6cd5ed" testName="NeoSharp.Tests.Serialization.BinaryWriterTests.ToArray_ShouldReturnAllWrittenData" computerName="r3e" duration="00:00:00.0004581" startTime="2025-08-22T09:53:19.5686603+00:00" endTime="2025-08-22T09:53:19.5686603+00:00" testType="13cdc9d9-ddb5-4fa4-a97d-d965ccfc6d4b" outcome="Passed" testListId="8c84fa94-04c1-424b-9868-57a2d4851a1d" relativeResultsDirectory="bdad2f80-5d8e-4c7d-b6ec-7fbf450a76c3" />
    <UnitTestResult executionId="125344ee-dddc-4684-9d0b-ac776a1fefc1" testId="41b47b25-71b8-a5de-187b-e2ea18a5bea5" testName="NeoSharp.Tests.Crypto.SecurityTests.TestRandomNumberGeneration" computerName="r3e" duration="00:00:00.0049466" startTime="2025-08-22T09:53:31.7210959+00:00" endTime="2025-08-22T09:53:31.7210961+00:00" testType="13cdc9d9-ddb5-4fa4-a97d-d965ccfc6d4b" outcome="Passed" testListId="8c84fa94-04c1-424b-9868-57a2d4851a1d" relativeResultsDirectory="125344ee-dddc-4684-9d0b-ac776a1fefc1" />
    <UnitTestResult executionId="31ae3f3d-7293-4210-9057-31bbcd69dcd1" testId="37ed753f-fb31-f836-a9b4-732002d7c58a" testName="NeoSharp.Tests.Crypto.Base58Tests.TestBase58DecodingKnownValues(base58Input: &quot;Rt5zm&quot;, expectedHex: &quot;10c8511e&quot;)" computerName="r3e" duration="00:00:00.0002122" startTime="2025-08-22T09:53:19.4955258+00:00" endTime="2025-08-22T09:53:19.4955259+00:00" testType="13cdc9d9-ddb5-4fa4-a97d-d965ccfc6d4b" outcome="Passed" testListId="8c84fa94-04c1-424b-9868-57a2d4851a1d" relativeResultsDirectory="31ae3f3d-7293-4210-9057-31bbcd69dcd1" />
    <UnitTestResult executionId="0c721137-18e2-47a5-adb4-d53a52dd594e" testId="bbd40c50-138a-242f-0a1a-f5146e72bc55" testName="NeoSharp.Tests.Crypto.ECKeyPairTests.CreateRandomKeyPair_ShouldGenerateValidKeys" computerName="r3e" duration="00:00:00.0035376" startTime="2025-08-22T09:53:19.6878854+00:00" endTime="2025-08-22T09:53:19.6878855+00:00" testType="13cdc9d9-ddb5-4fa4-a97d-d965ccfc6d4b" outcome="Passed" testListId="8c84fa94-04c1-424b-9868-57a2d4851a1d" relativeResultsDirectory="0c721137-18e2-47a5-adb4-d53a52dd594e" />
    <UnitTestResult executionId="e4794769-fc4e-45cc-a339-4b92bcb8b1e1" testId="691753c3-d5e2-251f-e574-c6c2f1be1f0f" testName="NeoSharp.Tests.Wallet.AccountTests.CreateMultiSigAccount_WithInvalidThreshold_ShouldThrowException" computerName="r3e" duration="00:00:00.0009214" startTime="2025-08-22T09:53:45.5877266+00:00" endTime="2025-08-22T09:53:45.5877266+00:00" testType="13cdc9d9-ddb5-4fa4-a97d-d965ccfc6d4b" outcome="Passed" testListId="8c84fa94-04c1-424b-9868-57a2d4851a1d" relativeResultsDirectory="e4794769-fc4e-45cc-a339-4b92bcb8b1e1" />
    <UnitTestResult executionId="d0f3c85f-167b-4580-85b5-1cb135e750c0" testId="caf3251d-1749-3055-5c33-0c4dbf193eaf" testName="NeoSharp.Tests.Types.EnumTypeTests.ContractParameterType_AllValues_ShouldHaveCorrectProperties(paramType: PublicKey, expectedJson: &quot;PublicKey&quot;, expectedByte: 22)" computerName="r3e" duration="00:00:00.0000074" startTime="2025-08-22T09:53:19.5505125+00:00" endTime="2025-08-22T09:53:19.5505125+00:00" testType="13cdc9d9-ddb5-4fa4-a97d-d965ccfc6d4b" outcome="Passed" testListId="8c84fa94-04c1-424b-9868-57a2d4851a1d" relativeResultsDirectory="d0f3c85f-167b-4580-85b5-1cb135e750c0" />
    <UnitTestResult executionId="25aa5f9d-5d65-47c7-a79d-49e24823bf3d" testId="bf835e73-1c1d-3036-1ae1-abe8be46c4ee" testName="NeoSharp.Tests.Crypto.SignTests.TestSignVariousMessages(message: &quot;Hello World&quot;)" computerName="r3e" duration="00:00:00.1685808" startTime="2025-08-22T09:53:19.6587441+00:00" endTime="2025-08-22T09:53:19.6587441+00:00" testType="13cdc9d9-ddb5-4fa4-a97d-d965ccfc6d4b" outcome="Passed" testListId="8c84fa94-04c1-424b-9868-57a2d4851a1d" relativeResultsDirectory="25aa5f9d-5d65-47c7-a79d-49e24823bf3d" />
    <UnitTestResult executionId="3326c377-b348-4bed-98e0-f4ec7b75374a" testId="2b42cf1e-53f1-51d7-378c-373f8211cdc9" testName="NeoSharp.Tests.Crypto.ECKeyPairTests.PublicKeySize_ShouldBeCorrect" computerName="r3e" duration="00:00:00.0001635" startTime="2025-08-22T09:53:19.6882258+00:00" endTime="2025-08-22T09:53:19.6882259+00:00" testType="13cdc9d9-ddb5-4fa4-a97d-d965ccfc6d4b" outcome="Passed" testListId="8c84fa94-04c1-424b-9868-57a2d4851a1d" relativeResultsDirectory="3326c377-b348-4bed-98e0-f4ec7b75374a" />
    <UnitTestResult executionId="7aeeaa57-8ba7-40ea-ae09-0fdf7474a326" testId="c813b430-2229-8354-72e9-cc990737510e" testName="NeoSharp.Tests.Types.EnumTypeTests.ContractParameterType_AllValues_ShouldHaveCorrectProperties(paramType: String, expectedJson: &quot;String&quot;, expectedByte: 19)" computerName="r3e" duration="00:00:00.0000061" startTime="2025-08-22T09:53:19.5508674+00:00" endTime="2025-08-22T09:53:19.5508675+00:00" testType="13cdc9d9-ddb5-4fa4-a97d-d965ccfc6d4b" outcome="Passed" testListId="8c84fa94-04c1-424b-9868-57a2d4851a1d" relativeResultsDirectory="7aeeaa57-8ba7-40ea-ae09-0fdf7474a326" />
    <UnitTestResult executionId="24370d94-d6bb-452d-899b-f9cf445eaa66" testId="64826042-8696-d8e4-f559-e9388633cb53" testName="NeoSharp.Tests.Types.ContractParameterTests.ToJson_Hash160_ShouldSerializeCorrectly" computerName="r3e" duration="00:00:00.0004020" startTime="2025-08-22T09:53:19.5314198+00:00" endTime="2025-08-22T09:53:19.5314199+00:00" testType="13cdc9d9-ddb5-4fa4-a97d-d965ccfc6d4b" outcome="Passed" testListId="8c84fa94-04c1-424b-9868-57a2d4851a1d" relativeResultsDirectory="24370d94-d6bb-452d-899b-f9cf445eaa66" />
    <UnitTestResult executionId="dc818340-4c14-43b3-b34d-4308ae5ee291" testId="c0fece1f-9b44-eed0-6d57-25d33d60c993" testName="NeoSharp.Tests.Wallet.AccountTests.FromPublicKey_ShouldCreateCorrectAccount" computerName="r3e" duration="00:00:00.0002416" startTime="2025-08-22T09:53:45.5889494+00:00" endTime="2025-08-22T09:53:45.5889495+00:00" testType="13cdc9d9-ddb5-4fa4-a97d-d965ccfc6d4b" outcome="Passed" testListId="8c84fa94-04c1-424b-9868-57a2d4851a1d" relativeResultsDirectory="dc818340-4c14-43b3-b34d-4308ae5ee291" />
    <UnitTestResult executionId="0d7a1068-4aae-4df0-83ff-cf1fa3ce768c" testId="a04a0f39-a134-c31e-63fa-5c0df3d76221" testName="NeoSharp.Tests.Script.ScriptBuilderTests.PushMap_ShouldCreateCorrectMapStructure" computerName="r3e" duration="00:00:00.0035787" startTime="2025-08-22T09:53:19.5893348+00:00" endTime="2025-08-22T09:53:19.5893348+00:00" testType="13cdc9d9-ddb5-4fa4-a97d-d965ccfc6d4b" outcome="Passed" testListId="8c84fa94-04c1-424b-9868-57a2d4851a1d" relativeResultsDirectory="0d7a1068-4aae-4df0-83ff-cf1fa3ce768c" />
    <UnitTestResult executionId="03ecca86-d509-4af4-9e32-1c6b98710cae" testId="101a5c4c-d35c-9c36-c5db-34a72d861be1" testName="NeoSharp.Tests.Serialization.BinaryWriterTests.Length_ShouldReturnCorrectLength" computerName="r3e" duration="00:00:00.0005139" startTime="2025-08-22T09:53:19.6054962+00:00" endTime="2025-08-22T09:53:19.6054962+00:00" testType="13cdc9d9-ddb5-4fa4-a97d-d965ccfc6d4b" outcome="Passed" testListId="8c84fa94-04c1-424b-9868-57a2d4851a1d" relativeResultsDirectory="03ecca86-d509-4af4-9e32-1c6b98710cae" />
    <UnitTestResult executionId="865abb61-65e9-4a3b-bf8d-70b3fa97f9e0" testId="fa3a59df-facb-0618-e063-22bae6a6587f" testName="NeoSharp.Tests.Types.EnumTypeTests.ContractParameterType_AllValues_ShouldHaveCorrectProperties(paramType: Signature, expectedJson: &quot;Signature&quot;, expectedByte: 23)" computerName="r3e" duration="00:00:00.0013681" startTime="2025-08-22T09:53:19.5468052+00:00" endTime="2025-08-22T09:53:19.5468052+00:00" testType="13cdc9d9-ddb5-4fa4-a97d-d965ccfc6d4b" outcome="Passed" testListId="8c84fa94-04c1-424b-9868-57a2d4851a1d" relativeResultsDirectory="865abb61-65e9-4a3b-bf8d-70b3fa97f9e0" />
    <UnitTestResult executionId="46c6ce77-a36c-4efd-bf28-7d100706cfc7" testId="0ed4a6a8-a7ff-3968-5edc-a11fd69e54d9" testName="NeoSharp.Tests.Script.ScriptBuilderTests.PushArrayEmpty_ShouldCreateNewArray0" computerName="r3e" duration="00:00:00.0002001" startTime="2025-08-22T09:53:19.6297488+00:00" endTime="2025-08-22T09:53:19.6297489+00:00" testType="13cdc9d9-ddb5-4fa4-a97d-d965ccfc6d4b" outcome="Passed" testListId="8c84fa94-04c1-424b-9868-57a2d4851a1d" relativeResultsDirectory="46c6ce77-a36c-4efd-bf28-7d100706cfc7" />
    <UnitTestResult executionId="49c1f374-3226-4290-b793-37a58d18f91a" testId="d0e8e19c-dad1-887d-7e8d-e9f96daabfbb" testName="NeoSharp.Tests.Crypto.Bip32ECKeyPairTests.TestVectors1" computerName="r3e" duration="00:00:00.0019299" startTime="2025-08-22T09:53:19.5326555+00:00" endTime="2025-08-22T09:53:19.5326555+00:00" testType="13cdc9d9-ddb5-4fa4-a97d-d965ccfc6d4b" outcome="Passed" testListId="8c84fa94-04c1-424b-9868-57a2d4851a1d" relativeResultsDirectory="49c1f374-3226-4290-b793-37a58d18f91a" />
    <UnitTestResult executionId="24ca42b3-ac02-473d-b3d9-801da9393a68" testId="c53f1642-5605-a1e9-4f79-ff719abd0c63" testName="NeoSharp.Tests.Wallet.AccountTests.Label_ShouldBeSettable" computerName="r3e" duration="00:00:00.0003578" startTime="2025-08-22T09:53:41.2887718+00:00" endTime="2025-08-22T09:53:41.2887718+00:00" testType="13cdc9d9-ddb5-4fa4-a97d-d965ccfc6d4b" outcome="Passed" testListId="8c84fa94-04c1-424b-9868-57a2d4851a1d" relativeResultsDirectory="24ca42b3-ac02-473d-b3d9-801da9393a68" />
    <UnitTestResult executionId="9529435d-b1a3-4345-8fc8-1f2a8e5b30c2" testId="89572e90-84de-bab5-9f95-9bc70fe162d5" testName="NeoSharp.Tests.Types.Hash256Tests.Constructor_WithValidBytes_ShouldCreateHash" computerName="r3e" duration="00:00:00.0001672" startTime="2025-08-22T09:53:19.6370379+00:00" endTime="2025-08-22T09:53:19.6370380+00:00" testType="13cdc9d9-ddb5-4fa4-a97d-d965ccfc6d4b" outcome="Passed" testListId="8c84fa94-04c1-424b-9868-57a2d4851a1d" relativeResultsDirectory="9529435d-b1a3-4345-8fc8-1f2a8e5b30c2" />
    <UnitTestResult executionId="edebb16d-b257-41a2-9539-b58dde5c3ffa" testId="bd7495bc-9b5e-cec7-dd03-e6762280b2fa" testName="NeoSharp.Tests.Crypto.Base64Tests.Base64Encode_ForString_ShouldEncodeCorrectly" computerName="r3e" duration="00:00:00.0001434" startTime="2025-08-22T09:53:19.5204837+00:00" endTime="2025-08-22T09:53:19.5204837+00:00" testType="13cdc9d9-ddb5-4fa4-a97d-d965ccfc6d4b" outcome="Passed" testListId="8c84fa94-04c1-424b-9868-57a2d4851a1d" relativeResultsDirectory="edebb16d-b257-41a2-9539-b58dde5c3ffa" />
    <UnitTestResult executionId="61999b49-af4c-44c1-8066-a0cc42b3ce27" testId="8bf81e66-377b-fa96-3dfc-8bfd6c40e44c" testName="NeoSharp.Tests.Wallet.AccountTests.CreateMultiSigAccount_WithEmptyPublicKeys_ShouldThrowArgumentException" computerName="r3e" duration="00:00:00.0013979" startTime="2025-08-22T09:53:50.0383754+00:00" endTime="2025-08-22T09:53:50.0383754+00:00" testType="13cdc9d9-ddb5-4fa4-a97d-d965ccfc6d4b" outcome="Passed" testListId="8c84fa94-04c1-424b-9868-57a2d4851a1d" relativeResultsDirectory="61999b49-af4c-44c1-8066-a0cc42b3ce27" />
    <UnitTestResult executionId="4c67b67d-aa16-4759-8c46-dd0850b9e177" testId="92594ce4-a29a-2f60-6b95-8de7cbb18821" testName="NeoSharp.Tests.Contract.SmartContractTests.ScriptHash_ShouldBeReadOnly" computerName="r3e" duration="00:00:00.0022705" startTime="2025-08-22T09:53:19.6656085+00:00" endTime="2025-08-22T09:53:19.6656086+00:00" testType="13cdc9d9-ddb5-4fa4-a97d-d965ccfc6d4b" outcome="Passed" testListId="8c84fa94-04c1-424b-9868-57a2d4851a1d" relativeResultsDirectory="4c67b67d-aa16-4759-8c46-dd0850b9e177" />
  </Results>
  <TestDefinitions>
    <UnitTest name="NeoSharp.Tests.Crypto.Base58Tests.TestBase58DecodingKnownValues(base58Input: &quot;Rt5zm&quot;, expectedHex: &quot;10c8511e&quot;)" storage="/home/ubuntu/neoswift/neosharp/tests/neosharp.tests/bin/debug/net9.0/neosharp.tests.dll" id="37ed753f-fb31-f836-a9b4-732002d7c58a">
      <Execution id="31ae3f3d-7293-4210-9057-31bbcd69dcd1" />
      <TestMethod codeBase="/home/ubuntu/NeoSwift/NeoSharp/tests/NeoSharp.Tests/bin/Debug/net9.0/NeoSharp.Tests.dll" adapterTypeName="executor://xunit/VsTestRunner2/netcoreapp" className="NeoSharp.Tests.Crypto.Base58Tests" name="TestBase58DecodingKnownValues" />
    </UnitTest>
    <UnitTest name="NeoSharp.Tests.Crypto.SecurityTests.TestWIFImportSecurely" storage="/home/ubuntu/neoswift/neosharp/tests/neosharp.tests/bin/debug/net9.0/neosharp.tests.dll" id="d09a547b-4f67-e1d1-0bc4-62a721e6d668">
      <Execution id="ddf6a145-ce97-49a1-a6d8-08d522dd77af" />
      <TestMethod codeBase="/home/ubuntu/NeoSwift/NeoSharp/tests/NeoSharp.Tests/bin/Debug/net9.0/NeoSharp.Tests.dll" adapterTypeName="executor://xunit/VsTestRunner2/netcoreapp" className="NeoSharp.Tests.Crypto.SecurityTests" name="TestWIFImportSecurely" />
    </UnitTest>
    <UnitTest name="NeoSharp.Tests.Contract.SmartContractTests.Equals_ShouldCompareByScriptHash" storage="/home/ubuntu/neoswift/neosharp/tests/neosharp.tests/bin/debug/net9.0/neosharp.tests.dll" id="29456248-06fd-18a6-b06f-ad49591a0ced">
      <Execution id="c92ae235-76c4-4fe4-9b8f-50f9277f2dfa" />
      <TestMethod codeBase="/home/ubuntu/NeoSwift/NeoSharp/tests/NeoSharp.Tests/bin/Debug/net9.0/NeoSharp.Tests.dll" adapterTypeName="executor://xunit/VsTestRunner2/netcoreapp" className="NeoSharp.Tests.Contract.SmartContractTests" name="Equals_ShouldCompareByScriptHash" />
    </UnitTest>
    <UnitTest name="NeoSharp.Tests.Serialization.BinaryWriterTests.WriteBoolean_ShouldWriteBooleaneanAsBytes" storage="/home/ubuntu/neoswift/neosharp/tests/neosharp.tests/bin/debug/net9.0/neosharp.tests.dll" id="a62b168f-b9b1-d2df-3ac2-1df7f1c9725e">
      <Execution id="656c7746-417b-4672-8e62-7838860acf66" />
      <TestMethod codeBase="/home/ubuntu/NeoSwift/NeoSharp/tests/NeoSharp.Tests/bin/Debug/net9.0/NeoSharp.Tests.dll" adapterTypeName="executor://xunit/VsTestRunner2/netcoreapp" className="NeoSharp.Tests.Serialization.BinaryWriterTests" name="WriteBoolean_ShouldWriteBooleaneanAsBytes" />
    </UnitTest>
    <UnitTest name="NeoSharp.Tests.Types.ContractParameterTests.ToJson_Boolean_ShouldSerializeCorrectly" storage="/home/ubuntu/neoswift/neosharp/tests/neosharp.tests/bin/debug/net9.0/neosharp.tests.dll" id="46dc94f7-ad9d-a3be-24f6-15ca29f318c8">
      <Execution id="118963f4-4fbc-44b5-a7c0-de8c6a3737d6" />
      <TestMethod codeBase="/home/ubuntu/NeoSwift/NeoSharp/tests/NeoSharp.Tests/bin/Debug/net9.0/NeoSharp.Tests.dll" adapterTypeName="executor://xunit/VsTestRunner2/netcoreapp" className="NeoSharp.Tests.Types.ContractParameterTests" name="ToJson_Boolean_ShouldSerializeCorrectly" />
    </UnitTest>
    <UnitTest name="NeoSharp.Tests.Crypto.Bip32ECKeyPairTests.TestVectors3" storage="/home/ubuntu/neoswift/neosharp/tests/neosharp.tests/bin/debug/net9.0/neosharp.tests.dll" id="37b43959-e293-89a7-a436-5db3f7c6bca6">
      <Execution id="64b0a1ac-e979-46b6-aa15-b0bd121cfa73" />
      <TestMethod codeBase="/home/ubuntu/NeoSwift/NeoSharp/tests/NeoSharp.Tests/bin/Debug/net9.0/NeoSharp.Tests.dll" adapterTypeName="executor://xunit/VsTestRunner2/netcoreapp" className="NeoSharp.Tests.Crypto.Bip32ECKeyPairTests" name="TestVectors3" />
    </UnitTest>
    <UnitTest name="NeoSharp.Tests.Crypto.NEP2Tests.TestNEP2AddressGeneration" storage="/home/ubuntu/neoswift/neosharp/tests/neosharp.tests/bin/debug/net9.0/neosharp.tests.dll" id="8dc7aaf8-eccc-25c6-3e3b-36a084427ca9">
      <Execution id="3644cbda-8502-4087-b6be-7a5ae6b9af7b" />
      <TestMethod codeBase="/home/ubuntu/NeoSwift/NeoSharp/tests/NeoSharp.Tests/bin/Debug/net9.0/NeoSharp.Tests.dll" adapterTypeName="executor://xunit/VsTestRunner2/netcoreapp" className="NeoSharp.Tests.Crypto.NEP2Tests" name="TestNEP2AddressGeneration" />
    </UnitTest>
    <UnitTest name="NeoSharp.Tests.Crypto.WIFTests.InvalidPrivateKeyLength_ShouldThrowWIFException(length: 31)" storage="/home/ubuntu/neoswift/neosharp/tests/neosharp.tests/bin/debug/net9.0/neosharp.tests.dll" id="a725406b-a2e9-2dd0-1f6b-0aa81740b95d">
      <Execution id="2d5f7514-33d2-4c54-8749-2834c05a377f" />
      <TestMethod codeBase="/home/ubuntu/NeoSwift/NeoSharp/tests/NeoSharp.Tests/bin/Debug/net9.0/NeoSharp.Tests.dll" adapterTypeName="executor://xunit/VsTestRunner2/netcoreapp" className="NeoSharp.Tests.Crypto.WIFTests" name="InvalidPrivateKeyLength_ShouldThrowWIFException" />
    </UnitTest>
    <UnitTest name="NeoSharp.Tests.Crypto.NEP2Tests.TestDecryptWithNonDefaultScryptParams" storage="/home/ubuntu/neoswift/neosharp/tests/neosharp.tests/bin/debug/net9.0/neosharp.tests.dll" id="35966a0e-660b-4e81-3caf-977868899497">
      <Execution id="42b3997a-5d16-47fe-b9ef-669d76175acb" />
      <TestMethod codeBase="/home/ubuntu/NeoSwift/NeoSharp/tests/NeoSharp.Tests/bin/Debug/net9.0/NeoSharp.Tests.dll" adapterTypeName="executor://xunit/VsTestRunner2/netcoreapp" className="NeoSharp.Tests.Crypto.NEP2Tests" name="TestDecryptWithNonDefaultScryptParams" />
    </UnitTest>
    <UnitTest name="NeoSharp.Tests.Crypto.Base58Tests.TestBase58CheckDecoding" storage="/home/ubuntu/neoswift/neosharp/tests/neosharp.tests/bin/debug/net9.0/neosharp.tests.dll" id="dc528239-1430-c276-350b-70d67eb64991">
      <Execution id="a8ce9f3b-4d8f-4440-a0ef-b986d6eef724" />
      <TestMethod codeBase="/home/ubuntu/NeoSwift/NeoSharp/tests/NeoSharp.Tests/bin/Debug/net9.0/NeoSharp.Tests.dll" adapterTypeName="executor://xunit/VsTestRunner2/netcoreapp" className="NeoSharp.Tests.Crypto.Base58Tests" name="TestBase58CheckDecoding" />
    </UnitTest>
    <UnitTest name="NeoSharp.Tests.Types.EnumTypeTests.ContractParameterType_Collections_ShouldBeDetected" storage="/home/ubuntu/neoswift/neosharp/tests/neosharp.tests/bin/debug/net9.0/neosharp.tests.dll" id="dcb9e996-abcc-94c1-715a-a881c7c87d00">
      <Execution id="38a5306c-c6c4-4345-aa18-841d51c047b3" />
      <TestMethod codeBase="/home/ubuntu/NeoSwift/NeoSharp/tests/NeoSharp.Tests/bin/Debug/net9.0/NeoSharp.Tests.dll" adapterTypeName="executor://xunit/VsTestRunner2/netcoreapp" className="NeoSharp.Tests.Types.EnumTypeTests" name="ContractParameterType_Collections_ShouldBeDetected" />
    </UnitTest>
    <UnitTest name="NeoSharp.Tests.Types.EnumTypeTests.ContractParameterType_ShouldWorkCorrectly" storage="/home/ubuntu/neoswift/neosharp/tests/neosharp.tests/bin/debug/net9.0/neosharp.tests.dll" id="7e022a46-3a6a-f120-12f8-5e2c3f2247c2">
      <Execution id="c43224a5-1f45-4979-8212-82d2d5121e0e" />
      <TestMethod codeBase="/home/ubuntu/NeoSwift/NeoSharp/tests/NeoSharp.Tests/bin/Debug/net9.0/NeoSharp.Tests.dll" adapterTypeName="executor://xunit/VsTestRunner2/netcoreapp" className="NeoSharp.Tests.Types.EnumTypeTests" name="ContractParameterType_ShouldWorkCorrectly" />
    </UnitTest>
    <UnitTest name="NeoSharp.Tests.Contract.SmartContractTests.BuildInvokeFunctionScript_WithNullMethod_ShouldThrowArgumentNullException" storage="/home/ubuntu/neoswift/neosharp/tests/neosharp.tests/bin/debug/net9.0/neosharp.tests.dll" id="125ad7c0-573e-815a-337e-6925403e5304">
      <Execution id="e0583517-fe2c-46a8-9773-22cfc20194b1" />
      <TestMethod codeBase="/home/ubuntu/NeoSwift/NeoSharp/tests/NeoSharp.Tests/bin/Debug/net9.0/NeoSharp.Tests.dll" adapterTypeName="executor://xunit/VsTestRunner2/netcoreapp" className="NeoSharp.Tests.Contract.SmartContractTests" name="BuildInvokeFunctionScript_WithNullMethod_ShouldThrowArgumentNullException" />
    </UnitTest>
    <UnitTest name="NeoSharp.Tests.Types.EnumTypeTests.ContractParameterType_AllValues_ShouldHaveCorrectProperties(paramType: Hash160, expectedJson: &quot;Hash160&quot;, expectedByte: 20)" storage="/home/ubuntu/neoswift/neosharp/tests/neosharp.tests/bin/debug/net9.0/neosharp.tests.dll" id="b2140eb5-1158-292e-b391-05603b283241">
      <Execution id="93c638b0-e9e2-491e-abc6-a21ca4396827" />
      <TestMethod codeBase="/home/ubuntu/NeoSwift/NeoSharp/tests/NeoSharp.Tests/bin/Debug/net9.0/NeoSharp.Tests.dll" adapterTypeName="executor://xunit/VsTestRunner2/netcoreapp" className="NeoSharp.Tests.Types.EnumTypeTests" name="ContractParameterType_AllValues_ShouldHaveCorrectProperties" />
    </UnitTest>
    <UnitTest name="NeoSharp.Tests.Serialization.BinaryWriterTests.Length_ShouldReturnCorrectLength" storage="/home/ubuntu/neoswift/neosharp/tests/neosharp.tests/bin/debug/net9.0/neosharp.tests.dll" id="101a5c4c-d35c-9c36-c5db-34a72d861be1">
      <Execution id="03ecca86-d509-4af4-9e32-1c6b98710cae" />
      <TestMethod codeBase="/home/ubuntu/NeoSwift/NeoSharp/tests/NeoSharp.Tests/bin/Debug/net9.0/NeoSharp.Tests.dll" adapterTypeName="executor://xunit/VsTestRunner2/netcoreapp" className="NeoSharp.Tests.Serialization.BinaryWriterTests" name="Length_ShouldReturnCorrectLength" />
    </UnitTest>
    <UnitTest name="NeoSharp.Tests.Types.Hash160Tests.FromPublicKey_WithValidPublicKey_ShouldCreateHash" storage="/home/ubuntu/neoswift/neosharp/tests/neosharp.tests/bin/debug/net9.0/neosharp.tests.dll" id="bccc2445-89a6-1399-42c4-b4fe289cc575">
      <Execution id="4eedecaa-f10f-4720-9cbe-c9432fdd2de5" />
      <TestMethod codeBase="/home/ubuntu/NeoSwift/NeoSharp/tests/NeoSharp.Tests/bin/Debug/net9.0/NeoSharp.Tests.dll" adapterTypeName="executor://xunit/VsTestRunner2/netcoreapp" className="NeoSharp.Tests.Types.Hash160Tests" name="FromPublicKey_WithValidPublicKey_ShouldCreateHash" />
    </UnitTest>
    <UnitTest name="NeoSharp.Tests.Wallet.AccountTests.FromVerificationScript_ShouldCreateCorrectAccount" storage="/home/ubuntu/neoswift/neosharp/tests/neosharp.tests/bin/debug/net9.0/neosharp.tests.dll" id="e0f51f72-d8b8-59e9-9de3-c6b33c399d4f">
      <Execution id="2c3d207d-b94d-4222-84cd-76eaa29b7c92" />
      <TestMethod codeBase="/home/ubuntu/NeoSwift/NeoSharp/tests/NeoSharp.Tests/bin/Debug/net9.0/NeoSharp.Tests.dll" adapterTypeName="executor://xunit/VsTestRunner2/netcoreapp" className="NeoSharp.Tests.Wallet.AccountTests" name="FromVerificationScript_ShouldCreateCorrectAccount" />
    </UnitTest>
    <UnitTest name="NeoSharp.Tests.Types.Hash160Tests.ToAddress_ShouldReturnCorrectAddress" storage="/home/ubuntu/neoswift/neosharp/tests/neosharp.tests/bin/debug/net9.0/neosharp.tests.dll" id="1289e3dd-43be-584e-b51e-23570abe3f5d">
      <Execution id="ac6d706b-309b-4823-8332-51c04e84327a" />
      <TestMethod codeBase="/home/ubuntu/NeoSwift/NeoSharp/tests/NeoSharp.Tests/bin/Debug/net9.0/NeoSharp.Tests.dll" adapterTypeName="executor://xunit/VsTestRunner2/netcoreapp" className="NeoSharp.Tests.Types.Hash160Tests" name="ToAddress_ShouldReturnCorrectAddress" />
    </UnitTest>
    <UnitTest name="NeoSharp.Tests.Crypto.WIFTests.InvalidChecksum_ShouldThrowException" storage="/home/ubuntu/neoswift/neosharp/tests/neosharp.tests/bin/debug/net9.0/neosharp.tests.dll" id="510613cb-21e1-a1c9-bb93-eed81a23f6dd">
      <Execution id="fc7a239c-e324-4224-888a-f1d4a39acd34" />
      <TestMethod codeBase="/home/ubuntu/NeoSwift/NeoSharp/tests/NeoSharp.Tests/bin/Debug/net9.0/NeoSharp.Tests.dll" adapterTypeName="executor://xunit/VsTestRunner2/netcoreapp" className="NeoSharp.Tests.Crypto.WIFTests" name="InvalidChecksum_ShouldThrowException" />
    </UnitTest>
    <UnitTest name="NeoSharp.Tests.Serialization.BinaryReaderTests.ReadVarBytes_ShouldReadVariableBytes" storage="/home/ubuntu/neoswift/neosharp/tests/neosharp.tests/bin/debug/net9.0/neosharp.tests.dll" id="7d2410b8-3c58-b582-417b-c169fd10082a">
      <Execution id="cc8187fd-2aa2-41b0-99db-584cedb282d9" />
      <TestMethod codeBase="/home/ubuntu/NeoSwift/NeoSharp/tests/NeoSharp.Tests/bin/Debug/net9.0/NeoSharp.Tests.dll" adapterTypeName="executor://xunit/VsTestRunner2/netcoreapp" className="NeoSharp.Tests.Serialization.BinaryReaderTests" name="ReadVarBytes_ShouldReadVariableBytes" />
    </UnitTest>
    <UnitTest name="NeoSharp.Tests.Serialization.BinaryWriterTests.ToArray_ShouldReturnAllWrittenData" storage="/home/ubuntu/neoswift/neosharp/tests/neosharp.tests/bin/debug/net9.0/neosharp.tests.dll" id="5c8b8879-3785-ed7e-8517-b4801c6cd5ed">
      <Execution id="bdad2f80-5d8e-4c7d-b6ec-7fbf450a76c3" />
      <TestMethod codeBase="/home/ubuntu/NeoSwift/NeoSharp/tests/NeoSharp.Tests/bin/Debug/net9.0/NeoSharp.Tests.dll" adapterTypeName="executor://xunit/VsTestRunner2/netcoreapp" className="NeoSharp.Tests.Serialization.BinaryWriterTests" name="ToArray_ShouldReturnAllWrittenData" />
    </UnitTest>
    <UnitTest name="NeoSharp.Tests.Crypto.WIFTests.UncompressedWif_ShouldDecodeCorrectly" storage="/home/ubuntu/neoswift/neosharp/tests/neosharp.tests/bin/debug/net9.0/neosharp.tests.dll" id="51f5edf3-4cf1-eb27-23e0-a2855310af0f">
      <Execution id="5b7957d5-f69c-427d-b923-c92fe51baa5b" />
      <TestMethod codeBase="/home/ubuntu/NeoSwift/NeoSharp/tests/NeoSharp.Tests/bin/Debug/net9.0/NeoSharp.Tests.dll" adapterTypeName="executor://xunit/VsTestRunner2/netcoreapp" className="NeoSharp.Tests.Crypto.WIFTests" name="UncompressedWif_ShouldDecodeCorrectly" />
    </UnitTest>
    <UnitTest name="NeoSharp.Tests.Types.ContractParameterTests.Hash160_ShouldCreateHash160Parameter" storage="/home/ubuntu/neoswift/neosharp/tests/neosharp.tests/bin/debug/net9.0/neosharp.tests.dll" id="7b266048-0978-0a8c-a97a-95543f8ed20d">
      <Execution id="f1f74886-9d10-47d3-8c5c-eb6ae0044d53" />
      <TestMethod codeBase="/home/ubuntu/NeoSwift/NeoSharp/tests/NeoSharp.Tests/bin/Debug/net9.0/NeoSharp.Tests.dll" adapterTypeName="executor://xunit/VsTestRunner2/netcoreapp" className="NeoSharp.Tests.Types.ContractParameterTests" name="Hash160_ShouldCreateHash160Parameter" />
    </UnitTest>
    <UnitTest name="NeoSharp.Tests.Types.EnumTypeTests.ContractParameterType_AllValues_ShouldHaveCorrectProperties(paramType: PublicKey, expectedJson: &quot;PublicKey&quot;, expectedByte: 22)" storage="/home/ubuntu/neoswift/neosharp/tests/neosharp.tests/bin/debug/net9.0/neosharp.tests.dll" id="caf3251d-1749-3055-5c33-0c4dbf193eaf">
      <Execution id="d0f3c85f-167b-4580-85b5-1cb135e750c0" />
      <TestMethod codeBase="/home/ubuntu/NeoSwift/NeoSharp/tests/NeoSharp.Tests/bin/Debug/net9.0/NeoSharp.Tests.dll" adapterTypeName="executor://xunit/VsTestRunner2/netcoreapp" className="NeoSharp.Tests.Types.EnumTypeTests" name="ContractParameterType_AllValues_ShouldHaveCorrectProperties" />
    </UnitTest>
    <UnitTest name="NeoSharp.Tests.Crypto.Bip32ECKeyPairTests.TestPathValidation" storage="/home/ubuntu/neoswift/neosharp/tests/neosharp.tests/bin/debug/net9.0/neosharp.tests.dll" id="693f5a41-e6ea-2fe8-b639-69d705d0deef">
      <Execution id="8ff2ac2e-53b1-41f3-bb81-49c55c1c81a6" />
      <TestMethod codeBase="/home/ubuntu/NeoSwift/NeoSharp/tests/NeoSharp.Tests/bin/Debug/net9.0/NeoSharp.Tests.dll" adapterTypeName="executor://xunit/VsTestRunner2/netcoreapp" className="NeoSharp.Tests.Crypto.Bip32ECKeyPairTests" name="TestPathValidation" />
    </UnitTest>
    <UnitTest name="NeoSharp.Tests.Crypto.Base58Tests.TestBase58EncodingKnownValues(hexInput: &quot;516b6fcd0f&quot;, expectedBase58: &quot;ABnLTmg&quot;)" storage="/home/ubuntu/neoswift/neosharp/tests/neosharp.tests/bin/debug/net9.0/neosharp.tests.dll" id="137931c0-8691-6fca-7f01-9635ba02a966">
      <Execution id="9874e81c-6bb6-421d-a5ee-18fdc112b7fd" />
      <TestMethod codeBase="/home/ubuntu/NeoSwift/NeoSharp/tests/NeoSharp.Tests/bin/Debug/net9.0/NeoSharp.Tests.dll" adapterTypeName="executor://xunit/VsTestRunner2/netcoreapp" className="NeoSharp.Tests.Crypto.Base58Tests" name="TestBase58EncodingKnownValues" />
    </UnitTest>
    <UnitTest name="NeoSharp.Tests.Crypto.SecurityTests.TestPrivateKeyNotInMemoryAfterClear" storage="/home/ubuntu/neoswift/neosharp/tests/neosharp.tests/bin/debug/net9.0/neosharp.tests.dll" id="8e8c20ef-c921-4caa-8e32-3f8b87a136b8">
      <Execution id="be35591c-897d-49fa-bf39-6692673c0d66" />
      <TestMethod codeBase="/home/ubuntu/NeoSwift/NeoSharp/tests/NeoSharp.Tests/bin/Debug/net9.0/NeoSharp.Tests.dll" adapterTypeName="executor://xunit/VsTestRunner2/netcoreapp" className="NeoSharp.Tests.Crypto.SecurityTests" name="TestPrivateKeyNotInMemoryAfterClear" />
    </UnitTest>
    <UnitTest name="NeoSharp.Tests.Types.Hash256Tests.FromLittleEndianBytes_ShouldCreateHashCorrectly" storage="/home/ubuntu/neoswift/neosharp/tests/neosharp.tests/bin/debug/net9.0/neosharp.tests.dll" id="a705c5d0-b329-898a-1d9c-c7cf3ccf19ed">
      <Execution id="923d6ae3-a550-461b-8165-41811f6ca670" />
      <TestMethod codeBase="/home/ubuntu/NeoSwift/NeoSharp/tests/NeoSharp.Tests/bin/Debug/net9.0/NeoSharp.Tests.dll" adapterTypeName="executor://xunit/VsTestRunner2/netcoreapp" className="NeoSharp.Tests.Types.Hash256Tests" name="FromLittleEndianBytes_ShouldCreateHashCorrectly" />
    </UnitTest>
    <UnitTest name="NeoSharp.Tests.Wallet.AccountTests.EncryptPrivateKey_ShouldEncryptPrivateKey" storage="/home/ubuntu/neoswift/neosharp/tests/neosharp.tests/bin/debug/net9.0/neosharp.tests.dll" id="0aff520c-12c7-ea64-ba02-ff6e8d29b49f">
      <Execution id="79b138cc-d7cb-466d-bbbb-d978c62d5ff3" />
      <TestMethod codeBase="/home/ubuntu/NeoSwift/NeoSharp/tests/NeoSharp.Tests/bin/Debug/net9.0/NeoSharp.Tests.dll" adapterTypeName="executor://xunit/VsTestRunner2/netcoreapp" className="NeoSharp.Tests.Wallet.AccountTests" name="EncryptPrivateKey_ShouldEncryptPrivateKey" />
    </UnitTest>
    <UnitTest name="NeoSharp.Tests.Crypto.SecurityTests.TestConstantTimeStringComparison" storage="/home/ubuntu/neoswift/neosharp/tests/neosharp.tests/bin/debug/net9.0/neosharp.tests.dll" id="1c147b09-1397-43a6-8b37-d96f2d1f3ed4">
      <Execution id="1fea9e91-7571-4eff-b98d-fc9b8c3d0c48" />
      <TestMethod codeBase="/home/ubuntu/NeoSwift/NeoSharp/tests/NeoSharp.Tests/bin/Debug/net9.0/NeoSharp.Tests.dll" adapterTypeName="executor://xunit/VsTestRunner2/netcoreapp" className="NeoSharp.Tests.Crypto.SecurityTests" name="TestConstantTimeStringComparison" />
    </UnitTest>
    <UnitTest name="NeoSharp.Tests.Types.Hash160Tests.Parse_WithKnownContractHashes_ShouldSucceed(contractHash: &quot;0xd2a4cff31913016155e38e474a2c06d08be276cf&quot;)" storage="/home/ubuntu/neoswift/neosharp/tests/neosharp.tests/bin/debug/net9.0/neosharp.tests.dll" id="dc4a098b-795d-74bb-d48d-bb930ac51271">
      <Execution id="122ee427-da96-4a99-8179-0f21e02b347d" />
      <TestMethod codeBase="/home/ubuntu/NeoSwift/NeoSharp/tests/NeoSharp.Tests/bin/Debug/net9.0/NeoSharp.Tests.dll" adapterTypeName="executor://xunit/VsTestRunner2/netcoreapp" className="NeoSharp.Tests.Types.Hash160Tests" name="Parse_WithKnownContractHashes_ShouldSucceed" />
    </UnitTest>
    <UnitTest name="NeoSharp.Tests.Crypto.Base58Tests.TestBase58DecodingKnownValues(base58Input: &quot;2g&quot;, expectedHex: &quot;61&quot;)" storage="/home/ubuntu/neoswift/neosharp/tests/neosharp.tests/bin/debug/net9.0/neosharp.tests.dll" id="969475b1-614e-3792-edcc-ede55f705bde">
      <Execution id="5b5df949-5450-43ae-b5dc-554c4283ea59" />
      <TestMethod codeBase="/home/ubuntu/NeoSwift/NeoSharp/tests/NeoSharp.Tests/bin/Debug/net9.0/NeoSharp.Tests.dll" adapterTypeName="executor://xunit/VsTestRunner2/netcoreapp" className="NeoSharp.Tests.Crypto.Base58Tests" name="TestBase58DecodingKnownValues" />
    </UnitTest>
    <UnitTest name="NeoSharp.Tests.Types.EnumTypeTests.ContractParameterType_AllValues_ShouldHaveCorrectProperties(paramType: Signature, expectedJson: &quot;Signature&quot;, expectedByte: 23)" storage="/home/ubuntu/neoswift/neosharp/tests/neosharp.tests/bin/debug/net9.0/neosharp.tests.dll" id="fa3a59df-facb-0618-e063-22bae6a6587f">
      <Execution id="865abb61-65e9-4a3b-bf8d-70b3fa97f9e0" />
      <TestMethod codeBase="/home/ubuntu/NeoSwift/NeoSharp/tests/NeoSharp.Tests/bin/Debug/net9.0/NeoSharp.Tests.dll" adapterTypeName="executor://xunit/VsTestRunner2/netcoreapp" className="NeoSharp.Tests.Types.EnumTypeTests" name="ContractParameterType_AllValues_ShouldHaveCorrectProperties" />
    </UnitTest>
    <UnitTest name="NeoSharp.Tests.Crypto.WIFTests.EmptyWifString_ShouldThrowWIFException" storage="/home/ubuntu/neoswift/neosharp/tests/neosharp.tests/bin/debug/net9.0/neosharp.tests.dll" id="deb531c7-2015-a88f-674c-68295032b174">
      <Execution id="5c639ac3-914e-4b24-bb14-810c293e95ed" />
      <TestMethod codeBase="/home/ubuntu/NeoSwift/NeoSharp/tests/NeoSharp.Tests/bin/Debug/net9.0/NeoSharp.Tests.dll" adapterTypeName="executor://xunit/VsTestRunner2/netcoreapp" className="NeoSharp.Tests.Crypto.WIFTests" name="EmptyWifString_ShouldThrowWIFException" />
    </UnitTest>
    <UnitTest name="NeoSharp.Tests.Script.ScriptBuilderTests.PushByteArray_ShouldHandleDifferentSizes" storage="/home/ubuntu/neoswift/neosharp/tests/neosharp.tests/bin/debug/net9.0/neosharp.tests.dll" id="8c8e5669-cac9-8cd2-8cb1-9da59e2f22d4">
      <Execution id="7db7af2b-e0de-4f88-951b-26e7e5ff625c" />
      <TestMethod codeBase="/home/ubuntu/NeoSwift/NeoSharp/tests/NeoSharp.Tests/bin/Debug/net9.0/NeoSharp.Tests.dll" adapterTypeName="executor://xunit/VsTestRunner2/netcoreapp" className="NeoSharp.Tests.Script.ScriptBuilderTests" name="PushByteArray_ShouldHandleDifferentSizes" />
    </UnitTest>
    <UnitTest name="NeoSharp.Tests.Crypto.Base58Tests.TestBase58DecodingKnownValues(base58Input: &quot;aPEr&quot;, expectedHex: &quot;636363&quot;)" storage="/home/ubuntu/neoswift/neosharp/tests/neosharp.tests/bin/debug/net9.0/neosharp.tests.dll" id="b48c632d-b893-92fa-f886-b99be87992cb">
      <Execution id="c34bff32-7247-4cc0-a19b-16b0712eb621" />
      <TestMethod codeBase="/home/ubuntu/NeoSwift/NeoSharp/tests/NeoSharp.Tests/bin/Debug/net9.0/NeoSharp.Tests.dll" adapterTypeName="executor://xunit/VsTestRunner2/netcoreapp" className="NeoSharp.Tests.Crypto.Base58Tests" name="TestBase58DecodingKnownValues" />
    </UnitTest>
    <UnitTest name="NeoSharp.Tests.Crypto.Base58Tests.TestBase58CheckDecodingWithInvalidCharacters" storage="/home/ubuntu/neoswift/neosharp/tests/neosharp.tests/bin/debug/net9.0/neosharp.tests.dll" id="d386e6a8-91ed-763e-b3a1-4b62ffed5cf3">
      <Execution id="8caf9256-4c94-4763-9bcc-8333f365e1e6" />
      <TestMethod codeBase="/home/ubuntu/NeoSwift/NeoSharp/tests/NeoSharp.Tests/bin/Debug/net9.0/NeoSharp.Tests.dll" adapterTypeName="executor://xunit/VsTestRunner2/netcoreapp" className="NeoSharp.Tests.Crypto.Base58Tests" name="TestBase58CheckDecodingWithInvalidCharacters" />
    </UnitTest>
    <UnitTest name="NeoSharp.Tests.Wallet.AccountTests.GetAddress_ShouldReturnCorrectAddress" storage="/home/ubuntu/neoswift/neosharp/tests/neosharp.tests/bin/debug/net9.0/neosharp.tests.dll" id="45d2fbdd-356c-c68c-8b8d-eb409c7fbdd5">
      <Execution id="f3c7afdc-63a9-4aef-8caf-e3369e59fbd8" />
      <TestMethod codeBase="/home/ubuntu/NeoSwift/NeoSharp/tests/NeoSharp.Tests/bin/Debug/net9.0/NeoSharp.Tests.dll" adapterTypeName="executor://xunit/VsTestRunner2/netcoreapp" className="NeoSharp.Tests.Wallet.AccountTests" name="GetAddress_ShouldReturnCorrectAddress" />
    </UnitTest>
    <UnitTest name="NeoSharp.Tests.Crypto.ECKeyPairTests.NewPublicKeyFromPointWithHexPrefix_ShouldHandlePrefix" storage="/home/ubuntu/neoswift/neosharp/tests/neosharp.tests/bin/debug/net9.0/neosharp.tests.dll" id="06f81819-3fd4-bb37-39ac-53fe9c4dccb5">
      <Execution id="1b9d0302-f333-4b36-9d7a-ac000fcdfef6" />
      <TestMethod codeBase="/home/ubuntu/NeoSwift/NeoSharp/tests/NeoSharp.Tests/bin/Debug/net9.0/NeoSharp.Tests.dll" adapterTypeName="executor://xunit/VsTestRunner2/netcoreapp" className="NeoSharp.Tests.Crypto.ECKeyPairTests" name="NewPublicKeyFromPointWithHexPrefix_ShouldHandlePrefix" />
    </UnitTest>
    <UnitTest name="NeoSharp.Tests.Crypto.NEP2Tests.TestDecryptWithDefaultScryptParams" storage="/home/ubuntu/neoswift/neosharp/tests/neosharp.tests/bin/debug/net9.0/neosharp.tests.dll" id="02b756d5-cbae-c1fe-81a7-b40c49aaf7bf">
      <Execution id="8453b18a-82c8-4589-88bc-6be2d3713559" />
      <TestMethod codeBase="/home/ubuntu/NeoSwift/NeoSharp/tests/NeoSharp.Tests/bin/Debug/net9.0/NeoSharp.Tests.dll" adapterTypeName="executor://xunit/VsTestRunner2/netcoreapp" className="NeoSharp.Tests.Crypto.NEP2Tests" name="TestDecryptWithDefaultScryptParams" />
    </UnitTest>
    <UnitTest name="NeoSharp.Tests.Wallet.AccountTests.Constructor_WithNullKeyPair_ShouldThrowArgumentNullException" storage="/home/ubuntu/neoswift/neosharp/tests/neosharp.tests/bin/debug/net9.0/neosharp.tests.dll" id="61724534-4112-de3a-86e6-9c884b4d524d">
      <Execution id="dc1de1e5-67fe-4f13-8731-e36ddeb8bd43" />
      <TestMethod codeBase="/home/ubuntu/NeoSwift/NeoSharp/tests/NeoSharp.Tests/bin/Debug/net9.0/NeoSharp.Tests.dll" adapterTypeName="executor://xunit/VsTestRunner2/netcoreapp" className="NeoSharp.Tests.Wallet.AccountTests" name="Constructor_WithNullKeyPair_ShouldThrowArgumentNullException" />
    </UnitTest>
    <UnitTest name="NeoSharp.Tests.Wallet.AccountTests.Sign_WithLockedAccount_ShouldThrowException" storage="/home/ubuntu/neoswift/neosharp/tests/neosharp.tests/bin/debug/net9.0/neosharp.tests.dll" id="d9db7865-5d01-a38d-f8ab-fec80d4cd58f">
      <Execution id="fa4e5b36-714c-4db7-985d-b9d125320176" />
      <TestMethod codeBase="/home/ubuntu/NeoSwift/NeoSharp/tests/NeoSharp.Tests/bin/Debug/net9.0/NeoSharp.Tests.dll" adapterTypeName="executor://xunit/VsTestRunner2/netcoreapp" className="NeoSharp.Tests.Wallet.AccountTests" name="Sign_WithLockedAccount_ShouldThrowException" />
    </UnitTest>
    <UnitTest name="NeoSharp.Tests.Wallet.AccountTests.SignData_ShouldCreateValidSignature" storage="/home/ubuntu/neoswift/neosharp/tests/neosharp.tests/bin/debug/net9.0/neosharp.tests.dll" id="7a5cf7da-061e-50b8-db52-35905e76bf20">
      <Execution id="364cf94b-71d3-4cc4-9b82-0b9a60dcf18a" />
      <TestMethod codeBase="/home/ubuntu/NeoSwift/NeoSharp/tests/NeoSharp.Tests/bin/Debug/net9.0/NeoSharp.Tests.dll" adapterTypeName="executor://xunit/VsTestRunner2/netcoreapp" className="NeoSharp.Tests.Wallet.AccountTests" name="SignData_ShouldCreateValidSignature" />
    </UnitTest>
    <UnitTest name="NeoSharp.Tests.Crypto.SignTests.TestSignMessage" storage="/home/ubuntu/neoswift/neosharp/tests/neosharp.tests/bin/debug/net9.0/neosharp.tests.dll" id="a3ae36ff-fb49-636b-3f78-195a1ca621d2">
      <Execution id="489860c3-67f9-43bc-b61e-c81f4941d5a2" />
      <TestMethod codeBase="/home/ubuntu/NeoSwift/NeoSharp/tests/NeoSharp.Tests/bin/Debug/net9.0/NeoSharp.Tests.dll" adapterTypeName="executor://xunit/VsTestRunner2/netcoreapp" className="NeoSharp.Tests.Crypto.SignTests" name="TestSignMessage" />
    </UnitTest>
    <UnitTest name="NeoSharp.Tests.Serialization.BinaryWriterTests.WriteInt64_ShouldWriteCorrectBytes" storage="/home/ubuntu/neoswift/neosharp/tests/neosharp.tests/bin/debug/net9.0/neosharp.tests.dll" id="98f39cc9-60d5-cddc-419a-d6fad552effe">
      <Execution id="ca7fc19a-ec01-4100-8647-20b22fe359ba" />
      <TestMethod codeBase="/home/ubuntu/NeoSwift/NeoSharp/tests/NeoSharp.Tests/bin/Debug/net9.0/NeoSharp.Tests.dll" adapterTypeName="executor://xunit/VsTestRunner2/netcoreapp" className="NeoSharp.Tests.Serialization.BinaryWriterTests" name="WriteInt64_ShouldWriteCorrectBytes" />
    </UnitTest>
    <UnitTest name="NeoSharp.Tests.Types.ContractParameterTests.MapToContractParameter_ShouldHandleVariousTypes" storage="/home/ubuntu/neoswift/neosharp/tests/neosharp.tests/bin/debug/net9.0/neosharp.tests.dll" id="7750cff9-d7c1-7a64-5bf0-bd8412d9d66c">
      <Execution id="ae4a8ea5-a127-4635-b024-9e756f541017" />
      <TestMethod codeBase="/home/ubuntu/NeoSwift/NeoSharp/tests/NeoSharp.Tests/bin/Debug/net9.0/NeoSharp.Tests.dll" adapterTypeName="executor://xunit/VsTestRunner2/netcoreapp" className="NeoSharp.Tests.Types.ContractParameterTests" name="MapToContractParameter_ShouldHandleVariousTypes" />
    </UnitTest>
    <UnitTest name="NeoSharp.Tests.Crypto.NEP2Tests.TestDecryptWithWrongPassword" storage="/home/ubuntu/neoswift/neosharp/tests/neosharp.tests/bin/debug/net9.0/neosharp.tests.dll" id="36429002-8d89-ea56-e975-9c33a5aedcfa">
      <Execution id="bc45fd85-8449-4ac7-88bd-5d27c0337683" />
      <TestMethod codeBase="/home/ubuntu/NeoSwift/NeoSharp/tests/NeoSharp.Tests/bin/Debug/net9.0/NeoSharp.Tests.dll" adapterTypeName="executor://xunit/VsTestRunner2/netcoreapp" className="NeoSharp.Tests.Crypto.NEP2Tests" name="TestDecryptWithWrongPassword" />
    </UnitTest>
    <UnitTest name="NeoSharp.Tests.Script.ScriptBuilderTests.PushInteger_ShouldHandleVeryLargeNumbers" storage="/home/ubuntu/neoswift/neosharp/tests/neosharp.tests/bin/debug/net9.0/neosharp.tests.dll" id="b097dbb8-c1a9-a4fd-8dd1-eb21b696c11d">
      <Execution id="b86d3b4b-17b0-4b10-8383-8dfdb382c1a7" />
      <TestMethod codeBase="/home/ubuntu/NeoSwift/NeoSharp/tests/NeoSharp.Tests/bin/Debug/net9.0/NeoSharp.Tests.dll" adapterTypeName="executor://xunit/VsTestRunner2/netcoreapp" className="NeoSharp.Tests.Script.ScriptBuilderTests" name="PushInteger_ShouldHandleVeryLargeNumbers" />
    </UnitTest>
    <UnitTest name="NeoSharp.Tests.Wallet.AccountTests.FromPublicKey_ShouldCreateCorrectAccount" storage="/home/ubuntu/neoswift/neosharp/tests/neosharp.tests/bin/debug/net9.0/neosharp.tests.dll" id="c0fece1f-9b44-eed0-6d57-25d33d60c993">
      <Execution id="dc818340-4c14-43b3-b34d-4308ae5ee291" />
      <TestMethod codeBase="/home/ubuntu/NeoSwift/NeoSharp/tests/NeoSharp.Tests/bin/Debug/net9.0/NeoSharp.Tests.dll" adapterTypeName="executor://xunit/VsTestRunner2/netcoreapp" className="NeoSharp.Tests.Wallet.AccountTests" name="FromPublicKey_ShouldCreateCorrectAccount" />
    </UnitTest>
    <UnitTest name="NeoSharp.Tests.Crypto.ECKeyPairTests.NewPublicKeyFromStringWithInvalidSize_ShouldThrowException" storage="/home/ubuntu/neoswift/neosharp/tests/neosharp.tests/bin/debug/net9.0/neosharp.tests.dll" id="e29c4f29-7204-f094-f66e-43917242093b">
      <Execution id="7dba64c3-6fb8-4336-aed6-3867a90d883f" />
      <TestMethod codeBase="/home/ubuntu/NeoSwift/NeoSharp/tests/NeoSharp.Tests/bin/Debug/net9.0/NeoSharp.Tests.dll" adapterTypeName="executor://xunit/VsTestRunner2/netcoreapp" className="NeoSharp.Tests.Crypto.ECKeyPairTests" name="NewPublicKeyFromStringWithInvalidSize_ShouldThrowException" />
    </UnitTest>
    <UnitTest name="NeoSharp.Tests.Types.EnumTypeTests.OpCode_ShouldHaveCorrectByteValues" storage="/home/ubuntu/neoswift/neosharp/tests/neosharp.tests/bin/debug/net9.0/neosharp.tests.dll" id="8f7f6552-5520-b454-97d1-e1ac4c03bd80">
      <Execution id="5ec6862e-75bf-4f04-af27-e749b9cf1028" />
      <TestMethod codeBase="/home/ubuntu/NeoSwift/NeoSharp/tests/NeoSharp.Tests/bin/Debug/net9.0/NeoSharp.Tests.dll" adapterTypeName="executor://xunit/VsTestRunner2/netcoreapp" className="NeoSharp.Tests.Types.EnumTypeTests" name="OpCode_ShouldHaveCorrectByteValues" />
    </UnitTest>
    <UnitTest name="NeoSharp.Tests.Types.ContractParameterTests.ToJson_Integer_ShouldSerializeCorrectly" storage="/home/ubuntu/neoswift/neosharp/tests/neosharp.tests/bin/debug/net9.0/neosharp.tests.dll" id="5a36d705-aa38-507a-4b32-976bc129677f">
      <Execution id="ba0c1568-d1de-4f12-b7f3-ccd08731f2f0" />
      <TestMethod codeBase="/home/ubuntu/NeoSwift/NeoSharp/tests/NeoSharp.Tests/bin/Debug/net9.0/NeoSharp.Tests.dll" adapterTypeName="executor://xunit/VsTestRunner2/netcoreapp" className="NeoSharp.Tests.Types.ContractParameterTests" name="ToJson_Integer_ShouldSerializeCorrectly" />
    </UnitTest>
    <UnitTest name="NeoSharp.Tests.Types.Hash160Tests.Size_ShouldReturn20" storage="/home/ubuntu/neoswift/neosharp/tests/neosharp.tests/bin/debug/net9.0/neosharp.tests.dll" id="cf9fb0fd-61f7-dc81-2870-e2efb0a27e99">
      <Execution id="6b1e5412-4055-42f7-9bc7-352cb3b1f563" />
      <TestMethod codeBase="/home/ubuntu/NeoSwift/NeoSharp/tests/NeoSharp.Tests/bin/Debug/net9.0/NeoSharp.Tests.dll" adapterTypeName="executor://xunit/VsTestRunner2/netcoreapp" className="NeoSharp.Tests.Types.Hash160Tests" name="Size_ShouldReturn20" />
    </UnitTest>
    <UnitTest name="NeoSharp.Tests.Wallet.AccountTests.Constructor_WithExistingKeyPair_ShouldCreateCorrectAccount" storage="/home/ubuntu/neoswift/neosharp/tests/neosharp.tests/bin/debug/net9.0/neosharp.tests.dll" id="3ed16a39-f753-1684-2bda-2743af606520">
      <Execution id="5cf5b965-23bf-4fb5-aa0e-f34d542af8d7" />
      <TestMethod codeBase="/home/ubuntu/NeoSwift/NeoSharp/tests/NeoSharp.Tests/bin/Debug/net9.0/NeoSharp.Tests.dll" adapterTypeName="executor://xunit/VsTestRunner2/netcoreapp" className="NeoSharp.Tests.Wallet.AccountTests" name="Constructor_WithExistingKeyPair_ShouldCreateCorrectAccount" />
    </UnitTest>
    <UnitTest name="NeoSharp.Tests.Types.Hash160Tests.FromScript_WithValidScript_ShouldCreateHash" storage="/home/ubuntu/neoswift/neosharp/tests/neosharp.tests/bin/debug/net9.0/neosharp.tests.dll" id="6f06f4f6-7e48-c0da-1fff-f5c44b023382">
      <Execution id="d593b740-dbd4-47e0-bcde-b3eb5b9e916e" />
      <TestMethod codeBase="/home/ubuntu/NeoSwift/NeoSharp/tests/NeoSharp.Tests/bin/Debug/net9.0/NeoSharp.Tests.dll" adapterTypeName="executor://xunit/VsTestRunner2/netcoreapp" className="NeoSharp.Tests.Types.Hash160Tests" name="FromScript_WithValidScript_ShouldCreateHash" />
    </UnitTest>
    <UnitTest name="NeoSharp.Tests.Crypto.Base58Tests.TestBase58EncodingKnownValues(hexInput: &quot;ecac89cad93923c02321&quot;, expectedBase58: &quot;EJDM8drfXA6uyA&quot;)" storage="/home/ubuntu/neoswift/neosharp/tests/neosharp.tests/bin/debug/net9.0/neosharp.tests.dll" id="bb02b94f-37a8-19ca-090b-2dc88817d8ad">
      <Execution id="bdea10c9-86f8-462c-b4c3-17a25672475c" />
      <TestMethod codeBase="/home/ubuntu/NeoSwift/NeoSharp/tests/NeoSharp.Tests/bin/Debug/net9.0/NeoSharp.Tests.dll" adapterTypeName="executor://xunit/VsTestRunner2/netcoreapp" className="NeoSharp.Tests.Crypto.Base58Tests" name="TestBase58EncodingKnownValues" />
    </UnitTest>
    <UnitTest name="NeoSharp.Tests.Types.Hash160Tests.FromLittleEndianBytes_ShouldCreateHashCorrectly" storage="/home/ubuntu/neoswift/neosharp/tests/neosharp.tests/bin/debug/net9.0/neosharp.tests.dll" id="693de814-d436-dc86-2f4b-cd82be387302">
      <Execution id="680e98fc-f675-469c-a2d0-fbd7a58b1dda" />
      <TestMethod codeBase="/home/ubuntu/NeoSwift/NeoSharp/tests/NeoSharp.Tests/bin/Debug/net9.0/NeoSharp.Tests.dll" adapterTypeName="executor://xunit/VsTestRunner2/netcoreapp" className="NeoSharp.Tests.Types.Hash160Tests" name="FromLittleEndianBytes_ShouldCreateHashCorrectly" />
    </UnitTest>
    <UnitTest name="NeoSharp.Tests.Contract.SmartContractTests.SmartContract_WithNullNeoSharp_ShouldThrowArgumentNullException" storage="/home/ubuntu/neoswift/neosharp/tests/neosharp.tests/bin/debug/net9.0/neosharp.tests.dll" id="b2a5cf74-d54b-a40a-2fad-3f7112c31afc">
      <Execution id="d8cdbcfb-becd-46a0-a9ab-26ea01d848ce" />
      <TestMethod codeBase="/home/ubuntu/NeoSwift/NeoSharp/tests/NeoSharp.Tests/bin/Debug/net9.0/NeoSharp.Tests.dll" adapterTypeName="executor://xunit/VsTestRunner2/netcoreapp" className="NeoSharp.Tests.Contract.SmartContractTests" name="SmartContract_WithNullNeoSharp_ShouldThrowArgumentNullException" />
    </UnitTest>
    <UnitTest name="NeoSharp.Tests.Crypto.ECKeyPairTests.GetAddress_ShouldReturnValidNeoAddress" storage="/home/ubuntu/neoswift/neosharp/tests/neosharp.tests/bin/debug/net9.0/neosharp.tests.dll" id="ba42f61a-4918-db0a-7057-c08cf25ba397">
      <Execution id="03a0f8d1-ca8e-4bc3-9965-d17b655c1a86" />
      <TestMethod codeBase="/home/ubuntu/NeoSwift/NeoSharp/tests/NeoSharp.Tests/bin/Debug/net9.0/NeoSharp.Tests.dll" adapterTypeName="executor://xunit/VsTestRunner2/netcoreapp" className="NeoSharp.Tests.Crypto.ECKeyPairTests" name="GetAddress_ShouldReturnValidNeoAddress" />
    </UnitTest>
    <UnitTest name="NeoSharp.Tests.Crypto.WIFTests.NullPrivateKey_ShouldThrowArgumentNullException" storage="/home/ubuntu/neoswift/neosharp/tests/neosharp.tests/bin/debug/net9.0/neosharp.tests.dll" id="0a80ec7c-a614-b66a-c381-75aab29fd732">
      <Execution id="460013d9-f047-4177-b572-5cd240d4b131" />
      <TestMethod codeBase="/home/ubuntu/NeoSwift/NeoSharp/tests/NeoSharp.Tests/bin/Debug/net9.0/NeoSharp.Tests.dll" adapterTypeName="executor://xunit/VsTestRunner2/netcoreapp" className="NeoSharp.Tests.Crypto.WIFTests" name="NullPrivateKey_ShouldThrowArgumentNullException" />
    </UnitTest>
    <UnitTest name="NeoSharp.Tests.Crypto.Base58Tests.TestBase58CheckDecodingWithInvalidChecksum" storage="/home/ubuntu/neoswift/neosharp/tests/neosharp.tests/bin/debug/net9.0/neosharp.tests.dll" id="3458ea21-a5c4-8720-c598-ec4aa2be7d08">
      <Execution id="47a1c7a1-0732-4671-9f68-a1b8b1c4b943" />
      <TestMethod codeBase="/home/ubuntu/NeoSwift/NeoSharp/tests/NeoSharp.Tests/bin/Debug/net9.0/NeoSharp.Tests.dll" adapterTypeName="executor://xunit/VsTestRunner2/netcoreapp" className="NeoSharp.Tests.Crypto.Base58Tests" name="TestBase58CheckDecodingWithInvalidChecksum" />
    </UnitTest>
    <UnitTest name="NeoSharp.Tests.Serialization.BinaryWriterTests.Reset_ShouldClearBuffer" storage="/home/ubuntu/neoswift/neosharp/tests/neosharp.tests/bin/debug/net9.0/neosharp.tests.dll" id="0631d2fe-14c3-645d-b7f2-ea6ec366fdbe">
      <Execution id="beb9782c-0bf3-4dc0-b801-aa87165bad89" />
      <TestMethod codeBase="/home/ubuntu/NeoSwift/NeoSharp/tests/NeoSharp.Tests/bin/Debug/net9.0/NeoSharp.Tests.dll" adapterTypeName="executor://xunit/VsTestRunner2/netcoreapp" className="NeoSharp.Tests.Serialization.BinaryWriterTests" name="Reset_ShouldClearBuffer" />
    </UnitTest>
    <UnitTest name="NeoSharp.Tests.Crypto.Base58Tests.TestBase58LeadingZeros" storage="/home/ubuntu/neoswift/neosharp/tests/neosharp.tests/bin/debug/net9.0/neosharp.tests.dll" id="0522e2ba-d5d4-2a3d-66cc-29afc357df8a">
      <Execution id="42718040-1d68-4d4f-b578-5c4d0670dcc8" />
      <TestMethod codeBase="/home/ubuntu/NeoSwift/NeoSharp/tests/NeoSharp.Tests/bin/Debug/net9.0/NeoSharp.Tests.dll" adapterTypeName="executor://xunit/VsTestRunner2/netcoreapp" className="NeoSharp.Tests.Crypto.Base58Tests" name="TestBase58LeadingZeros" />
    </UnitTest>
    <UnitTest name="NeoSharp.Tests.Types.Hash160Tests.Constructor_WithValidBytes_ShouldCreateHash" storage="/home/ubuntu/neoswift/neosharp/tests/neosharp.tests/bin/debug/net9.0/neosharp.tests.dll" id="c945ab89-80df-493f-f507-df688cdfc95f">
      <Execution id="07e92918-f55b-4913-a180-037a9aaab4f0" />
      <TestMethod codeBase="/home/ubuntu/NeoSwift/NeoSharp/tests/NeoSharp.Tests/bin/Debug/net9.0/NeoSharp.Tests.dll" adapterTypeName="executor://xunit/VsTestRunner2/netcoreapp" className="NeoSharp.Tests.Types.Hash160Tests" name="Constructor_WithValidBytes_ShouldCreateHash" />
    </UnitTest>
    <UnitTest name="NeoSharp.Tests.Serialization.BinaryReaderTests.ReadPushDataBigInteger_ShouldReadNumbersCorrectly" storage="/home/ubuntu/neoswift/neosharp/tests/neosharp.tests/bin/debug/net9.0/neosharp.tests.dll" id="709b4022-f285-904a-2c89-b604766b2030">
      <Execution id="a5b542e7-5e4b-42aa-bb2a-91d6431cc997" />
      <TestMethod codeBase="/home/ubuntu/NeoSwift/NeoSharp/tests/NeoSharp.Tests/bin/Debug/net9.0/NeoSharp.Tests.dll" adapterTypeName="executor://xunit/VsTestRunner2/netcoreapp" className="NeoSharp.Tests.Serialization.BinaryReaderTests" name="ReadPushDataBigInteger_ShouldReadNumbersCorrectly" />
    </UnitTest>
    <UnitTest name="NeoSharp.Tests.Crypto.WIFTests.IsValidWIF_WithValidWIF_ShouldReturnTrue" storage="/home/ubuntu/neoswift/neosharp/tests/neosharp.tests/bin/debug/net9.0/neosharp.tests.dll" id="93afad43-36e1-d731-837d-ad6d5a7f49c1">
      <Execution id="4954d237-743e-4ccd-9e49-86d7e89bfe95" />
      <TestMethod codeBase="/home/ubuntu/NeoSwift/NeoSharp/tests/NeoSharp.Tests/bin/Debug/net9.0/NeoSharp.Tests.dll" adapterTypeName="executor://xunit/VsTestRunner2/netcoreapp" className="NeoSharp.Tests.Crypto.WIFTests" name="IsValidWIF_WithValidWIF_ShouldReturnTrue" />
    </UnitTest>
    <UnitTest name="NeoSharp.Tests.Types.EnumTypeTests.ContractParameterType_AllValues_ShouldHaveCorrectProperties(paramType: Integer, expectedJson: &quot;Integer&quot;, expectedByte: 17)" storage="/home/ubuntu/neoswift/neosharp/tests/neosharp.tests/bin/debug/net9.0/neosharp.tests.dll" id="7f7ab2b2-597e-eee2-72be-73a112a769f7">
      <Execution id="08e52781-adc0-4ae1-b60d-5c41215bfa38" />
      <TestMethod codeBase="/home/ubuntu/NeoSwift/NeoSharp/tests/NeoSharp.Tests/bin/Debug/net9.0/NeoSharp.Tests.dll" adapterTypeName="executor://xunit/VsTestRunner2/netcoreapp" className="NeoSharp.Tests.Types.EnumTypeTests" name="ContractParameterType_AllValues_ShouldHaveCorrectProperties" />
    </UnitTest>
    <UnitTest name="NeoSharp.Tests.Script.ScriptBuilderTests.PushInteger_ShouldHandleLargeNumbers" storage="/home/ubuntu/neoswift/neosharp/tests/neosharp.tests/bin/debug/net9.0/neosharp.tests.dll" id="2949711f-0eb3-2956-3cc9-6eb25ae76d45">
      <Execution id="c149f299-69c5-404b-be52-9e49fc3f43e4" />
      <TestMethod codeBase="/home/ubuntu/NeoSwift/NeoSharp/tests/NeoSharp.Tests/bin/Debug/net9.0/NeoSharp.Tests.dll" adapterTypeName="executor://xunit/VsTestRunner2/netcoreapp" className="NeoSharp.Tests.Script.ScriptBuilderTests" name="PushInteger_ShouldHandleLargeNumbers" />
    </UnitTest>
    <UnitTest name="NeoSharp.Tests.Crypto.SignTests.TestSignVariousMessages(message: &quot;\ud83d\ude80 Unicode message with emojis \ud83d\udd10&quot;)" storage="/home/ubuntu/neoswift/neosharp/tests/neosharp.tests/bin/debug/net9.0/neosharp.tests.dll" id="f8cbfdd2-aca9-9e27-c8fd-251f064fdfce">
      <Execution id="d1d85ada-56be-4090-981f-09a0350e56d3" />
      <TestMethod codeBase="/home/ubuntu/NeoSwift/NeoSharp/tests/NeoSharp.Tests/bin/Debug/net9.0/NeoSharp.Tests.dll" adapterTypeName="executor://xunit/VsTestRunner2/netcoreapp" className="NeoSharp.Tests.Crypto.SignTests" name="TestSignVariousMessages" />
    </UnitTest>
    <UnitTest name="NeoSharp.Tests.Serialization.BinaryReaderTests.ReadPushDataBytes_ShouldReadCorrectlyBasedOnPrefix" storage="/home/ubuntu/neoswift/neosharp/tests/neosharp.tests/bin/debug/net9.0/neosharp.tests.dll" id="5275f261-f731-19c7-4b6e-434e6bc2d08d">
      <Execution id="9d36e5db-92ab-4ad6-83a2-e977ea79cfee" />
      <TestMethod codeBase="/home/ubuntu/NeoSwift/NeoSharp/tests/NeoSharp.Tests/bin/Debug/net9.0/NeoSharp.Tests.dll" adapterTypeName="executor://xunit/VsTestRunner2/netcoreapp" className="NeoSharp.Tests.Serialization.BinaryReaderTests" name="ReadPushDataBytes_ShouldReadCorrectlyBasedOnPrefix" />
    </UnitTest>
    <UnitTest name="NeoSharp.Tests.Crypto.Base64Tests.Base64RoundTrip_ShouldPreserveData(expectedBase64: &quot;QmxvY2tjaGFpbg==&quot;, originalText: &quot;Blockchain&quot;)" storage="/home/ubuntu/neoswift/neosharp/tests/neosharp.tests/bin/debug/net9.0/neosharp.tests.dll" id="76bfe392-7fcd-a802-9e94-5d9cc9e08f66">
      <Execution id="c74db8c9-886f-49bf-90f1-8fc2951a2e62" />
      <TestMethod codeBase="/home/ubuntu/NeoSwift/NeoSharp/tests/NeoSharp.Tests/bin/Debug/net9.0/NeoSharp.Tests.dll" adapterTypeName="executor://xunit/VsTestRunner2/netcoreapp" className="NeoSharp.Tests.Crypto.Base64Tests" name="Base64RoundTrip_ShouldPreserveData" />
    </UnitTest>
    <UnitTest name="NeoSharp.Tests.Types.ContractParameterTests.Integer_WithBigInteger_ShouldCreateIntegerParameter" storage="/home/ubuntu/neoswift/neosharp/tests/neosharp.tests/bin/debug/net9.0/neosharp.tests.dll" id="c2bfde30-e914-458b-e340-ab93132a81d3">
      <Execution id="dddbc23e-a4ea-4d89-9cbf-e67459c6933b" />
      <TestMethod codeBase="/home/ubuntu/NeoSwift/NeoSharp/tests/NeoSharp.Tests/bin/Debug/net9.0/NeoSharp.Tests.dll" adapterTypeName="executor://xunit/VsTestRunner2/netcoreapp" className="NeoSharp.Tests.Types.ContractParameterTests" name="Integer_WithBigInteger_ShouldCreateIntegerParameter" />
    </UnitTest>
    <UnitTest name="NeoSharp.Tests.Crypto.ScryptParamsTests.TestScryptParamsJsonVariations(json: &quot;{\&quot;N\&quot;:8,\&quot;R\&quot;:4,\&quot;P\&quot;:9}&quot;)" storage="/home/ubuntu/neoswift/neosharp/tests/neosharp.tests/bin/debug/net9.0/neosharp.tests.dll" id="afa758de-baa5-0ce9-bfdd-2c3fb03d1e53">
      <Execution id="6ee23a69-84bf-459b-95fd-31f230ad564b" />
      <TestMethod codeBase="/home/ubuntu/NeoSwift/NeoSharp/tests/NeoSharp.Tests/bin/Debug/net9.0/NeoSharp.Tests.dll" adapterTypeName="executor://xunit/VsTestRunner2/netcoreapp" className="NeoSharp.Tests.Crypto.ScryptParamsTests" name="TestScryptParamsJsonVariations" />
    </UnitTest>
    <UnitTest name="NeoSharp.Tests.Crypto.NEP2Tests.TestVariousPasswords(password: &quot;\ud83d\udd10\ud83d\udd11\ud83d\udc8e&quot;)" storage="/home/ubuntu/neoswift/neosharp/tests/neosharp.tests/bin/debug/net9.0/neosharp.tests.dll" id="8920274a-5d15-dd80-35c4-6ef25156aa22">
      <Execution id="f01d9c59-8f14-4692-9821-47d06aecdff3" />
      <TestMethod codeBase="/home/ubuntu/NeoSwift/NeoSharp/tests/NeoSharp.Tests/bin/Debug/net9.0/NeoSharp.Tests.dll" adapterTypeName="executor://xunit/VsTestRunner2/netcoreapp" className="NeoSharp.Tests.Crypto.NEP2Tests" name="TestVariousPasswords" />
    </UnitTest>
    <UnitTest name="NeoSharp.Tests.Crypto.WIFTests.WronglySizedWifs_ShouldThrowException(invalidWif: &quot;L25kgAQJXNHnhc7Sx9bomxxwVSMsZdkaNQ3m2VfHrnLzKWMLP1&quot;···)" storage="/home/ubuntu/neoswift/neosharp/tests/neosharp.tests/bin/debug/net9.0/neosharp.tests.dll" id="30d6f990-16b2-1890-0b3a-d1dfbe9eedf5">
      <Execution id="8b19adc6-9224-4055-9fb3-bd47d4c23b53" />
      <TestMethod codeBase="/home/ubuntu/NeoSwift/NeoSharp/tests/NeoSharp.Tests/bin/Debug/net9.0/NeoSharp.Tests.dll" adapterTypeName="executor://xunit/VsTestRunner2/netcoreapp" className="NeoSharp.Tests.Crypto.WIFTests" name="WronglySizedWifs_ShouldThrowException" />
    </UnitTest>
    <UnitTest name="NeoSharp.Tests.Types.ContractParameterTests.ToJson_Hash160_ShouldSerializeCorrectly" storage="/home/ubuntu/neoswift/neosharp/tests/neosharp.tests/bin/debug/net9.0/neosharp.tests.dll" id="64826042-8696-d8e4-f559-e9388633cb53">
      <Execution id="24370d94-d6bb-452d-899b-f9cf445eaa66" />
      <TestMethod codeBase="/home/ubuntu/NeoSwift/NeoSharp/tests/NeoSharp.Tests/bin/Debug/net9.0/NeoSharp.Tests.dll" adapterTypeName="executor://xunit/VsTestRunner2/netcoreapp" className="NeoSharp.Tests.Types.ContractParameterTests" name="ToJson_Hash160_ShouldSerializeCorrectly" />
    </UnitTest>
    <UnitTest name="NeoSharp.Tests.Crypto.Base58Tests.TestBase58EncodingKnownValues(hexInput: &quot;bf4f89001e670274dd&quot;, expectedBase58: &quot;3SEo3LWLoPntC&quot;)" storage="/home/ubuntu/neoswift/neosharp/tests/neosharp.tests/bin/debug/net9.0/neosharp.tests.dll" id="1bbd0f7b-de32-4350-357e-2b738932497b">
      <Execution id="d2056f75-60ae-42c6-aebe-781fcbaa3856" />
      <TestMethod codeBase="/home/ubuntu/NeoSwift/NeoSharp/tests/NeoSharp.Tests/bin/Debug/net9.0/NeoSharp.Tests.dll" adapterTypeName="executor://xunit/VsTestRunner2/netcoreapp" className="NeoSharp.Tests.Crypto.Base58Tests" name="TestBase58EncodingKnownValues" />
    </UnitTest>
    <UnitTest name="NeoSharp.Tests.Crypto.Base58Tests.TestBase58DecodingKnownValues(base58Input: &quot;a3gV&quot;, expectedHex: &quot;626262&quot;)" storage="/home/ubuntu/neoswift/neosharp/tests/neosharp.tests/bin/debug/net9.0/neosharp.tests.dll" id="cebdfbc2-1c44-c355-92fb-f3754bfef121">
      <Execution id="7e06474a-3f82-48fd-9e9e-2b8c3ac9b6b7" />
      <TestMethod codeBase="/home/ubuntu/NeoSwift/NeoSharp/tests/NeoSharp.Tests/bin/Debug/net9.0/NeoSharp.Tests.dll" adapterTypeName="executor://xunit/VsTestRunner2/netcoreapp" className="NeoSharp.Tests.Crypto.Base58Tests" name="TestBase58DecodingKnownValues" />
    </UnitTest>
    <UnitTest name="NeoSharp.Tests.Crypto.WIFTests.ValidWifToPrivateKey_ShouldDecodeCorrectly" storage="/home/ubuntu/neoswift/neosharp/tests/neosharp.tests/bin/debug/net9.0/neosharp.tests.dll" id="a670f6ba-6b92-ff82-b344-e17a9ee818a8">
      <Execution id="47e7d927-e8c1-4817-8a2b-4439972d592a" />
      <TestMethod codeBase="/home/ubuntu/NeoSwift/NeoSharp/tests/NeoSharp.Tests/bin/Debug/net9.0/NeoSharp.Tests.dll" adapterTypeName="executor://xunit/VsTestRunner2/netcoreapp" className="NeoSharp.Tests.Crypto.WIFTests" name="ValidWifToPrivateKey_ShouldDecodeCorrectly" />
    </UnitTest>
    <UnitTest name="NeoSharp.Tests.Types.EnumTypeTests.ContractParameterType_Hashes_ShouldBeDetected" storage="/home/ubuntu/neoswift/neosharp/tests/neosharp.tests/bin/debug/net9.0/neosharp.tests.dll" id="3e6e6c8a-2579-62b2-c566-29b61215c625">
      <Execution id="cc26e34c-3f7c-440e-88a1-465d5c8895bb" />
      <TestMethod codeBase="/home/ubuntu/NeoSwift/NeoSharp/tests/NeoSharp.Tests/bin/Debug/net9.0/NeoSharp.Tests.dll" adapterTypeName="executor://xunit/VsTestRunner2/netcoreapp" className="NeoSharp.Tests.Types.EnumTypeTests" name="ContractParameterType_Hashes_ShouldBeDetected" />
    </UnitTest>
    <UnitTest name="NeoSharp.Tests.Crypto.NEP2Tests.TestNEP2WithDifferentScryptParams" storage="/home/ubuntu/neoswift/neosharp/tests/neosharp.tests/bin/debug/net9.0/neosharp.tests.dll" id="e00d70fb-44f8-7b36-8e1e-0ef0429966ac">
      <Execution id="930e658a-e8dd-4e13-8a18-40ab7b3f6986" />
      <TestMethod codeBase="/home/ubuntu/NeoSwift/NeoSharp/tests/NeoSharp.Tests/bin/Debug/net9.0/NeoSharp.Tests.dll" adapterTypeName="executor://xunit/VsTestRunner2/netcoreapp" className="NeoSharp.Tests.Crypto.NEP2Tests" name="TestNEP2WithDifferentScryptParams" />
    </UnitTest>
    <UnitTest name="NeoSharp.Tests.Serialization.BinaryReaderTests.ReadBigInteger_ShouldReadCorrectly" storage="/home/ubuntu/neoswift/neosharp/tests/neosharp.tests/bin/debug/net9.0/neosharp.tests.dll" id="89f9964d-c6bd-f1e1-c61d-b736a8b08ce9">
      <Execution id="677a3fc8-94ff-4db5-aec7-aee7b18a5a9d" />
      <TestMethod codeBase="/home/ubuntu/NeoSwift/NeoSharp/tests/NeoSharp.Tests/bin/Debug/net9.0/NeoSharp.Tests.dll" adapterTypeName="executor://xunit/VsTestRunner2/netcoreapp" className="NeoSharp.Tests.Serialization.BinaryReaderTests" name="ReadBigInteger_ShouldReadCorrectly" />
    </UnitTest>
    <UnitTest name="NeoSharp.Tests.Crypto.ScryptParamsTests.TestScryptParamsRoundTrip(n: 32768, r: 8, p: 8)" storage="/home/ubuntu/neoswift/neosharp/tests/neosharp.tests/bin/debug/net9.0/neosharp.tests.dll" id="350aed43-d63e-4b3d-f69f-480da0dbfb1c">
      <Execution id="b7142267-efab-45b8-be93-d1ea846a56c6" />
      <TestMethod codeBase="/home/ubuntu/NeoSwift/NeoSharp/tests/NeoSharp.Tests/bin/Debug/net9.0/NeoSharp.Tests.dll" adapterTypeName="executor://xunit/VsTestRunner2/netcoreapp" className="NeoSharp.Tests.Crypto.ScryptParamsTests" name="TestScryptParamsRoundTrip" />
    </UnitTest>
    <UnitTest name="NeoSharp.Tests.Types.Hash256Tests.Size_ShouldReturn32" storage="/home/ubuntu/neoswift/neosharp/tests/neosharp.tests/bin/debug/net9.0/neosharp.tests.dll" id="3f3058b5-29b7-7193-a316-a0a18c9bcf81">
      <Execution id="25eae813-733b-4568-a711-0f6a153a5d77" />
      <TestMethod codeBase="/home/ubuntu/NeoSwift/NeoSharp/tests/NeoSharp.Tests/bin/Debug/net9.0/NeoSharp.Tests.dll" adapterTypeName="executor://xunit/VsTestRunner2/netcoreapp" className="NeoSharp.Tests.Types.Hash256Tests" name="Size_ShouldReturn32" />
    </UnitTest>
    <UnitTest name="NeoSharp.Tests.Crypto.SecurityTests.TestDeterministicSignatures" storage="/home/ubuntu/neoswift/neosharp/tests/neosharp.tests/bin/debug/net9.0/neosharp.tests.dll" id="17439590-e91f-3aab-b409-463c285438fd">
      <Execution id="3f83c4a9-f152-4f20-a290-fcec0ce7dafb" />
      <TestMethod codeBase="/home/ubuntu/NeoSwift/NeoSharp/tests/NeoSharp.Tests/bin/Debug/net9.0/NeoSharp.Tests.dll" adapterTypeName="executor://xunit/VsTestRunner2/netcoreapp" className="NeoSharp.Tests.Crypto.SecurityTests" name="TestDeterministicSignatures" />
    </UnitTest>
    <UnitTest name="NeoSharp.Tests.Contract.SmartContractTests.ScriptHash_ShouldBeReadOnly" storage="/home/ubuntu/neoswift/neosharp/tests/neosharp.tests/bin/debug/net9.0/neosharp.tests.dll" id="92594ce4-a29a-2f60-6b95-8de7cbb18821">
      <Execution id="4c67b67d-aa16-4759-8c46-dd0850b9e177" />
      <TestMethod codeBase="/home/ubuntu/NeoSwift/NeoSharp/tests/NeoSharp.Tests/bin/Debug/net9.0/NeoSharp.Tests.dll" adapterTypeName="executor://xunit/VsTestRunner2/netcoreapp" className="NeoSharp.Tests.Contract.SmartContractTests" name="ScriptHash_ShouldBeReadOnly" />
    </UnitTest>
    <UnitTest name="NeoSharp.Tests.Crypto.SignTests.TestPublicKeyFromPrivateKey" storage="/home/ubuntu/neoswift/neosharp/tests/neosharp.tests/bin/debug/net9.0/neosharp.tests.dll" id="ec366ec3-cbab-e25c-b165-80f003a5a779">
      <Execution id="d28b7c30-c3af-4e0c-93a9-c0434dd1b794" />
      <TestMethod codeBase="/home/ubuntu/NeoSwift/NeoSharp/tests/NeoSharp.Tests/bin/Debug/net9.0/NeoSharp.Tests.dll" adapterTypeName="executor://xunit/VsTestRunner2/netcoreapp" className="NeoSharp.Tests.Crypto.SignTests" name="TestPublicKeyFromPrivateKey" />
    </UnitTest>
    <UnitTest name="NeoSharp.Tests.Script.ScriptBuilderTests.PushMap_ShouldCreateCorrectMapStructure" storage="/home/ubuntu/neoswift/neosharp/tests/neosharp.tests/bin/debug/net9.0/neosharp.tests.dll" id="a04a0f39-a134-c31e-63fa-5c0df3d76221">
      <Execution id="0d7a1068-4aae-4df0-83ff-cf1fa3ce768c" />
      <TestMethod codeBase="/home/ubuntu/NeoSwift/NeoSharp/tests/NeoSharp.Tests/bin/Debug/net9.0/NeoSharp.Tests.dll" adapterTypeName="executor://xunit/VsTestRunner2/netcoreapp" className="NeoSharp.Tests.Script.ScriptBuilderTests" name="PushMap_ShouldCreateCorrectMapStructure" />
    </UnitTest>
    <UnitTest name="NeoSharp.Tests.Crypto.WIFTests.WronglySizedWifs_ShouldThrowException(invalidWif: &quot;L25kgAQJXNHnhc7Sx9bomxxwVSMsZdkaNQ3m2VfHrnLzKWML&quot;)" storage="/home/ubuntu/neoswift/neosharp/tests/neosharp.tests/bin/debug/net9.0/neosharp.tests.dll" id="5521532a-c03d-ff38-db82-2d0010d35d74">
      <Execution id="105f1190-71b2-492f-8da2-7b253ce7c1fd" />
      <TestMethod codeBase="/home/ubuntu/NeoSwift/NeoSharp/tests/NeoSharp.Tests/bin/Debug/net9.0/NeoSharp.Tests.dll" adapterTypeName="executor://xunit/VsTestRunner2/netcoreapp" className="NeoSharp.Tests.Crypto.WIFTests" name="WronglySizedWifs_ShouldThrowException" />
    </UnitTest>
    <UnitTest name="NeoSharp.Tests.Crypto.Bip32ECKeyPairTests.TestMasterKeyGeneration(seedHex: &quot;fffcf9f6f3f0edeae7e4e1dedbd8d5d2cfccc9c6c3c0bdbab7&quot;···, path: [])" storage="/home/ubuntu/neoswift/neosharp/tests/neosharp.tests/bin/debug/net9.0/neosharp.tests.dll" id="3666327d-eeb2-8cf6-199c-a28cfc5678bf">
      <Execution id="e86745fc-22ac-493b-883a-ad233cfbbbbe" />
      <TestMethod codeBase="/home/ubuntu/NeoSwift/NeoSharp/tests/NeoSharp.Tests/bin/Debug/net9.0/NeoSharp.Tests.dll" adapterTypeName="executor://xunit/VsTestRunner2/netcoreapp" className="NeoSharp.Tests.Crypto.Bip32ECKeyPairTests" name="TestMasterKeyGeneration" />
    </UnitTest>
    <UnitTest name="NeoSharp.Tests.Contract.SmartContractTests.InvokeFunction_WithWhitespaceMethod_ShouldThrowArgumentException" storage="/home/ubuntu/neoswift/neosharp/tests/neosharp.tests/bin/debug/net9.0/neosharp.tests.dll" id="c6ca9350-47d0-de0b-9e29-00de07b6df7a">
      <Execution id="bf8114cc-35e9-4ea1-9687-aa1be61f304a" />
      <TestMethod codeBase="/home/ubuntu/NeoSwift/NeoSharp/tests/NeoSharp.Tests/bin/Debug/net9.0/NeoSharp.Tests.dll" adapterTypeName="executor://xunit/VsTestRunner2/netcoreapp" className="NeoSharp.Tests.Contract.SmartContractTests" name="InvokeFunction_WithWhitespaceMethod_ShouldThrowArgumentException" />
    </UnitTest>
    <UnitTest name="NeoSharp.Tests.Crypto.SecurityTests.TestSecureMemoryZeroing" storage="/home/ubuntu/neoswift/neosharp/tests/neosharp.tests/bin/debug/net9.0/neosharp.tests.dll" id="3a16c4e1-d197-ae08-4046-bd7faac128bf">
      <Execution id="46b32178-cb90-4015-ae35-15aad7cd3cc8" />
      <TestMethod codeBase="/home/ubuntu/NeoSwift/NeoSharp/tests/NeoSharp.Tests/bin/Debug/net9.0/NeoSharp.Tests.dll" adapterTypeName="executor://xunit/VsTestRunner2/netcoreapp" className="NeoSharp.Tests.Crypto.SecurityTests" name="TestSecureMemoryZeroing" />
    </UnitTest>
    <UnitTest name="NeoSharp.Tests.Script.ScriptBuilderTests.ContractCall_ShouldCreateCorrectScript" storage="/home/ubuntu/neoswift/neosharp/tests/neosharp.tests/bin/debug/net9.0/neosharp.tests.dll" id="78f352c5-3b6e-fb0e-98ff-03ea8c6b439a">
      <Execution id="c3cd5f94-4be1-476e-a17a-aa1c1f96ac3b" />
      <TestMethod codeBase="/home/ubuntu/NeoSwift/NeoSharp/tests/NeoSharp.Tests/bin/Debug/net9.0/NeoSharp.Tests.dll" adapterTypeName="executor://xunit/VsTestRunner2/netcoreapp" className="NeoSharp.Tests.Script.ScriptBuilderTests" name="ContractCall_ShouldCreateCorrectScript" />
    </UnitTest>
    <UnitTest name="NeoSharp.Tests.Crypto.ScryptParamsTests.TestSerialize" storage="/home/ubuntu/neoswift/neosharp/tests/neosharp.tests/bin/debug/net9.0/neosharp.tests.dll" id="c059a965-96a2-5f6a-33b0-65d3371d6856">
      <Execution id="3fc92b93-fe3e-4571-895b-92b6c826c17c" />
      <TestMethod codeBase="/home/ubuntu/NeoSwift/NeoSharp/tests/NeoSharp.Tests/bin/Debug/net9.0/NeoSharp.Tests.dll" adapterTypeName="executor://xunit/VsTestRunner2/netcoreapp" className="NeoSharp.Tests.Crypto.ScryptParamsTests" name="TestSerialize" />
    </UnitTest>
    <UnitTest name="NeoSharp.Tests.Types.Hash256Tests.ImplicitStringConversion_ShouldReturnHexString" storage="/home/ubuntu/neoswift/neosharp/tests/neosharp.tests/bin/debug/net9.0/neosharp.tests.dll" id="3c56c2c2-4fb6-11eb-e517-8e04c9da4bfc">
      <Execution id="195c938f-ff87-429d-8cc7-e7d8296635c3" />
      <TestMethod codeBase="/home/ubuntu/NeoSwift/NeoSharp/tests/NeoSharp.Tests/bin/Debug/net9.0/NeoSharp.Tests.dll" adapterTypeName="executor://xunit/VsTestRunner2/netcoreapp" className="NeoSharp.Tests.Types.Hash256Tests" name="ImplicitStringConversion_ShouldReturnHexString" />
    </UnitTest>
    <UnitTest name="NeoSharp.Tests.Types.Hash160Tests.Parse_WithoutPrefix_ShouldCreateHash" storage="/home/ubuntu/neoswift/neosharp/tests/neosharp.tests/bin/debug/net9.0/neosharp.tests.dll" id="a0bebf88-5e02-e146-8258-22cf0fc669cc">
      <Execution id="1d83a6be-67e8-48dd-a85f-30c1ca99f826" />
      <TestMethod codeBase="/home/ubuntu/NeoSwift/NeoSharp/tests/NeoSharp.Tests/bin/Debug/net9.0/NeoSharp.Tests.dll" adapterTypeName="executor://xunit/VsTestRunner2/netcoreapp" className="NeoSharp.Tests.Types.Hash160Tests" name="Parse_WithoutPrefix_ShouldCreateHash" />
    </UnitTest>
    <UnitTest name="NeoSharp.Tests.Crypto.Base58Tests.TestBase58EncodingKnownValues(hexInput: &quot;73696d706c792061206c6f6e6720737472696e67&quot;, expectedBase58: &quot;2cFupjhnEsSn59qHXstmK2ffpLv2&quot;)" storage="/home/ubuntu/neoswift/neosharp/tests/neosharp.tests/bin/debug/net9.0/neosharp.tests.dll" id="5e8ea83d-a317-e7a9-7c7b-042795e1eff1">
      <Execution id="29a5fd20-7e94-4116-a2fe-cbd163021196" />
      <TestMethod codeBase="/home/ubuntu/NeoSwift/NeoSharp/tests/NeoSharp.Tests/bin/Debug/net9.0/NeoSharp.Tests.dll" adapterTypeName="executor://xunit/VsTestRunner2/netcoreapp" className="NeoSharp.Tests.Crypto.Base58Tests" name="TestBase58EncodingKnownValues" />
    </UnitTest>
    <UnitTest name="NeoSharp.Tests.Crypto.Base58Tests.TestBase58EncodingKnownValues(hexInput: &quot;572e4794&quot;, expectedBase58: &quot;3EFU7m&quot;)" storage="/home/ubuntu/neoswift/neosharp/tests/neosharp.tests/bin/debug/net9.0/neosharp.tests.dll" id="ab896882-276a-8776-de00-376c160e386c">
      <Execution id="1f7de09b-5a12-41e1-851c-b447e7745510" />
      <TestMethod codeBase="/home/ubuntu/NeoSwift/NeoSharp/tests/NeoSharp.Tests/bin/Debug/net9.0/NeoSharp.Tests.dll" adapterTypeName="executor://xunit/VsTestRunner2/netcoreapp" className="NeoSharp.Tests.Crypto.Base58Tests" name="TestBase58EncodingKnownValues" />
    </UnitTest>
    <UnitTest name="NeoSharp.Tests.Wallet.AccountTests.CreateMultiSigAccount_WithNullPublicKeys_ShouldThrowArgumentNullException" storage="/home/ubuntu/neoswift/neosharp/tests/neosharp.tests/bin/debug/net9.0/neosharp.tests.dll" id="0097a575-f2af-f2ad-c169-d76c203c5e13">
      <Execution id="b449aeb7-036b-42e8-9f83-381a97982d49" />
      <TestMethod codeBase="/home/ubuntu/NeoSwift/NeoSharp/tests/NeoSharp.Tests/bin/Debug/net9.0/NeoSharp.Tests.dll" adapterTypeName="executor://xunit/VsTestRunner2/netcoreapp" className="NeoSharp.Tests.Wallet.AccountTests" name="CreateMultiSigAccount_WithNullPublicKeys_ShouldThrowArgumentNullException" />
    </UnitTest>
    <UnitTest name="NeoSharp.Tests.Types.ContractParameterTests.String_ShouldCreateStringParameter" storage="/home/ubuntu/neoswift/neosharp/tests/neosharp.tests/bin/debug/net9.0/neosharp.tests.dll" id="956fca44-5e60-03fc-7509-a833909ab23c">
      <Execution id="b716e98a-a78c-428b-9629-5d75308974e8" />
      <TestMethod codeBase="/home/ubuntu/NeoSwift/NeoSharp/tests/NeoSharp.Tests/bin/Debug/net9.0/NeoSharp.Tests.dll" adapterTypeName="executor://xunit/VsTestRunner2/netcoreapp" className="NeoSharp.Tests.Types.ContractParameterTests" name="String_ShouldCreateStringParameter" />
    </UnitTest>
    <UnitTest name="NeoSharp.Tests.Wallet.AccountTests.DecryptPrivateKey_WithWrongPassword_ShouldThrowException" storage="/home/ubuntu/neoswift/neosharp/tests/neosharp.tests/bin/debug/net9.0/neosharp.tests.dll" id="90d56c51-2ddc-8245-26c9-08f2adcdbbf1">
      <Execution id="d76534cd-83b9-49dd-bccd-be3f5d7816ff" />
      <TestMethod codeBase="/home/ubuntu/NeoSwift/NeoSharp/tests/NeoSharp.Tests/bin/Debug/net9.0/NeoSharp.Tests.dll" adapterTypeName="executor://xunit/VsTestRunner2/netcoreapp" className="NeoSharp.Tests.Wallet.AccountTests" name="DecryptPrivateKey_WithWrongPassword_ShouldThrowException" />
    </UnitTest>
    <UnitTest name="NeoSharp.Tests.Crypto.ScryptParamsTests.TestScryptParamsValidation" storage="/home/ubuntu/neoswift/neosharp/tests/neosharp.tests/bin/debug/net9.0/neosharp.tests.dll" id="4c1b1419-5c14-80bd-dd63-0cffef6e6b4c">
      <Execution id="92ca3cfa-8510-4887-a924-e6ec53ed4bc4" />
      <TestMethod codeBase="/home/ubuntu/NeoSwift/NeoSharp/tests/NeoSharp.Tests/bin/Debug/net9.0/NeoSharp.Tests.dll" adapterTypeName="executor://xunit/VsTestRunner2/netcoreapp" className="NeoSharp.Tests.Crypto.ScryptParamsTests" name="TestScryptParamsValidation" />
    </UnitTest>
    <UnitTest name="NeoSharp.Tests.Wallet.AccountTests.IsDefault_ShouldReflectWalletState" storage="/home/ubuntu/neoswift/neosharp/tests/neosharp.tests/bin/debug/net9.0/neosharp.tests.dll" id="76598d68-aeac-8776-2f3e-2dda3a9a5fce">
      <Execution id="52edb82f-7fda-43ea-8d45-40bed023cd9e" />
      <TestMethod codeBase="/home/ubuntu/NeoSwift/NeoSharp/tests/NeoSharp.Tests/bin/Debug/net9.0/NeoSharp.Tests.dll" adapterTypeName="executor://xunit/VsTestRunner2/netcoreapp" className="NeoSharp.Tests.Wallet.AccountTests" name="IsDefault_ShouldReflectWalletState" />
    </UnitTest>
    <UnitTest name="NeoSharp.Tests.Crypto.ECKeyPairTests.KeyPairVerification_ShouldVerifyOwnSignature" storage="/home/ubuntu/neoswift/neosharp/tests/neosharp.tests/bin/debug/net9.0/neosharp.tests.dll" id="46948e2c-121d-478f-8491-eb42ecb316c0">
      <Execution id="bc455fbc-f662-4bc2-8f6a-b44833ea6514" />
      <TestMethod codeBase="/home/ubuntu/NeoSwift/NeoSharp/tests/NeoSharp.Tests/bin/Debug/net9.0/NeoSharp.Tests.dll" adapterTypeName="executor://xunit/VsTestRunner2/netcoreapp" className="NeoSharp.Tests.Crypto.ECKeyPairTests" name="KeyPairVerification_ShouldVerifyOwnSignature" />
    </UnitTest>
    <UnitTest name="NeoSharp.Tests.Types.Hash256Tests.Constructor_WithValidBytes_ShouldCreateHash" storage="/home/ubuntu/neoswift/neosharp/tests/neosharp.tests/bin/debug/net9.0/neosharp.tests.dll" id="89572e90-84de-bab5-9f95-9bc70fe162d5">
      <Execution id="9529435d-b1a3-4345-8fc8-1f2a8e5b30c2" />
      <TestMethod codeBase="/home/ubuntu/NeoSwift/NeoSharp/tests/NeoSharp.Tests/bin/Debug/net9.0/NeoSharp.Tests.dll" adapterTypeName="executor://xunit/VsTestRunner2/netcoreapp" className="NeoSharp.Tests.Types.Hash256Tests" name="Constructor_WithValidBytes_ShouldCreateHash" />
    </UnitTest>
    <UnitTest name="NeoSharp.Tests.Crypto.SecurityTests.TestSignatureVerification" storage="/home/ubuntu/neoswift/neosharp/tests/neosharp.tests/bin/debug/net9.0/neosharp.tests.dll" id="00a25fdc-9b88-3fce-f0ad-b7913fb21618">
      <Execution id="c3a9c403-9101-4904-b9b5-c6178dce7bb1" />
      <TestMethod codeBase="/home/ubuntu/NeoSwift/NeoSharp/tests/NeoSharp.Tests/bin/Debug/net9.0/NeoSharp.Tests.dll" adapterTypeName="executor://xunit/VsTestRunner2/netcoreapp" className="NeoSharp.Tests.Crypto.SecurityTests" name="TestSignatureVerification" />
    </UnitTest>
    <UnitTest name="NeoSharp.Tests.Types.EnumTypeTests.ContractParameterType_AllValues_ShouldHaveCorrectProperties(paramType: String, expectedJson: &quot;String&quot;, expectedByte: 19)" storage="/home/ubuntu/neoswift/neosharp/tests/neosharp.tests/bin/debug/net9.0/neosharp.tests.dll" id="c813b430-2229-8354-72e9-cc990737510e">
      <Execution id="7aeeaa57-8ba7-40ea-ae09-0fdf7474a326" />
      <TestMethod codeBase="/home/ubuntu/NeoSwift/NeoSharp/tests/NeoSharp.Tests/bin/Debug/net9.0/NeoSharp.Tests.dll" adapterTypeName="executor://xunit/VsTestRunner2/netcoreapp" className="NeoSharp.Tests.Types.EnumTypeTests" name="ContractParameterType_AllValues_ShouldHaveCorrectProperties" />
    </UnitTest>
    <UnitTest name="NeoSharp.Tests.Crypto.ECKeyPairTests.SerializePublicKey_ShouldReturnCorrectBytes" storage="/home/ubuntu/neoswift/neosharp/tests/neosharp.tests/bin/debug/net9.0/neosharp.tests.dll" id="6e0886c3-c6d4-9316-913e-67c4a2ab715a">
      <Execution id="5bb31293-be43-4878-bbe1-adb5777befa6" />
      <TestMethod codeBase="/home/ubuntu/NeoSwift/NeoSharp/tests/NeoSharp.Tests/bin/Debug/net9.0/NeoSharp.Tests.dll" adapterTypeName="executor://xunit/VsTestRunner2/netcoreapp" className="NeoSharp.Tests.Crypto.ECKeyPairTests" name="SerializePublicKey_ShouldReturnCorrectBytes" />
    </UnitTest>
    <UnitTest name="NeoSharp.Tests.Crypto.SecurityTests.TestConstantTimeByteComparison" storage="/home/ubuntu/neoswift/neosharp/tests/neosharp.tests/bin/debug/net9.0/neosharp.tests.dll" id="a7973589-6615-ff59-0718-69a2453e4a2e">
      <Execution id="3be34034-405d-4733-904f-a24abd5336d2" />
      <TestMethod codeBase="/home/ubuntu/NeoSwift/NeoSharp/tests/NeoSharp.Tests/bin/Debug/net9.0/NeoSharp.Tests.dll" adapterTypeName="executor://xunit/VsTestRunner2/netcoreapp" className="NeoSharp.Tests.Crypto.SecurityTests" name="TestConstantTimeByteComparison" />
    </UnitTest>
    <UnitTest name="NeoSharp.Tests.Crypto.ECKeyPairTests.NewPublicKeyFromPoint_ShouldCreateCorrectKey" storage="/home/ubuntu/neoswift/neosharp/tests/neosharp.tests/bin/debug/net9.0/neosharp.tests.dll" id="09e10194-f968-2de2-e0b9-66d7f6ba2e02">
      <Execution id="395c6386-2228-488b-a825-1bcc261a6a50" />
      <TestMethod codeBase="/home/ubuntu/NeoSwift/NeoSharp/tests/NeoSharp.Tests/bin/Debug/net9.0/NeoSharp.Tests.dll" adapterTypeName="executor://xunit/VsTestRunner2/netcoreapp" className="NeoSharp.Tests.Crypto.ECKeyPairTests" name="NewPublicKeyFromPoint_ShouldCreateCorrectKey" />
    </UnitTest>
    <UnitTest name="NeoSharp.Tests.Types.EnumTypeTests.WitnessScope_ShouldWorkCorrectly" storage="/home/ubuntu/neoswift/neosharp/tests/neosharp.tests/bin/debug/net9.0/neosharp.tests.dll" id="e3627c06-71fc-a060-1d4d-260adb9f1210">
      <Execution id="2868a7dd-9a92-4ee7-b44e-55d53dc267d6" />
      <TestMethod codeBase="/home/ubuntu/NeoSwift/NeoSharp/tests/NeoSharp.Tests/bin/Debug/net9.0/NeoSharp.Tests.dll" adapterTypeName="executor://xunit/VsTestRunner2/netcoreapp" className="NeoSharp.Tests.Types.EnumTypeTests" name="WitnessScope_ShouldWorkCorrectly" />
    </UnitTest>
    <UnitTest name="NeoSharp.Tests.Types.ContractParameterTests.Hash256_ShouldCreateHash256Parameter" storage="/home/ubuntu/neoswift/neosharp/tests/neosharp.tests/bin/debug/net9.0/neosharp.tests.dll" id="78244beb-de60-cebe-d71b-1d69e6c372ee">
      <Execution id="66e356a6-d63f-4038-8b92-419d2d3cf550" />
      <TestMethod codeBase="/home/ubuntu/NeoSwift/NeoSharp/tests/NeoSharp.Tests/bin/Debug/net9.0/NeoSharp.Tests.dll" adapterTypeName="executor://xunit/VsTestRunner2/netcoreapp" className="NeoSharp.Tests.Types.ContractParameterTests" name="Hash256_ShouldCreateHash256Parameter" />
    </UnitTest>
    <UnitTest name="NeoSharp.Tests.Crypto.SignTests.TestSignatureDataFromBytes" storage="/home/ubuntu/neoswift/neosharp/tests/neosharp.tests/bin/debug/net9.0/neosharp.tests.dll" id="5a39d779-7003-bdf3-d546-1b77b3f14d9c">
      <Execution id="5824e503-3e7a-404d-aefb-10d27f6f7d31" />
      <TestMethod codeBase="/home/ubuntu/NeoSwift/NeoSharp/tests/NeoSharp.Tests/bin/Debug/net9.0/NeoSharp.Tests.dll" adapterTypeName="executor://xunit/VsTestRunner2/netcoreapp" className="NeoSharp.Tests.Crypto.SignTests" name="TestSignatureDataFromBytes" />
    </UnitTest>
    <UnitTest name="NeoSharp.Tests.Crypto.ECKeyPairTests.DeserializePublicKey_ShouldCreateCorrectKey" storage="/home/ubuntu/neoswift/neosharp/tests/neosharp.tests/bin/debug/net9.0/neosharp.tests.dll" id="ab3c62e7-d184-01a1-5e12-a63742eb3420">
      <Execution id="52bc00aa-e766-4ddc-93cd-b8f51dda90ed" />
      <TestMethod codeBase="/home/ubuntu/NeoSwift/NeoSharp/tests/NeoSharp.Tests/bin/Debug/net9.0/NeoSharp.Tests.dll" adapterTypeName="executor://xunit/VsTestRunner2/netcoreapp" className="NeoSharp.Tests.Crypto.ECKeyPairTests" name="DeserializePublicKey_ShouldCreateCorrectKey" />
    </UnitTest>
    <UnitTest name="NeoSharp.Tests.Types.Hash256Tests.Deserialize_ShouldCreateHashFromLittleEndianBytes" storage="/home/ubuntu/neoswift/neosharp/tests/neosharp.tests/bin/debug/net9.0/neosharp.tests.dll" id="f10fde39-91da-cdc8-1ac1-947772a818bb">
      <Execution id="420e91f2-b36f-4710-bc55-577c8b894d82" />
      <TestMethod codeBase="/home/ubuntu/NeoSwift/NeoSharp/tests/NeoSharp.Tests/bin/Debug/net9.0/NeoSharp.Tests.dll" adapterTypeName="executor://xunit/VsTestRunner2/netcoreapp" className="NeoSharp.Tests.Types.Hash256Tests" name="Deserialize_ShouldCreateHashFromLittleEndianBytes" />
    </UnitTest>
    <UnitTest name="NeoSharp.Tests.Types.EnumTypeTests.ContractParameterType_FromJsonValue_WithValidValues_ShouldSucceed(jsonValue: &quot;String&quot;)" storage="/home/ubuntu/neoswift/neosharp/tests/neosharp.tests/bin/debug/net9.0/neosharp.tests.dll" id="7abf3a3b-a9be-4e0c-533d-4c9cfcb4fe24">
      <Execution id="15016e75-0c8c-49b1-b10a-4b99124d60bd" />
      <TestMethod codeBase="/home/ubuntu/NeoSwift/NeoSharp/tests/NeoSharp.Tests/bin/Debug/net9.0/NeoSharp.Tests.dll" adapterTypeName="executor://xunit/VsTestRunner2/netcoreapp" className="NeoSharp.Tests.Types.EnumTypeTests" name="ContractParameterType_FromJsonValue_WithValidValues_ShouldSucceed" />
    </UnitTest>
    <UnitTest name="NeoSharp.Tests.Crypto.ECKeyPairTests.PublicKeyEquality_ShouldWorkCorrectly" storage="/home/ubuntu/neoswift/neosharp/tests/neosharp.tests/bin/debug/net9.0/neosharp.tests.dll" id="e20dd4bc-1076-9b08-911a-53745c946843">
      <Execution id="0b14318c-07b0-4d9f-9970-9adfe71ba860" />
      <TestMethod codeBase="/home/ubuntu/NeoSwift/NeoSharp/tests/NeoSharp.Tests/bin/Debug/net9.0/NeoSharp.Tests.dll" adapterTypeName="executor://xunit/VsTestRunner2/netcoreapp" className="NeoSharp.Tests.Crypto.ECKeyPairTests" name="PublicKeyEquality_ShouldWorkCorrectly" />
    </UnitTest>
    <UnitTest name="NeoSharp.Tests.Types.EnumTypeTests.ContractParameterType_BinaryData_ShouldBeDetected" storage="/home/ubuntu/neoswift/neosharp/tests/neosharp.tests/bin/debug/net9.0/neosharp.tests.dll" id="603a4190-4c31-e235-1dea-4448262c18fc">
      <Execution id="a3b37857-84d7-497e-a98c-938fcd0e7d42" />
      <TestMethod codeBase="/home/ubuntu/NeoSwift/NeoSharp/tests/NeoSharp.Tests/bin/Debug/net9.0/NeoSharp.Tests.dll" adapterTypeName="executor://xunit/VsTestRunner2/netcoreapp" className="NeoSharp.Tests.Types.EnumTypeTests" name="ContractParameterType_BinaryData_ShouldBeDetected" />
    </UnitTest>
    <UnitTest name="NeoSharp.Tests.Crypto.Bip32ECKeyPairTests.TestVectors1" storage="/home/ubuntu/neoswift/neosharp/tests/neosharp.tests/bin/debug/net9.0/neosharp.tests.dll" id="d0e8e19c-dad1-887d-7e8d-e9f96daabfbb">
      <Execution id="49c1f374-3226-4290-b793-37a58d18f91a" />
      <TestMethod codeBase="/home/ubuntu/NeoSwift/NeoSharp/tests/NeoSharp.Tests/bin/Debug/net9.0/NeoSharp.Tests.dll" adapterTypeName="executor://xunit/VsTestRunner2/netcoreapp" className="NeoSharp.Tests.Crypto.Bip32ECKeyPairTests" name="TestVectors1" />
    </UnitTest>
    <UnitTest name="NeoSharp.Tests.Crypto.SignTests.TestSignatureRecoveryIds" storage="/home/ubuntu/neoswift/neosharp/tests/neosharp.tests/bin/debug/net9.0/neosharp.tests.dll" id="a0b69eef-402a-b362-a21b-b7c396dde08f">
      <Execution id="c7eb61c8-8867-434c-b1a9-586fd77d5e76" />
      <TestMethod codeBase="/home/ubuntu/NeoSwift/NeoSharp/tests/NeoSharp.Tests/bin/Debug/net9.0/NeoSharp.Tests.dll" adapterTypeName="executor://xunit/VsTestRunner2/netcoreapp" className="NeoSharp.Tests.Crypto.SignTests" name="TestSignatureRecoveryIds" />
    </UnitTest>
    <UnitTest name="NeoSharp.Tests.Crypto.Base58Tests.TestBase58DecodingKnownValues(base58Input: &quot;1111111111&quot;, expectedHex: &quot;00000000000000000000&quot;)" storage="/home/ubuntu/neoswift/neosharp/tests/neosharp.tests/bin/debug/net9.0/neosharp.tests.dll" id="955eafc5-5014-d0fd-ce5e-e921d4a1d72f">
      <Execution id="3a56344f-c6e0-450d-be68-312a8cee739a" />
      <TestMethod codeBase="/home/ubuntu/NeoSwift/NeoSharp/tests/NeoSharp.Tests/bin/Debug/net9.0/NeoSharp.Tests.dll" adapterTypeName="executor://xunit/VsTestRunner2/netcoreapp" className="NeoSharp.Tests.Crypto.Base58Tests" name="TestBase58DecodingKnownValues" />
    </UnitTest>
    <UnitTest name="NeoSharp.Tests.Crypto.SecurityTests.TestSecureBytesCreation" storage="/home/ubuntu/neoswift/neosharp/tests/neosharp.tests/bin/debug/net9.0/neosharp.tests.dll" id="35384949-bc6d-881c-1268-c51617a75afb">
      <Execution id="30b1c2b8-3d9b-4924-9169-45f25da4b474" />
      <TestMethod codeBase="/home/ubuntu/NeoSwift/NeoSharp/tests/NeoSharp.Tests/bin/Debug/net9.0/NeoSharp.Tests.dll" adapterTypeName="executor://xunit/VsTestRunner2/netcoreapp" className="NeoSharp.Tests.Crypto.SecurityTests" name="TestSecureBytesCreation" />
    </UnitTest>
    <UnitTest name="NeoSharp.Tests.Types.ContractParameterTests.ToJson_Array_ShouldSerializeCorrectly" storage="/home/ubuntu/neoswift/neosharp/tests/neosharp.tests/bin/debug/net9.0/neosharp.tests.dll" id="e70b8920-102c-2c49-870e-b83b646da4cf">
      <Execution id="4078b813-27dd-40aa-b979-a0fccdf79a22" />
      <TestMethod codeBase="/home/ubuntu/NeoSwift/NeoSharp/tests/NeoSharp.Tests/bin/Debug/net9.0/NeoSharp.Tests.dll" adapterTypeName="executor://xunit/VsTestRunner2/netcoreapp" className="NeoSharp.Tests.Types.ContractParameterTests" name="ToJson_Array_ShouldSerializeCorrectly" />
    </UnitTest>
    <UnitTest name="NeoSharp.Tests.Types.ContractParameterTests.Boolean_ShouldCreateBooleanParameter" storage="/home/ubuntu/neoswift/neosharp/tests/neosharp.tests/bin/debug/net9.0/neosharp.tests.dll" id="5d748615-1a32-dcc6-a161-923cde120b47">
      <Execution id="d3766d3e-0421-4904-853c-3ce9fa2b35c2" />
      <TestMethod codeBase="/home/ubuntu/NeoSwift/NeoSharp/tests/NeoSharp.Tests/bin/Debug/net9.0/NeoSharp.Tests.dll" adapterTypeName="executor://xunit/VsTestRunner2/netcoreapp" className="NeoSharp.Tests.Types.ContractParameterTests" name="Boolean_ShouldCreateBooleanParameter" />
    </UnitTest>
    <UnitTest name="NeoSharp.Tests.Wallet.AccountTests.Equals_ShouldCompareByScriptHash" storage="/home/ubuntu/neoswift/neosharp/tests/neosharp.tests/bin/debug/net9.0/neosharp.tests.dll" id="6ec975b5-1579-df12-f95a-68143de38353">
      <Execution id="19b9564a-c15e-4f95-952a-e31e463e7738" />
      <TestMethod codeBase="/home/ubuntu/NeoSwift/NeoSharp/tests/NeoSharp.Tests/bin/Debug/net9.0/NeoSharp.Tests.dll" adapterTypeName="executor://xunit/VsTestRunner2/netcoreapp" className="NeoSharp.Tests.Wallet.AccountTests" name="Equals_ShouldCompareByScriptHash" />
    </UnitTest>
    <UnitTest name="NeoSharp.Tests.Crypto.WIFTests.WrongByte33Wif_ShouldThrowException" storage="/home/ubuntu/neoswift/neosharp/tests/neosharp.tests/bin/debug/net9.0/neosharp.tests.dll" id="8eb0f6de-e206-b1b3-376e-4fc96993f209">
      <Execution id="c425ef49-1c26-4004-830e-8d92820319c4" />
      <TestMethod codeBase="/home/ubuntu/NeoSwift/NeoSharp/tests/NeoSharp.Tests/bin/Debug/net9.0/NeoSharp.Tests.dll" adapterTypeName="executor://xunit/VsTestRunner2/netcoreapp" className="NeoSharp.Tests.Crypto.WIFTests" name="WrongByte33Wif_ShouldThrowException" />
    </UnitTest>
    <UnitTest name="NeoSharp.Tests.Serialization.BinaryReaderTests.ReadUInt32_ShouldReadCorrectValues" storage="/home/ubuntu/neoswift/neosharp/tests/neosharp.tests/bin/debug/net9.0/neosharp.tests.dll" id="651bb81c-b2c1-0179-60d9-76ea480286e6">
      <Execution id="41e05b12-33d8-49dc-b4c1-6611dda94c41" />
      <TestMethod codeBase="/home/ubuntu/NeoSwift/NeoSharp/tests/NeoSharp.Tests/bin/Debug/net9.0/NeoSharp.Tests.dll" adapterTypeName="executor://xunit/VsTestRunner2/netcoreapp" className="NeoSharp.Tests.Serialization.BinaryReaderTests" name="ReadUInt32_ShouldReadCorrectValues" />
    </UnitTest>
    <UnitTest name="NeoSharp.Tests.Wallet.AccountTests.DecryptPrivateKey_ShouldDecryptPrivateKey" storage="/home/ubuntu/neoswift/neosharp/tests/neosharp.tests/bin/debug/net9.0/neosharp.tests.dll" id="c9d78f46-4c53-e244-bafd-0d22014fcd87">
      <Execution id="f37a7676-3818-4dc1-9d27-5347a31325a4" />
      <TestMethod codeBase="/home/ubuntu/NeoSwift/NeoSharp/tests/NeoSharp.Tests/bin/Debug/net9.0/NeoSharp.Tests.dll" adapterTypeName="executor://xunit/VsTestRunner2/netcoreapp" className="NeoSharp.Tests.Wallet.AccountTests" name="DecryptPrivateKey_ShouldDecryptPrivateKey" />
    </UnitTest>
    <UnitTest name="NeoSharp.Tests.Crypto.ScryptParamsTests.TestScryptParamsJsonVariations(json: &quot;{\&quot;n\&quot;: 8, \&quot;r\&quot;: 4, \&quot;p\&quot;: 9}&quot;)" storage="/home/ubuntu/neoswift/neosharp/tests/neosharp.tests/bin/debug/net9.0/neosharp.tests.dll" id="ee15e4ec-2da5-7177-94d9-138b7165c68e">
      <Execution id="98192f0c-9c8b-449b-85bf-48cbccaa3a77" />
      <TestMethod codeBase="/home/ubuntu/NeoSwift/NeoSharp/tests/NeoSharp.Tests/bin/Debug/net9.0/NeoSharp.Tests.dll" adapterTypeName="executor://xunit/VsTestRunner2/netcoreapp" className="NeoSharp.Tests.Crypto.ScryptParamsTests" name="TestScryptParamsJsonVariations" />
    </UnitTest>
    <UnitTest name="NeoSharp.Tests.Wallet.AccountTests.Sign_ShouldCreateValidSignature" storage="/home/ubuntu/neoswift/neosharp/tests/neosharp.tests/bin/debug/net9.0/neosharp.tests.dll" id="4b35573e-3a26-d9e4-572f-1869874e4bc6">
      <Execution id="51a02c57-5f10-4e04-8e2d-094628384115" />
      <TestMethod codeBase="/home/ubuntu/NeoSwift/NeoSharp/tests/NeoSharp.Tests/bin/Debug/net9.0/NeoSharp.Tests.dll" adapterTypeName="executor://xunit/VsTestRunner2/netcoreapp" className="NeoSharp.Tests.Wallet.AccountTests" name="Sign_ShouldCreateValidSignature" />
    </UnitTest>
    <UnitTest name="NeoSharp.Tests.Script.ScriptBuilderTests.OpCode_ShouldAddCorrectOpCode" storage="/home/ubuntu/neoswift/neosharp/tests/neosharp.tests/bin/debug/net9.0/neosharp.tests.dll" id="6eeceb8d-f303-db47-4bc1-99a3fca42609">
      <Execution id="18619281-bd49-4d62-b137-96444484b825" />
      <TestMethod codeBase="/home/ubuntu/NeoSwift/NeoSharp/tests/NeoSharp.Tests/bin/Debug/net9.0/NeoSharp.Tests.dll" adapterTypeName="executor://xunit/VsTestRunner2/netcoreapp" className="NeoSharp.Tests.Script.ScriptBuilderTests" name="OpCode_ShouldAddCorrectOpCode" />
    </UnitTest>
    <UnitTest name="NeoSharp.Tests.Contract.SmartContractTests.BuildInvokeFunctionScript_ShouldCreateCorrectScript" storage="/home/ubuntu/neoswift/neosharp/tests/neosharp.tests/bin/debug/net9.0/neosharp.tests.dll" id="2563e2a7-4774-1734-682f-9b5a97cf68dd">
      <Execution id="24335654-908b-4b3f-9c28-e79aa6bd03ad" />
      <TestMethod codeBase="/home/ubuntu/NeoSwift/NeoSharp/tests/NeoSharp.Tests/bin/Debug/net9.0/NeoSharp.Tests.dll" adapterTypeName="executor://xunit/VsTestRunner2/netcoreapp" className="NeoSharp.Tests.Contract.SmartContractTests" name="BuildInvokeFunctionScript_ShouldCreateCorrectScript" />
    </UnitTest>
    <UnitTest name="NeoSharp.Tests.Serialization.BinaryWriterTests.WriteBytes_ShouldWriteByteArray" storage="/home/ubuntu/neoswift/neosharp/tests/neosharp.tests/bin/debug/net9.0/neosharp.tests.dll" id="4867ef49-9b69-7d61-fb16-c1d4ddc1384b">
      <Execution id="a17de00d-3b4d-4798-9355-1c1c52476bc0" />
      <TestMethod codeBase="/home/ubuntu/NeoSwift/NeoSharp/tests/NeoSharp.Tests/bin/Debug/net9.0/NeoSharp.Tests.dll" adapterTypeName="executor://xunit/VsTestRunner2/netcoreapp" className="NeoSharp.Tests.Serialization.BinaryWriterTests" name="WriteBytes_ShouldWriteByteArray" />
    </UnitTest>
    <UnitTest name="NeoSharp.Tests.Script.ScriptBuilderTests.PushInteger_ShouldHandleSpecialValues" storage="/home/ubuntu/neoswift/neosharp/tests/neosharp.tests/bin/debug/net9.0/neosharp.tests.dll" id="d7400e8a-7d55-2939-6e26-46d7d776b09b">
      <Execution id="032b5b34-5423-44b4-84be-ad627513bd5b" />
      <TestMethod codeBase="/home/ubuntu/NeoSwift/NeoSharp/tests/NeoSharp.Tests/bin/Debug/net9.0/NeoSharp.Tests.dll" adapterTypeName="executor://xunit/VsTestRunner2/netcoreapp" className="NeoSharp.Tests.Script.ScriptBuilderTests" name="PushInteger_ShouldHandleSpecialValues" />
    </UnitTest>
    <UnitTest name="NeoSharp.Tests.Crypto.SignTests.TestPublicKeyFromSignedMessage" storage="/home/ubuntu/neoswift/neosharp/tests/neosharp.tests/bin/debug/net9.0/neosharp.tests.dll" id="745556e0-6207-6405-cb05-73e41479d01b">
      <Execution id="a09f85d0-95f4-4477-996a-8c18724b680b" />
      <TestMethod codeBase="/home/ubuntu/NeoSwift/NeoSharp/tests/NeoSharp.Tests/bin/Debug/net9.0/NeoSharp.Tests.dll" adapterTypeName="executor://xunit/VsTestRunner2/netcoreapp" className="NeoSharp.Tests.Crypto.SignTests" name="TestPublicKeyFromSignedMessage" />
    </UnitTest>
    <UnitTest name="NeoSharp.Tests.Contract.SmartContractTests.InvokeFunction_WithEmptyMethod_ShouldThrowArgumentException" storage="/home/ubuntu/neoswift/neosharp/tests/neosharp.tests/bin/debug/net9.0/neosharp.tests.dll" id="6a1a42d1-c8ac-745c-9a41-f4fb54483f96">
      <Execution id="616f8884-f41f-47da-9e69-4c548ede517e" />
      <TestMethod codeBase="/home/ubuntu/NeoSwift/NeoSharp/tests/NeoSharp.Tests/bin/Debug/net9.0/NeoSharp.Tests.dll" adapterTypeName="executor://xunit/VsTestRunner2/netcoreapp" className="NeoSharp.Tests.Contract.SmartContractTests" name="InvokeFunction_WithEmptyMethod_ShouldThrowArgumentException" />
    </UnitTest>
    <UnitTest name="NeoSharp.Tests.Crypto.Base58Tests.TestBase58EncodingKnownValues(hexInput: &quot;10c8511e&quot;, expectedBase58: &quot;Rt5zm&quot;)" storage="/home/ubuntu/neoswift/neosharp/tests/neosharp.tests/bin/debug/net9.0/neosharp.tests.dll" id="f5c4f377-4e3e-b2d1-f112-051ef98aaff6">
      <Execution id="24650c01-19eb-4973-9390-fe07f143092d" />
      <TestMethod codeBase="/home/ubuntu/NeoSwift/NeoSharp/tests/NeoSharp.Tests/bin/Debug/net9.0/NeoSharp.Tests.dll" adapterTypeName="executor://xunit/VsTestRunner2/netcoreapp" className="NeoSharp.Tests.Crypto.Base58Tests" name="TestBase58EncodingKnownValues" />
    </UnitTest>
    <UnitTest name="NeoSharp.Tests.Crypto.Base64Tests.Base64Decode_WithInvalidInput_ShouldThrowException" storage="/home/ubuntu/neoswift/neosharp/tests/neosharp.tests/bin/debug/net9.0/neosharp.tests.dll" id="180b2260-9f10-8804-ff19-b6ea3fa61d5c">
      <Execution id="6f1b7e4e-1712-46ee-8a38-b2c85c96e77c" />
      <TestMethod codeBase="/home/ubuntu/NeoSwift/NeoSharp/tests/NeoSharp.Tests/bin/Debug/net9.0/NeoSharp.Tests.dll" adapterTypeName="executor://xunit/VsTestRunner2/netcoreapp" className="NeoSharp.Tests.Crypto.Base64Tests" name="Base64Decode_WithInvalidInput_ShouldThrowException" />
    </UnitTest>
    <UnitTest name="NeoSharp.Tests.Types.Hash160Tests.GetHashCode_ShouldBeConsistent" storage="/home/ubuntu/neoswift/neosharp/tests/neosharp.tests/bin/debug/net9.0/neosharp.tests.dll" id="7b1adb34-29e1-8e99-6cf5-b6dc68ed1598">
      <Execution id="1bd90ddb-0eb9-4c4a-9e68-bc3175e5406c" />
      <TestMethod codeBase="/home/ubuntu/NeoSwift/NeoSharp/tests/NeoSharp.Tests/bin/Debug/net9.0/NeoSharp.Tests.dll" adapterTypeName="executor://xunit/VsTestRunner2/netcoreapp" className="NeoSharp.Tests.Types.Hash160Tests" name="GetHashCode_ShouldBeConsistent" />
    </UnitTest>
    <UnitTest name="NeoSharp.Tests.Types.Hash160Tests.Serialize_ShouldWriteLittleEndianBytes" storage="/home/ubuntu/neoswift/neosharp/tests/neosharp.tests/bin/debug/net9.0/neosharp.tests.dll" id="e0ff5e87-9149-ce63-9796-3fa300857898">
      <Execution id="49d5cc71-e06c-4ff3-988d-06b4d51b97b6" />
      <TestMethod codeBase="/home/ubuntu/NeoSwift/NeoSharp/tests/NeoSharp.Tests/bin/Debug/net9.0/NeoSharp.Tests.dll" adapterTypeName="executor://xunit/VsTestRunner2/netcoreapp" className="NeoSharp.Tests.Types.Hash160Tests" name="Serialize_ShouldWriteLittleEndianBytes" />
    </UnitTest>
    <UnitTest name="NeoSharp.Tests.Contract.SmartContractTests.InvokeFunction_WithNullMethod_ShouldThrowArgumentNullException" storage="/home/ubuntu/neoswift/neosharp/tests/neosharp.tests/bin/debug/net9.0/neosharp.tests.dll" id="acd4bcec-3088-d922-c81d-7c878116fd96">
      <Execution id="c176f8c4-cea5-4f1a-a98e-e2cb6dcee846" />
      <TestMethod codeBase="/home/ubuntu/NeoSwift/NeoSharp/tests/NeoSharp.Tests/bin/Debug/net9.0/NeoSharp.Tests.dll" adapterTypeName="executor://xunit/VsTestRunner2/netcoreapp" className="NeoSharp.Tests.Contract.SmartContractTests" name="InvokeFunction_WithNullMethod_ShouldThrowArgumentNullException" />
    </UnitTest>
    <UnitTest name="NeoSharp.Tests.Types.EnumTypeTests.ContractParameterType_AllValues_ShouldHaveCorrectProperties(paramType: Map, expectedJson: &quot;Map&quot;, expectedByte: 34)" storage="/home/ubuntu/neoswift/neosharp/tests/neosharp.tests/bin/debug/net9.0/neosharp.tests.dll" id="39b5d22d-0067-e3ff-d99c-706c8284a251">
      <Execution id="76995307-38f5-496e-bceb-0c562091e0e6" />
      <TestMethod codeBase="/home/ubuntu/NeoSwift/NeoSharp/tests/NeoSharp.Tests/bin/Debug/net9.0/NeoSharp.Tests.dll" adapterTypeName="executor://xunit/VsTestRunner2/netcoreapp" className="NeoSharp.Tests.Types.EnumTypeTests" name="ContractParameterType_AllValues_ShouldHaveCorrectProperties" />
    </UnitTest>
    <UnitTest name="NeoSharp.Tests.Crypto.ECKeyPairTests.GetScriptHash_ShouldReturnValidHash" storage="/home/ubuntu/neoswift/neosharp/tests/neosharp.tests/bin/debug/net9.0/neosharp.tests.dll" id="d74c1b47-2b45-42f8-b27a-2c9d874ea10b">
      <Execution id="d44d65d3-1d4d-44a6-ad07-8024469200e4" />
      <TestMethod codeBase="/home/ubuntu/NeoSwift/NeoSharp/tests/NeoSharp.Tests/bin/Debug/net9.0/NeoSharp.Tests.dll" adapterTypeName="executor://xunit/VsTestRunner2/netcoreapp" className="NeoSharp.Tests.Crypto.ECKeyPairTests" name="GetScriptHash_ShouldReturnValidHash" />
    </UnitTest>
    <UnitTest name="NeoSharp.Tests.Crypto.WIFTests.RoundTrip_ShouldPreservePrivateKey" storage="/home/ubuntu/neoswift/neosharp/tests/neosharp.tests/bin/debug/net9.0/neosharp.tests.dll" id="beaeae1a-5663-5159-f554-4cb8ce24af1b">
      <Execution id="a2f2d5fd-563e-4c52-94d4-5dfaf63e1179" />
      <TestMethod codeBase="/home/ubuntu/NeoSwift/NeoSharp/tests/NeoSharp.Tests/bin/Debug/net9.0/NeoSharp.Tests.dll" adapterTypeName="executor://xunit/VsTestRunner2/netcoreapp" className="NeoSharp.Tests.Crypto.WIFTests" name="RoundTrip_ShouldPreservePrivateKey" />
    </UnitTest>
    <UnitTest name="NeoSharp.Tests.Crypto.Base64Tests.Base64Encode_WithEmptyInput_ShouldReturnEmptyString" storage="/home/ubuntu/neoswift/neosharp/tests/neosharp.tests/bin/debug/net9.0/neosharp.tests.dll" id="f0cdfe8d-ed22-e606-4448-12aa4bd1069a">
      <Execution id="b2b42524-6b88-4977-8252-1062f6805e1e" />
      <TestMethod codeBase="/home/ubuntu/NeoSwift/NeoSharp/tests/NeoSharp.Tests/bin/Debug/net9.0/NeoSharp.Tests.dll" adapterTypeName="executor://xunit/VsTestRunner2/netcoreapp" className="NeoSharp.Tests.Crypto.Base64Tests" name="Base64Encode_WithEmptyInput_ShouldReturnEmptyString" />
    </UnitTest>
    <UnitTest name="NeoSharp.Tests.Crypto.SecurityTests.TestCryptographicRandomness" storage="/home/ubuntu/neoswift/neosharp/tests/neosharp.tests/bin/debug/net9.0/neosharp.tests.dll" id="54257088-ee8c-40f1-c5ba-2f061684eb74">
      <Execution id="cf647f8b-616f-412a-8c8d-a75c9269a443" />
      <TestMethod codeBase="/home/ubuntu/NeoSwift/NeoSharp/tests/NeoSharp.Tests/bin/Debug/net9.0/NeoSharp.Tests.dll" adapterTypeName="executor://xunit/VsTestRunner2/netcoreapp" className="NeoSharp.Tests.Crypto.SecurityTests" name="TestCryptographicRandomness" />
    </UnitTest>
    <UnitTest name="NeoSharp.Tests.Crypto.SecurityTests.TestHashCacheThreadSafety" storage="/home/ubuntu/neoswift/neosharp/tests/neosharp.tests/bin/debug/net9.0/neosharp.tests.dll" id="520fc664-9814-ee48-7c06-87170716aa83">
      <Execution id="efe7433e-9343-4ca3-aafd-63a9acb770c9" />
      <TestMethod codeBase="/home/ubuntu/NeoSwift/NeoSharp/tests/NeoSharp.Tests/bin/Debug/net9.0/NeoSharp.Tests.dll" adapterTypeName="executor://xunit/VsTestRunner2/netcoreapp" className="NeoSharp.Tests.Crypto.SecurityTests" name="TestHashCacheThreadSafety" />
    </UnitTest>
    <UnitTest name="NeoSharp.Tests.Crypto.WIFTests.IsValidWIF_WithInvalidWIF_ShouldReturnFalse(invalidWif: &quot;&quot;)" storage="/home/ubuntu/neoswift/neosharp/tests/neosharp.tests/bin/debug/net9.0/neosharp.tests.dll" id="ebf5a56a-f7f7-6329-0fdd-d1c186256e6a">
      <Execution id="91d83730-5235-4557-b1ee-b751892b292a" />
      <TestMethod codeBase="/home/ubuntu/NeoSwift/NeoSharp/tests/NeoSharp.Tests/bin/Debug/net9.0/NeoSharp.Tests.dll" adapterTypeName="executor://xunit/VsTestRunner2/netcoreapp" className="NeoSharp.Tests.Crypto.WIFTests" name="IsValidWIF_WithInvalidWIF_ShouldReturnFalse" />
    </UnitTest>
    <UnitTest name="NeoSharp.Tests.Serialization.BinaryReaderTests.ReadUInt16_ShouldReadCorrectValues" storage="/home/ubuntu/neoswift/neosharp/tests/neosharp.tests/bin/debug/net9.0/neosharp.tests.dll" id="d88f0724-fb18-bcb6-0e7b-5a1ac4859c7c">
      <Execution id="8c1f1962-e3c7-4b70-a234-5ac3f9358406" />
      <TestMethod codeBase="/home/ubuntu/NeoSwift/NeoSharp/tests/NeoSharp.Tests/bin/Debug/net9.0/NeoSharp.Tests.dll" adapterTypeName="executor://xunit/VsTestRunner2/netcoreapp" className="NeoSharp.Tests.Serialization.BinaryReaderTests" name="ReadUInt16_ShouldReadCorrectValues" />
    </UnitTest>
    <UnitTest name="NeoSharp.Tests.Crypto.Bip32ECKeyPairTests.TestVectors2" storage="/home/ubuntu/neoswift/neosharp/tests/neosharp.tests/bin/debug/net9.0/neosharp.tests.dll" id="a44c85b8-f35a-b67e-c72e-802a946b2b67">
      <Execution id="4974a93e-c1fe-4c7b-91f6-6b312ef179e8" />
      <TestMethod codeBase="/home/ubuntu/NeoSwift/NeoSharp/tests/NeoSharp.Tests/bin/Debug/net9.0/NeoSharp.Tests.dll" adapterTypeName="executor://xunit/VsTestRunner2/netcoreapp" className="NeoSharp.Tests.Crypto.Bip32ECKeyPairTests" name="TestVectors2" />
    </UnitTest>
    <UnitTest name="NeoSharp.Tests.Serialization.BinaryReaderTests.ReadInt64_ShouldReadCorrectValues" storage="/home/ubuntu/neoswift/neosharp/tests/neosharp.tests/bin/debug/net9.0/neosharp.tests.dll" id="f8d47d8d-7ddf-b062-b8b7-9793b946bf9b">
      <Execution id="e9ee17ab-3619-4e4a-b275-971ba9fdd737" />
      <TestMethod codeBase="/home/ubuntu/NeoSwift/NeoSharp/tests/NeoSharp.Tests/bin/Debug/net9.0/NeoSharp.Tests.dll" adapterTypeName="executor://xunit/VsTestRunner2/netcoreapp" className="NeoSharp.Tests.Serialization.BinaryReaderTests" name="ReadInt64_ShouldReadCorrectValues" />
    </UnitTest>
    <UnitTest name="NeoSharp.Tests.Crypto.Base58Tests.TestBase58DecodingKnownValues(base58Input: &quot;3SEo3LWLoPntC&quot;, expectedHex: &quot;bf4f89001e670274dd&quot;)" storage="/home/ubuntu/neoswift/neosharp/tests/neosharp.tests/bin/debug/net9.0/neosharp.tests.dll" id="b1072d1f-7873-6c4a-c503-939a854d65f7">
      <Execution id="69eff6a6-67b4-4831-a53a-8488d65a0900" />
      <TestMethod codeBase="/home/ubuntu/NeoSwift/NeoSharp/tests/NeoSharp.Tests/bin/Debug/net9.0/NeoSharp.Tests.dll" adapterTypeName="executor://xunit/VsTestRunner2/netcoreapp" className="NeoSharp.Tests.Crypto.Base58Tests" name="TestBase58DecodingKnownValues" />
    </UnitTest>
    <UnitTest name="NeoSharp.Tests.Crypto.Base58Tests.TestBase58EncodingForValidStrings" storage="/home/ubuntu/neoswift/neosharp/tests/neosharp.tests/bin/debug/net9.0/neosharp.tests.dll" id="42da5785-dc68-eb06-6258-986f8c7b7a9d">
      <Execution id="d7647984-6680-4e60-8903-09685f1a759f" />
      <TestMethod codeBase="/home/ubuntu/NeoSwift/NeoSharp/tests/NeoSharp.Tests/bin/Debug/net9.0/NeoSharp.Tests.dll" adapterTypeName="executor://xunit/VsTestRunner2/netcoreapp" className="NeoSharp.Tests.Crypto.Base58Tests" name="TestBase58EncodingForValidStrings" />
    </UnitTest>
    <UnitTest name="NeoSharp.Tests.Crypto.NEP2Tests.TestVariousPasswords(password: &quot;password&quot;)" storage="/home/ubuntu/neoswift/neosharp/tests/neosharp.tests/bin/debug/net9.0/neosharp.tests.dll" id="ec4a4449-1424-a7ee-e040-db656a90d838">
      <Execution id="8f0daf30-2428-46b0-ad75-75704ed4a206" />
      <TestMethod codeBase="/home/ubuntu/NeoSwift/NeoSharp/tests/NeoSharp.Tests/bin/Debug/net9.0/NeoSharp.Tests.dll" adapterTypeName="executor://xunit/VsTestRunner2/netcoreapp" className="NeoSharp.Tests.Crypto.NEP2Tests" name="TestVariousPasswords" />
    </UnitTest>
    <UnitTest name="NeoSharp.Tests.Crypto.SignTests.TestDeterministicSigning" storage="/home/ubuntu/neoswift/neosharp/tests/neosharp.tests/bin/debug/net9.0/neosharp.tests.dll" id="8fc4c271-55a8-1d75-ee9b-ca171542217e">
      <Execution id="d7f52f36-c1d3-4c21-98c2-368b670419f7" />
      <TestMethod codeBase="/home/ubuntu/NeoSwift/NeoSharp/tests/NeoSharp.Tests/bin/Debug/net9.0/NeoSharp.Tests.dll" adapterTypeName="executor://xunit/VsTestRunner2/netcoreapp" className="NeoSharp.Tests.Crypto.SignTests" name="TestDeterministicSigning" />
    </UnitTest>
    <UnitTest name="NeoSharp.Tests.Types.Hash256Tests.CompareTo_ShouldOrderCorrectly" storage="/home/ubuntu/neoswift/neosharp/tests/neosharp.tests/bin/debug/net9.0/neosharp.tests.dll" id="4fd00a53-8db1-d78c-2599-95e001080d8f">
      <Execution id="305dd629-728e-4d5e-8cf0-0e3743860417" />
      <TestMethod codeBase="/home/ubuntu/NeoSwift/NeoSharp/tests/NeoSharp.Tests/bin/Debug/net9.0/NeoSharp.Tests.dll" adapterTypeName="executor://xunit/VsTestRunner2/netcoreapp" className="NeoSharp.Tests.Types.Hash256Tests" name="CompareTo_ShouldOrderCorrectly" />
    </UnitTest>
    <UnitTest name="NeoSharp.Tests.Types.Hash160Tests.Equals_WithSameHash_ShouldReturnTrue" storage="/home/ubuntu/neoswift/neosharp/tests/neosharp.tests/bin/debug/net9.0/neosharp.tests.dll" id="55512dc9-1dfa-597d-3130-060b23c90329">
      <Execution id="31dc7b63-0cd9-4624-913b-33178ec72c90" />
      <TestMethod codeBase="/home/ubuntu/NeoSwift/NeoSharp/tests/NeoSharp.Tests/bin/Debug/net9.0/NeoSharp.Tests.dll" adapterTypeName="executor://xunit/VsTestRunner2/netcoreapp" className="NeoSharp.Tests.Types.Hash160Tests" name="Equals_WithSameHash_ShouldReturnTrue" />
    </UnitTest>
    <UnitTest name="NeoSharp.Tests.Crypto.Base58Tests.TestBase58DecodingForInvalidStrings" storage="/home/ubuntu/neoswift/neosharp/tests/neosharp.tests/bin/debug/net9.0/neosharp.tests.dll" id="cabce220-086e-7b08-bb2d-5b89bcbe34c8">
      <Execution id="65d5c0b6-e759-47a3-8442-53338bf89c91" />
      <TestMethod codeBase="/home/ubuntu/NeoSwift/NeoSharp/tests/NeoSharp.Tests/bin/Debug/net9.0/NeoSharp.Tests.dll" adapterTypeName="executor://xunit/VsTestRunner2/netcoreapp" className="NeoSharp.Tests.Crypto.Base58Tests" name="TestBase58DecodingForInvalidStrings" />
    </UnitTest>
    <UnitTest name="NeoSharp.Tests.Serialization.BinaryReaderTests.ReadBeyondEnd_ShouldThrowException" storage="/home/ubuntu/neoswift/neosharp/tests/neosharp.tests/bin/debug/net9.0/neosharp.tests.dll" id="c4d11546-b7ff-9147-d8a7-3a820d75d8d6">
      <Execution id="6d753891-fead-4bb8-a68a-919b6b399342" />
      <TestMethod codeBase="/home/ubuntu/NeoSwift/NeoSharp/tests/NeoSharp.Tests/bin/Debug/net9.0/NeoSharp.Tests.dll" adapterTypeName="executor://xunit/VsTestRunner2/netcoreapp" className="NeoSharp.Tests.Serialization.BinaryReaderTests" name="ReadBeyondEnd_ShouldThrowException" />
    </UnitTest>
    <UnitTest name="NeoSharp.Tests.Types.ContractParameterTests.ByteArray_WithBytes_ShouldCreateByteArrayParameter" storage="/home/ubuntu/neoswift/neosharp/tests/neosharp.tests/bin/debug/net9.0/neosharp.tests.dll" id="1fd2d563-2db0-b811-6dea-5bf5b95f5c6c">
      <Execution id="af22572b-82c7-47f6-8178-28b70c3df678" />
      <TestMethod codeBase="/home/ubuntu/NeoSwift/NeoSharp/tests/NeoSharp.Tests/bin/Debug/net9.0/NeoSharp.Tests.dll" adapterTypeName="executor://xunit/VsTestRunner2/netcoreapp" className="NeoSharp.Tests.Types.ContractParameterTests" name="ByteArray_WithBytes_ShouldCreateByteArrayParameter" />
    </UnitTest>
    <UnitTest name="NeoSharp.Tests.Crypto.SecurityTests.TestTimingAttackResistance" storage="/home/ubuntu/neoswift/neosharp/tests/neosharp.tests/bin/debug/net9.0/neosharp.tests.dll" id="132ccf43-7ae7-adb9-92a9-df519faee0a1">
      <Execution id="fcc40345-6376-4d73-8fa3-1d11165f8971" />
      <TestMethod codeBase="/home/ubuntu/NeoSwift/NeoSharp/tests/NeoSharp.Tests/bin/Debug/net9.0/NeoSharp.Tests.dll" adapterTypeName="executor://xunit/VsTestRunner2/netcoreapp" className="NeoSharp.Tests.Crypto.SecurityTests" name="TestTimingAttackResistance" />
    </UnitTest>
    <UnitTest name="NeoSharp.Tests.Serialization.BinaryReaderTests.ReadPushDataString_ShouldReadStringsCorrectly" storage="/home/ubuntu/neoswift/neosharp/tests/neosharp.tests/bin/debug/net9.0/neosharp.tests.dll" id="abbaed55-681d-78da-3d42-03ca0b46a976">
      <Execution id="13ad37b6-dfcf-4761-b60c-cd711c100b7e" />
      <TestMethod codeBase="/home/ubuntu/NeoSwift/NeoSharp/tests/NeoSharp.Tests/bin/Debug/net9.0/NeoSharp.Tests.dll" adapterTypeName="executor://xunit/VsTestRunner2/netcoreapp" className="NeoSharp.Tests.Serialization.BinaryReaderTests" name="ReadPushDataString_ShouldReadStringsCorrectly" />
    </UnitTest>
    <UnitTest name="NeoSharp.Tests.Crypto.WIFTests.InvalidPrivateKeyLength_ShouldThrowWIFException(length: 33)" storage="/home/ubuntu/neoswift/neosharp/tests/neosharp.tests/bin/debug/net9.0/neosharp.tests.dll" id="77fc752b-8f45-9e78-5b84-e90ebc566278">
      <Execution id="ce308ae0-29ae-48cd-bc10-1d22ffc47c48" />
      <TestMethod codeBase="/home/ubuntu/NeoSwift/NeoSharp/tests/NeoSharp.Tests/bin/Debug/net9.0/NeoSharp.Tests.dll" adapterTypeName="executor://xunit/VsTestRunner2/netcoreapp" className="NeoSharp.Tests.Crypto.WIFTests" name="InvalidPrivateKeyLength_ShouldThrowWIFException" />
    </UnitTest>
    <UnitTest name="NeoSharp.Tests.Serialization.BinaryReaderTests.ReadBytes_ShouldReadSpecifiedNumberOfBytes" storage="/home/ubuntu/neoswift/neosharp/tests/neosharp.tests/bin/debug/net9.0/neosharp.tests.dll" id="d8c28e8f-0978-66b7-aeff-ee6e5f77d9ad">
      <Execution id="4626e965-5d30-4d87-bdff-6b574b8a7eae" />
      <TestMethod codeBase="/home/ubuntu/NeoSwift/NeoSharp/tests/NeoSharp.Tests/bin/Debug/net9.0/NeoSharp.Tests.dll" adapterTypeName="executor://xunit/VsTestRunner2/netcoreapp" className="NeoSharp.Tests.Serialization.BinaryReaderTests" name="ReadBytes_ShouldReadSpecifiedNumberOfBytes" />
    </UnitTest>
    <UnitTest name="NeoSharp.Tests.Crypto.NEP2Tests.TestMultipleEncryptionsProduceSameResults" storage="/home/ubuntu/neoswift/neosharp/tests/neosharp.tests/bin/debug/net9.0/neosharp.tests.dll" id="eef9c9b8-ae6a-45f8-64af-99c50f984646">
      <Execution id="bd608666-5d29-4133-9080-60817744cdff" />
      <TestMethod codeBase="/home/ubuntu/NeoSwift/NeoSharp/tests/NeoSharp.Tests/bin/Debug/net9.0/NeoSharp.Tests.dll" adapterTypeName="executor://xunit/VsTestRunner2/netcoreapp" className="NeoSharp.Tests.Crypto.NEP2Tests" name="TestMultipleEncryptionsProduceSameResults" />
    </UnitTest>
    <UnitTest name="NeoSharp.Tests.Wallet.AccountTests.IsWatchOnly_ShouldReturnTrueForAccountsWithoutPrivateKey" storage="/home/ubuntu/neoswift/neosharp/tests/neosharp.tests/bin/debug/net9.0/neosharp.tests.dll" id="30cb0310-de3e-88ff-8f97-159661e8875a">
      <Execution id="248a81d3-4625-4fc4-9157-3fe49fe04460" />
      <TestMethod codeBase="/home/ubuntu/NeoSwift/NeoSharp/tests/NeoSharp.Tests/bin/Debug/net9.0/NeoSharp.Tests.dll" adapterTypeName="executor://xunit/VsTestRunner2/netcoreapp" className="NeoSharp.Tests.Wallet.AccountTests" name="IsWatchOnly_ShouldReturnTrueForAccountsWithoutPrivateKey" />
    </UnitTest>
    <UnitTest name="NeoSharp.Tests.Wallet.AccountTests.CreateMultiSigAccount_ShouldCreateCorrectMultiSigAccount" storage="/home/ubuntu/neoswift/neosharp/tests/neosharp.tests/bin/debug/net9.0/neosharp.tests.dll" id="c064602b-a199-c25b-89df-ce5815c62b71">
      <Execution id="202e6eb7-66cc-4a1a-8d3c-ab78505fa356" />
      <TestMethod codeBase="/home/ubuntu/NeoSwift/NeoSharp/tests/NeoSharp.Tests/bin/Debug/net9.0/NeoSharp.Tests.dll" adapterTypeName="executor://xunit/VsTestRunner2/netcoreapp" className="NeoSharp.Tests.Wallet.AccountTests" name="CreateMultiSigAccount_ShouldCreateCorrectMultiSigAccount" />
    </UnitTest>
    <UnitTest name="NeoSharp.Tests.Serialization.BinaryReaderTests.ReadBoolean_ShouldReadBooleaneanValues" storage="/home/ubuntu/neoswift/neosharp/tests/neosharp.tests/bin/debug/net9.0/neosharp.tests.dll" id="736e58a5-e61f-d16f-a200-62c2b0320ab8">
      <Execution id="9012639a-9733-4f7d-bf43-d7a7cd69adfe" />
      <TestMethod codeBase="/home/ubuntu/NeoSwift/NeoSharp/tests/NeoSharp.Tests/bin/Debug/net9.0/NeoSharp.Tests.dll" adapterTypeName="executor://xunit/VsTestRunner2/netcoreapp" className="NeoSharp.Tests.Serialization.BinaryReaderTests" name="ReadBoolean_ShouldReadBooleaneanValues" />
    </UnitTest>
    <UnitTest name="NeoSharp.Tests.Types.Hash160Tests.Constructor_WithInvalidLength_ShouldThrowException" storage="/home/ubuntu/neoswift/neosharp/tests/neosharp.tests/bin/debug/net9.0/neosharp.tests.dll" id="8c07b406-fe7d-69af-02cd-d9ef9d9292a2">
      <Execution id="28708455-0646-4bca-bedb-6413983db040" />
      <TestMethod codeBase="/home/ubuntu/NeoSwift/NeoSharp/tests/NeoSharp.Tests/bin/Debug/net9.0/NeoSharp.Tests.dll" adapterTypeName="executor://xunit/VsTestRunner2/netcoreapp" className="NeoSharp.Tests.Types.Hash160Tests" name="Constructor_WithInvalidLength_ShouldThrowException" />
    </UnitTest>
    <UnitTest name="NeoSharp.Tests.Crypto.Base58Tests.TestBase58EncodingKnownValues(hexInput: &quot;626262&quot;, expectedBase58: &quot;a3gV&quot;)" storage="/home/ubuntu/neoswift/neosharp/tests/neosharp.tests/bin/debug/net9.0/neosharp.tests.dll" id="159b95df-fcac-493e-9d02-021648159908">
      <Execution id="4170bcef-3e28-47d7-a94d-0390ac89aa98" />
      <TestMethod codeBase="/home/ubuntu/NeoSwift/NeoSharp/tests/NeoSharp.Tests/bin/Debug/net9.0/NeoSharp.Tests.dll" adapterTypeName="executor://xunit/VsTestRunner2/netcoreapp" className="NeoSharp.Tests.Crypto.Base58Tests" name="TestBase58EncodingKnownValues" />
    </UnitTest>
    <UnitTest name="NeoSharp.Tests.Types.ContractParameterTests.Array_ShouldCreateArrayParameter" storage="/home/ubuntu/neoswift/neosharp/tests/neosharp.tests/bin/debug/net9.0/neosharp.tests.dll" id="f3e83804-4bfc-b256-1868-00b97a2ebe4b">
      <Execution id="3c16362a-2d99-4327-917b-ee98d433c851" />
      <TestMethod codeBase="/home/ubuntu/NeoSwift/NeoSharp/tests/NeoSharp.Tests/bin/Debug/net9.0/NeoSharp.Tests.dll" adapterTypeName="executor://xunit/VsTestRunner2/netcoreapp" className="NeoSharp.Tests.Types.ContractParameterTests" name="Array_ShouldCreateArrayParameter" />
    </UnitTest>
    <UnitTest name="NeoSharp.Tests.Types.Hash160Tests.Zero_ShouldReturnZeroHash" storage="/home/ubuntu/neoswift/neosharp/tests/neosharp.tests/bin/debug/net9.0/neosharp.tests.dll" id="84f4aa5b-2dbf-da24-8c49-9944ee9416f3">
      <Execution id="bdad0acf-a25f-4d36-a711-bbd47012e1dc" />
      <TestMethod codeBase="/home/ubuntu/NeoSwift/NeoSharp/tests/NeoSharp.Tests/bin/Debug/net9.0/NeoSharp.Tests.dll" adapterTypeName="executor://xunit/VsTestRunner2/netcoreapp" className="NeoSharp.Tests.Types.Hash160Tests" name="Zero_ShouldReturnZeroHash" />
    </UnitTest>
    <UnitTest name="NeoSharp.Tests.Wallet.AccountTests.FromPrivateKey_ShouldCreateCorrectAccount" storage="/home/ubuntu/neoswift/neosharp/tests/neosharp.tests/bin/debug/net9.0/neosharp.tests.dll" id="ac899e7c-3b9d-efbd-e46c-1925a05dd291">
      <Execution id="882aa80e-1c75-4741-af10-ca3bf53749e2" />
      <TestMethod codeBase="/home/ubuntu/NeoSwift/NeoSharp/tests/NeoSharp.Tests/bin/Debug/net9.0/NeoSharp.Tests.dll" adapterTypeName="executor://xunit/VsTestRunner2/netcoreapp" className="NeoSharp.Tests.Wallet.AccountTests" name="FromPrivateKey_ShouldCreateCorrectAccount" />
    </UnitTest>
    <UnitTest name="NeoSharp.Tests.Crypto.NEP2Tests.TestVariousPasswords(password: &quot;a&quot;)" storage="/home/ubuntu/neoswift/neosharp/tests/neosharp.tests/bin/debug/net9.0/neosharp.tests.dll" id="694269c9-e36e-d154-83f2-af845bc2e686">
      <Execution id="93904993-7f89-4bf5-8c40-e6f6f7e2aed2" />
      <TestMethod codeBase="/home/ubuntu/NeoSwift/NeoSharp/tests/NeoSharp.Tests/bin/Debug/net9.0/NeoSharp.Tests.dll" adapterTypeName="executor://xunit/VsTestRunner2/netcoreapp" className="NeoSharp.Tests.Crypto.NEP2Tests" name="TestVariousPasswords" />
    </UnitTest>
    <UnitTest name="NeoSharp.Tests.Types.Hash160Tests.ToLittleEndianArray_ShouldReverseBytes" storage="/home/ubuntu/neoswift/neosharp/tests/neosharp.tests/bin/debug/net9.0/neosharp.tests.dll" id="42f0c1d8-472b-225e-839a-1e8337b6f2c9">
      <Execution id="4570fc5e-7e4b-4856-85ae-d4b5687a8115" />
      <TestMethod codeBase="/home/ubuntu/NeoSwift/NeoSharp/tests/NeoSharp.Tests/bin/Debug/net9.0/NeoSharp.Tests.dll" adapterTypeName="executor://xunit/VsTestRunner2/netcoreapp" className="NeoSharp.Tests.Types.Hash160Tests" name="ToLittleEndianArray_ShouldReverseBytes" />
    </UnitTest>
    <UnitTest name="NeoSharp.Tests.Serialization.BinaryReaderTests.Position_ShouldTrackCurrentPosition" storage="/home/ubuntu/neoswift/neosharp/tests/neosharp.tests/bin/debug/net9.0/neosharp.tests.dll" id="dbf23bcc-10fe-b4f8-bdba-93a8f4169160">
      <Execution id="22fcaa81-9c7b-42f9-91a8-af68da765684" />
      <TestMethod codeBase="/home/ubuntu/NeoSwift/NeoSharp/tests/NeoSharp.Tests/bin/Debug/net9.0/NeoSharp.Tests.dll" adapterTypeName="executor://xunit/VsTestRunner2/netcoreapp" className="NeoSharp.Tests.Serialization.BinaryReaderTests" name="Position_ShouldTrackCurrentPosition" />
    </UnitTest>
    <UnitTest name="NeoSharp.Tests.Script.ScriptBuilderTests.VerificationScriptFromPublicKeys_ShouldCreateCorrectScript" storage="/home/ubuntu/neoswift/neosharp/tests/neosharp.tests/bin/debug/net9.0/neosharp.tests.dll" id="2119fef3-55b3-cb02-38e7-b693aad1c328">
      <Execution id="ee45b1b8-1417-4559-8a74-0631d1cc7010" />
      <TestMethod codeBase="/home/ubuntu/NeoSwift/NeoSharp/tests/NeoSharp.Tests/bin/Debug/net9.0/NeoSharp.Tests.dll" adapterTypeName="executor://xunit/VsTestRunner2/netcoreapp" className="NeoSharp.Tests.Script.ScriptBuilderTests" name="VerificationScriptFromPublicKeys_ShouldCreateCorrectScript" />
    </UnitTest>
    <UnitTest name="NeoSharp.Tests.Crypto.ScryptParamsTests.TestScryptParamsIncompleteJson" storage="/home/ubuntu/neoswift/neosharp/tests/neosharp.tests/bin/debug/net9.0/neosharp.tests.dll" id="58ff235e-a3c2-8d16-8f18-a5f78f51d8db">
      <Execution id="5819f34d-fd5f-4a3a-9954-37433cff2b27" />
      <TestMethod codeBase="/home/ubuntu/NeoSwift/NeoSharp/tests/NeoSharp.Tests/bin/Debug/net9.0/NeoSharp.Tests.dll" adapterTypeName="executor://xunit/VsTestRunner2/netcoreapp" className="NeoSharp.Tests.Crypto.ScryptParamsTests" name="TestScryptParamsIncompleteJson" />
    </UnitTest>
    <UnitTest name="NeoSharp.Tests.Types.EnumTypeTests.ContractParameterType_FromJsonValue_WithValidValues_ShouldSucceed(jsonValue: &quot;Map&quot;)" storage="/home/ubuntu/neoswift/neosharp/tests/neosharp.tests/bin/debug/net9.0/neosharp.tests.dll" id="b0afab83-521d-3bdc-8472-8661a0acaf09">
      <Execution id="8e11f2a1-c020-4e9c-b300-ace01b631c1f" />
      <TestMethod codeBase="/home/ubuntu/NeoSwift/NeoSharp/tests/NeoSharp.Tests/bin/Debug/net9.0/NeoSharp.Tests.dll" adapterTypeName="executor://xunit/VsTestRunner2/netcoreapp" className="NeoSharp.Tests.Types.EnumTypeTests" name="ContractParameterType_FromJsonValue_WithValidValues_ShouldSucceed" />
    </UnitTest>
    <UnitTest name="NeoSharp.Tests.Contract.SmartContractTests.BuildInvokeFunctionScript_WithWhitespaceMethod_ShouldThrowArgumentException" storage="/home/ubuntu/neoswift/neosharp/tests/neosharp.tests/bin/debug/net9.0/neosharp.tests.dll" id="c0a24241-2665-51f1-0378-db611bcd3dd4">
      <Execution id="0a68d01a-68e6-4c8d-bfd0-91115bc9fbd2" />
      <TestMethod codeBase="/home/ubuntu/NeoSwift/NeoSharp/tests/NeoSharp.Tests/bin/Debug/net9.0/NeoSharp.Tests.dll" adapterTypeName="executor://xunit/VsTestRunner2/netcoreapp" className="NeoSharp.Tests.Contract.SmartContractTests" name="BuildInvokeFunctionScript_WithWhitespaceMethod_ShouldThrowArgumentException" />
    </UnitTest>
    <UnitTest name="NeoSharp.Tests.Script.ScriptBuilderTests.PushString_ShouldHandleDifferentSizes" storage="/home/ubuntu/neoswift/neosharp/tests/neosharp.tests/bin/debug/net9.0/neosharp.tests.dll" id="0c17d28a-6ce5-362a-f711-bf5c79224b99">
      <Execution id="17f06b82-bc0e-4b8c-8c12-bae8b3a1910b" />
      <TestMethod codeBase="/home/ubuntu/NeoSwift/NeoSharp/tests/NeoSharp.Tests/bin/Debug/net9.0/NeoSharp.Tests.dll" adapterTypeName="executor://xunit/VsTestRunner2/netcoreapp" className="NeoSharp.Tests.Script.ScriptBuilderTests" name="PushString_ShouldHandleDifferentSizes" />
    </UnitTest>
    <UnitTest name="NeoSharp.Tests.Types.ContractParameterTests.ToJson_String_ShouldSerializeCorrectly" storage="/home/ubuntu/neoswift/neosharp/tests/neosharp.tests/bin/debug/net9.0/neosharp.tests.dll" id="3a8dc186-285e-ba06-37ed-700bdc91daf9">
      <Execution id="0bbb102a-b5db-419c-8e61-7a745bd7fa17" />
      <TestMethod codeBase="/home/ubuntu/NeoSwift/NeoSharp/tests/NeoSharp.Tests/bin/Debug/net9.0/NeoSharp.Tests.dll" adapterTypeName="executor://xunit/VsTestRunner2/netcoreapp" className="NeoSharp.Tests.Types.ContractParameterTests" name="ToJson_String_ShouldSerializeCorrectly" />
    </UnitTest>
    <UnitTest name="NeoSharp.Tests.Wallet.AccountTests.IsWatchOnly_ShouldReturnFalseForAccountsWithPrivateKey" storage="/home/ubuntu/neoswift/neosharp/tests/neosharp.tests/bin/debug/net9.0/neosharp.tests.dll" id="33843bfb-59e0-4d8b-1700-315e81e57341">
      <Execution id="efd6d785-3c0b-406a-b912-2a7da7df2dc1" />
      <TestMethod codeBase="/home/ubuntu/NeoSwift/NeoSharp/tests/NeoSharp.Tests/bin/Debug/net9.0/NeoSharp.Tests.dll" adapterTypeName="executor://xunit/VsTestRunner2/netcoreapp" className="NeoSharp.Tests.Wallet.AccountTests" name="IsWatchOnly_ShouldReturnFalseForAccountsWithPrivateKey" />
    </UnitTest>
    <UnitTest name="NeoSharp.Tests.Crypto.SignTests.TestSignatureByteArrayConversion" storage="/home/ubuntu/neoswift/neosharp/tests/neosharp.tests/bin/debug/net9.0/neosharp.tests.dll" id="f5fc6183-1464-d7b4-9e54-d9f91a9efcb6">
      <Execution id="57908d8b-56f8-4ce4-bb38-bab7b62694f1" />
      <TestMethod codeBase="/home/ubuntu/NeoSwift/NeoSharp/tests/NeoSharp.Tests/bin/Debug/net9.0/NeoSharp.Tests.dll" adapterTypeName="executor://xunit/VsTestRunner2/netcoreapp" className="NeoSharp.Tests.Crypto.SignTests" name="TestSignatureByteArrayConversion" />
    </UnitTest>
    <UnitTest name="NeoSharp.Tests.Contract.SmartContractTests.BuildInvokeFunctionScript_WithEmptyMethod_ShouldThrowArgumentException" storage="/home/ubuntu/neoswift/neosharp/tests/neosharp.tests/bin/debug/net9.0/neosharp.tests.dll" id="49a4d1dc-d639-43e5-b5bf-49f3c902de94">
      <Execution id="99e8c494-1cb1-4a1f-a74a-073d4ce5a4b2" />
      <TestMethod codeBase="/home/ubuntu/NeoSwift/NeoSharp/tests/NeoSharp.Tests/bin/Debug/net9.0/NeoSharp.Tests.dll" adapterTypeName="executor://xunit/VsTestRunner2/netcoreapp" className="NeoSharp.Tests.Contract.SmartContractTests" name="BuildInvokeFunctionScript_WithEmptyMethod_ShouldThrowArgumentException" />
    </UnitTest>
    <UnitTest name="NeoSharp.Tests.Crypto.Base58Tests.TestBase58EmptyInput" storage="/home/ubuntu/neoswift/neosharp/tests/neosharp.tests/bin/debug/net9.0/neosharp.tests.dll" id="7c596a1b-f03c-10d5-15f5-4962c4c57d6b">
      <Execution id="cec1b5a2-fdec-4f37-b97b-2331d6a0492d" />
      <TestMethod codeBase="/home/ubuntu/NeoSwift/NeoSharp/tests/NeoSharp.Tests/bin/Debug/net9.0/NeoSharp.Tests.dll" adapterTypeName="executor://xunit/VsTestRunner2/netcoreapp" className="NeoSharp.Tests.Crypto.Base58Tests" name="TestBase58EmptyInput" />
    </UnitTest>
    <UnitTest name="NeoSharp.Tests.Crypto.ECKeyPairTests.KeyPairSigning_ShouldProduceValidSignature" storage="/home/ubuntu/neoswift/neosharp/tests/neosharp.tests/bin/debug/net9.0/neosharp.tests.dll" id="0a93bcd0-fc6a-56a2-32f3-61add043fee9">
      <Execution id="3ccad6f5-f5d3-476e-9fa5-87728fe8eccc" />
      <TestMethod codeBase="/home/ubuntu/NeoSwift/NeoSharp/tests/NeoSharp.Tests/bin/Debug/net9.0/NeoSharp.Tests.dll" adapterTypeName="executor://xunit/VsTestRunner2/netcoreapp" className="NeoSharp.Tests.Crypto.ECKeyPairTests" name="KeyPairSigning_ShouldProduceValidSignature" />
    </UnitTest>
    <UnitTest name="NeoSharp.Tests.Crypto.ScryptParamsTests.TestDefaultScryptParams" storage="/home/ubuntu/neoswift/neosharp/tests/neosharp.tests/bin/debug/net9.0/neosharp.tests.dll" id="150e6074-80a7-605c-4217-a3ae543d9419">
      <Execution id="6ede4f31-dd3f-4195-ac20-3007cf23b6e8" />
      <TestMethod codeBase="/home/ubuntu/NeoSwift/NeoSharp/tests/NeoSharp.Tests/bin/Debug/net9.0/NeoSharp.Tests.dll" adapterTypeName="executor://xunit/VsTestRunner2/netcoreapp" className="NeoSharp.Tests.Crypto.ScryptParamsTests" name="TestDefaultScryptParams" />
    </UnitTest>
    <UnitTest name="NeoSharp.Tests.Crypto.NEP2Tests.TestRoundTripEncryptionDecryption" storage="/home/ubuntu/neoswift/neosharp/tests/neosharp.tests/bin/debug/net9.0/neosharp.tests.dll" id="47faf41c-250f-3921-1a8f-8cb28a6d80ff">
      <Execution id="ed653ac9-fcf3-450e-9ef7-dab70a004f2a" />
      <TestMethod codeBase="/home/ubuntu/NeoSwift/NeoSharp/tests/NeoSharp.Tests/bin/Debug/net9.0/NeoSharp.Tests.dll" adapterTypeName="executor://xunit/VsTestRunner2/netcoreapp" className="NeoSharp.Tests.Crypto.NEP2Tests" name="TestRoundTripEncryptionDecryption" />
    </UnitTest>
    <UnitTest name="NeoSharp.Tests.Types.Hash256Tests.Zero_ShouldReturnZeroHash" storage="/home/ubuntu/neoswift/neosharp/tests/neosharp.tests/bin/debug/net9.0/neosharp.tests.dll" id="2d2a9605-3a0d-6e02-270f-fff5f7a24d69">
      <Execution id="ab5ffce3-4b23-431d-9ddb-1d1fa5187631" />
      <TestMethod codeBase="/home/ubuntu/NeoSwift/NeoSharp/tests/NeoSharp.Tests/bin/Debug/net9.0/NeoSharp.Tests.dll" adapterTypeName="executor://xunit/VsTestRunner2/netcoreapp" className="NeoSharp.Tests.Types.Hash256Tests" name="Zero_ShouldReturnZeroHash" />
    </UnitTest>
    <UnitTest name="NeoSharp.Tests.Crypto.SignTests.TestRecoverSigningScriptHash" storage="/home/ubuntu/neoswift/neosharp/tests/neosharp.tests/bin/debug/net9.0/neosharp.tests.dll" id="6861b503-9934-6890-ab3d-e56aa077c1aa">
      <Execution id="53491d09-7697-4161-8e0a-5f5a5a0ceb04" />
      <TestMethod codeBase="/home/ubuntu/NeoSwift/NeoSharp/tests/NeoSharp.Tests/bin/Debug/net9.0/NeoSharp.Tests.dll" adapterTypeName="executor://xunit/VsTestRunner2/netcoreapp" className="NeoSharp.Tests.Crypto.SignTests" name="TestRecoverSigningScriptHash" />
    </UnitTest>
    <UnitTest name="NeoSharp.Tests.Crypto.SignTests.TestSignVariousMessages(message: &quot;Hello World&quot;)" storage="/home/ubuntu/neoswift/neosharp/tests/neosharp.tests/bin/debug/net9.0/neosharp.tests.dll" id="bf835e73-1c1d-3036-1ae1-abe8be46c4ee">
      <Execution id="25aa5f9d-5d65-47c7-a79d-49e24823bf3d" />
      <TestMethod codeBase="/home/ubuntu/NeoSwift/NeoSharp/tests/NeoSharp.Tests/bin/Debug/net9.0/NeoSharp.Tests.dll" adapterTypeName="executor://xunit/VsTestRunner2/netcoreapp" className="NeoSharp.Tests.Crypto.SignTests" name="TestSignVariousMessages" />
    </UnitTest>
    <UnitTest name="NeoSharp.Tests.Types.EnumTypeTests.ContractParameterType_FromJsonValue_WithValidValues_ShouldSucceed(jsonValue: &quot;Array&quot;)" storage="/home/ubuntu/neoswift/neosharp/tests/neosharp.tests/bin/debug/net9.0/neosharp.tests.dll" id="498133df-5339-0fec-7f10-6cd5a987c16c">
      <Execution id="9c03035a-a3fa-4d5b-afce-f3c2d4cd9e79" />
      <TestMethod codeBase="/home/ubuntu/NeoSwift/NeoSharp/tests/NeoSharp.Tests/bin/Debug/net9.0/NeoSharp.Tests.dll" adapterTypeName="executor://xunit/VsTestRunner2/netcoreapp" className="NeoSharp.Tests.Types.EnumTypeTests" name="ContractParameterType_FromJsonValue_WithValidValues_ShouldSucceed" />
    </UnitTest>
    <UnitTest name="NeoSharp.Tests.Types.Hash160Tests.Parse_WithKnownContractHashes_ShouldSucceed(contractHash: &quot;0xef4073a0f2b305a38ec4050e4d3d28bc40ea63f5&quot;)" storage="/home/ubuntu/neoswift/neosharp/tests/neosharp.tests/bin/debug/net9.0/neosharp.tests.dll" id="5a4dae1a-21dc-18ed-ce1c-6af1ac37d58c">
      <Execution id="f19501fd-0158-4489-9359-afe4fd1a0fff" />
      <TestMethod codeBase="/home/ubuntu/NeoSwift/NeoSharp/tests/NeoSharp.Tests/bin/Debug/net9.0/NeoSharp.Tests.dll" adapterTypeName="executor://xunit/VsTestRunner2/netcoreapp" className="NeoSharp.Tests.Types.Hash160Tests" name="Parse_WithKnownContractHashes_ShouldSucceed" />
    </UnitTest>
    <UnitTest name="NeoSharp.Tests.Types.Hash256Tests.Serialize_ShouldWriteLittleEndianBytes" storage="/home/ubuntu/neoswift/neosharp/tests/neosharp.tests/bin/debug/net9.0/neosharp.tests.dll" id="28c1a9bf-5a93-c3ad-eea0-bb20680fffa4">
      <Execution id="a61a8b52-7eed-4154-8578-bc7f98149bce" />
      <TestMethod codeBase="/home/ubuntu/NeoSwift/NeoSharp/tests/NeoSharp.Tests/bin/Debug/net9.0/NeoSharp.Tests.dll" adapterTypeName="executor://xunit/VsTestRunner2/netcoreapp" className="NeoSharp.Tests.Types.Hash256Tests" name="Serialize_ShouldWriteLittleEndianBytes" />
    </UnitTest>
    <UnitTest name="NeoSharp.Tests.Crypto.Base64Tests.Base64Decode_ShouldDecodeCorrectly" storage="/home/ubuntu/neoswift/neosharp/tests/neosharp.tests/bin/debug/net9.0/neosharp.tests.dll" id="0d10b196-42d5-b32d-b6e6-0a21b3a72aed">
      <Execution id="e009be37-3f37-4816-95b9-6bc28c4b49b5" />
      <TestMethod codeBase="/home/ubuntu/NeoSwift/NeoSharp/tests/NeoSharp.Tests/bin/Debug/net9.0/NeoSharp.Tests.dll" adapterTypeName="executor://xunit/VsTestRunner2/netcoreapp" className="NeoSharp.Tests.Crypto.Base64Tests" name="Base64Decode_ShouldDecodeCorrectly" />
    </UnitTest>
    <UnitTest name="NeoSharp.Tests.Crypto.ECKeyPairTests.NullPrivateKey_ShouldThrowArgumentNullException" storage="/home/ubuntu/neoswift/neosharp/tests/neosharp.tests/bin/debug/net9.0/neosharp.tests.dll" id="7567889c-89b1-6883-c5eb-0dc4a697c9a2">
      <Execution id="f1629a22-0522-47b2-8f3a-ec66a1625370" />
      <TestMethod codeBase="/home/ubuntu/NeoSwift/NeoSharp/tests/NeoSharp.Tests/bin/Debug/net9.0/NeoSharp.Tests.dll" adapterTypeName="executor://xunit/VsTestRunner2/netcoreapp" className="NeoSharp.Tests.Crypto.ECKeyPairTests" name="NullPrivateKey_ShouldThrowArgumentNullException" />
    </UnitTest>
    <UnitTest name="NeoSharp.Tests.Crypto.WIFTests.NullWifString_ShouldThrowArgumentNullException" storage="/home/ubuntu/neoswift/neosharp/tests/neosharp.tests/bin/debug/net9.0/neosharp.tests.dll" id="219f2562-40dc-2f4d-2d29-11af09c2f8b7">
      <Execution id="9d5fc69a-fdac-4d68-bb4c-d7946a0335c7" />
      <TestMethod codeBase="/home/ubuntu/NeoSwift/NeoSharp/tests/NeoSharp.Tests/bin/Debug/net9.0/NeoSharp.Tests.dll" adapterTypeName="executor://xunit/VsTestRunner2/netcoreapp" className="NeoSharp.Tests.Crypto.WIFTests" name="NullWifString_ShouldThrowArgumentNullException" />
    </UnitTest>
    <UnitTest name="NeoSharp.Tests.Crypto.WIFTests.PrivateKeyToWif_ShouldEncodeCorrectly" storage="/home/ubuntu/neoswift/neosharp/tests/neosharp.tests/bin/debug/net9.0/neosharp.tests.dll" id="a5f85e1f-a238-e2d3-1bc1-0d79eff381b9">
      <Execution id="85384489-fc79-45c3-8bdc-ab98fba33cae" />
      <TestMethod codeBase="/home/ubuntu/NeoSwift/NeoSharp/tests/NeoSharp.Tests/bin/Debug/net9.0/NeoSharp.Tests.dll" adapterTypeName="executor://xunit/VsTestRunner2/netcoreapp" className="NeoSharp.Tests.Crypto.WIFTests" name="PrivateKeyToWif_ShouldEncodeCorrectly" />
    </UnitTest>
    <UnitTest name="NeoSharp.Tests.Crypto.NEP2Tests.TestEncryptWithNonDefaultScryptParams" storage="/home/ubuntu/neoswift/neosharp/tests/neosharp.tests/bin/debug/net9.0/neosharp.tests.dll" id="47219b03-e477-2ce4-e2b2-e738b7e057c5">
      <Execution id="6e38e75d-c71f-48d5-9f52-54755efde2a6" />
      <TestMethod codeBase="/home/ubuntu/NeoSwift/NeoSharp/tests/NeoSharp.Tests/bin/Debug/net9.0/NeoSharp.Tests.dll" adapterTypeName="executor://xunit/VsTestRunner2/netcoreapp" className="NeoSharp.Tests.Crypto.NEP2Tests" name="TestEncryptWithNonDefaultScryptParams" />
    </UnitTest>
    <UnitTest name="NeoSharp.Tests.Crypto.SecurityTests.TestSecureBytesConstantTimeComparison" storage="/home/ubuntu/neoswift/neosharp/tests/neosharp.tests/bin/debug/net9.0/neosharp.tests.dll" id="89cd3ca8-497c-6040-13f0-10f5cb59f90d">
      <Execution id="972403fe-2408-4ec9-8bbd-de991d555f23" />
      <TestMethod codeBase="/home/ubuntu/NeoSwift/NeoSharp/tests/NeoSharp.Tests/bin/Debug/net9.0/NeoSharp.Tests.dll" adapterTypeName="executor://xunit/VsTestRunner2/netcoreapp" className="NeoSharp.Tests.Crypto.SecurityTests" name="TestSecureBytesConstantTimeComparison" />
    </UnitTest>
    <UnitTest name="NeoSharp.Tests.Crypto.SecurityTests.TestConstantTimeSelection" storage="/home/ubuntu/neoswift/neosharp/tests/neosharp.tests/bin/debug/net9.0/neosharp.tests.dll" id="ea284b85-8c42-66b5-15ff-c6e3a5198213">
      <Execution id="7c7fdcc6-2dce-4f12-9152-c348c43e58e6" />
      <TestMethod codeBase="/home/ubuntu/NeoSwift/NeoSharp/tests/NeoSharp.Tests/bin/Debug/net9.0/NeoSharp.Tests.dll" adapterTypeName="executor://xunit/VsTestRunner2/netcoreapp" className="NeoSharp.Tests.Crypto.SecurityTests" name="TestConstantTimeSelection" />
    </UnitTest>
    <UnitTest name="NeoSharp.Tests.Types.ContractParameterTests.Equals_ShouldWorkCorrectly" storage="/home/ubuntu/neoswift/neosharp/tests/neosharp.tests/bin/debug/net9.0/neosharp.tests.dll" id="89d95cf3-c50b-5860-b057-4a39d76baba8">
      <Execution id="d0619bc2-c145-4d0b-a15d-aefa787f5f8c" />
      <TestMethod codeBase="/home/ubuntu/NeoSwift/NeoSharp/tests/NeoSharp.Tests/bin/Debug/net9.0/NeoSharp.Tests.dll" adapterTypeName="executor://xunit/VsTestRunner2/netcoreapp" className="NeoSharp.Tests.Types.ContractParameterTests" name="Equals_ShouldWorkCorrectly" />
    </UnitTest>
    <UnitTest name="NeoSharp.Tests.Wallet.AccountTests.Create_ShouldCreateValidGenericAccount" storage="/home/ubuntu/neoswift/neosharp/tests/neosharp.tests/bin/debug/net9.0/neosharp.tests.dll" id="7fd0c204-7b22-7b74-17fd-4cc34182ba94">
      <Execution id="155f6f9f-b912-47ac-bf0c-3eaf3d4ec0f4" />
      <TestMethod codeBase="/home/ubuntu/NeoSwift/NeoSharp/tests/NeoSharp.Tests/bin/Debug/net9.0/NeoSharp.Tests.dll" adapterTypeName="executor://xunit/VsTestRunner2/netcoreapp" className="NeoSharp.Tests.Wallet.AccountTests" name="Create_ShouldCreateValidGenericAccount" />
    </UnitTest>
    <UnitTest name="NeoSharp.Tests.Script.ScriptBuilderTests.PushParamEmptyArray_ShouldCreateNewArray0" storage="/home/ubuntu/neoswift/neosharp/tests/neosharp.tests/bin/debug/net9.0/neosharp.tests.dll" id="76faaf38-4622-4c88-5501-fed78da072ec">
      <Execution id="b8b698fb-a678-4d84-8430-8ffa5c08c8b9" />
      <TestMethod codeBase="/home/ubuntu/NeoSwift/NeoSharp/tests/NeoSharp.Tests/bin/Debug/net9.0/NeoSharp.Tests.dll" adapterTypeName="executor://xunit/VsTestRunner2/netcoreapp" className="NeoSharp.Tests.Script.ScriptBuilderTests" name="PushParamEmptyArray_ShouldCreateNewArray0" />
    </UnitTest>
    <UnitTest name="NeoSharp.Tests.Serialization.BinaryWriterTests.Dispose_ShouldNotThrowException" storage="/home/ubuntu/neoswift/neosharp/tests/neosharp.tests/bin/debug/net9.0/neosharp.tests.dll" id="e39a4c61-b8fe-475f-ae8e-0405980a31e1">
      <Execution id="b02d556f-d764-4ca5-a62f-cdeb986b445f" />
      <TestMethod codeBase="/home/ubuntu/NeoSwift/NeoSharp/tests/NeoSharp.Tests/bin/Debug/net9.0/NeoSharp.Tests.dll" adapterTypeName="executor://xunit/VsTestRunner2/netcoreapp" className="NeoSharp.Tests.Serialization.BinaryWriterTests" name="Dispose_ShouldNotThrowException" />
    </UnitTest>
    <UnitTest name="NeoSharp.Tests.Crypto.Base58Tests.TestBase58DecodingKnownValues(base58Input: &quot;EJDM8drfXA6uyA&quot;, expectedHex: &quot;ecac89cad93923c02321&quot;)" storage="/home/ubuntu/neoswift/neosharp/tests/neosharp.tests/bin/debug/net9.0/neosharp.tests.dll" id="763e5af7-a89f-7243-f04b-0e0023b5d5cf">
      <Execution id="62cf3b39-9a4c-4b4a-b376-2abd051a4f3c" />
      <TestMethod codeBase="/home/ubuntu/NeoSwift/NeoSharp/tests/NeoSharp.Tests/bin/Debug/net9.0/NeoSharp.Tests.dll" adapterTypeName="executor://xunit/VsTestRunner2/netcoreapp" className="NeoSharp.Tests.Crypto.Base58Tests" name="TestBase58DecodingKnownValues" />
    </UnitTest>
    <UnitTest name="NeoSharp.Tests.Crypto.Base64Tests.Base64Encode_WithUtf8String_ShouldEncodeCorrectly" storage="/home/ubuntu/neoswift/neosharp/tests/neosharp.tests/bin/debug/net9.0/neosharp.tests.dll" id="1d0b1407-50e3-9faa-1e3c-031be37d7e48">
      <Execution id="2eafb163-ccd8-47af-a10b-a38d0f514a12" />
      <TestMethod codeBase="/home/ubuntu/NeoSwift/NeoSharp/tests/NeoSharp.Tests/bin/Debug/net9.0/NeoSharp.Tests.dll" adapterTypeName="executor://xunit/VsTestRunner2/netcoreapp" className="NeoSharp.Tests.Crypto.Base64Tests" name="Base64Encode_WithUtf8String_ShouldEncodeCorrectly" />
    </UnitTest>
    <UnitTest name="NeoSharp.Tests.Serialization.BinaryReaderTests.ReadVarInt_ShouldReadVariableIntegers" storage="/home/ubuntu/neoswift/neosharp/tests/neosharp.tests/bin/debug/net9.0/neosharp.tests.dll" id="723e2c01-0ca0-a41a-c68a-e34ac45318ce">
      <Execution id="9451d308-0846-43c0-8a4f-8b5635f41889" />
      <TestMethod codeBase="/home/ubuntu/NeoSwift/NeoSharp/tests/NeoSharp.Tests/bin/Debug/net9.0/NeoSharp.Tests.dll" adapterTypeName="executor://xunit/VsTestRunner2/netcoreapp" className="NeoSharp.Tests.Serialization.BinaryReaderTests" name="ReadVarInt_ShouldReadVariableIntegers" />
    </UnitTest>
    <UnitTest name="NeoSharp.Tests.Crypto.Base58Tests.TestBase58EncodingKnownValues(hexInput: &quot;00eb15231dfceb60925886b67d065299925915aeb172c06647&quot;, expectedBase58: &quot;1NS17iag9jJgTHD1VXjvLCEnZuQ3rJDE9L&quot;)" storage="/home/ubuntu/neoswift/neosharp/tests/neosharp.tests/bin/debug/net9.0/neosharp.tests.dll" id="0c0c4f0b-af88-b5f0-9da0-491f9d254775">
      <Execution id="734ff1d2-aa24-42bb-9db8-1a5ada2ae6ca" />
      <TestMethod codeBase="/home/ubuntu/NeoSwift/NeoSharp/tests/NeoSharp.Tests/bin/Debug/net9.0/NeoSharp.Tests.dll" adapterTypeName="executor://xunit/VsTestRunner2/netcoreapp" className="NeoSharp.Tests.Crypto.Base58Tests" name="TestBase58EncodingKnownValues" />
    </UnitTest>
    <UnitTest name="NeoSharp.Tests.Types.Hash256Tests.Parse_WithRealHashes_ShouldSucceed(hashString: &quot;0x668e0c1f9870f61d45b8a91c77585e468c22c1216c5d6f94&quot;···)" storage="/home/ubuntu/neoswift/neosharp/tests/neosharp.tests/bin/debug/net9.0/neosharp.tests.dll" id="ed490758-ac9d-30c7-6c35-31dda870b5e6">
      <Execution id="276f5a0c-ebad-4df3-a8aa-25ab825a2ea1" />
      <TestMethod codeBase="/home/ubuntu/NeoSwift/NeoSharp/tests/NeoSharp.Tests/bin/Debug/net9.0/NeoSharp.Tests.dll" adapterTypeName="executor://xunit/VsTestRunner2/netcoreapp" className="NeoSharp.Tests.Types.Hash256Tests" name="Parse_WithRealHashes_ShouldSucceed" />
    </UnitTest>
    <UnitTest name="NeoSharp.Tests.Crypto.NEP2Tests.TestVariousPasswords(password: &quot;&quot;)" storage="/home/ubuntu/neoswift/neosharp/tests/neosharp.tests/bin/debug/net9.0/neosharp.tests.dll" id="8b02887a-436a-84b1-9469-502e894249de">
      <Execution id="d09b73a9-e3e2-4d3e-a790-61e172118aa9" />
      <TestMethod codeBase="/home/ubuntu/NeoSwift/NeoSharp/tests/NeoSharp.Tests/bin/Debug/net9.0/NeoSharp.Tests.dll" adapterTypeName="executor://xunit/VsTestRunner2/netcoreapp" className="NeoSharp.Tests.Crypto.NEP2Tests" name="TestVariousPasswords" />
    </UnitTest>
    <UnitTest name="NeoSharp.Tests.Crypto.Base58Tests.TestBase58DecodingKnownValues(base58Input: &quot;ABnLTmg&quot;, expectedHex: &quot;516b6fcd0f&quot;)" storage="/home/ubuntu/neoswift/neosharp/tests/neosharp.tests/bin/debug/net9.0/neosharp.tests.dll" id="8037f4df-cf2b-6def-7972-b1473d2ac3fc">
      <Execution id="5cec96d3-b1aa-4e6c-935e-7e4178f0bf43" />
      <TestMethod codeBase="/home/ubuntu/NeoSwift/NeoSharp/tests/NeoSharp.Tests/bin/Debug/net9.0/NeoSharp.Tests.dll" adapterTypeName="executor://xunit/VsTestRunner2/netcoreapp" className="NeoSharp.Tests.Crypto.Base58Tests" name="TestBase58DecodingKnownValues" />
    </UnitTest>
    <UnitTest name="NeoSharp.Tests.Crypto.WIFTests.IsValidWIF_WithInvalidWIF_ShouldReturnFalse(invalidWif: &quot;invalid&quot;)" storage="/home/ubuntu/neoswift/neosharp/tests/neosharp.tests/bin/debug/net9.0/neosharp.tests.dll" id="d7cbdf25-1abd-5be0-1705-629b06ed6233">
      <Execution id="52e76c46-b048-4633-a62f-67424013a25c" />
      <TestMethod codeBase="/home/ubuntu/NeoSwift/NeoSharp/tests/NeoSharp.Tests/bin/Debug/net9.0/NeoSharp.Tests.dll" adapterTypeName="executor://xunit/VsTestRunner2/netcoreapp" className="NeoSharp.Tests.Crypto.WIFTests" name="IsValidWIF_WithInvalidWIF_ShouldReturnFalse" />
    </UnitTest>
    <UnitTest name="NeoSharp.Tests.Serialization.BinaryWriterTests.WriteByte_ShouldWriteSingleByte" storage="/home/ubuntu/neoswift/neosharp/tests/neosharp.tests/bin/debug/net9.0/neosharp.tests.dll" id="212362f0-6582-d921-5ad6-0f18fb1fccd7">
      <Execution id="208787a7-e345-4f1c-ba8b-6c641f264e93" />
      <TestMethod codeBase="/home/ubuntu/NeoSwift/NeoSharp/tests/NeoSharp.Tests/bin/Debug/net9.0/NeoSharp.Tests.dll" adapterTypeName="executor://xunit/VsTestRunner2/netcoreapp" className="NeoSharp.Tests.Serialization.BinaryWriterTests" name="WriteByte_ShouldWriteSingleByte" />
    </UnitTest>
    <UnitTest name="NeoSharp.Tests.Types.Hash160Tests.Parse_WithValidHexString_ShouldCreateHash" storage="/home/ubuntu/neoswift/neosharp/tests/neosharp.tests/bin/debug/net9.0/neosharp.tests.dll" id="66248bda-3701-ca80-1735-652ce46c5d20">
      <Execution id="bd8a29ef-9b00-4dbf-9078-a77bfa0ced5e" />
      <TestMethod codeBase="/home/ubuntu/NeoSwift/NeoSharp/tests/NeoSharp.Tests/bin/Debug/net9.0/NeoSharp.Tests.dll" adapterTypeName="executor://xunit/VsTestRunner2/netcoreapp" className="NeoSharp.Tests.Types.Hash160Tests" name="Parse_WithValidHexString_ShouldCreateHash" />
    </UnitTest>
    <UnitTest name="NeoSharp.Tests.Types.EnumTypeTests.ContractParameterType_AllValues_ShouldHaveCorrectProperties(paramType: Hash256, expectedJson: &quot;Hash256&quot;, expectedByte: 21)" storage="/home/ubuntu/neoswift/neosharp/tests/neosharp.tests/bin/debug/net9.0/neosharp.tests.dll" id="5b2a61b5-a877-35e2-ce62-96593f9e2cb3">
      <Execution id="9457f67f-7669-4a36-a614-005d545f30ac" />
      <TestMethod codeBase="/home/ubuntu/NeoSwift/NeoSharp/tests/NeoSharp.Tests/bin/Debug/net9.0/NeoSharp.Tests.dll" adapterTypeName="executor://xunit/VsTestRunner2/netcoreapp" className="NeoSharp.Tests.Types.EnumTypeTests" name="ContractParameterType_AllValues_ShouldHaveCorrectProperties" />
    </UnitTest>
    <UnitTest name="NeoSharp.Tests.Crypto.Base58Tests.TestBase58EncodingKnownValues(hexInput: &quot;636363&quot;, expectedBase58: &quot;aPEr&quot;)" storage="/home/ubuntu/neoswift/neosharp/tests/neosharp.tests/bin/debug/net9.0/neosharp.tests.dll" id="400f22d6-d2e2-8408-a698-81e6d43f3f42">
      <Execution id="7287f5b4-45c9-4ec0-bc8e-09a9860f4392" />
      <TestMethod codeBase="/home/ubuntu/NeoSwift/NeoSharp/tests/NeoSharp.Tests/bin/Debug/net9.0/NeoSharp.Tests.dll" adapterTypeName="executor://xunit/VsTestRunner2/netcoreapp" className="NeoSharp.Tests.Crypto.Base58Tests" name="TestBase58EncodingKnownValues" />
    </UnitTest>
    <UnitTest name="NeoSharp.Tests.Crypto.ScryptParamsTests.TestScryptParamsStringRepresentation" storage="/home/ubuntu/neoswift/neosharp/tests/neosharp.tests/bin/debug/net9.0/neosharp.tests.dll" id="66e16570-c643-e3da-6443-21f93e9732be">
      <Execution id="403d1256-e538-4a10-950c-fc39d60a1f00" />
      <TestMethod codeBase="/home/ubuntu/NeoSwift/NeoSharp/tests/NeoSharp.Tests/bin/Debug/net9.0/NeoSharp.Tests.dll" adapterTypeName="executor://xunit/VsTestRunner2/netcoreapp" className="NeoSharp.Tests.Crypto.ScryptParamsTests" name="TestScryptParamsStringRepresentation" />
    </UnitTest>
    <UnitTest name="NeoSharp.Tests.Wallet.AccountTests.GetScriptHash_ShouldReturnCorrectHash" storage="/home/ubuntu/neoswift/neosharp/tests/neosharp.tests/bin/debug/net9.0/neosharp.tests.dll" id="9a7d42b9-5bb8-9a73-719c-d3d0d3f66968">
      <Execution id="e9f59f8c-1d80-408b-a67a-5eed5065630f" />
      <TestMethod codeBase="/home/ubuntu/NeoSwift/NeoSharp/tests/NeoSharp.Tests/bin/Debug/net9.0/NeoSharp.Tests.dll" adapterTypeName="executor://xunit/VsTestRunner2/netcoreapp" className="NeoSharp.Tests.Wallet.AccountTests" name="GetScriptHash_ShouldReturnCorrectHash" />
    </UnitTest>
    <UnitTest name="NeoSharp.Tests.Wallet.AccountTests.FromWIF_ShouldCreateCorrectAccount" storage="/home/ubuntu/neoswift/neosharp/tests/neosharp.tests/bin/debug/net9.0/neosharp.tests.dll" id="1c288487-717c-db15-18cd-7065e8403dd8">
      <Execution id="c8f2e3d7-32a8-456f-a3e5-6c31077018e5" />
      <TestMethod codeBase="/home/ubuntu/NeoSwift/NeoSharp/tests/NeoSharp.Tests/bin/Debug/net9.0/NeoSharp.Tests.dll" adapterTypeName="executor://xunit/VsTestRunner2/netcoreapp" className="NeoSharp.Tests.Wallet.AccountTests" name="FromWIF_ShouldCreateCorrectAccount" />
    </UnitTest>
    <UnitTest name="NeoSharp.Tests.Types.Hash160Tests.FromAddress_WithValidAddress_ShouldCreateHash" storage="/home/ubuntu/neoswift/neosharp/tests/neosharp.tests/bin/debug/net9.0/neosharp.tests.dll" id="f29ca3ea-8044-4bff-f5a2-13a04fd029e4">
      <Execution id="f4aa2029-b45f-4c87-b5e9-aa57252d1c4f" />
      <TestMethod codeBase="/home/ubuntu/NeoSwift/NeoSharp/tests/NeoSharp.Tests/bin/Debug/net9.0/NeoSharp.Tests.dll" adapterTypeName="executor://xunit/VsTestRunner2/netcoreapp" className="NeoSharp.Tests.Types.Hash160Tests" name="FromAddress_WithValidAddress_ShouldCreateHash" />
    </UnitTest>
    <UnitTest name="NeoSharp.Tests.Crypto.Base58Tests.TestBase58EncodingKnownValues(hexInput: &quot;&quot;, expectedBase58: &quot;&quot;)" storage="/home/ubuntu/neoswift/neosharp/tests/neosharp.tests/bin/debug/net9.0/neosharp.tests.dll" id="920e6c5d-9623-aca6-54e1-2a6db20518e7">
      <Execution id="1f93bcf1-7333-4556-8160-06864e481753" />
      <TestMethod codeBase="/home/ubuntu/NeoSwift/NeoSharp/tests/NeoSharp.Tests/bin/Debug/net9.0/NeoSharp.Tests.dll" adapterTypeName="executor://xunit/VsTestRunner2/netcoreapp" className="NeoSharp.Tests.Crypto.Base58Tests" name="TestBase58EncodingKnownValues" />
    </UnitTest>
    <UnitTest name="NeoSharp.Tests.Serialization.BinaryReaderTests.ReadByte_ShouldReadSingleByte" storage="/home/ubuntu/neoswift/neosharp/tests/neosharp.tests/bin/debug/net9.0/neosharp.tests.dll" id="a7471f80-cbf9-8a3c-4135-e8764bf5beac">
      <Execution id="c13d1f30-6552-404e-8f69-eeaab75522c4" />
      <TestMethod codeBase="/home/ubuntu/NeoSwift/NeoSharp/tests/NeoSharp.Tests/bin/Debug/net9.0/NeoSharp.Tests.dll" adapterTypeName="executor://xunit/VsTestRunner2/netcoreapp" className="NeoSharp.Tests.Serialization.BinaryReaderTests" name="ReadByte_ShouldReadSingleByte" />
    </UnitTest>
    <UnitTest name="NeoSharp.Tests.Crypto.ECKeyPairTests.CreateRandomKeyPair_ShouldGenerateValidKeys" storage="/home/ubuntu/neoswift/neosharp/tests/neosharp.tests/bin/debug/net9.0/neosharp.tests.dll" id="bbd40c50-138a-242f-0a1a-f5146e72bc55">
      <Execution id="0c721137-18e2-47a5-adb4-d53a52dd594e" />
      <TestMethod codeBase="/home/ubuntu/NeoSwift/NeoSharp/tests/NeoSharp.Tests/bin/Debug/net9.0/NeoSharp.Tests.dll" adapterTypeName="executor://xunit/VsTestRunner2/netcoreapp" className="NeoSharp.Tests.Crypto.ECKeyPairTests" name="CreateRandomKeyPair_ShouldGenerateValidKeys" />
    </UnitTest>
    <UnitTest name="NeoSharp.Tests.Crypto.ECKeyPairTests.PublicKeyInequality_ShouldWorkCorrectly" storage="/home/ubuntu/neoswift/neosharp/tests/neosharp.tests/bin/debug/net9.0/neosharp.tests.dll" id="6ab66c03-5ab2-3e1f-187f-860a3bcb8043">
      <Execution id="132a1dec-30d0-402a-8f26-87ce05663043" />
      <TestMethod codeBase="/home/ubuntu/NeoSwift/NeoSharp/tests/NeoSharp.Tests/bin/Debug/net9.0/NeoSharp.Tests.dll" adapterTypeName="executor://xunit/VsTestRunner2/netcoreapp" className="NeoSharp.Tests.Crypto.ECKeyPairTests" name="PublicKeyInequality_ShouldWorkCorrectly" />
    </UnitTest>
    <UnitTest name="NeoSharp.Tests.Crypto.ScryptParamsTests.TestScryptParamsMemoryUsageCalculation" storage="/home/ubuntu/neoswift/neosharp/tests/neosharp.tests/bin/debug/net9.0/neosharp.tests.dll" id="7d8319eb-03fb-08d3-0f3a-a74ec239d2fe">
      <Execution id="78d106db-48b1-465c-87f1-84a0b7b87d4e" />
      <TestMethod codeBase="/home/ubuntu/NeoSwift/NeoSharp/tests/NeoSharp.Tests/bin/Debug/net9.0/NeoSharp.Tests.dll" adapterTypeName="executor://xunit/VsTestRunner2/netcoreapp" className="NeoSharp.Tests.Crypto.ScryptParamsTests" name="TestScryptParamsMemoryUsageCalculation" />
    </UnitTest>
    <UnitTest name="NeoSharp.Tests.Crypto.Bip32ECKeyPairTests.TestHardenedDerivation" storage="/home/ubuntu/neoswift/neosharp/tests/neosharp.tests/bin/debug/net9.0/neosharp.tests.dll" id="0f5e07ad-4979-2fa5-f6e0-8e5750b169fc">
      <Execution id="50ace2e4-6688-40ce-9110-36e8b22b8564" />
      <TestMethod codeBase="/home/ubuntu/NeoSwift/NeoSharp/tests/NeoSharp.Tests/bin/Debug/net9.0/NeoSharp.Tests.dll" adapterTypeName="executor://xunit/VsTestRunner2/netcoreapp" className="NeoSharp.Tests.Crypto.Bip32ECKeyPairTests" name="TestHardenedDerivation" />
    </UnitTest>
    <UnitTest name="NeoSharp.Tests.Crypto.ECKeyPairTests.PublicKeySize_ShouldBeCorrect" storage="/home/ubuntu/neoswift/neosharp/tests/neosharp.tests/bin/debug/net9.0/neosharp.tests.dll" id="2b42cf1e-53f1-51d7-378c-373f8211cdc9">
      <Execution id="3326c377-b348-4bed-98e0-f4ec7b75374a" />
      <TestMethod codeBase="/home/ubuntu/NeoSwift/NeoSharp/tests/NeoSharp.Tests/bin/Debug/net9.0/NeoSharp.Tests.dll" adapterTypeName="executor://xunit/VsTestRunner2/netcoreapp" className="NeoSharp.Tests.Crypto.ECKeyPairTests" name="PublicKeySize_ShouldBeCorrect" />
    </UnitTest>
    <UnitTest name="NeoSharp.Tests.Types.Hash256Tests.Constructor_WithInvalidHex_ShouldThrowException" storage="/home/ubuntu/neoswift/neosharp/tests/neosharp.tests/bin/debug/net9.0/neosharp.tests.dll" id="c130288d-a9d4-34a1-8371-13344ddcfeae">
      <Execution id="a2a84543-9420-437c-8e68-41755612cac7" />
      <TestMethod codeBase="/home/ubuntu/NeoSwift/NeoSharp/tests/NeoSharp.Tests/bin/Debug/net9.0/NeoSharp.Tests.dll" adapterTypeName="executor://xunit/VsTestRunner2/netcoreapp" className="NeoSharp.Tests.Types.Hash256Tests" name="Constructor_WithInvalidHex_ShouldThrowException" />
    </UnitTest>
    <UnitTest name="NeoSharp.Tests.Crypto.NEP2Tests.TestVariousPasswords(password: &quot;VeryLongPasswordWithSpecialCharacters!@#$%^&amp;*()_+-&quot;···)" storage="/home/ubuntu/neoswift/neosharp/tests/neosharp.tests/bin/debug/net9.0/neosharp.tests.dll" id="4f32cb3d-de52-e96e-9283-a46161e53f2c">
      <Execution id="f96a5153-4ef4-48c0-b69b-0a782eed059c" />
      <TestMethod codeBase="/home/ubuntu/NeoSwift/NeoSharp/tests/NeoSharp.Tests/bin/Debug/net9.0/NeoSharp.Tests.dll" adapterTypeName="executor://xunit/VsTestRunner2/netcoreapp" className="NeoSharp.Tests.Crypto.NEP2Tests" name="TestVariousPasswords" />
    </UnitTest>
    <UnitTest name="NeoSharp.Tests.Crypto.SignTests.TestSignatureWithWrongKey" storage="/home/ubuntu/neoswift/neosharp/tests/neosharp.tests/bin/debug/net9.0/neosharp.tests.dll" id="2343f28d-b6f1-ea40-62f5-69bed78cd97b">
      <Execution id="1c29f643-1458-4a2e-a2df-9431ee80abdb" />
      <TestMethod codeBase="/home/ubuntu/NeoSwift/NeoSharp/tests/NeoSharp.Tests/bin/Debug/net9.0/NeoSharp.Tests.dll" adapterTypeName="executor://xunit/VsTestRunner2/netcoreapp" className="NeoSharp.Tests.Crypto.SignTests" name="TestSignatureWithWrongKey" />
    </UnitTest>
    <UnitTest name="NeoSharp.Tests.Types.Hash256Tests.ExplicitHashConversion_ShouldCreateFromHexString" storage="/home/ubuntu/neoswift/neosharp/tests/neosharp.tests/bin/debug/net9.0/neosharp.tests.dll" id="9ac25e8c-f2f8-8f1f-14f5-488a222ed3b0">
      <Execution id="947b046c-9bc4-4552-b41c-cdd45bd35287" />
      <TestMethod codeBase="/home/ubuntu/NeoSwift/NeoSharp/tests/NeoSharp.Tests/bin/Debug/net9.0/NeoSharp.Tests.dll" adapterTypeName="executor://xunit/VsTestRunner2/netcoreapp" className="NeoSharp.Tests.Types.Hash256Tests" name="ExplicitHashConversion_ShouldCreateFromHexString" />
    </UnitTest>
    <UnitTest name="NeoSharp.Tests.Crypto.Base58Tests.TestBase58EncodingKnownValues(hexInput: &quot;00000000000000000000&quot;, expectedBase58: &quot;1111111111&quot;)" storage="/home/ubuntu/neoswift/neosharp/tests/neosharp.tests/bin/debug/net9.0/neosharp.tests.dll" id="ca4fe77c-4e86-9f45-1b70-049fdc1c1239">
      <Execution id="bc7adaa1-5e20-4f26-b5a6-5c17c12bfcb8" />
      <TestMethod codeBase="/home/ubuntu/NeoSwift/NeoSharp/tests/NeoSharp.Tests/bin/Debug/net9.0/NeoSharp.Tests.dll" adapterTypeName="executor://xunit/VsTestRunner2/netcoreapp" className="NeoSharp.Tests.Crypto.Base58Tests" name="TestBase58EncodingKnownValues" />
    </UnitTest>
    <UnitTest name="NeoSharp.Tests.Crypto.Bip32ECKeyPairTests.TestMasterKeyGeneration(seedHex: &quot;000102030405060708090a0b0c0d0e0f&quot;, path: [])" storage="/home/ubuntu/neoswift/neosharp/tests/neosharp.tests/bin/debug/net9.0/neosharp.tests.dll" id="56fd0b33-b60a-b29a-95b2-a281082a22a7">
      <Execution id="d7461a13-fd08-4445-9edb-c8b9aa2a6636" />
      <TestMethod codeBase="/home/ubuntu/NeoSwift/NeoSharp/tests/NeoSharp.Tests/bin/Debug/net9.0/NeoSharp.Tests.dll" adapterTypeName="executor://xunit/VsTestRunner2/netcoreapp" className="NeoSharp.Tests.Crypto.Bip32ECKeyPairTests" name="TestMasterKeyGeneration" />
    </UnitTest>
    <UnitTest name="NeoSharp.Tests.Wallet.AccountTests.CreateMultiSigAccount_WithEmptyPublicKeys_ShouldThrowArgumentException" storage="/home/ubuntu/neoswift/neosharp/tests/neosharp.tests/bin/debug/net9.0/neosharp.tests.dll" id="8bf81e66-377b-fa96-3dfc-8bfd6c40e44c">
      <Execution id="61999b49-af4c-44c1-8066-a0cc42b3ce27" />
      <TestMethod codeBase="/home/ubuntu/NeoSwift/NeoSharp/tests/NeoSharp.Tests/bin/Debug/net9.0/NeoSharp.Tests.dll" adapterTypeName="executor://xunit/VsTestRunner2/netcoreapp" className="NeoSharp.Tests.Wallet.AccountTests" name="CreateMultiSigAccount_WithEmptyPublicKeys_ShouldThrowArgumentException" />
    </UnitTest>
    <UnitTest name="NeoSharp.Tests.Types.ContractParameterTests.Integer_WithInt_ShouldCreateIntegerParameter" storage="/home/ubuntu/neoswift/neosharp/tests/neosharp.tests/bin/debug/net9.0/neosharp.tests.dll" id="b4da6257-ddc3-4454-c78a-2162fb472e15">
      <Execution id="8895e8b3-6f8a-458a-9de2-17db57cc2c40" />
      <TestMethod codeBase="/home/ubuntu/NeoSwift/NeoSharp/tests/NeoSharp.Tests/bin/Debug/net9.0/NeoSharp.Tests.dll" adapterTypeName="executor://xunit/VsTestRunner2/netcoreapp" className="NeoSharp.Tests.Types.ContractParameterTests" name="Integer_WithInt_ShouldCreateIntegerParameter" />
    </UnitTest>
    <UnitTest name="NeoSharp.Tests.Script.ScriptBuilderTests.Clear_ShouldResetBuilder" storage="/home/ubuntu/neoswift/neosharp/tests/neosharp.tests/bin/debug/net9.0/neosharp.tests.dll" id="064f0647-333d-d6ac-aef1-1673d5818907">
      <Execution id="59c113d0-58d4-401f-b6fc-5f69ff7b4706" />
      <TestMethod codeBase="/home/ubuntu/NeoSwift/NeoSharp/tests/NeoSharp.Tests/bin/Debug/net9.0/NeoSharp.Tests.dll" adapterTypeName="executor://xunit/VsTestRunner2/netcoreapp" className="NeoSharp.Tests.Script.ScriptBuilderTests" name="Clear_ShouldResetBuilder" />
    </UnitTest>
    <UnitTest name="NeoSharp.Tests.Types.EnumTypeTests.ContractParameterType_AllValues_ShouldHaveCorrectProperties(paramType: ByteArray, expectedJson: &quot;ByteArray&quot;, expectedByte: 18)" storage="/home/ubuntu/neoswift/neosharp/tests/neosharp.tests/bin/debug/net9.0/neosharp.tests.dll" id="ee08edbe-4c15-84de-05db-9a33d9ce21b4">
      <Execution id="fa3c22de-1833-4a29-a8c5-b0ac428cf0b0" />
      <TestMethod codeBase="/home/ubuntu/NeoSwift/NeoSharp/tests/NeoSharp.Tests/bin/Debug/net9.0/NeoSharp.Tests.dll" adapterTypeName="executor://xunit/VsTestRunner2/netcoreapp" className="NeoSharp.Tests.Types.EnumTypeTests" name="ContractParameterType_AllValues_ShouldHaveCorrectProperties" />
    </UnitTest>
    <UnitTest name="NeoSharp.Tests.Serialization.BinaryWriterTests.WriteNullableBytes_ShouldHandleNullValues" storage="/home/ubuntu/neoswift/neosharp/tests/neosharp.tests/bin/debug/net9.0/neosharp.tests.dll" id="3d1072a3-d564-79e2-b111-feb2d4c2120c">
      <Execution id="38a3c6d5-5bdc-4e06-91bb-6fc56a182e66" />
      <TestMethod codeBase="/home/ubuntu/NeoSwift/NeoSharp/tests/NeoSharp.Tests/bin/Debug/net9.0/NeoSharp.Tests.dll" adapterTypeName="executor://xunit/VsTestRunner2/netcoreapp" className="NeoSharp.Tests.Serialization.BinaryWriterTests" name="WriteNullableBytes_ShouldHandleNullValues" />
    </UnitTest>
    <UnitTest name="NeoSharp.Tests.Crypto.Base58Tests.TestBase58EncodingKnownValues(hexInput: &quot;61&quot;, expectedBase58: &quot;2g&quot;)" storage="/home/ubuntu/neoswift/neosharp/tests/neosharp.tests/bin/debug/net9.0/neosharp.tests.dll" id="3ad41eb3-674c-040c-673f-5eb164d827cb">
      <Execution id="40336642-a7fc-4a35-96f3-b44c442b3caa" />
      <TestMethod codeBase="/home/ubuntu/NeoSwift/NeoSharp/tests/NeoSharp.Tests/bin/Debug/net9.0/NeoSharp.Tests.dll" adapterTypeName="executor://xunit/VsTestRunner2/netcoreapp" className="NeoSharp.Tests.Crypto.Base58Tests" name="TestBase58EncodingKnownValues" />
    </UnitTest>
    <UnitTest name="NeoSharp.Tests.Crypto.ScryptParamsTests.TestScryptParamsRoundTrip(n: 4096, r: 4, p: 4)" storage="/home/ubuntu/neoswift/neosharp/tests/neosharp.tests/bin/debug/net9.0/neosharp.tests.dll" id="3531bb1c-4b27-a459-4c43-0cfe3ff11658">
      <Execution id="f6e6fee5-ac33-4d97-bf07-828d4b0d0391" />
      <TestMethod codeBase="/home/ubuntu/NeoSwift/NeoSharp/tests/NeoSharp.Tests/bin/Debug/net9.0/NeoSharp.Tests.dll" adapterTypeName="executor://xunit/VsTestRunner2/netcoreapp" className="NeoSharp.Tests.Crypto.ScryptParamsTests" name="TestScryptParamsRoundTrip" />
    </UnitTest>
    <UnitTest name="NeoSharp.Tests.Crypto.SecurityTests.TestHashCaching" storage="/home/ubuntu/neoswift/neosharp/tests/neosharp.tests/bin/debug/net9.0/neosharp.tests.dll" id="26db6d8c-2b9b-41b0-9243-370f8164f8a8">
      <Execution id="c6805252-cba7-4853-88a0-5d6e0796f7b4" />
      <TestMethod codeBase="/home/ubuntu/NeoSwift/NeoSharp/tests/NeoSharp.Tests/bin/Debug/net9.0/NeoSharp.Tests.dll" adapterTypeName="executor://xunit/VsTestRunner2/netcoreapp" className="NeoSharp.Tests.Crypto.SecurityTests" name="TestHashCaching" />
    </UnitTest>
    <UnitTest name="NeoSharp.Tests.Crypto.Base58Tests.TestBase58DecodingKnownValues(base58Input: &quot;2cFupjhnEsSn59qHXstmK2ffpLv2&quot;, expectedHex: &quot;73696d706c792061206c6f6e6720737472696e67&quot;)" storage="/home/ubuntu/neoswift/neosharp/tests/neosharp.tests/bin/debug/net9.0/neosharp.tests.dll" id="9a19bf8c-2f75-d177-6e9d-60a96d4a88db">
      <Execution id="bff6c7d7-6625-42c2-aa76-9187a2cd26f0" />
      <TestMethod codeBase="/home/ubuntu/NeoSwift/NeoSharp/tests/NeoSharp.Tests/bin/Debug/net9.0/NeoSharp.Tests.dll" adapterTypeName="executor://xunit/VsTestRunner2/netcoreapp" className="NeoSharp.Tests.Crypto.Base58Tests" name="TestBase58DecodingKnownValues" />
    </UnitTest>
    <UnitTest name="NeoSharp.Tests.Crypto.Base64Tests.Base64Encode_ForString_ShouldEncodeCorrectly" storage="/home/ubuntu/neoswift/neosharp/tests/neosharp.tests/bin/debug/net9.0/neosharp.tests.dll" id="bd7495bc-9b5e-cec7-dd03-e6762280b2fa">
      <Execution id="edebb16d-b257-41a2-9539-b58dde5c3ffa" />
      <TestMethod codeBase="/home/ubuntu/NeoSwift/NeoSharp/tests/NeoSharp.Tests/bin/Debug/net9.0/NeoSharp.Tests.dll" adapterTypeName="executor://xunit/VsTestRunner2/netcoreapp" className="NeoSharp.Tests.Crypto.Base64Tests" name="Base64Encode_ForString_ShouldEncodeCorrectly" />
    </UnitTest>
    <UnitTest name="NeoSharp.Tests.Crypto.Base64Tests.Base64Decode_WithEmptyInput_ShouldReturnEmptyArray" storage="/home/ubuntu/neoswift/neosharp/tests/neosharp.tests/bin/debug/net9.0/neosharp.tests.dll" id="3261412c-4855-a412-6651-3353475b70d1">
      <Execution id="593fce90-a68c-400a-af63-dde73eb885fd" />
      <TestMethod codeBase="/home/ubuntu/NeoSwift/NeoSharp/tests/NeoSharp.Tests/bin/Debug/net9.0/NeoSharp.Tests.dll" adapterTypeName="executor://xunit/VsTestRunner2/netcoreapp" className="NeoSharp.Tests.Crypto.Base64Tests" name="Base64Decode_WithEmptyInput_ShouldReturnEmptyArray" />
    </UnitTest>
    <UnitTest name="NeoSharp.Tests.Crypto.Base58Tests.TestBase58DecodingKnownValues(base58Input: &quot;3EFU7m&quot;, expectedHex: &quot;572e4794&quot;)" storage="/home/ubuntu/neoswift/neosharp/tests/neosharp.tests/bin/debug/net9.0/neosharp.tests.dll" id="3fdd123a-6dd7-43a2-c25a-6a9fb66236db">
      <Execution id="c06a36b2-7492-4626-8b89-c941c90ab118" />
      <TestMethod codeBase="/home/ubuntu/NeoSwift/NeoSharp/tests/NeoSharp.Tests/bin/Debug/net9.0/NeoSharp.Tests.dll" adapterTypeName="executor://xunit/VsTestRunner2/netcoreapp" className="NeoSharp.Tests.Crypto.Base58Tests" name="TestBase58DecodingKnownValues" />
    </UnitTest>
    <UnitTest name="NeoSharp.Tests.Crypto.SignTests.TestSignDifferentMessages" storage="/home/ubuntu/neoswift/neosharp/tests/neosharp.tests/bin/debug/net9.0/neosharp.tests.dll" id="a8d17546-f6ae-34d4-9e27-95bbfd5e1d33">
      <Execution id="64bc8ba9-a401-4b94-bb81-232f5c571f78" />
      <TestMethod codeBase="/home/ubuntu/NeoSwift/NeoSharp/tests/NeoSharp.Tests/bin/Debug/net9.0/NeoSharp.Tests.dll" adapterTypeName="executor://xunit/VsTestRunner2/netcoreapp" className="NeoSharp.Tests.Crypto.SignTests" name="TestSignDifferentMessages" />
    </UnitTest>
    <UnitTest name="NeoSharp.Tests.Types.Hash256Tests.Parse_WithValidHexString_ShouldCreateHash" storage="/home/ubuntu/neoswift/neosharp/tests/neosharp.tests/bin/debug/net9.0/neosharp.tests.dll" id="954601e0-f9ec-a2d9-0256-f03b3529ae84">
      <Execution id="56378418-e711-43c5-85ac-350a508fe6c0" />
      <TestMethod codeBase="/home/ubuntu/NeoSwift/NeoSharp/tests/NeoSharp.Tests/bin/Debug/net9.0/NeoSharp.Tests.dll" adapterTypeName="executor://xunit/VsTestRunner2/netcoreapp" className="NeoSharp.Tests.Types.Hash256Tests" name="Parse_WithValidHexString_ShouldCreateHash" />
    </UnitTest>
    <UnitTest name="NeoSharp.Tests.Types.Hash160Tests.Equals_WithDifferentHash_ShouldReturnFalse" storage="/home/ubuntu/neoswift/neosharp/tests/neosharp.tests/bin/debug/net9.0/neosharp.tests.dll" id="5569ace7-c374-a3a5-367c-296344974383">
      <Execution id="1d8202b8-d20b-43f5-957f-f9b7b6627a4c" />
      <TestMethod codeBase="/home/ubuntu/NeoSwift/NeoSharp/tests/NeoSharp.Tests/bin/Debug/net9.0/NeoSharp.Tests.dll" adapterTypeName="executor://xunit/VsTestRunner2/netcoreapp" className="NeoSharp.Tests.Types.Hash160Tests" name="Equals_WithDifferentHash_ShouldReturnFalse" />
    </UnitTest>
    <UnitTest name="NeoSharp.Tests.Serialization.BinaryWriterTests.WriteVarInt_ShouldEncodeCorrectly" storage="/home/ubuntu/neoswift/neosharp/tests/neosharp.tests/bin/debug/net9.0/neosharp.tests.dll" id="af020ac1-365f-b7eb-a431-ac7da1a55d0e">
      <Execution id="d923dde2-8942-4c9e-9436-d26b7c1a849d" />
      <TestMethod codeBase="/home/ubuntu/NeoSwift/NeoSharp/tests/NeoSharp.Tests/bin/Debug/net9.0/NeoSharp.Tests.dll" adapterTypeName="executor://xunit/VsTestRunner2/netcoreapp" className="NeoSharp.Tests.Serialization.BinaryWriterTests" name="WriteVarInt_ShouldEncodeCorrectly" />
    </UnitTest>
    <UnitTest name="NeoSharp.Tests.Types.EnumTypeTests.ContractParameterType_FromJsonValue_WithValidValues_ShouldSucceed(jsonValue: &quot;Boolean&quot;)" storage="/home/ubuntu/neoswift/neosharp/tests/neosharp.tests/bin/debug/net9.0/neosharp.tests.dll" id="fb9dbead-6581-a40e-326f-bb7f29555d11">
      <Execution id="a9ea31a1-557d-4ee6-85fc-e3e645341de6" />
      <TestMethod codeBase="/home/ubuntu/NeoSwift/NeoSharp/tests/NeoSharp.Tests/bin/Debug/net9.0/NeoSharp.Tests.dll" adapterTypeName="executor://xunit/VsTestRunner2/netcoreapp" className="NeoSharp.Tests.Types.EnumTypeTests" name="ContractParameterType_FromJsonValue_WithValidValues_ShouldSucceed" />
    </UnitTest>
    <UnitTest name="NeoSharp.Tests.Serialization.BinaryWriterTests.WriteUInt16_ShouldWriteCorrectBytes" storage="/home/ubuntu/neoswift/neosharp/tests/neosharp.tests/bin/debug/net9.0/neosharp.tests.dll" id="5e97768f-d530-99d2-989a-4e0f3db77405">
      <Execution id="776e6425-7fed-48b8-8c75-460046488f1c" />
      <TestMethod codeBase="/home/ubuntu/NeoSwift/NeoSharp/tests/NeoSharp.Tests/bin/Debug/net9.0/NeoSharp.Tests.dll" adapterTypeName="executor://xunit/VsTestRunner2/netcoreapp" className="NeoSharp.Tests.Serialization.BinaryWriterTests" name="WriteUInt16_ShouldWriteCorrectBytes" />
    </UnitTest>
    <UnitTest name="NeoSharp.Tests.Crypto.WIFTests.WrongFirstByteWif_ShouldThrowException" storage="/home/ubuntu/neoswift/neosharp/tests/neosharp.tests/bin/debug/net9.0/neosharp.tests.dll" id="26f25596-6bcf-2aa2-0a70-f62cab760fd9">
      <Execution id="432cfe96-8ba2-45f0-a195-03487500bd07" />
      <TestMethod codeBase="/home/ubuntu/NeoSwift/NeoSharp/tests/NeoSharp.Tests/bin/Debug/net9.0/NeoSharp.Tests.dll" adapterTypeName="executor://xunit/VsTestRunner2/netcoreapp" className="NeoSharp.Tests.Crypto.WIFTests" name="WrongFirstByteWif_ShouldThrowException" />
    </UnitTest>
    <UnitTest name="NeoSharp.Tests.Crypto.ScryptParamsTests.TestScryptParamsJsonVariations(json: &quot;{\&quot;cost\&quot;:8,\&quot;blockSize\&quot;:4,\&quot;p\&quot;:9}&quot;)" storage="/home/ubuntu/neoswift/neosharp/tests/neosharp.tests/bin/debug/net9.0/neosharp.tests.dll" id="c5499fac-0887-5ff8-f4e8-5df1dcf51938">
      <Execution id="7739710c-f06f-4ea0-951f-8b32e0baff32" />
      <TestMethod codeBase="/home/ubuntu/NeoSwift/NeoSharp/tests/NeoSharp.Tests/bin/Debug/net9.0/NeoSharp.Tests.dll" adapterTypeName="executor://xunit/VsTestRunner2/netcoreapp" className="NeoSharp.Tests.Crypto.ScryptParamsTests" name="TestScryptParamsJsonVariations" />
    </UnitTest>
    <UnitTest name="NeoSharp.Tests.Crypto.SecurityTests.TestSecureECKeyPair" storage="/home/ubuntu/neoswift/neosharp/tests/neosharp.tests/bin/debug/net9.0/neosharp.tests.dll" id="1152df18-e346-ddeb-56d2-4baba47f379b">
      <Execution id="97dcbdd5-7680-4173-b43f-0910cacd21c1" />
      <TestMethod codeBase="/home/ubuntu/NeoSwift/NeoSharp/tests/NeoSharp.Tests/bin/Debug/net9.0/NeoSharp.Tests.dll" adapterTypeName="executor://xunit/VsTestRunner2/netcoreapp" className="NeoSharp.Tests.Crypto.SecurityTests" name="TestSecureECKeyPair" />
    </UnitTest>
    <UnitTest name="NeoSharp.Tests.Crypto.Base58Tests.TestBase58CheckEncoding" storage="/home/ubuntu/neoswift/neosharp/tests/neosharp.tests/bin/debug/net9.0/neosharp.tests.dll" id="a0d97b46-0458-3af4-f41c-5d33a12c3635">
      <Execution id="6ef769aa-a98f-4fe6-bc50-3f79838fc51c" />
      <TestMethod codeBase="/home/ubuntu/NeoSwift/NeoSharp/tests/NeoSharp.Tests/bin/Debug/net9.0/NeoSharp.Tests.dll" adapterTypeName="executor://xunit/VsTestRunner2/netcoreapp" className="NeoSharp.Tests.Crypto.Base58Tests" name="TestBase58CheckEncoding" />
    </UnitTest>
    <UnitTest name="NeoSharp.Tests.Crypto.WIFTests.IsValidWIF_WithInvalidWIF_ShouldReturnFalse(invalidWif: &quot;L25kgAQJXNHnhc7Sx9bomxxwVSMsZdkaNQ3m2VfHrnLzKWMLP1&quot;···)" storage="/home/ubuntu/neoswift/neosharp/tests/neosharp.tests/bin/debug/net9.0/neosharp.tests.dll" id="3d239bfe-c698-b684-dbea-c3fa7475cac3">
      <Execution id="e956539f-5a64-4ed2-9da9-ae7f8a26bab7" />
      <TestMethod codeBase="/home/ubuntu/NeoSwift/NeoSharp/tests/NeoSharp.Tests/bin/Debug/net9.0/NeoSharp.Tests.dll" adapterTypeName="executor://xunit/VsTestRunner2/netcoreapp" className="NeoSharp.Tests.Crypto.WIFTests" name="IsValidWIF_WithInvalidWIF_ShouldReturnFalse" />
    </UnitTest>
    <UnitTest name="NeoSharp.Tests.Crypto.ScryptParamsTests.TestScryptParamsWithExtraFields" storage="/home/ubuntu/neoswift/neosharp/tests/neosharp.tests/bin/debug/net9.0/neosharp.tests.dll" id="a808c36a-caa7-39d4-cdb6-d21910c083e8">
      <Execution id="afacca4b-11b1-4735-bec4-a3105e612f31" />
      <TestMethod codeBase="/home/ubuntu/NeoSwift/NeoSharp/tests/NeoSharp.Tests/bin/Debug/net9.0/NeoSharp.Tests.dll" adapterTypeName="executor://xunit/VsTestRunner2/netcoreapp" className="NeoSharp.Tests.Crypto.ScryptParamsTests" name="TestScryptParamsWithExtraFields" />
    </UnitTest>
    <UnitTest name="NeoSharp.Tests.Wallet.AccountTests.CreateMultiSigAccount_WithInvalidThreshold_ShouldThrowException" storage="/home/ubuntu/neoswift/neosharp/tests/neosharp.tests/bin/debug/net9.0/neosharp.tests.dll" id="691753c3-d5e2-251f-e574-c6c2f1be1f0f">
      <Execution id="e4794769-fc4e-45cc-a339-4b92bcb8b1e1" />
      <TestMethod codeBase="/home/ubuntu/NeoSwift/NeoSharp/tests/NeoSharp.Tests/bin/Debug/net9.0/NeoSharp.Tests.dll" adapterTypeName="executor://xunit/VsTestRunner2/netcoreapp" className="NeoSharp.Tests.Wallet.AccountTests" name="CreateMultiSigAccount_WithInvalidThreshold_ShouldThrowException" />
    </UnitTest>
    <UnitTest name="NeoSharp.Tests.Types.Hash256Tests.ToArray_ShouldReturnBigEndianBytes" storage="/home/ubuntu/neoswift/neosharp/tests/neosharp.tests/bin/debug/net9.0/neosharp.tests.dll" id="eb73977e-8f44-f8b8-ed4a-02bb3f4815ba">
      <Execution id="d1301561-821b-4997-affd-b614706e4cb0" />
      <TestMethod codeBase="/home/ubuntu/NeoSwift/NeoSharp/tests/NeoSharp.Tests/bin/Debug/net9.0/NeoSharp.Tests.dll" adapterTypeName="executor://xunit/VsTestRunner2/netcoreapp" className="NeoSharp.Tests.Types.Hash256Tests" name="ToArray_ShouldReturnBigEndianBytes" />
    </UnitTest>
    <UnitTest name="NeoSharp.Tests.Crypto.SignTests.TestSignVariousMessages(message: &quot;This is a longer message that tests the signing al&quot;···)" storage="/home/ubuntu/neoswift/neosharp/tests/neosharp.tests/bin/debug/net9.0/neosharp.tests.dll" id="04c472f2-f8b9-2afb-de0f-fb57b66e6f05">
      <Execution id="1256a4fa-c275-4952-8d81-f81ae40a53bf" />
      <TestMethod codeBase="/home/ubuntu/NeoSwift/NeoSharp/tests/NeoSharp.Tests/bin/Debug/net9.0/NeoSharp.Tests.dll" adapterTypeName="executor://xunit/VsTestRunner2/netcoreapp" className="NeoSharp.Tests.Crypto.SignTests" name="TestSignVariousMessages" />
    </UnitTest>
    <UnitTest name="NeoSharp.Tests.Types.Hash256Tests.Equals_ShouldWorkCorrectly" storage="/home/ubuntu/neoswift/neosharp/tests/neosharp.tests/bin/debug/net9.0/neosharp.tests.dll" id="e5bc4cef-c9d7-228d-d607-aa84511db155">
      <Execution id="0a2b1dcf-0e3d-4622-b836-1f19424cd06c" />
      <TestMethod codeBase="/home/ubuntu/NeoSwift/NeoSharp/tests/NeoSharp.Tests/bin/Debug/net9.0/NeoSharp.Tests.dll" adapterTypeName="executor://xunit/VsTestRunner2/netcoreapp" className="NeoSharp.Tests.Types.Hash256Tests" name="Equals_ShouldWorkCorrectly" />
    </UnitTest>
    <UnitTest name="NeoSharp.Tests.Crypto.ScryptParamsTests.TestScryptParamsRoundTrip(n: 16384, r: 8, p: 8)" storage="/home/ubuntu/neoswift/neosharp/tests/neosharp.tests/bin/debug/net9.0/neosharp.tests.dll" id="0cd0b68b-dc3d-1e65-70c2-00debc90e057">
      <Execution id="b03c938e-17c5-4b56-8ff3-6fbe77fd4721" />
      <TestMethod codeBase="/home/ubuntu/NeoSwift/NeoSharp/tests/NeoSharp.Tests/bin/Debug/net9.0/NeoSharp.Tests.dll" adapterTypeName="executor://xunit/VsTestRunner2/netcoreapp" className="NeoSharp.Tests.Crypto.ScryptParamsTests" name="TestScryptParamsRoundTrip" />
    </UnitTest>
    <UnitTest name="NeoSharp.Tests.Crypto.Base64Tests.Base64RoundTrip_ShouldPreserveData(expectedBase64: &quot;SGVsbG8gV29ybGQ=&quot;, originalText: &quot;Hello World&quot;)" storage="/home/ubuntu/neoswift/neosharp/tests/neosharp.tests/bin/debug/net9.0/neosharp.tests.dll" id="f923296d-aa35-93a8-537c-cce656a0fadd">
      <Execution id="89b6900a-7792-4908-955b-d6ffc06e3239" />
      <TestMethod codeBase="/home/ubuntu/NeoSwift/NeoSharp/tests/NeoSharp.Tests/bin/Debug/net9.0/NeoSharp.Tests.dll" adapterTypeName="executor://xunit/VsTestRunner2/netcoreapp" className="NeoSharp.Tests.Crypto.Base64Tests" name="Base64RoundTrip_ShouldPreserveData" />
    </UnitTest>
    <UnitTest name="NeoSharp.Tests.Crypto.ECKeyPairTests.KeyPairFromPrivateKey_ShouldGenerateCorrectPublicKey" storage="/home/ubuntu/neoswift/neosharp/tests/neosharp.tests/bin/debug/net9.0/neosharp.tests.dll" id="bf7d9fb7-e62a-8966-f152-a6c666e37bf0">
      <Execution id="cadfdacb-7206-4819-89ad-9f5994a2b18d" />
      <TestMethod codeBase="/home/ubuntu/NeoSwift/NeoSharp/tests/NeoSharp.Tests/bin/Debug/net9.0/NeoSharp.Tests.dll" adapterTypeName="executor://xunit/VsTestRunner2/netcoreapp" className="NeoSharp.Tests.Crypto.ECKeyPairTests" name="KeyPairFromPrivateKey_ShouldGenerateCorrectPublicKey" />
    </UnitTest>
    <UnitTest name="NeoSharp.Tests.Crypto.Base58Tests.TestBase58RoundTrip" storage="/home/ubuntu/neoswift/neosharp/tests/neosharp.tests/bin/debug/net9.0/neosharp.tests.dll" id="90cdd93f-96cb-b0e4-bdfb-41af2a417f44">
      <Execution id="3032c3fb-3d17-4db4-9d1c-623043689e10" />
      <TestMethod codeBase="/home/ubuntu/NeoSwift/NeoSharp/tests/NeoSharp.Tests/bin/Debug/net9.0/NeoSharp.Tests.dll" adapterTypeName="executor://xunit/VsTestRunner2/netcoreapp" className="NeoSharp.Tests.Crypto.Base58Tests" name="TestBase58RoundTrip" />
    </UnitTest>
    <UnitTest name="NeoSharp.Tests.Contract.SmartContractTests.InvokeFunction_WithNullParameters_ShouldWork" storage="/home/ubuntu/neoswift/neosharp/tests/neosharp.tests/bin/debug/net9.0/neosharp.tests.dll" id="91cbf24d-f0bf-6c41-1756-f4dc69567fe4">
      <Execution id="b2b238c2-0578-42f3-893d-e0ea3d8a5ff2" />
      <TestMethod codeBase="/home/ubuntu/NeoSwift/NeoSharp/tests/NeoSharp.Tests/bin/Debug/net9.0/NeoSharp.Tests.dll" adapterTypeName="executor://xunit/VsTestRunner2/netcoreapp" className="NeoSharp.Tests.Contract.SmartContractTests" name="InvokeFunction_WithNullParameters_ShouldWork" />
    </UnitTest>
    <UnitTest name="NeoSharp.Tests.Crypto.SecurityTests.TestNEP2WrongPassword" storage="/home/ubuntu/neoswift/neosharp/tests/neosharp.tests/bin/debug/net9.0/neosharp.tests.dll" id="e8045b2b-82d5-c4bc-52d0-a2b14899b624">
      <Execution id="679bb3e6-fb4a-4afc-b7f6-2f94f8de9d5f" />
      <TestMethod codeBase="/home/ubuntu/NeoSwift/NeoSharp/tests/NeoSharp.Tests/bin/Debug/net9.0/NeoSharp.Tests.dll" adapterTypeName="executor://xunit/VsTestRunner2/netcoreapp" className="NeoSharp.Tests.Crypto.SecurityTests" name="TestNEP2WrongPassword" />
    </UnitTest>
    <UnitTest name="NeoSharp.Tests.Crypto.NEP2Tests.TestEncryptWithDefaultScryptParams" storage="/home/ubuntu/neoswift/neosharp/tests/neosharp.tests/bin/debug/net9.0/neosharp.tests.dll" id="8d7a3cb7-0721-5fbc-8b4a-ca2018c37dfd">
      <Execution id="36d10238-d2f9-4713-b605-08b5f63ac8c8" />
      <TestMethod codeBase="/home/ubuntu/NeoSwift/NeoSharp/tests/NeoSharp.Tests/bin/Debug/net9.0/NeoSharp.Tests.dll" adapterTypeName="executor://xunit/VsTestRunner2/netcoreapp" className="NeoSharp.Tests.Crypto.NEP2Tests" name="TestEncryptWithDefaultScryptParams" />
    </UnitTest>
    <UnitTest name="NeoSharp.Tests.Crypto.Base64Tests.Base64Encode_ForBytes_ShouldEncodeCorrectly" storage="/home/ubuntu/neoswift/neosharp/tests/neosharp.tests/bin/debug/net9.0/neosharp.tests.dll" id="a4f10603-0b26-0d65-ce5e-e2df30b3d1b6">
      <Execution id="1f4a61d3-3f7b-42b4-a66d-d958fa1fd89c" />
      <TestMethod codeBase="/home/ubuntu/NeoSwift/NeoSharp/tests/NeoSharp.Tests/bin/Debug/net9.0/NeoSharp.Tests.dll" adapterTypeName="executor://xunit/VsTestRunner2/netcoreapp" className="NeoSharp.Tests.Crypto.Base64Tests" name="Base64Encode_ForBytes_ShouldEncodeCorrectly" />
    </UnitTest>
    <UnitTest name="NeoSharp.Tests.Serialization.BinaryReaderTests.ReadPushData_WithInvalidOpCode_ShouldThrowException" storage="/home/ubuntu/neoswift/neosharp/tests/neosharp.tests/bin/debug/net9.0/neosharp.tests.dll" id="04920b5f-686b-4d0a-a325-7e2ad0ac452a">
      <Execution id="4afa0e02-2375-40f4-b619-0bbf5d924839" />
      <TestMethod codeBase="/home/ubuntu/NeoSwift/NeoSharp/tests/NeoSharp.Tests/bin/Debug/net9.0/NeoSharp.Tests.dll" adapterTypeName="executor://xunit/VsTestRunner2/netcoreapp" className="NeoSharp.Tests.Serialization.BinaryReaderTests" name="ReadPushData_WithInvalidOpCode_ShouldThrowException" />
    </UnitTest>
    <UnitTest name="NeoSharp.Tests.Types.EnumTypeTests.ContractParameterType_AllValues_ShouldHaveCorrectProperties(paramType: Any, expectedJson: &quot;Any&quot;, expectedByte: 0)" storage="/home/ubuntu/neoswift/neosharp/tests/neosharp.tests/bin/debug/net9.0/neosharp.tests.dll" id="54e39a07-b8b3-ea60-fc2e-939b4e8d3e8a">
      <Execution id="a1a34938-0a95-454e-a176-7da10e325836" />
      <TestMethod codeBase="/home/ubuntu/NeoSwift/NeoSharp/tests/NeoSharp.Tests/bin/Debug/net9.0/NeoSharp.Tests.dll" adapterTypeName="executor://xunit/VsTestRunner2/netcoreapp" className="NeoSharp.Tests.Types.EnumTypeTests" name="ContractParameterType_AllValues_ShouldHaveCorrectProperties" />
    </UnitTest>
    <UnitTest name="NeoSharp.Tests.Types.EnumTypeTests.ContractParameterType_AllValues_ShouldHaveCorrectProperties(paramType: Array, expectedJson: &quot;Array&quot;, expectedByte: 32)" storage="/home/ubuntu/neoswift/neosharp/tests/neosharp.tests/bin/debug/net9.0/neosharp.tests.dll" id="a51a3933-dd22-27be-1ca9-2cb4584d6666">
      <Execution id="27800798-bf8c-4be8-8b36-52b7bfd808af" />
      <TestMethod codeBase="/home/ubuntu/NeoSwift/NeoSharp/tests/NeoSharp.Tests/bin/Debug/net9.0/NeoSharp.Tests.dll" adapterTypeName="executor://xunit/VsTestRunner2/netcoreapp" className="NeoSharp.Tests.Types.EnumTypeTests" name="ContractParameterType_AllValues_ShouldHaveCorrectProperties" />
    </UnitTest>
    <UnitTest name="NeoSharp.Tests.Script.ScriptBuilderTests.VerificationScriptFromPublicKey_ShouldCreateCorrectScript" storage="/home/ubuntu/neoswift/neosharp/tests/neosharp.tests/bin/debug/net9.0/neosharp.tests.dll" id="ea24ca3c-4e72-8267-eca6-49c11c381c9b">
      <Execution id="82d93255-fec2-4f24-91b1-05b804f98142" />
      <TestMethod codeBase="/home/ubuntu/NeoSwift/NeoSharp/tests/NeoSharp.Tests/bin/Debug/net9.0/NeoSharp.Tests.dll" adapterTypeName="executor://xunit/VsTestRunner2/netcoreapp" className="NeoSharp.Tests.Script.ScriptBuilderTests" name="VerificationScriptFromPublicKey_ShouldCreateCorrectScript" />
    </UnitTest>
    <UnitTest name="NeoSharp.Tests.Crypto.ScryptParamsTests.TestScryptParamsPerformanceRelativeTime" storage="/home/ubuntu/neoswift/neosharp/tests/neosharp.tests/bin/debug/net9.0/neosharp.tests.dll" id="7152b94d-2d9b-e310-2aa2-69d02bf45611">
      <Execution id="11f7141a-eee7-4088-819e-22eee8ab987f" />
      <TestMethod codeBase="/home/ubuntu/NeoSwift/NeoSharp/tests/NeoSharp.Tests/bin/Debug/net9.0/NeoSharp.Tests.dll" adapterTypeName="executor://xunit/VsTestRunner2/netcoreapp" className="NeoSharp.Tests.Crypto.ScryptParamsTests" name="TestScryptParamsPerformanceRelativeTime" />
    </UnitTest>
    <UnitTest name="NeoSharp.Tests.Serialization.BinaryWriterTests.WriteVarString_ShouldEncodeCorrectly" storage="/home/ubuntu/neoswift/neosharp/tests/neosharp.tests/bin/debug/net9.0/neosharp.tests.dll" id="a4ddc36c-736e-2706-b327-6b53ea1cc6d6">
      <Execution id="8e79783f-fa55-4303-a18b-e5843db7960b" />
      <TestMethod codeBase="/home/ubuntu/NeoSwift/NeoSharp/tests/NeoSharp.Tests/bin/Debug/net9.0/NeoSharp.Tests.dll" adapterTypeName="executor://xunit/VsTestRunner2/netcoreapp" className="NeoSharp.Tests.Serialization.BinaryWriterTests" name="WriteVarString_ShouldEncodeCorrectly" />
    </UnitTest>
    <UnitTest name="NeoSharp.Tests.Crypto.WIFTests.CompressedFlag_ShouldBeHandledCorrectly(compressed: True)" storage="/home/ubuntu/neoswift/neosharp/tests/neosharp.tests/bin/debug/net9.0/neosharp.tests.dll" id="f0c0998a-02c2-d6bb-d7e3-38a411a27bd4">
      <Execution id="99c5c27f-8b1c-445b-a31c-d850d0af73bb" />
      <TestMethod codeBase="/home/ubuntu/NeoSwift/NeoSharp/tests/NeoSharp.Tests/bin/Debug/net9.0/NeoSharp.Tests.dll" adapterTypeName="executor://xunit/VsTestRunner2/netcoreapp" className="NeoSharp.Tests.Crypto.WIFTests" name="CompressedFlag_ShouldBeHandledCorrectly" />
    </UnitTest>
    <UnitTest name="NeoSharp.Tests.Script.ScriptBuilderTests.PushArrayEmpty_ShouldCreateNewArray0" storage="/home/ubuntu/neoswift/neosharp/tests/neosharp.tests/bin/debug/net9.0/neosharp.tests.dll" id="0ed4a6a8-a7ff-3968-5edc-a11fd69e54d9">
      <Execution id="46c6ce77-a36c-4efd-bf28-7d100706cfc7" />
      <TestMethod codeBase="/home/ubuntu/NeoSwift/NeoSharp/tests/NeoSharp.Tests/bin/Debug/net9.0/NeoSharp.Tests.dll" adapterTypeName="executor://xunit/VsTestRunner2/netcoreapp" className="NeoSharp.Tests.Script.ScriptBuilderTests" name="PushArrayEmpty_ShouldCreateNewArray0" />
    </UnitTest>
    <UnitTest name="NeoSharp.Tests.Crypto.Base58Tests.TestBase58DecodingKnownValues(base58Input: &quot;1NS17iag9jJgTHD1VXjvLCEnZuQ3rJDE9L&quot;, expectedHex: &quot;00eb15231dfceb60925886b67d065299925915aeb172c06647&quot;)" storage="/home/ubuntu/neoswift/neosharp/tests/neosharp.tests/bin/debug/net9.0/neosharp.tests.dll" id="27f2afbd-9f07-3545-d5d6-b28952ebdfd1">
      <Execution id="7492a4dd-8278-4596-b01b-396fd4518b11" />
      <TestMethod codeBase="/home/ubuntu/NeoSwift/NeoSharp/tests/NeoSharp.Tests/bin/Debug/net9.0/NeoSharp.Tests.dll" adapterTypeName="executor://xunit/VsTestRunner2/netcoreapp" className="NeoSharp.Tests.Crypto.Base58Tests" name="TestBase58DecodingKnownValues" />
    </UnitTest>
    <UnitTest name="NeoSharp.Tests.Crypto.WIFTests.CompressedFlag_ShouldBeHandledCorrectly(compressed: False)" storage="/home/ubuntu/neoswift/neosharp/tests/neosharp.tests/bin/debug/net9.0/neosharp.tests.dll" id="46e9ff7c-0efc-b9b8-9dfa-b389ab865583">
      <Execution id="8bed63c1-7a6d-4eec-a463-f458bb908768" />
      <TestMethod codeBase="/home/ubuntu/NeoSwift/NeoSharp/tests/NeoSharp.Tests/bin/Debug/net9.0/NeoSharp.Tests.dll" adapterTypeName="executor://xunit/VsTestRunner2/netcoreapp" className="NeoSharp.Tests.Crypto.WIFTests" name="CompressedFlag_ShouldBeHandledCorrectly" />
    </UnitTest>
    <UnitTest name="NeoSharp.Tests.Crypto.Base64Tests.Base64RoundTrip_ShouldPreserveData(expectedBase64: &quot;TmVv&quot;, originalText: &quot;Neo&quot;)" storage="/home/ubuntu/neoswift/neosharp/tests/neosharp.tests/bin/debug/net9.0/neosharp.tests.dll" id="2a8abbfe-1496-ae71-1450-b38c0db53bfc">
      <Execution id="c1fc34d9-9b15-4f32-bb7c-c91a58fe91a6" />
      <TestMethod codeBase="/home/ubuntu/NeoSwift/NeoSharp/tests/NeoSharp.Tests/bin/Debug/net9.0/NeoSharp.Tests.dll" adapterTypeName="executor://xunit/VsTestRunner2/netcoreapp" className="NeoSharp.Tests.Crypto.Base64Tests" name="Base64RoundTrip_ShouldPreserveData" />
    </UnitTest>
    <UnitTest name="NeoSharp.Tests.Types.ContractParameterTests.ToJson_ByteArray_ShouldSerializeAsBase64" storage="/home/ubuntu/neoswift/neosharp/tests/neosharp.tests/bin/debug/net9.0/neosharp.tests.dll" id="08f8f522-e527-951e-fd77-3ff317c0ac27">
      <Execution id="1b410472-6726-475d-8f3b-3758099ead0b" />
      <TestMethod codeBase="/home/ubuntu/NeoSwift/NeoSharp/tests/NeoSharp.Tests/bin/Debug/net9.0/NeoSharp.Tests.dll" adapterTypeName="executor://xunit/VsTestRunner2/netcoreapp" className="NeoSharp.Tests.Types.ContractParameterTests" name="ToJson_ByteArray_ShouldSerializeAsBase64" />
    </UnitTest>
    <UnitTest name="NeoSharp.Tests.Contract.SmartContractTests.BuildInvokeFunctionScript_WithNullParameters_ShouldWork" storage="/home/ubuntu/neoswift/neosharp/tests/neosharp.tests/bin/debug/net9.0/neosharp.tests.dll" id="00306738-6d37-3b3f-c2d6-1d2023d106ea">
      <Execution id="81faaa98-7815-41ed-a655-dc3c28d5df59" />
      <TestMethod codeBase="/home/ubuntu/NeoSwift/NeoSharp/tests/NeoSharp.Tests/bin/Debug/net9.0/NeoSharp.Tests.dll" adapterTypeName="executor://xunit/VsTestRunner2/netcoreapp" className="NeoSharp.Tests.Contract.SmartContractTests" name="BuildInvokeFunctionScript_WithNullParameters_ShouldWork" />
    </UnitTest>
    <UnitTest name="NeoSharp.Tests.Serialization.BinaryReaderTests.Available_ShouldReturnRemainingBytes" storage="/home/ubuntu/neoswift/neosharp/tests/neosharp.tests/bin/debug/net9.0/neosharp.tests.dll" id="dc7a5ba7-f9d6-fc52-1733-2b6ba5e7f9c8">
      <Execution id="a8c735a5-97f3-465d-ba03-752e3f11cc45" />
      <TestMethod codeBase="/home/ubuntu/NeoSwift/NeoSharp/tests/NeoSharp.Tests/bin/Debug/net9.0/NeoSharp.Tests.dll" adapterTypeName="executor://xunit/VsTestRunner2/netcoreapp" className="NeoSharp.Tests.Serialization.BinaryReaderTests" name="Available_ShouldReturnRemainingBytes" />
    </UnitTest>
    <UnitTest name="NeoSharp.Tests.Crypto.ScryptParamsTests.TestDeserialize" storage="/home/ubuntu/neoswift/neosharp/tests/neosharp.tests/bin/debug/net9.0/neosharp.tests.dll" id="b985c272-2592-d0e5-e7ac-1705f30801e5">
      <Execution id="688c6cc3-6832-4cf1-8ba5-dc7b4a57ed92" />
      <TestMethod codeBase="/home/ubuntu/NeoSwift/NeoSharp/tests/NeoSharp.Tests/bin/Debug/net9.0/NeoSharp.Tests.dll" adapterTypeName="executor://xunit/VsTestRunner2/netcoreapp" className="NeoSharp.Tests.Crypto.ScryptParamsTests" name="TestDeserialize" />
    </UnitTest>
    <UnitTest name="NeoSharp.Tests.Types.EnumTypeTests.ContractParameterType_FromJsonValue_WithValidValues_ShouldSucceed(jsonValue: &quot;Integer&quot;)" storage="/home/ubuntu/neoswift/neosharp/tests/neosharp.tests/bin/debug/net9.0/neosharp.tests.dll" id="05a04dc9-7731-84e7-b9ed-ede4e5c43f86">
      <Execution id="0b268cd7-96c4-41ff-88b9-ca798eda1699" />
      <TestMethod codeBase="/home/ubuntu/NeoSwift/NeoSharp/tests/NeoSharp.Tests/bin/Debug/net9.0/NeoSharp.Tests.dll" adapterTypeName="executor://xunit/VsTestRunner2/netcoreapp" className="NeoSharp.Tests.Types.EnumTypeTests" name="ContractParameterType_FromJsonValue_WithValidValues_ShouldSucceed" />
    </UnitTest>
    <UnitTest name="NeoSharp.Tests.Types.Hash256Tests.ToLittleEndianArray_ShouldReverseBytes" storage="/home/ubuntu/neoswift/neosharp/tests/neosharp.tests/bin/debug/net9.0/neosharp.tests.dll" id="4cd92221-df49-90c6-39a3-365e787a59a6">
      <Execution id="2ef5c61b-a3f0-46a4-82ca-e25fbf198e8f" />
      <TestMethod codeBase="/home/ubuntu/NeoSwift/NeoSharp/tests/NeoSharp.Tests/bin/Debug/net9.0/NeoSharp.Tests.dll" adapterTypeName="executor://xunit/VsTestRunner2/netcoreapp" className="NeoSharp.Tests.Types.Hash256Tests" name="ToLittleEndianArray_ShouldReverseBytes" />
    </UnitTest>
    <UnitTest name="NeoSharp.Tests.Serialization.BinaryWriterTests.WriteVarBytes_WithBigIntegerData_ShouldEncodeCorrectly" storage="/home/ubuntu/neoswift/neosharp/tests/neosharp.tests/bin/debug/net9.0/neosharp.tests.dll" id="e1772adc-4111-9752-4572-923cbd634c5b">
      <Execution id="5a5db514-63e5-4e2e-9bf4-27210aa337c0" />
      <TestMethod codeBase="/home/ubuntu/NeoSwift/NeoSharp/tests/NeoSharp.Tests/bin/Debug/net9.0/NeoSharp.Tests.dll" adapterTypeName="executor://xunit/VsTestRunner2/netcoreapp" className="NeoSharp.Tests.Serialization.BinaryWriterTests" name="WriteVarBytes_WithBigIntegerData_ShouldEncodeCorrectly" />
    </UnitTest>
    <UnitTest name="NeoSharp.Tests.Crypto.SecurityTests.TestNEP2EncryptionDecryption" storage="/home/ubuntu/neoswift/neosharp/tests/neosharp.tests/bin/debug/net9.0/neosharp.tests.dll" id="7e18d156-c166-d1dc-3710-de7645360064">
      <Execution id="a1df9ef7-32e2-452b-a50d-d75823d349d6" />
      <TestMethod codeBase="/home/ubuntu/NeoSwift/NeoSharp/tests/NeoSharp.Tests/bin/Debug/net9.0/NeoSharp.Tests.dll" adapterTypeName="executor://xunit/VsTestRunner2/netcoreapp" className="NeoSharp.Tests.Crypto.SecurityTests" name="TestNEP2EncryptionDecryption" />
    </UnitTest>
    <UnitTest name="NeoSharp.Tests.Crypto.SignTests.TestKeyFromSignedMessageWithInvalidSignature" storage="/home/ubuntu/neoswift/neosharp/tests/neosharp.tests/bin/debug/net9.0/neosharp.tests.dll" id="f86c1082-ed35-a19a-aa0b-8740241d8a93">
      <Execution id="0b050841-76f2-429c-9c38-4c97b5c5ff49" />
      <TestMethod codeBase="/home/ubuntu/NeoSwift/NeoSharp/tests/NeoSharp.Tests/bin/Debug/net9.0/NeoSharp.Tests.dll" adapterTypeName="executor://xunit/VsTestRunner2/netcoreapp" className="NeoSharp.Tests.Crypto.SignTests" name="TestKeyFromSignedMessageWithInvalidSignature" />
    </UnitTest>
    <UnitTest name="NeoSharp.Tests.Crypto.ScryptParamsTests.TestScryptParamsEquality" storage="/home/ubuntu/neoswift/neosharp/tests/neosharp.tests/bin/debug/net9.0/neosharp.tests.dll" id="9c0fb039-5409-8e27-4cbc-4bb910228eab">
      <Execution id="6002d798-5adb-4bb3-a90f-86411dbba6bb" />
      <TestMethod codeBase="/home/ubuntu/NeoSwift/NeoSharp/tests/NeoSharp.Tests/bin/Debug/net9.0/NeoSharp.Tests.dll" adapterTypeName="executor://xunit/VsTestRunner2/netcoreapp" className="NeoSharp.Tests.Crypto.ScryptParamsTests" name="TestScryptParamsEquality" />
    </UnitTest>
    <UnitTest name="NeoSharp.Tests.Serialization.BinaryReaderTests.ReadVarString_ShouldReadVariableString" storage="/home/ubuntu/neoswift/neosharp/tests/neosharp.tests/bin/debug/net9.0/neosharp.tests.dll" id="647ae2db-69ed-a458-f9b2-e1ff03e6988f">
      <Execution id="eb19f005-cb7b-415c-b81e-572bc58b0b9e" />
      <TestMethod codeBase="/home/ubuntu/NeoSwift/NeoSharp/tests/NeoSharp.Tests/bin/Debug/net9.0/NeoSharp.Tests.dll" adapterTypeName="executor://xunit/VsTestRunner2/netcoreapp" className="NeoSharp.Tests.Serialization.BinaryReaderTests" name="ReadVarString_ShouldReadVariableString" />
    </UnitTest>
    <UnitTest name="NeoSharp.Tests.Contract.SmartContractTests.Constructor_ShouldSetScriptHashCorrectly" storage="/home/ubuntu/neoswift/neosharp/tests/neosharp.tests/bin/debug/net9.0/neosharp.tests.dll" id="fb9c5acf-a0a4-9474-e2d6-b90acdb6038f">
      <Execution id="4277d233-6cb8-407f-bdf6-d55b2fed2ad7" />
      <TestMethod codeBase="/home/ubuntu/NeoSwift/NeoSharp/tests/NeoSharp.Tests/bin/Debug/net9.0/NeoSharp.Tests.dll" adapterTypeName="executor://xunit/VsTestRunner2/netcoreapp" className="NeoSharp.Tests.Contract.SmartContractTests" name="Constructor_ShouldSetScriptHashCorrectly" />
    </UnitTest>
    <UnitTest name="NeoSharp.Tests.Script.ScriptBuilderTests.PushMapNested_ShouldCreateCorrectNestedMapStructure" storage="/home/ubuntu/neoswift/neosharp/tests/neosharp.tests/bin/debug/net9.0/neosharp.tests.dll" id="dff9965e-4957-f7db-013c-ff7112bdb3f5">
      <Execution id="2dd10754-928d-4844-939b-6564fd7ff624" />
      <TestMethod codeBase="/home/ubuntu/NeoSwift/NeoSharp/tests/NeoSharp.Tests/bin/Debug/net9.0/NeoSharp.Tests.dll" adapterTypeName="executor://xunit/VsTestRunner2/netcoreapp" className="NeoSharp.Tests.Script.ScriptBuilderTests" name="PushMapNested_ShouldCreateCorrectNestedMapStructure" />
    </UnitTest>
    <UnitTest name="NeoSharp.Tests.Wallet.AccountTests.Label_ShouldBeSettable" storage="/home/ubuntu/neoswift/neosharp/tests/neosharp.tests/bin/debug/net9.0/neosharp.tests.dll" id="c53f1642-5605-a1e9-4f79-ff719abd0c63">
      <Execution id="24ca42b3-ac02-473d-b3d9-801da9393a68" />
      <TestMethod codeBase="/home/ubuntu/NeoSwift/NeoSharp/tests/NeoSharp.Tests/bin/Debug/net9.0/NeoSharp.Tests.dll" adapterTypeName="executor://xunit/VsTestRunner2/netcoreapp" className="NeoSharp.Tests.Wallet.AccountTests" name="Label_ShouldBeSettable" />
    </UnitTest>
    <UnitTest name="NeoSharp.Tests.Crypto.NEP2Tests.TestNEP2KeyChecksumValidation" storage="/home/ubuntu/neoswift/neosharp/tests/neosharp.tests/bin/debug/net9.0/neosharp.tests.dll" id="05f8f41f-2a0a-483a-d80a-d63002f27122">
      <Execution id="aa071b67-65a7-47d4-a386-867ee220369c" />
      <TestMethod codeBase="/home/ubuntu/NeoSwift/NeoSharp/tests/NeoSharp.Tests/bin/Debug/net9.0/NeoSharp.Tests.dll" adapterTypeName="executor://xunit/VsTestRunner2/netcoreapp" className="NeoSharp.Tests.Crypto.NEP2Tests" name="TestNEP2KeyChecksumValidation" />
    </UnitTest>
    <UnitTest name="NeoSharp.Tests.Crypto.NEP2Tests.TestInvalidNEP2Format" storage="/home/ubuntu/neoswift/neosharp/tests/neosharp.tests/bin/debug/net9.0/neosharp.tests.dll" id="2f9efc0b-2b51-e1f2-b995-c9e4d27be7ef">
      <Execution id="4ea711ed-71b8-4659-a594-3c84a8dae360" />
      <TestMethod codeBase="/home/ubuntu/NeoSwift/NeoSharp/tests/NeoSharp.Tests/bin/Debug/net9.0/NeoSharp.Tests.dll" adapterTypeName="executor://xunit/VsTestRunner2/netcoreapp" className="NeoSharp.Tests.Crypto.NEP2Tests" name="TestInvalidNEP2Format" />
    </UnitTest>
    <UnitTest name="NeoSharp.Tests.Crypto.ECKeyPairTests.DeterministicKeyGeneration_ShouldBeConsistent" storage="/home/ubuntu/neoswift/neosharp/tests/neosharp.tests/bin/debug/net9.0/neosharp.tests.dll" id="513e7ecc-85ad-0979-62bb-1b73ef202de7">
      <Execution id="90388966-00a0-426f-b749-65a74a569e62" />
      <TestMethod codeBase="/home/ubuntu/NeoSwift/NeoSharp/tests/NeoSharp.Tests/bin/Debug/net9.0/NeoSharp.Tests.dll" adapterTypeName="executor://xunit/VsTestRunner2/netcoreapp" className="NeoSharp.Tests.Crypto.ECKeyPairTests" name="DeterministicKeyGeneration_ShouldBeConsistent" />
    </UnitTest>
    <UnitTest name="NeoSharp.Tests.Contract.SmartContractTests.InvokeFunction_ShouldCreateTransactionBuilder" storage="/home/ubuntu/neoswift/neosharp/tests/neosharp.tests/bin/debug/net9.0/neosharp.tests.dll" id="459adc09-7f49-1440-4f10-c70a3ca70d53">
      <Execution id="6eb83404-f487-409a-a7a6-b8b24e16319f" />
      <TestMethod codeBase="/home/ubuntu/NeoSwift/NeoSharp/tests/NeoSharp.Tests/bin/Debug/net9.0/NeoSharp.Tests.dll" adapterTypeName="executor://xunit/VsTestRunner2/netcoreapp" className="NeoSharp.Tests.Contract.SmartContractTests" name="InvokeFunction_ShouldCreateTransactionBuilder" />
    </UnitTest>
    <UnitTest name="NeoSharp.Tests.Types.Hash256Tests.Parse_WithRealHashes_ShouldSucceed(hashString: &quot;0xf782c7fde78c1c2b2021d1c0c8f17236d1c68690b96ad884&quot;···)" storage="/home/ubuntu/neoswift/neosharp/tests/neosharp.tests/bin/debug/net9.0/neosharp.tests.dll" id="bf17d55d-18b3-99d1-0543-d696a261fdc4">
      <Execution id="9057107a-f81a-45eb-92b2-a23eda03fc10" />
      <TestMethod codeBase="/home/ubuntu/NeoSwift/NeoSharp/tests/NeoSharp.Tests/bin/Debug/net9.0/NeoSharp.Tests.dll" adapterTypeName="executor://xunit/VsTestRunner2/netcoreapp" className="NeoSharp.Tests.Types.Hash256Tests" name="Parse_WithRealHashes_ShouldSucceed" />
    </UnitTest>
    <UnitTest name="NeoSharp.Tests.Crypto.SignTests.TestSignVariousMessages(message: &quot;&quot;)" storage="/home/ubuntu/neoswift/neosharp/tests/neosharp.tests/bin/debug/net9.0/neosharp.tests.dll" id="9462caff-3bcd-cb3a-1143-b324bad75af7">
      <Execution id="df92276b-43c8-487b-af79-66e2be2fc312" />
      <TestMethod codeBase="/home/ubuntu/NeoSwift/NeoSharp/tests/NeoSharp.Tests/bin/Debug/net9.0/NeoSharp.Tests.dll" adapterTypeName="executor://xunit/VsTestRunner2/netcoreapp" className="NeoSharp.Tests.Crypto.SignTests" name="TestSignVariousMessages" />
    </UnitTest>
    <UnitTest name="NeoSharp.Tests.Crypto.ECKeyPairTests.NewPublicKeyFromUncompressedPoint_ShouldCompressCorrectly" storage="/home/ubuntu/neoswift/neosharp/tests/neosharp.tests/bin/debug/net9.0/neosharp.tests.dll" id="aed8925a-767a-6626-c9d6-3af8273ee6b3">
      <Execution id="4d92e64e-efac-4f3f-a253-179825bfc495" />
      <TestMethod codeBase="/home/ubuntu/NeoSwift/NeoSharp/tests/NeoSharp.Tests/bin/Debug/net9.0/NeoSharp.Tests.dll" adapterTypeName="executor://xunit/VsTestRunner2/netcoreapp" className="NeoSharp.Tests.Crypto.ECKeyPairTests" name="NewPublicKeyFromUncompressedPoint_ShouldCompressCorrectly" />
    </UnitTest>
    <UnitTest name="NeoSharp.Tests.Crypto.SecurityTests.TestRandomNumberGeneration" storage="/home/ubuntu/neoswift/neosharp/tests/neosharp.tests/bin/debug/net9.0/neosharp.tests.dll" id="41b47b25-71b8-a5de-187b-e2ea18a5bea5">
      <Execution id="125344ee-dddc-4684-9d0b-ac776a1fefc1" />
      <TestMethod codeBase="/home/ubuntu/NeoSwift/NeoSharp/tests/NeoSharp.Tests/bin/Debug/net9.0/NeoSharp.Tests.dll" adapterTypeName="executor://xunit/VsTestRunner2/netcoreapp" className="NeoSharp.Tests.Crypto.SecurityTests" name="TestRandomNumberGeneration" />
    </UnitTest>
    <UnitTest name="NeoSharp.Tests.Types.EnumTypeTests.ContractParameterType_AllValues_ShouldHaveCorrectProperties(paramType: Boolean, expectedJson: &quot;Boolean&quot;, expectedByte: 16)" storage="/home/ubuntu/neoswift/neosharp/tests/neosharp.tests/bin/debug/net9.0/neosharp.tests.dll" id="629e7032-8557-9949-051b-245664692db4">
      <Execution id="f1320633-e38e-47fb-ad65-4bd195ef3b53" />
      <TestMethod codeBase="/home/ubuntu/NeoSwift/NeoSharp/tests/NeoSharp.Tests/bin/Debug/net9.0/NeoSharp.Tests.dll" adapterTypeName="executor://xunit/VsTestRunner2/netcoreapp" className="NeoSharp.Tests.Types.EnumTypeTests" name="ContractParameterType_AllValues_ShouldHaveCorrectProperties" />
    </UnitTest>
    <UnitTest name="NeoSharp.Tests.Script.ScriptBuilderTests.PushBoolean_ShouldCreateCorrectOpCode" storage="/home/ubuntu/neoswift/neosharp/tests/neosharp.tests/bin/debug/net9.0/neosharp.tests.dll" id="242ecbf7-6100-e859-58bb-a5d31355fd7f">
      <Execution id="bff1a931-5345-41a8-b098-1fca80444857" />
      <TestMethod codeBase="/home/ubuntu/NeoSwift/NeoSharp/tests/NeoSharp.Tests/bin/Debug/net9.0/NeoSharp.Tests.dll" adapterTypeName="executor://xunit/VsTestRunner2/netcoreapp" className="NeoSharp.Tests.Script.ScriptBuilderTests" name="PushBoolean_ShouldCreateCorrectOpCode" />
    </UnitTest>
    <UnitTest name="NeoSharp.Tests.Types.Hash256Tests.FromData_ShouldCreateHashFromData" storage="/home/ubuntu/neoswift/neosharp/tests/neosharp.tests/bin/debug/net9.0/neosharp.tests.dll" id="8d64e49c-54b6-a9d2-2909-1d5c6c0bbf6b">
      <Execution id="0518591a-aa12-41a3-8a33-3d7f154bb8a1" />
      <TestMethod codeBase="/home/ubuntu/NeoSwift/NeoSharp/tests/NeoSharp.Tests/bin/Debug/net9.0/NeoSharp.Tests.dll" adapterTypeName="executor://xunit/VsTestRunner2/netcoreapp" className="NeoSharp.Tests.Types.Hash256Tests" name="FromData_ShouldCreateHashFromData" />
    </UnitTest>
    <UnitTest name="NeoSharp.Tests.Types.EnumTypeTests.TransactionAttributeType_ShouldWorkCorrectly" storage="/home/ubuntu/neoswift/neosharp/tests/neosharp.tests/bin/debug/net9.0/neosharp.tests.dll" id="18b7722c-b2a8-52c1-cddc-92860b3f2b90">
      <Execution id="a68ba5a6-4018-4e55-81a9-f0abc89b28a7" />
      <TestMethod codeBase="/home/ubuntu/NeoSwift/NeoSharp/tests/NeoSharp.Tests/bin/Debug/net9.0/NeoSharp.Tests.dll" adapterTypeName="executor://xunit/VsTestRunner2/netcoreapp" className="NeoSharp.Tests.Types.EnumTypeTests" name="TransactionAttributeType_ShouldWorkCorrectly" />
    </UnitTest>
    <UnitTest name="NeoSharp.Tests.Crypto.ECKeyPairTests.InvalidPrivateKey_ShouldThrowException" storage="/home/ubuntu/neoswift/neosharp/tests/neosharp.tests/bin/debug/net9.0/neosharp.tests.dll" id="6952147b-0649-5a15-153f-168299f6ea42">
      <Execution id="9b15484f-6441-4820-a27c-bb3505c65050" />
      <TestMethod codeBase="/home/ubuntu/NeoSwift/NeoSharp/tests/NeoSharp.Tests/bin/Debug/net9.0/NeoSharp.Tests.dll" adapterTypeName="executor://xunit/VsTestRunner2/netcoreapp" className="NeoSharp.Tests.Crypto.ECKeyPairTests" name="InvalidPrivateKey_ShouldThrowException" />
    </UnitTest>
    <UnitTest name="NeoSharp.Tests.Crypto.SignTests.TestVerifySignature" storage="/home/ubuntu/neoswift/neosharp/tests/neosharp.tests/bin/debug/net9.0/neosharp.tests.dll" id="fe050ba5-2379-58fd-0cae-82b0659a2b6d">
      <Execution id="dda52176-c6a0-46c9-9b07-e6f5c74f3ddd" />
      <TestMethod codeBase="/home/ubuntu/NeoSwift/NeoSharp/tests/NeoSharp.Tests/bin/Debug/net9.0/NeoSharp.Tests.dll" adapterTypeName="executor://xunit/VsTestRunner2/netcoreapp" className="NeoSharp.Tests.Crypto.SignTests" name="TestVerifySignature" />
    </UnitTest>
    <UnitTest name="NeoSharp.Tests.Serialization.BinaryWriterTests.WriteVarBytes_ShouldEncodeCorrectly" storage="/home/ubuntu/neoswift/neosharp/tests/neosharp.tests/bin/debug/net9.0/neosharp.tests.dll" id="4d62d737-01d7-eab8-ec9c-5b7088340c30">
      <Execution id="0bd9f866-94e4-414d-a1f5-d3275bbf648e" />
      <TestMethod codeBase="/home/ubuntu/NeoSwift/NeoSharp/tests/NeoSharp.Tests/bin/Debug/net9.0/NeoSharp.Tests.dll" adapterTypeName="executor://xunit/VsTestRunner2/netcoreapp" className="NeoSharp.Tests.Serialization.BinaryWriterTests" name="WriteVarBytes_ShouldEncodeCorrectly" />
    </UnitTest>
    <UnitTest name="NeoSharp.Tests.Contract.SmartContractTests.ToString_ShouldReturnScriptHashString" storage="/home/ubuntu/neoswift/neosharp/tests/neosharp.tests/bin/debug/net9.0/neosharp.tests.dll" id="9a5a5259-43e7-a157-ba6e-2aaadbf51c75">
      <Execution id="df1f827f-d448-4466-a6ec-3879ded51ca7" />
      <TestMethod codeBase="/home/ubuntu/NeoSwift/NeoSharp/tests/NeoSharp.Tests/bin/Debug/net9.0/NeoSharp.Tests.dll" adapterTypeName="executor://xunit/VsTestRunner2/netcoreapp" className="NeoSharp.Tests.Contract.SmartContractTests" name="ToString_ShouldReturnScriptHashString" />
    </UnitTest>
    <UnitTest name="NeoSharp.Tests.Types.Hash160Tests.CompareTo_ShouldOrderCorrectly" storage="/home/ubuntu/neoswift/neosharp/tests/neosharp.tests/bin/debug/net9.0/neosharp.tests.dll" id="43a93774-e244-efde-3836-bf3986847e98">
      <Execution id="e8fa6f13-1154-477a-8488-eeefd8fd9206" />
      <TestMethod codeBase="/home/ubuntu/NeoSwift/NeoSharp/tests/NeoSharp.Tests/bin/Debug/net9.0/NeoSharp.Tests.dll" adapterTypeName="executor://xunit/VsTestRunner2/netcoreapp" className="NeoSharp.Tests.Types.Hash160Tests" name="CompareTo_ShouldOrderCorrectly" />
    </UnitTest>
    <UnitTest name="NeoSharp.Tests.Serialization.BinaryWriterTests.WriteUInt32_ShouldWriteCorrectBytes" storage="/home/ubuntu/neoswift/neosharp/tests/neosharp.tests/bin/debug/net9.0/neosharp.tests.dll" id="7215a0c9-7676-8e37-e04e-db7c106aeda3">
      <Execution id="5f45fedb-52cb-4056-a884-52dd12e28a9b" />
      <TestMethod codeBase="/home/ubuntu/NeoSwift/NeoSharp/tests/NeoSharp.Tests/bin/Debug/net9.0/NeoSharp.Tests.dll" adapterTypeName="executor://xunit/VsTestRunner2/netcoreapp" className="NeoSharp.Tests.Serialization.BinaryWriterTests" name="WriteUInt32_ShouldWriteCorrectBytes" />
    </UnitTest>
    <UnitTest name="NeoSharp.Tests.Contract.SmartContractTests.InvokeFunction_WithEmptyString_ShouldThrowException" storage="/home/ubuntu/neoswift/neosharp/tests/neosharp.tests/bin/debug/net9.0/neosharp.tests.dll" id="6a5e6311-a3da-999b-519f-c3f8d768df61">
      <Execution id="079ecb71-6144-4dee-aff2-d696c22a856b" />
      <TestMethod codeBase="/home/ubuntu/NeoSwift/NeoSharp/tests/NeoSharp.Tests/bin/Debug/net9.0/NeoSharp.Tests.dll" adapterTypeName="executor://xunit/VsTestRunner2/netcoreapp" className="NeoSharp.Tests.Contract.SmartContractTests" name="InvokeFunction_WithEmptyString_ShouldThrowException" />
    </UnitTest>
    <UnitTest name="NeoSharp.Tests.Crypto.SignTests.TestSignatureDataEquality" storage="/home/ubuntu/neoswift/neosharp/tests/neosharp.tests/bin/debug/net9.0/neosharp.tests.dll" id="dd543aac-b9bf-de04-f5f2-6dbf4dce32d7">
      <Execution id="2778a2f9-0c06-4974-8ba1-54cbd295154b" />
      <TestMethod codeBase="/home/ubuntu/NeoSwift/NeoSharp/tests/NeoSharp.Tests/bin/Debug/net9.0/NeoSharp.Tests.dll" adapterTypeName="executor://xunit/VsTestRunner2/netcoreapp" className="NeoSharp.Tests.Crypto.SignTests" name="TestSignatureDataEquality" />
    </UnitTest>
    <UnitTest name="NeoSharp.Tests.Script.ScriptBuilderTests.BuildThrowScript_ShouldCreateThrowScript" storage="/home/ubuntu/neoswift/neosharp/tests/neosharp.tests/bin/debug/net9.0/neosharp.tests.dll" id="08b7c809-5c55-e168-d11e-cb58a1056788">
      <Execution id="fd1a371a-f851-4283-91c0-5a6fc9776078" />
      <TestMethod codeBase="/home/ubuntu/NeoSwift/NeoSharp/tests/NeoSharp.Tests/bin/Debug/net9.0/NeoSharp.Tests.dll" adapterTypeName="executor://xunit/VsTestRunner2/netcoreapp" className="NeoSharp.Tests.Script.ScriptBuilderTests" name="BuildThrowScript_ShouldCreateThrowScript" />
    </UnitTest>
    <UnitTest name="NeoSharp.Tests.Crypto.ScryptParamsTests.TestScryptParamsRoundTrip(n: 256, r: 1, p: 1)" storage="/home/ubuntu/neoswift/neosharp/tests/neosharp.tests/bin/debug/net9.0/neosharp.tests.dll" id="86e2e90a-39da-e6e6-9a93-bb33e054653a">
      <Execution id="562e55c6-fbbf-4895-8be4-6107b4ad4260" />
      <TestMethod codeBase="/home/ubuntu/NeoSwift/NeoSharp/tests/NeoSharp.Tests/bin/Debug/net9.0/NeoSharp.Tests.dll" adapterTypeName="executor://xunit/VsTestRunner2/netcoreapp" className="NeoSharp.Tests.Crypto.ScryptParamsTests" name="TestScryptParamsRoundTrip" />
    </UnitTest>
    <UnitTest name="NeoSharp.Tests.Crypto.Base58Tests.TestBase58DecodingForValidStrings" storage="/home/ubuntu/neoswift/neosharp/tests/neosharp.tests/bin/debug/net9.0/neosharp.tests.dll" id="ed290d48-5b09-a0ef-0064-b242dcf2f952">
      <Execution id="96fdb172-5cd1-4a8b-b363-0ddac6a08ea6" />
      <TestMethod codeBase="/home/ubuntu/NeoSwift/NeoSharp/tests/NeoSharp.Tests/bin/Debug/net9.0/NeoSharp.Tests.dll" adapterTypeName="executor://xunit/VsTestRunner2/netcoreapp" className="NeoSharp.Tests.Crypto.Base58Tests" name="TestBase58DecodingForValidStrings" />
    </UnitTest>
    <UnitTest name="NeoSharp.Tests.Crypto.SignTests.TestInvalidSignatureVerification" storage="/home/ubuntu/neoswift/neosharp/tests/neosharp.tests/bin/debug/net9.0/neosharp.tests.dll" id="b151b523-5c65-459c-1a05-18b8bbbf66f9">
      <Execution id="ac07406e-e7d8-4ab3-873f-7b4bb1a2b981" />
      <TestMethod codeBase="/home/ubuntu/NeoSwift/NeoSharp/tests/NeoSharp.Tests/bin/Debug/net9.0/NeoSharp.Tests.dll" adapterTypeName="executor://xunit/VsTestRunner2/netcoreapp" className="NeoSharp.Tests.Crypto.SignTests" name="TestInvalidSignatureVerification" />
    </UnitTest>
  </TestDefinitions>
  <TestEntries>
    <TestEntry testId="27f2afbd-9f07-3545-d5d6-b28952ebdfd1" executionId="7492a4dd-8278-4596-b01b-396fd4518b11" testListId="8c84fa94-04c1-424b-9868-57a2d4851a1d" />
    <TestEntry testId="93afad43-36e1-d731-837d-ad6d5a7f49c1" executionId="4954d237-743e-4ccd-9e49-86d7e89bfe95" testListId="8c84fa94-04c1-424b-9868-57a2d4851a1d" />
    <TestEntry testId="9a7d42b9-5bb8-9a73-719c-d3d0d3f66968" executionId="e9f59f8c-1d80-408b-a67a-5eed5065630f" testListId="8c84fa94-04c1-424b-9868-57a2d4851a1d" />
    <TestEntry testId="520fc664-9814-ee48-7c06-87170716aa83" executionId="efe7433e-9343-4ca3-aafd-63a9acb770c9" testListId="8c84fa94-04c1-424b-9868-57a2d4851a1d" />
    <TestEntry testId="a3ae36ff-fb49-636b-3f78-195a1ca621d2" executionId="489860c3-67f9-43bc-b61e-c81f4941d5a2" testListId="8c84fa94-04c1-424b-9868-57a2d4851a1d" />
    <TestEntry testId="0cd0b68b-dc3d-1e65-70c2-00debc90e057" executionId="b03c938e-17c5-4b56-8ff3-6fbe77fd4721" testListId="8c84fa94-04c1-424b-9868-57a2d4851a1d" />
    <TestEntry testId="7f7ab2b2-597e-eee2-72be-73a112a769f7" executionId="08e52781-adc0-4ae1-b60d-5c41215bfa38" testListId="8c84fa94-04c1-424b-9868-57a2d4851a1d" />
    <TestEntry testId="84f4aa5b-2dbf-da24-8c49-9944ee9416f3" executionId="bdad0acf-a25f-4d36-a711-bbd47012e1dc" testListId="8c84fa94-04c1-424b-9868-57a2d4851a1d" />
    <TestEntry testId="8c8e5669-cac9-8cd2-8cb1-9da59e2f22d4" executionId="7db7af2b-e0de-4f88-951b-26e7e5ff625c" testListId="8c84fa94-04c1-424b-9868-57a2d4851a1d" />
    <TestEntry testId="2d2a9605-3a0d-6e02-270f-fff5f7a24d69" executionId="ab5ffce3-4b23-431d-9ddb-1d1fa5187631" testListId="8c84fa94-04c1-424b-9868-57a2d4851a1d" />
    <TestEntry testId="ab3c62e7-d184-01a1-5e12-a63742eb3420" executionId="52bc00aa-e766-4ddc-93cd-b8f51dda90ed" testListId="8c84fa94-04c1-424b-9868-57a2d4851a1d" />
    <TestEntry testId="06f81819-3fd4-bb37-39ac-53fe9c4dccb5" executionId="1b9d0302-f333-4b36-9d7a-ac000fcdfef6" testListId="8c84fa94-04c1-424b-9868-57a2d4851a1d" />
    <TestEntry testId="137931c0-8691-6fca-7f01-9635ba02a966" executionId="9874e81c-6bb6-421d-a5ee-18fdc112b7fd" testListId="8c84fa94-04c1-424b-9868-57a2d4851a1d" />
    <TestEntry testId="0a93bcd0-fc6a-56a2-32f3-61add043fee9" executionId="3ccad6f5-f5d3-476e-9fa5-87728fe8eccc" testListId="8c84fa94-04c1-424b-9868-57a2d4851a1d" />
    <TestEntry testId="f3e83804-4bfc-b256-1868-00b97a2ebe4b" executionId="3c16362a-2d99-4327-917b-ee98d433c851" testListId="8c84fa94-04c1-424b-9868-57a2d4851a1d" />
    <TestEntry testId="cabce220-086e-7b08-bb2d-5b89bcbe34c8" executionId="65d5c0b6-e759-47a3-8442-53338bf89c91" testListId="8c84fa94-04c1-424b-9868-57a2d4851a1d" />
    <TestEntry testId="f10fde39-91da-cdc8-1ac1-947772a818bb" executionId="420e91f2-b36f-4710-bc55-577c8b894d82" testListId="8c84fa94-04c1-424b-9868-57a2d4851a1d" />
    <TestEntry testId="c5499fac-0887-5ff8-f4e8-5df1dcf51938" executionId="7739710c-f06f-4ea0-951f-8b32e0baff32" testListId="8c84fa94-04c1-424b-9868-57a2d4851a1d" />
    <TestEntry testId="b4da6257-ddc3-4454-c78a-2162fb472e15" executionId="8895e8b3-6f8a-458a-9de2-17db57cc2c40" testListId="8c84fa94-04c1-424b-9868-57a2d4851a1d" />
    <TestEntry testId="e0f51f72-d8b8-59e9-9de3-c6b33c399d4f" executionId="2c3d207d-b94d-4222-84cd-76eaa29b7c92" testListId="8c84fa94-04c1-424b-9868-57a2d4851a1d" />
    <TestEntry testId="28c1a9bf-5a93-c3ad-eea0-bb20680fffa4" executionId="a61a8b52-7eed-4154-8578-bc7f98149bce" testListId="8c84fa94-04c1-424b-9868-57a2d4851a1d" />
    <TestEntry testId="35384949-bc6d-881c-1268-c51617a75afb" executionId="30b1c2b8-3d9b-4924-9169-45f25da4b474" testListId="8c84fa94-04c1-424b-9868-57a2d4851a1d" />
    <TestEntry testId="ec4a4449-1424-a7ee-e040-db656a90d838" executionId="8f0daf30-2428-46b0-ad75-75704ed4a206" testListId="8c84fa94-04c1-424b-9868-57a2d4851a1d" />
    <TestEntry testId="920e6c5d-9623-aca6-54e1-2a6db20518e7" executionId="1f93bcf1-7333-4556-8160-06864e481753" testListId="8c84fa94-04c1-424b-9868-57a2d4851a1d" />
    <TestEntry testId="3ad41eb3-674c-040c-673f-5eb164d827cb" executionId="40336642-a7fc-4a35-96f3-b44c442b3caa" testListId="8c84fa94-04c1-424b-9868-57a2d4851a1d" />
    <TestEntry testId="42f0c1d8-472b-225e-839a-1e8337b6f2c9" executionId="4570fc5e-7e4b-4856-85ae-d4b5687a8115" testListId="8c84fa94-04c1-424b-9868-57a2d4851a1d" />
    <TestEntry testId="d386e6a8-91ed-763e-b3a1-4b62ffed5cf3" executionId="8caf9256-4c94-4763-9bcc-8333f365e1e6" testListId="8c84fa94-04c1-424b-9868-57a2d4851a1d" />
    <TestEntry testId="e5bc4cef-c9d7-228d-d607-aa84511db155" executionId="0a2b1dcf-0e3d-4622-b836-1f19424cd06c" testListId="8c84fa94-04c1-424b-9868-57a2d4851a1d" />
    <TestEntry testId="6ab66c03-5ab2-3e1f-187f-860a3bcb8043" executionId="132a1dec-30d0-402a-8f26-87ce05663043" testListId="8c84fa94-04c1-424b-9868-57a2d4851a1d" />
    <TestEntry testId="51f5edf3-4cf1-eb27-23e0-a2855310af0f" executionId="5b7957d5-f69c-427d-b923-c92fe51baa5b" testListId="8c84fa94-04c1-424b-9868-57a2d4851a1d" />
    <TestEntry testId="629e7032-8557-9949-051b-245664692db4" executionId="f1320633-e38e-47fb-ad65-4bd195ef3b53" testListId="8c84fa94-04c1-424b-9868-57a2d4851a1d" />
    <TestEntry testId="18b7722c-b2a8-52c1-cddc-92860b3f2b90" executionId="a68ba5a6-4018-4e55-81a9-f0abc89b28a7" testListId="8c84fa94-04c1-424b-9868-57a2d4851a1d" />
    <TestEntry testId="43a93774-e244-efde-3836-bf3986847e98" executionId="e8fa6f13-1154-477a-8488-eeefd8fd9206" testListId="8c84fa94-04c1-424b-9868-57a2d4851a1d" />
    <TestEntry testId="3e6e6c8a-2579-62b2-c566-29b61215c625" executionId="cc26e34c-3f7c-440e-88a1-465d5c8895bb" testListId="8c84fa94-04c1-424b-9868-57a2d4851a1d" />
    <TestEntry testId="8b02887a-436a-84b1-9469-502e894249de" executionId="d09b73a9-e3e2-4d3e-a790-61e172118aa9" testListId="8c84fa94-04c1-424b-9868-57a2d4851a1d" />
    <TestEntry testId="04920b5f-686b-4d0a-a325-7e2ad0ac452a" executionId="4afa0e02-2375-40f4-b619-0bbf5d924839" testListId="8c84fa94-04c1-424b-9868-57a2d4851a1d" />
    <TestEntry testId="a670f6ba-6b92-ff82-b344-e17a9ee818a8" executionId="47e7d927-e8c1-4817-8a2b-4439972d592a" testListId="8c84fa94-04c1-424b-9868-57a2d4851a1d" />
    <TestEntry testId="33843bfb-59e0-4d8b-1700-315e81e57341" executionId="efd6d785-3c0b-406a-b912-2a7da7df2dc1" testListId="8c84fa94-04c1-424b-9868-57a2d4851a1d" />
    <TestEntry testId="e1772adc-4111-9752-4572-923cbd634c5b" executionId="5a5db514-63e5-4e2e-9bf4-27210aa337c0" testListId="8c84fa94-04c1-424b-9868-57a2d4851a1d" />
    <TestEntry testId="693f5a41-e6ea-2fe8-b639-69d705d0deef" executionId="8ff2ac2e-53b1-41f3-bb81-49c55c1c81a6" testListId="8c84fa94-04c1-424b-9868-57a2d4851a1d" />
    <TestEntry testId="a4f10603-0b26-0d65-ce5e-e2df30b3d1b6" executionId="1f4a61d3-3f7b-42b4-a66d-d958fa1fd89c" testListId="8c84fa94-04c1-424b-9868-57a2d4851a1d" />
    <TestEntry testId="afa758de-baa5-0ce9-bfdd-2c3fb03d1e53" executionId="6ee23a69-84bf-459b-95fd-31f230ad564b" testListId="8c84fa94-04c1-424b-9868-57a2d4851a1d" />
    <TestEntry testId="c130288d-a9d4-34a1-8371-13344ddcfeae" executionId="a2a84543-9420-437c-8e68-41755612cac7" testListId="8c84fa94-04c1-424b-9868-57a2d4851a1d" />
    <TestEntry testId="c064602b-a199-c25b-89df-ce5815c62b71" executionId="202e6eb7-66cc-4a1a-8d3c-ab78505fa356" testListId="8c84fa94-04c1-424b-9868-57a2d4851a1d" />
    <TestEntry testId="c4d11546-b7ff-9147-d8a7-3a820d75d8d6" executionId="6d753891-fead-4bb8-a68a-919b6b399342" testListId="8c84fa94-04c1-424b-9868-57a2d4851a1d" />
    <TestEntry testId="46e9ff7c-0efc-b9b8-9dfa-b389ab865583" executionId="8bed63c1-7a6d-4eec-a463-f458bb908768" testListId="8c84fa94-04c1-424b-9868-57a2d4851a1d" />
    <TestEntry testId="c2bfde30-e914-458b-e340-ab93132a81d3" executionId="dddbc23e-a4ea-4d89-9cbf-e67459c6933b" testListId="8c84fa94-04c1-424b-9868-57a2d4851a1d" />
    <TestEntry testId="a808c36a-caa7-39d4-cdb6-d21910c083e8" executionId="afacca4b-11b1-4735-bec4-a3105e612f31" testListId="8c84fa94-04c1-424b-9868-57a2d4851a1d" />
    <TestEntry testId="6861b503-9934-6890-ab3d-e56aa077c1aa" executionId="53491d09-7697-4161-8e0a-5f5a5a0ceb04" testListId="8c84fa94-04c1-424b-9868-57a2d4851a1d" />
    <TestEntry testId="a7973589-6615-ff59-0718-69a2453e4a2e" executionId="3be34034-405d-4733-904f-a24abd5336d2" testListId="8c84fa94-04c1-424b-9868-57a2d4851a1d" />
    <TestEntry testId="7215a0c9-7676-8e37-e04e-db7c106aeda3" executionId="5f45fedb-52cb-4056-a884-52dd12e28a9b" testListId="8c84fa94-04c1-424b-9868-57a2d4851a1d" />
    <TestEntry testId="ed290d48-5b09-a0ef-0064-b242dcf2f952" executionId="96fdb172-5cd1-4a8b-b363-0ddac6a08ea6" testListId="8c84fa94-04c1-424b-9868-57a2d4851a1d" />
    <TestEntry testId="8d64e49c-54b6-a9d2-2909-1d5c6c0bbf6b" executionId="0518591a-aa12-41a3-8a33-3d7f154bb8a1" testListId="8c84fa94-04c1-424b-9868-57a2d4851a1d" />
    <TestEntry testId="eb73977e-8f44-f8b8-ed4a-02bb3f4815ba" executionId="d1301561-821b-4997-affd-b614706e4cb0" testListId="8c84fa94-04c1-424b-9868-57a2d4851a1d" />
    <TestEntry testId="f8d47d8d-7ddf-b062-b8b7-9793b946bf9b" executionId="e9ee17ab-3619-4e4a-b275-971ba9fdd737" testListId="8c84fa94-04c1-424b-9868-57a2d4851a1d" />
    <TestEntry testId="dbf23bcc-10fe-b4f8-bdba-93a8f4169160" executionId="22fcaa81-9c7b-42f9-91a8-af68da765684" testListId="8c84fa94-04c1-424b-9868-57a2d4851a1d" />
    <TestEntry testId="723e2c01-0ca0-a41a-c68a-e34ac45318ce" executionId="9451d308-0846-43c0-8a4f-8b5635f41889" testListId="8c84fa94-04c1-424b-9868-57a2d4851a1d" />
    <TestEntry testId="9a19bf8c-2f75-d177-6e9d-60a96d4a88db" executionId="bff6c7d7-6625-42c2-aa76-9187a2cd26f0" testListId="8c84fa94-04c1-424b-9868-57a2d4851a1d" />
    <TestEntry testId="694269c9-e36e-d154-83f2-af845bc2e686" executionId="93904993-7f89-4bf5-8c40-e6f6f7e2aed2" testListId="8c84fa94-04c1-424b-9868-57a2d4851a1d" />
    <TestEntry testId="6a5e6311-a3da-999b-519f-c3f8d768df61" executionId="079ecb71-6144-4dee-aff2-d696c22a856b" testListId="8c84fa94-04c1-424b-9868-57a2d4851a1d" />
    <TestEntry testId="2563e2a7-4774-1734-682f-9b5a97cf68dd" executionId="24335654-908b-4b3f-9c28-e79aa6bd03ad" testListId="8c84fa94-04c1-424b-9868-57a2d4851a1d" />
    <TestEntry testId="b097dbb8-c1a9-a4fd-8dd1-eb21b696c11d" executionId="b86d3b4b-17b0-4b10-8383-8dfdb382c1a7" testListId="8c84fa94-04c1-424b-9868-57a2d4851a1d" />
    <TestEntry testId="3ed16a39-f753-1684-2bda-2743af606520" executionId="5cf5b965-23bf-4fb5-aa0e-f34d542af8d7" testListId="8c84fa94-04c1-424b-9868-57a2d4851a1d" />
    <TestEntry testId="125ad7c0-573e-815a-337e-6925403e5304" executionId="e0583517-fe2c-46a8-9773-22cfc20194b1" testListId="8c84fa94-04c1-424b-9868-57a2d4851a1d" />
    <TestEntry testId="c9d78f46-4c53-e244-bafd-0d22014fcd87" executionId="f37a7676-3818-4dc1-9d27-5347a31325a4" testListId="8c84fa94-04c1-424b-9868-57a2d4851a1d" />
    <TestEntry testId="2119fef3-55b3-cb02-38e7-b693aad1c328" executionId="ee45b1b8-1417-4559-8a74-0631d1cc7010" testListId="8c84fa94-04c1-424b-9868-57a2d4851a1d" />
    <TestEntry testId="e00d70fb-44f8-7b36-8e1e-0ef0429966ac" executionId="930e658a-e8dd-4e13-8a18-40ab7b3f6986" testListId="8c84fa94-04c1-424b-9868-57a2d4851a1d" />
    <TestEntry testId="dc7a5ba7-f9d6-fc52-1733-2b6ba5e7f9c8" executionId="a8c735a5-97f3-465d-ba03-752e3f11cc45" testListId="8c84fa94-04c1-424b-9868-57a2d4851a1d" />
    <TestEntry testId="603a4190-4c31-e235-1dea-4448262c18fc" executionId="a3b37857-84d7-497e-a98c-938fcd0e7d42" testListId="8c84fa94-04c1-424b-9868-57a2d4851a1d" />
    <TestEntry testId="219f2562-40dc-2f4d-2d29-11af09c2f8b7" executionId="9d5fc69a-fdac-4d68-bb4c-d7946a0335c7" testListId="8c84fa94-04c1-424b-9868-57a2d4851a1d" />
    <TestEntry testId="0c17d28a-6ce5-362a-f711-bf5c79224b99" executionId="17f06b82-bc0e-4b8c-8c12-bae8b3a1910b" testListId="8c84fa94-04c1-424b-9868-57a2d4851a1d" />
    <TestEntry testId="98f39cc9-60d5-cddc-419a-d6fad552effe" executionId="ca7fc19a-ec01-4100-8647-20b22fe359ba" testListId="8c84fa94-04c1-424b-9868-57a2d4851a1d" />
    <TestEntry testId="c059a965-96a2-5f6a-33b0-65d3371d6856" executionId="3fc92b93-fe3e-4571-895b-92b6c826c17c" testListId="8c84fa94-04c1-424b-9868-57a2d4851a1d" />
    <TestEntry testId="ba42f61a-4918-db0a-7057-c08cf25ba397" executionId="03a0f8d1-ca8e-4bc3-9965-d17b655c1a86" testListId="8c84fa94-04c1-424b-9868-57a2d4851a1d" />
    <TestEntry testId="956fca44-5e60-03fc-7509-a833909ab23c" executionId="b716e98a-a78c-428b-9629-5d75308974e8" testListId="8c84fa94-04c1-424b-9868-57a2d4851a1d" />
    <TestEntry testId="f5fc6183-1464-d7b4-9e54-d9f91a9efcb6" executionId="57908d8b-56f8-4ce4-bb38-bab7b62694f1" testListId="8c84fa94-04c1-424b-9868-57a2d4851a1d" />
    <TestEntry testId="e3627c06-71fc-a060-1d4d-260adb9f1210" executionId="2868a7dd-9a92-4ee7-b44e-55d53dc267d6" testListId="8c84fa94-04c1-424b-9868-57a2d4851a1d" />
    <TestEntry testId="78244beb-de60-cebe-d71b-1d69e6c372ee" executionId="66e356a6-d63f-4038-8b92-419d2d3cf550" testListId="8c84fa94-04c1-424b-9868-57a2d4851a1d" />
    <TestEntry testId="0c0c4f0b-af88-b5f0-9da0-491f9d254775" executionId="734ff1d2-aa24-42bb-9db8-1a5ada2ae6ca" testListId="8c84fa94-04c1-424b-9868-57a2d4851a1d" />
    <TestEntry testId="26db6d8c-2b9b-41b0-9243-370f8164f8a8" executionId="c6805252-cba7-4853-88a0-5d6e0796f7b4" testListId="8c84fa94-04c1-424b-9868-57a2d4851a1d" />
    <TestEntry testId="ac899e7c-3b9d-efbd-e46c-1925a05dd291" executionId="882aa80e-1c75-4741-af10-ca3bf53749e2" testListId="8c84fa94-04c1-424b-9868-57a2d4851a1d" />
    <TestEntry testId="a0b69eef-402a-b362-a21b-b7c396dde08f" executionId="c7eb61c8-8867-434c-b1a9-586fd77d5e76" testListId="8c84fa94-04c1-424b-9868-57a2d4851a1d" />
    <TestEntry testId="709b4022-f285-904a-2c89-b604766b2030" executionId="a5b542e7-5e4b-42aa-bb2a-91d6431cc997" testListId="8c84fa94-04c1-424b-9868-57a2d4851a1d" />
    <TestEntry testId="1c288487-717c-db15-18cd-7065e8403dd8" executionId="c8f2e3d7-32a8-456f-a3e5-6c31077018e5" testListId="8c84fa94-04c1-424b-9868-57a2d4851a1d" />
    <TestEntry testId="deb531c7-2015-a88f-674c-68295032b174" executionId="5c639ac3-914e-4b24-bb14-810c293e95ed" testListId="8c84fa94-04c1-424b-9868-57a2d4851a1d" />
    <TestEntry testId="bf17d55d-18b3-99d1-0543-d696a261fdc4" executionId="9057107a-f81a-45eb-92b2-a23eda03fc10" testListId="8c84fa94-04c1-424b-9868-57a2d4851a1d" />
    <TestEntry testId="1fd2d563-2db0-b811-6dea-5bf5b95f5c6c" executionId="af22572b-82c7-47f6-8178-28b70c3df678" testListId="8c84fa94-04c1-424b-9868-57a2d4851a1d" />
    <TestEntry testId="1bbd0f7b-de32-4350-357e-2b738932497b" executionId="d2056f75-60ae-42c6-aebe-781fcbaa3856" testListId="8c84fa94-04c1-424b-9868-57a2d4851a1d" />
    <TestEntry testId="1c147b09-1397-43a6-8b37-d96f2d1f3ed4" executionId="1fea9e91-7571-4eff-b98d-fc9b8c3d0c48" testListId="8c84fa94-04c1-424b-9868-57a2d4851a1d" />
    <TestEntry testId="693de814-d436-dc86-2f4b-cd82be387302" executionId="680e98fc-f675-469c-a2d0-fbd7a58b1dda" testListId="8c84fa94-04c1-424b-9868-57a2d4851a1d" />
    <TestEntry testId="7152b94d-2d9b-e310-2aa2-69d02bf45611" executionId="11f7141a-eee7-4088-819e-22eee8ab987f" testListId="8c84fa94-04c1-424b-9868-57a2d4851a1d" />
    <TestEntry testId="78f352c5-3b6e-fb0e-98ff-03ea8c6b439a" executionId="c3cd5f94-4be1-476e-a17a-aa1c1f96ac3b" testListId="8c84fa94-04c1-424b-9868-57a2d4851a1d" />
    <TestEntry testId="6ec975b5-1579-df12-f95a-68143de38353" executionId="19b9564a-c15e-4f95-952a-e31e463e7738" testListId="8c84fa94-04c1-424b-9868-57a2d4851a1d" />
    <TestEntry testId="ab896882-276a-8776-de00-376c160e386c" executionId="1f7de09b-5a12-41e1-851c-b447e7745510" testListId="8c84fa94-04c1-424b-9868-57a2d4851a1d" />
    <TestEntry testId="89cd3ca8-497c-6040-13f0-10f5cb59f90d" executionId="972403fe-2408-4ec9-8bbd-de991d555f23" testListId="8c84fa94-04c1-424b-9868-57a2d4851a1d" />
    <TestEntry testId="5a39d779-7003-bdf3-d546-1b77b3f14d9c" executionId="5824e503-3e7a-404d-aefb-10d27f6f7d31" testListId="8c84fa94-04c1-424b-9868-57a2d4851a1d" />
    <TestEntry testId="b1072d1f-7873-6c4a-c503-939a854d65f7" executionId="69eff6a6-67b4-4831-a53a-8488d65a0900" testListId="8c84fa94-04c1-424b-9868-57a2d4851a1d" />
    <TestEntry testId="3a8dc186-285e-ba06-37ed-700bdc91daf9" executionId="0bbb102a-b5db-419c-8e61-7a745bd7fa17" testListId="8c84fa94-04c1-424b-9868-57a2d4851a1d" />
    <TestEntry testId="30d6f990-16b2-1890-0b3a-d1dfbe9eedf5" executionId="8b19adc6-9224-4055-9fb3-bd47d4c23b53" testListId="8c84fa94-04c1-424b-9868-57a2d4851a1d" />
    <TestEntry testId="eef9c9b8-ae6a-45f8-64af-99c50f984646" executionId="bd608666-5d29-4133-9080-60817744cdff" testListId="8c84fa94-04c1-424b-9868-57a2d4851a1d" />
    <TestEntry testId="180b2260-9f10-8804-ff19-b6ea3fa61d5c" executionId="6f1b7e4e-1712-46ee-8a38-b2c85c96e77c" testListId="8c84fa94-04c1-424b-9868-57a2d4851a1d" />
    <TestEntry testId="159b95df-fcac-493e-9d02-021648159908" executionId="4170bcef-3e28-47d7-a94d-0390ac89aa98" testListId="8c84fa94-04c1-424b-9868-57a2d4851a1d" />
    <TestEntry testId="c6ca9350-47d0-de0b-9e29-00de07b6df7a" executionId="bf8114cc-35e9-4ea1-9687-aa1be61f304a" testListId="8c84fa94-04c1-424b-9868-57a2d4851a1d" />
    <TestEntry testId="89f9964d-c6bd-f1e1-c61d-b736a8b08ce9" executionId="677a3fc8-94ff-4db5-aec7-aee7b18a5a9d" testListId="8c84fa94-04c1-424b-9868-57a2d4851a1d" />
    <TestEntry testId="61724534-4112-de3a-86e6-9c884b4d524d" executionId="dc1de1e5-67fe-4f13-8731-e36ddeb8bd43" testListId="8c84fa94-04c1-424b-9868-57a2d4851a1d" />
    <TestEntry testId="513e7ecc-85ad-0979-62bb-1b73ef202de7" executionId="90388966-00a0-426f-b749-65a74a569e62" testListId="8c84fa94-04c1-424b-9868-57a2d4851a1d" />
    <TestEntry testId="d88f0724-fb18-bcb6-0e7b-5a1ac4859c7c" executionId="8c1f1962-e3c7-4b70-a234-5ac3f9358406" testListId="8c84fa94-04c1-424b-9868-57a2d4851a1d" />
    <TestEntry testId="b0afab83-521d-3bdc-8472-8661a0acaf09" executionId="8e11f2a1-c020-4e9c-b300-ace01b631c1f" testListId="8c84fa94-04c1-424b-9868-57a2d4851a1d" />
    <TestEntry testId="8f7f6552-5520-b454-97d1-e1ac4c03bd80" executionId="5ec6862e-75bf-4f04-af27-e749b9cf1028" testListId="8c84fa94-04c1-424b-9868-57a2d4851a1d" />
    <TestEntry testId="4cd92221-df49-90c6-39a3-365e787a59a6" executionId="2ef5c61b-a3f0-46a4-82ca-e25fbf198e8f" testListId="8c84fa94-04c1-424b-9868-57a2d4851a1d" />
    <TestEntry testId="5d748615-1a32-dcc6-a161-923cde120b47" executionId="d3766d3e-0421-4904-853c-3ce9fa2b35c2" testListId="8c84fa94-04c1-424b-9868-57a2d4851a1d" />
    <TestEntry testId="d74c1b47-2b45-42f8-b27a-2c9d874ea10b" executionId="d44d65d3-1d4d-44a6-ad07-8024469200e4" testListId="8c84fa94-04c1-424b-9868-57a2d4851a1d" />
    <TestEntry testId="cebdfbc2-1c44-c355-92fb-f3754bfef121" executionId="7e06474a-3f82-48fd-9e9e-2b8c3ac9b6b7" testListId="8c84fa94-04c1-424b-9868-57a2d4851a1d" />
    <TestEntry testId="54257088-ee8c-40f1-c5ba-2f061684eb74" executionId="cf647f8b-616f-412a-8c8d-a75c9269a443" testListId="8c84fa94-04c1-424b-9868-57a2d4851a1d" />
    <TestEntry testId="f0c0998a-02c2-d6bb-d7e3-38a411a27bd4" executionId="99c5c27f-8b1c-445b-a31c-d850d0af73bb" testListId="8c84fa94-04c1-424b-9868-57a2d4851a1d" />
    <TestEntry testId="4b35573e-3a26-d9e4-572f-1869874e4bc6" executionId="51a02c57-5f10-4e04-8e2d-094628384115" testListId="8c84fa94-04c1-424b-9868-57a2d4851a1d" />
    <TestEntry testId="47faf41c-250f-3921-1a8f-8cb28a6d80ff" executionId="ed653ac9-fcf3-450e-9ef7-dab70a004f2a" testListId="8c84fa94-04c1-424b-9868-57a2d4851a1d" />
    <TestEntry testId="ed490758-ac9d-30c7-6c35-31dda870b5e6" executionId="276f5a0c-ebad-4df3-a8aa-25ab825a2ea1" testListId="8c84fa94-04c1-424b-9868-57a2d4851a1d" />
    <TestEntry testId="ee15e4ec-2da5-7177-94d9-138b7165c68e" executionId="98192f0c-9c8b-449b-85bf-48cbccaa3a77" testListId="8c84fa94-04c1-424b-9868-57a2d4851a1d" />
    <TestEntry testId="54e39a07-b8b3-ea60-fc2e-939b4e8d3e8a" executionId="a1a34938-0a95-454e-a176-7da10e325836" testListId="8c84fa94-04c1-424b-9868-57a2d4851a1d" />
    <TestEntry testId="4f32cb3d-de52-e96e-9283-a46161e53f2c" executionId="f96a5153-4ef4-48c0-b69b-0a782eed059c" testListId="8c84fa94-04c1-424b-9868-57a2d4851a1d" />
    <TestEntry testId="9ac25e8c-f2f8-8f1f-14f5-488a222ed3b0" executionId="947b046c-9bc4-4552-b41c-cdd45bd35287" testListId="8c84fa94-04c1-424b-9868-57a2d4851a1d" />
    <TestEntry testId="7d8319eb-03fb-08d3-0f3a-a74ec239d2fe" executionId="78d106db-48b1-465c-87f1-84a0b7b87d4e" testListId="8c84fa94-04c1-424b-9868-57a2d4851a1d" />
    <TestEntry testId="05a04dc9-7731-84e7-b9ed-ede4e5c43f86" executionId="0b268cd7-96c4-41ff-88b9-ca798eda1699" testListId="8c84fa94-04c1-424b-9868-57a2d4851a1d" />
    <TestEntry testId="2343f28d-b6f1-ea40-62f5-69bed78cd97b" executionId="1c29f643-1458-4a2e-a2df-9431ee80abdb" testListId="8c84fa94-04c1-424b-9868-57a2d4851a1d" />
    <TestEntry testId="0f5e07ad-4979-2fa5-f6e0-8e5750b169fc" executionId="50ace2e4-6688-40ce-9110-36e8b22b8564" testListId="8c84fa94-04c1-424b-9868-57a2d4851a1d" />
    <TestEntry testId="400f22d6-d2e2-8408-a698-81e6d43f3f42" executionId="7287f5b4-45c9-4ec0-bc8e-09a9860f4392" testListId="8c84fa94-04c1-424b-9868-57a2d4851a1d" />
    <TestEntry testId="a8d17546-f6ae-34d4-9e27-95bbfd5e1d33" executionId="64bc8ba9-a401-4b94-bb81-232f5c571f78" testListId="8c84fa94-04c1-424b-9868-57a2d4851a1d" />
    <TestEntry testId="8eb0f6de-e206-b1b3-376e-4fc96993f209" executionId="c425ef49-1c26-4004-830e-8d92820319c4" testListId="8c84fa94-04c1-424b-9868-57a2d4851a1d" />
    <TestEntry testId="beaeae1a-5663-5159-f554-4cb8ce24af1b" executionId="a2f2d5fd-563e-4c52-94d4-5dfaf63e1179" testListId="8c84fa94-04c1-424b-9868-57a2d4851a1d" />
    <TestEntry testId="26f25596-6bcf-2aa2-0a70-f62cab760fd9" executionId="432cfe96-8ba2-45f0-a195-03487500bd07" testListId="8c84fa94-04c1-424b-9868-57a2d4851a1d" />
    <TestEntry testId="d7cbdf25-1abd-5be0-1705-629b06ed6233" executionId="52e76c46-b048-4633-a62f-67424013a25c" testListId="8c84fa94-04c1-424b-9868-57a2d4851a1d" />
    <TestEntry testId="5e97768f-d530-99d2-989a-4e0f3db77405" executionId="776e6425-7fed-48b8-8c75-460046488f1c" testListId="8c84fa94-04c1-424b-9868-57a2d4851a1d" />
    <TestEntry testId="36429002-8d89-ea56-e975-9c33a5aedcfa" executionId="bc45fd85-8449-4ac7-88bd-5d27c0337683" testListId="8c84fa94-04c1-424b-9868-57a2d4851a1d" />
    <TestEntry testId="05f8f41f-2a0a-483a-d80a-d63002f27122" executionId="aa071b67-65a7-47d4-a386-867ee220369c" testListId="8c84fa94-04c1-424b-9868-57a2d4851a1d" />
    <TestEntry testId="9a5a5259-43e7-a157-ba6e-2aaadbf51c75" executionId="df1f827f-d448-4466-a6ec-3879ded51ca7" testListId="8c84fa94-04c1-424b-9868-57a2d4851a1d" />
    <TestEntry testId="08f8f522-e527-951e-fd77-3ff317c0ac27" executionId="1b410472-6726-475d-8f3b-3758099ead0b" testListId="8c84fa94-04c1-424b-9868-57a2d4851a1d" />
    <TestEntry testId="8920274a-5d15-dd80-35c4-6ef25156aa22" executionId="f01d9c59-8f14-4692-9821-47d06aecdff3" testListId="8c84fa94-04c1-424b-9868-57a2d4851a1d" />
    <TestEntry testId="651bb81c-b2c1-0179-60d9-76ea480286e6" executionId="41e05b12-33d8-49dc-b4c1-6611dda94c41" testListId="8c84fa94-04c1-424b-9868-57a2d4851a1d" />
    <TestEntry testId="a5f85e1f-a238-e2d3-1bc1-0d79eff381b9" executionId="85384489-fc79-45c3-8bdc-ab98fba33cae" testListId="8c84fa94-04c1-424b-9868-57a2d4851a1d" />
    <TestEntry testId="46948e2c-121d-478f-8491-eb42ecb316c0" executionId="bc455fbc-f662-4bc2-8f6a-b44833ea6514" testListId="8c84fa94-04c1-424b-9868-57a2d4851a1d" />
    <TestEntry testId="fb9dbead-6581-a40e-326f-bb7f29555d11" executionId="a9ea31a1-557d-4ee6-85fc-e3e645341de6" testListId="8c84fa94-04c1-424b-9868-57a2d4851a1d" />
    <TestEntry testId="d7400e8a-7d55-2939-6e26-46d7d776b09b" executionId="032b5b34-5423-44b4-84be-ad627513bd5b" testListId="8c84fa94-04c1-424b-9868-57a2d4851a1d" />
    <TestEntry testId="ea284b85-8c42-66b5-15ff-c6e3a5198213" executionId="7c7fdcc6-2dce-4f12-9152-c348c43e58e6" testListId="8c84fa94-04c1-424b-9868-57a2d4851a1d" />
    <TestEntry testId="3fdd123a-6dd7-43a2-c25a-6a9fb66236db" executionId="c06a36b2-7492-4626-8b89-c941c90ab118" testListId="8c84fa94-04c1-424b-9868-57a2d4851a1d" />
    <TestEntry testId="0d10b196-42d5-b32d-b6e6-0a21b3a72aed" executionId="e009be37-3f37-4816-95b9-6bc28c4b49b5" testListId="8c84fa94-04c1-424b-9868-57a2d4851a1d" />
    <TestEntry testId="3666327d-eeb2-8cf6-199c-a28cfc5678bf" executionId="e86745fc-22ac-493b-883a-ad233cfbbbbe" testListId="8c84fa94-04c1-424b-9868-57a2d4851a1d" />
    <TestEntry testId="aed8925a-767a-6626-c9d6-3af8273ee6b3" executionId="4d92e64e-efac-4f3f-a253-179825bfc495" testListId="8c84fa94-04c1-424b-9868-57a2d4851a1d" />
    <TestEntry testId="c945ab89-80df-493f-f507-df688cdfc95f" executionId="07e92918-f55b-4913-a180-037a9aaab4f0" testListId="8c84fa94-04c1-424b-9868-57a2d4851a1d" />
    <TestEntry testId="00306738-6d37-3b3f-c2d6-1d2023d106ea" executionId="81faaa98-7815-41ed-a655-dc3c28d5df59" testListId="8c84fa94-04c1-424b-9868-57a2d4851a1d" />
    <TestEntry testId="9462caff-3bcd-cb3a-1143-b324bad75af7" executionId="df92276b-43c8-487b-af79-66e2be2fc312" testListId="8c84fa94-04c1-424b-9868-57a2d4851a1d" />
    <TestEntry testId="6f06f4f6-7e48-c0da-1fff-f5c44b023382" executionId="d593b740-dbd4-47e0-bcde-b3eb5b9e916e" testListId="8c84fa94-04c1-424b-9868-57a2d4851a1d" />
    <TestEntry testId="955eafc5-5014-d0fd-ce5e-e921d4a1d72f" executionId="3a56344f-c6e0-450d-be68-312a8cee739a" testListId="8c84fa94-04c1-424b-9868-57a2d4851a1d" />
    <TestEntry testId="7e18d156-c166-d1dc-3710-de7645360064" executionId="a1df9ef7-32e2-452b-a50d-d75823d349d6" testListId="8c84fa94-04c1-424b-9868-57a2d4851a1d" />
    <TestEntry testId="e29c4f29-7204-f094-f66e-43917242093b" executionId="7dba64c3-6fb8-4336-aed6-3867a90d883f" testListId="8c84fa94-04c1-424b-9868-57a2d4851a1d" />
    <TestEntry testId="8fc4c271-55a8-1d75-ee9b-ca171542217e" executionId="d7f52f36-c1d3-4c21-98c2-368b670419f7" testListId="8c84fa94-04c1-424b-9868-57a2d4851a1d" />
    <TestEntry testId="a62b168f-b9b1-d2df-3ac2-1df7f1c9725e" executionId="656c7746-417b-4672-8e62-7838860acf66" testListId="8c84fa94-04c1-424b-9868-57a2d4851a1d" />
    <TestEntry testId="e8045b2b-82d5-c4bc-52d0-a2b14899b624" executionId="679bb3e6-fb4a-4afc-b7f6-2f94f8de9d5f" testListId="8c84fa94-04c1-424b-9868-57a2d4851a1d" />
    <TestEntry testId="763e5af7-a89f-7243-f04b-0e0023b5d5cf" executionId="62cf3b39-9a4c-4b4a-b376-2abd051a4f3c" testListId="8c84fa94-04c1-424b-9868-57a2d4851a1d" />
    <TestEntry testId="a0d97b46-0458-3af4-f41c-5d33a12c3635" executionId="6ef769aa-a98f-4fe6-bc50-3f79838fc51c" testListId="8c84fa94-04c1-424b-9868-57a2d4851a1d" />
    <TestEntry testId="150e6074-80a7-605c-4217-a3ae543d9419" executionId="6ede4f31-dd3f-4195-ac20-3007cf23b6e8" testListId="8c84fa94-04c1-424b-9868-57a2d4851a1d" />
    <TestEntry testId="7c596a1b-f03c-10d5-15f5-4962c4c57d6b" executionId="cec1b5a2-fdec-4f37-b97b-2331d6a0492d" testListId="8c84fa94-04c1-424b-9868-57a2d4851a1d" />
    <TestEntry testId="55512dc9-1dfa-597d-3130-060b23c90329" executionId="31dc7b63-0cd9-4624-913b-33178ec72c90" testListId="8c84fa94-04c1-424b-9868-57a2d4851a1d" />
    <TestEntry testId="5a4dae1a-21dc-18ed-ce1c-6af1ac37d58c" executionId="f19501fd-0158-4489-9359-afe4fd1a0fff" testListId="8c84fa94-04c1-424b-9868-57a2d4851a1d" />
    <TestEntry testId="9c0fb039-5409-8e27-4cbc-4bb910228eab" executionId="6002d798-5adb-4bb3-a90f-86411dbba6bb" testListId="8c84fa94-04c1-424b-9868-57a2d4851a1d" />
    <TestEntry testId="d8c28e8f-0978-66b7-aeff-ee6e5f77d9ad" executionId="4626e965-5d30-4d87-bdff-6b574b8a7eae" testListId="8c84fa94-04c1-424b-9868-57a2d4851a1d" />
    <TestEntry testId="f923296d-aa35-93a8-537c-cce656a0fadd" executionId="89b6900a-7792-4908-955b-d6ffc06e3239" testListId="8c84fa94-04c1-424b-9868-57a2d4851a1d" />
    <TestEntry testId="0a80ec7c-a614-b66a-c381-75aab29fd732" executionId="460013d9-f047-4177-b572-5cd240d4b131" testListId="8c84fa94-04c1-424b-9868-57a2d4851a1d" />
    <TestEntry testId="0097a575-f2af-f2ad-c169-d76c203c5e13" executionId="b449aeb7-036b-42e8-9f83-381a97982d49" testListId="8c84fa94-04c1-424b-9868-57a2d4851a1d" />
    <TestEntry testId="4c1b1419-5c14-80bd-dd63-0cffef6e6b4c" executionId="92ca3cfa-8510-4887-a924-e6ec53ed4bc4" testListId="8c84fa94-04c1-424b-9868-57a2d4851a1d" />
    <TestEntry testId="30cb0310-de3e-88ff-8f97-159661e8875a" executionId="248a81d3-4625-4fc4-9157-3fe49fe04460" testListId="8c84fa94-04c1-424b-9868-57a2d4851a1d" />
    <TestEntry testId="ec366ec3-cbab-e25c-b165-80f003a5a779" executionId="d28b7c30-c3af-4e0c-93a9-c0434dd1b794" testListId="8c84fa94-04c1-424b-9868-57a2d4851a1d" />
    <TestEntry testId="6a1a42d1-c8ac-745c-9a41-f4fb54483f96" executionId="616f8884-f41f-47da-9e69-4c548ede517e" testListId="8c84fa94-04c1-424b-9868-57a2d4851a1d" />
    <TestEntry testId="7abf3a3b-a9be-4e0c-533d-4c9cfcb4fe24" executionId="15016e75-0c8c-49b1-b10a-4b99124d60bd" testListId="8c84fa94-04c1-424b-9868-57a2d4851a1d" />
    <TestEntry testId="0aff520c-12c7-ea64-ba02-ff6e8d29b49f" executionId="79b138cc-d7cb-466d-bbbb-d978c62d5ff3" testListId="8c84fa94-04c1-424b-9868-57a2d4851a1d" />
    <TestEntry testId="a705c5d0-b329-898a-1d9c-c7cf3ccf19ed" executionId="923d6ae3-a550-461b-8165-41811f6ca670" testListId="8c84fa94-04c1-424b-9868-57a2d4851a1d" />
    <TestEntry testId="a51a3933-dd22-27be-1ca9-2cb4584d6666" executionId="27800798-bf8c-4be8-8b36-52b7bfd808af" testListId="8c84fa94-04c1-424b-9868-57a2d4851a1d" />
    <TestEntry testId="7e022a46-3a6a-f120-12f8-5e2c3f2247c2" executionId="c43224a5-1f45-4979-8212-82d2d5121e0e" testListId="8c84fa94-04c1-424b-9868-57a2d4851a1d" />
    <TestEntry testId="a0bebf88-5e02-e146-8258-22cf0fc669cc" executionId="1d83a6be-67e8-48dd-a85f-30c1ca99f826" testListId="8c84fa94-04c1-424b-9868-57a2d4851a1d" />
    <TestEntry testId="77fc752b-8f45-9e78-5b84-e90ebc566278" executionId="ce308ae0-29ae-48cd-bc10-1d22ffc47c48" testListId="8c84fa94-04c1-424b-9868-57a2d4851a1d" />
    <TestEntry testId="a4ddc36c-736e-2706-b327-6b53ea1cc6d6" executionId="8e79783f-fa55-4303-a18b-e5843db7960b" testListId="8c84fa94-04c1-424b-9868-57a2d4851a1d" />
    <TestEntry testId="459adc09-7f49-1440-4f10-c70a3ca70d53" executionId="6eb83404-f487-409a-a7a6-b8b24e16319f" testListId="8c84fa94-04c1-424b-9868-57a2d4851a1d" />
    <TestEntry testId="4fd00a53-8db1-d78c-2599-95e001080d8f" executionId="305dd629-728e-4d5e-8cf0-0e3743860417" testListId="8c84fa94-04c1-424b-9868-57a2d4851a1d" />
    <TestEntry testId="76598d68-aeac-8776-2f3e-2dda3a9a5fce" executionId="52edb82f-7fda-43ea-8d45-40bed023cd9e" testListId="8c84fa94-04c1-424b-9868-57a2d4851a1d" />
    <TestEntry testId="abbaed55-681d-78da-3d42-03ca0b46a976" executionId="13ad37b6-dfcf-4761-b60c-cd711c100b7e" testListId="8c84fa94-04c1-424b-9868-57a2d4851a1d" />
    <TestEntry testId="00a25fdc-9b88-3fce-f0ad-b7913fb21618" executionId="c3a9c403-9101-4904-b9b5-c6178dce7bb1" testListId="8c84fa94-04c1-424b-9868-57a2d4851a1d" />
    <TestEntry testId="86e2e90a-39da-e6e6-9a93-bb33e054653a" executionId="562e55c6-fbbf-4895-8be4-6107b4ad4260" testListId="8c84fa94-04c1-424b-9868-57a2d4851a1d" />
    <TestEntry testId="08b7c809-5c55-e168-d11e-cb58a1056788" executionId="fd1a371a-f851-4283-91c0-5a6fc9776078" testListId="8c84fa94-04c1-424b-9868-57a2d4851a1d" />
    <TestEntry testId="064f0647-333d-d6ac-aef1-1673d5818907" executionId="59c113d0-58d4-401f-b6fc-5f69ff7b4706" testListId="8c84fa94-04c1-424b-9868-57a2d4851a1d" />
    <TestEntry testId="f29ca3ea-8044-4bff-f5a2-13a04fd029e4" executionId="f4aa2029-b45f-4c87-b5e9-aa57252d1c4f" testListId="8c84fa94-04c1-424b-9868-57a2d4851a1d" />
    <TestEntry testId="c0a24241-2665-51f1-0378-db611bcd3dd4" executionId="0a68d01a-68e6-4c8d-bfd0-91115bc9fbd2" testListId="8c84fa94-04c1-424b-9868-57a2d4851a1d" />
    <TestEntry testId="350aed43-d63e-4b3d-f69f-480da0dbfb1c" executionId="b7142267-efab-45b8-be93-d1ea846a56c6" testListId="8c84fa94-04c1-424b-9868-57a2d4851a1d" />
    <TestEntry testId="8e8c20ef-c921-4caa-8e32-3f8b87a136b8" executionId="be35591c-897d-49fa-bf39-6692673c0d66" testListId="8c84fa94-04c1-424b-9868-57a2d4851a1d" />
    <TestEntry testId="09e10194-f968-2de2-e0b9-66d7f6ba2e02" executionId="395c6386-2228-488b-a825-1bcc261a6a50" testListId="8c84fa94-04c1-424b-9868-57a2d4851a1d" />
    <TestEntry testId="47219b03-e477-2ce4-e2b2-e738b7e057c5" executionId="6e38e75d-c71f-48d5-9f52-54755efde2a6" testListId="8c84fa94-04c1-424b-9868-57a2d4851a1d" />
    <TestEntry testId="ee08edbe-4c15-84de-05db-9a33d9ce21b4" executionId="fa3c22de-1833-4a29-a8c5-b0ac428cf0b0" testListId="8c84fa94-04c1-424b-9868-57a2d4851a1d" />
    <TestEntry testId="b985c272-2592-d0e5-e7ac-1705f30801e5" executionId="688c6cc3-6832-4cf1-8ba5-dc7b4a57ed92" testListId="8c84fa94-04c1-424b-9868-57a2d4851a1d" />
    <TestEntry testId="3a16c4e1-d197-ae08-4046-bd7faac128bf" executionId="46b32178-cb90-4015-ae35-15aad7cd3cc8" testListId="8c84fa94-04c1-424b-9868-57a2d4851a1d" />
    <TestEntry testId="3d1072a3-d564-79e2-b111-feb2d4c2120c" executionId="38a3c6d5-5bdc-4e06-91bb-6fc56a182e66" testListId="8c84fa94-04c1-424b-9868-57a2d4851a1d" />
    <TestEntry testId="dff9965e-4957-f7db-013c-ff7112bdb3f5" executionId="2dd10754-928d-4844-939b-6564fd7ff624" testListId="8c84fa94-04c1-424b-9868-57a2d4851a1d" />
    <TestEntry testId="7750cff9-d7c1-7a64-5bf0-bd8412d9d66c" executionId="ae4a8ea5-a127-4635-b024-9e756f541017" testListId="8c84fa94-04c1-424b-9868-57a2d4851a1d" />
    <TestEntry testId="3f3058b5-29b7-7193-a316-a0a18c9bcf81" executionId="25eae813-733b-4568-a711-0f6a153a5d77" testListId="8c84fa94-04c1-424b-9868-57a2d4851a1d" />
    <TestEntry testId="a44c85b8-f35a-b67e-c72e-802a946b2b67" executionId="4974a93e-c1fe-4c7b-91f6-6b312ef179e8" testListId="8c84fa94-04c1-424b-9868-57a2d4851a1d" />
    <TestEntry testId="42da5785-dc68-eb06-6258-986f8c7b7a9d" executionId="d7647984-6680-4e60-8903-09685f1a759f" testListId="8c84fa94-04c1-424b-9868-57a2d4851a1d" />
    <TestEntry testId="02b756d5-cbae-c1fe-81a7-b40c49aaf7bf" executionId="8453b18a-82c8-4589-88bc-6be2d3713559" testListId="8c84fa94-04c1-424b-9868-57a2d4851a1d" />
    <TestEntry testId="17439590-e91f-3aab-b409-463c285438fd" executionId="3f83c4a9-f152-4f20-a290-fcec0ce7dafb" testListId="8c84fa94-04c1-424b-9868-57a2d4851a1d" />
    <TestEntry testId="37b43959-e293-89a7-a436-5db3f7c6bca6" executionId="64b0a1ac-e979-46b6-aa15-b0bd121cfa73" testListId="8c84fa94-04c1-424b-9868-57a2d4851a1d" />
    <TestEntry testId="5b2a61b5-a877-35e2-ce62-96593f9e2cb3" executionId="9457f67f-7669-4a36-a614-005d545f30ac" testListId="8c84fa94-04c1-424b-9868-57a2d4851a1d" />
    <TestEntry testId="736e58a5-e61f-d16f-a200-62c2b0320ab8" executionId="9012639a-9733-4f7d-bf43-d7a7cd69adfe" testListId="8c84fa94-04c1-424b-9868-57a2d4851a1d" />
    <TestEntry testId="b48c632d-b893-92fa-f886-b99be87992cb" executionId="c34bff32-7247-4cc0-a19b-16b0712eb621" testListId="8c84fa94-04c1-424b-9868-57a2d4851a1d" />
    <TestEntry testId="132ccf43-7ae7-adb9-92a9-df519faee0a1" executionId="fcc40345-6376-4d73-8fa3-1d11165f8971" testListId="8c84fa94-04c1-424b-9868-57a2d4851a1d" />
    <TestEntry testId="04c472f2-f8b9-2afb-de0f-fb57b66e6f05" executionId="1256a4fa-c275-4952-8d81-f81ae40a53bf" testListId="8c84fa94-04c1-424b-9868-57a2d4851a1d" />
    <TestEntry testId="498133df-5339-0fec-7f10-6cd5a987c16c" executionId="9c03035a-a3fa-4d5b-afce-f3c2d4cd9e79" testListId="8c84fa94-04c1-424b-9868-57a2d4851a1d" />
    <TestEntry testId="647ae2db-69ed-a458-f9b2-e1ff03e6988f" executionId="eb19f005-cb7b-415c-b81e-572bc58b0b9e" testListId="8c84fa94-04c1-424b-9868-57a2d4851a1d" />
    <TestEntry testId="89d95cf3-c50b-5860-b057-4a39d76baba8" executionId="d0619bc2-c145-4d0b-a15d-aefa787f5f8c" testListId="8c84fa94-04c1-424b-9868-57a2d4851a1d" />
    <TestEntry testId="91cbf24d-f0bf-6c41-1756-f4dc69567fe4" executionId="b2b238c2-0578-42f3-893d-e0ea3d8a5ff2" testListId="8c84fa94-04c1-424b-9868-57a2d4851a1d" />
    <TestEntry testId="ca4fe77c-4e86-9f45-1b70-049fdc1c1239" executionId="bc7adaa1-5e20-4f26-b5a6-5c17c12bfcb8" testListId="8c84fa94-04c1-424b-9868-57a2d4851a1d" />
    <TestEntry testId="f0cdfe8d-ed22-e606-4448-12aa4bd1069a" executionId="b2b42524-6b88-4977-8252-1062f6805e1e" testListId="8c84fa94-04c1-424b-9868-57a2d4851a1d" />
    <TestEntry testId="58ff235e-a3c2-8d16-8f18-a5f78f51d8db" executionId="5819f34d-fd5f-4a3a-9954-37433cff2b27" testListId="8c84fa94-04c1-424b-9868-57a2d4851a1d" />
    <TestEntry testId="f8cbfdd2-aca9-9e27-c8fd-251f064fdfce" executionId="d1d85ada-56be-4090-981f-09a0350e56d3" testListId="8c84fa94-04c1-424b-9868-57a2d4851a1d" />
    <TestEntry testId="bb02b94f-37a8-19ca-090b-2dc88817d8ad" executionId="bdea10c9-86f8-462c-b4c3-17a25672475c" testListId="8c84fa94-04c1-424b-9868-57a2d4851a1d" />
    <TestEntry testId="0631d2fe-14c3-645d-b7f2-ea6ec366fdbe" executionId="beb9782c-0bf3-4dc0-b801-aa87165bad89" testListId="8c84fa94-04c1-424b-9868-57a2d4851a1d" />
    <TestEntry testId="7b266048-0978-0a8c-a97a-95543f8ed20d" executionId="f1f74886-9d10-47d3-8c5c-eb6ae0044d53" testListId="8c84fa94-04c1-424b-9868-57a2d4851a1d" />
    <TestEntry testId="d09a547b-4f67-e1d1-0bc4-62a721e6d668" executionId="ddf6a145-ce97-49a1-a6d8-08d522dd77af" testListId="8c84fa94-04c1-424b-9868-57a2d4851a1d" />
    <TestEntry testId="5a36d705-aa38-507a-4b32-976bc129677f" executionId="ba0c1568-d1de-4f12-b7f3-ccd08731f2f0" testListId="8c84fa94-04c1-424b-9868-57a2d4851a1d" />
    <TestEntry testId="ea24ca3c-4e72-8267-eca6-49c11c381c9b" executionId="82d93255-fec2-4f24-91b1-05b804f98142" testListId="8c84fa94-04c1-424b-9868-57a2d4851a1d" />
    <TestEntry testId="3458ea21-a5c4-8720-c598-ec4aa2be7d08" executionId="47a1c7a1-0732-4671-9f68-a1b8b1c4b943" testListId="8c84fa94-04c1-424b-9868-57a2d4851a1d" />
    <TestEntry testId="dd543aac-b9bf-de04-f5f2-6dbf4dce32d7" executionId="2778a2f9-0c06-4974-8ba1-54cbd295154b" testListId="8c84fa94-04c1-424b-9868-57a2d4851a1d" />
    <TestEntry testId="4867ef49-9b69-7d61-fb16-c1d4ddc1384b" executionId="a17de00d-3b4d-4798-9355-1c1c52476bc0" testListId="8c84fa94-04c1-424b-9868-57a2d4851a1d" />
    <TestEntry testId="fe050ba5-2379-58fd-0cae-82b0659a2b6d" executionId="dda52176-c6a0-46c9-9b07-e6f5c74f3ddd" testListId="8c84fa94-04c1-424b-9868-57a2d4851a1d" />
    <TestEntry testId="5275f261-f731-19c7-4b6e-434e6bc2d08d" executionId="9d36e5db-92ab-4ad6-83a2-e977ea79cfee" testListId="8c84fa94-04c1-424b-9868-57a2d4851a1d" />
    <TestEntry testId="76bfe392-7fcd-a802-9e94-5d9cc9e08f66" executionId="c74db8c9-886f-49bf-90f1-8fc2951a2e62" testListId="8c84fa94-04c1-424b-9868-57a2d4851a1d" />
    <TestEntry testId="bf7d9fb7-e62a-8966-f152-a6c666e37bf0" executionId="cadfdacb-7206-4819-89ad-9f5994a2b18d" testListId="8c84fa94-04c1-424b-9868-57a2d4851a1d" />
    <TestEntry testId="dcb9e996-abcc-94c1-715a-a881c7c87d00" executionId="38a5306c-c6c4-4345-aa18-841d51c047b3" testListId="8c84fa94-04c1-424b-9868-57a2d4851a1d" />
    <TestEntry testId="fb9c5acf-a0a4-9474-e2d6-b90acdb6038f" executionId="4277d233-6cb8-407f-bdf6-d55b2fed2ad7" testListId="8c84fa94-04c1-424b-9868-57a2d4851a1d" />
    <TestEntry testId="8d7a3cb7-0721-5fbc-8b4a-ca2018c37dfd" executionId="36d10238-d2f9-4713-b605-08b5f63ac8c8" testListId="8c84fa94-04c1-424b-9868-57a2d4851a1d" />
    <TestEntry testId="45d2fbdd-356c-c68c-8b8d-eb409c7fbdd5" executionId="f3c7afdc-63a9-4aef-8caf-e3369e59fbd8" testListId="8c84fa94-04c1-424b-9868-57a2d4851a1d" />
    <TestEntry testId="1152df18-e346-ddeb-56d2-4baba47f379b" executionId="97dcbdd5-7680-4173-b43f-0910cacd21c1" testListId="8c84fa94-04c1-424b-9868-57a2d4851a1d" />
    <TestEntry testId="745556e0-6207-6405-cb05-73e41479d01b" executionId="a09f85d0-95f4-4477-996a-8c18724b680b" testListId="8c84fa94-04c1-424b-9868-57a2d4851a1d" />
    <TestEntry testId="af020ac1-365f-b7eb-a431-ac7da1a55d0e" executionId="d923dde2-8942-4c9e-9436-d26b7c1a849d" testListId="8c84fa94-04c1-424b-9868-57a2d4851a1d" />
    <TestEntry testId="954601e0-f9ec-a2d9-0256-f03b3529ae84" executionId="56378418-e711-43c5-85ac-350a508fe6c0" testListId="8c84fa94-04c1-424b-9868-57a2d4851a1d" />
    <TestEntry testId="969475b1-614e-3792-edcc-ede55f705bde" executionId="5b5df949-5450-43ae-b5dc-554c4283ea59" testListId="8c84fa94-04c1-424b-9868-57a2d4851a1d" />
    <TestEntry testId="1289e3dd-43be-584e-b51e-23570abe3f5d" executionId="ac6d706b-309b-4823-8332-51c04e84327a" testListId="8c84fa94-04c1-424b-9868-57a2d4851a1d" />
    <TestEntry testId="90cdd93f-96cb-b0e4-bdfb-41af2a417f44" executionId="3032c3fb-3d17-4db4-9d1c-623043689e10" testListId="8c84fa94-04c1-424b-9868-57a2d4851a1d" />
    <TestEntry testId="56fd0b33-b60a-b29a-95b2-a281082a22a7" executionId="d7461a13-fd08-4445-9edb-c8b9aa2a6636" testListId="8c84fa94-04c1-424b-9868-57a2d4851a1d" />
    <TestEntry testId="e20dd4bc-1076-9b08-911a-53745c946843" executionId="0b14318c-07b0-4d9f-9970-9adfe71ba860" testListId="8c84fa94-04c1-424b-9868-57a2d4851a1d" />
    <TestEntry testId="acd4bcec-3088-d922-c81d-7c878116fd96" executionId="c176f8c4-cea5-4f1a-a98e-e2cb6dcee846" testListId="8c84fa94-04c1-424b-9868-57a2d4851a1d" />
    <TestEntry testId="3d239bfe-c698-b684-dbea-c3fa7475cac3" executionId="e956539f-5a64-4ed2-9da9-ae7f8a26bab7" testListId="8c84fa94-04c1-424b-9868-57a2d4851a1d" />
    <TestEntry testId="8c07b406-fe7d-69af-02cd-d9ef9d9292a2" executionId="28708455-0646-4bca-bedb-6413983db040" testListId="8c84fa94-04c1-424b-9868-57a2d4851a1d" />
    <TestEntry testId="a7471f80-cbf9-8a3c-4135-e8764bf5beac" executionId="c13d1f30-6552-404e-8f69-eeaab75522c4" testListId="8c84fa94-04c1-424b-9868-57a2d4851a1d" />
    <TestEntry testId="e39a4c61-b8fe-475f-ae8e-0405980a31e1" executionId="b02d556f-d764-4ca5-a62f-cdeb986b445f" testListId="8c84fa94-04c1-424b-9868-57a2d4851a1d" />
    <TestEntry testId="3531bb1c-4b27-a459-4c43-0cfe3ff11658" executionId="f6e6fee5-ac33-4d97-bf07-828d4b0d0391" testListId="8c84fa94-04c1-424b-9868-57a2d4851a1d" />
    <TestEntry testId="7d2410b8-3c58-b582-417b-c169fd10082a" executionId="cc8187fd-2aa2-41b0-99db-584cedb282d9" testListId="8c84fa94-04c1-424b-9868-57a2d4851a1d" />
    <TestEntry testId="b2140eb5-1158-292e-b391-05603b283241" executionId="93c638b0-e9e2-491e-abc6-a21ca4396827" testListId="8c84fa94-04c1-424b-9868-57a2d4851a1d" />
    <TestEntry testId="7a5cf7da-061e-50b8-db52-35905e76bf20" executionId="364cf94b-71d3-4cc4-9b82-0b9a60dcf18a" testListId="8c84fa94-04c1-424b-9868-57a2d4851a1d" />
    <TestEntry testId="8037f4df-cf2b-6def-7972-b1473d2ac3fc" executionId="5cec96d3-b1aa-4e6c-935e-7e4178f0bf43" testListId="8c84fa94-04c1-424b-9868-57a2d4851a1d" />
    <TestEntry testId="bccc2445-89a6-1399-42c4-b4fe289cc575" executionId="4eedecaa-f10f-4720-9cbe-c9432fdd2de5" testListId="8c84fa94-04c1-424b-9868-57a2d4851a1d" />
    <TestEntry testId="4d62d737-01d7-eab8-ec9c-5b7088340c30" executionId="0bd9f866-94e4-414d-a1f5-d3275bbf648e" testListId="8c84fa94-04c1-424b-9868-57a2d4851a1d" />
    <TestEntry testId="7567889c-89b1-6883-c5eb-0dc4a697c9a2" executionId="f1629a22-0522-47b2-8f3a-ec66a1625370" testListId="8c84fa94-04c1-424b-9868-57a2d4851a1d" />
    <TestEntry testId="6952147b-0649-5a15-153f-168299f6ea42" executionId="9b15484f-6441-4820-a27c-bb3505c65050" testListId="8c84fa94-04c1-424b-9868-57a2d4851a1d" />
    <TestEntry testId="e70b8920-102c-2c49-870e-b83b646da4cf" executionId="4078b813-27dd-40aa-b979-a0fccdf79a22" testListId="8c84fa94-04c1-424b-9868-57a2d4851a1d" />
    <TestEntry testId="510613cb-21e1-a1c9-bb93-eed81a23f6dd" executionId="fc7a239c-e324-4224-888a-f1d4a39acd34" testListId="8c84fa94-04c1-424b-9868-57a2d4851a1d" />
    <TestEntry testId="49a4d1dc-d639-43e5-b5bf-49f3c902de94" executionId="99e8c494-1cb1-4a1f-a74a-073d4ce5a4b2" testListId="8c84fa94-04c1-424b-9868-57a2d4851a1d" />
    <TestEntry testId="76faaf38-4622-4c88-5501-fed78da072ec" executionId="b8b698fb-a678-4d84-8430-8ffa5c08c8b9" testListId="8c84fa94-04c1-424b-9868-57a2d4851a1d" />
    <TestEntry testId="1d0b1407-50e3-9faa-1e3c-031be37d7e48" executionId="2eafb163-ccd8-47af-a10b-a38d0f514a12" testListId="8c84fa94-04c1-424b-9868-57a2d4851a1d" />
    <TestEntry testId="0522e2ba-d5d4-2a3d-66cc-29afc357df8a" executionId="42718040-1d68-4d4f-b578-5c4d0670dcc8" testListId="8c84fa94-04c1-424b-9868-57a2d4851a1d" />
    <TestEntry testId="ebf5a56a-f7f7-6329-0fdd-d1c186256e6a" executionId="91d83730-5235-4557-b1ee-b751892b292a" testListId="8c84fa94-04c1-424b-9868-57a2d4851a1d" />
    <TestEntry testId="90d56c51-2ddc-8245-26c9-08f2adcdbbf1" executionId="d76534cd-83b9-49dd-bccd-be3f5d7816ff" testListId="8c84fa94-04c1-424b-9868-57a2d4851a1d" />
    <TestEntry testId="8dc7aaf8-eccc-25c6-3e3b-36a084427ca9" executionId="3644cbda-8502-4087-b6be-7a5ae6b9af7b" testListId="8c84fa94-04c1-424b-9868-57a2d4851a1d" />
    <TestEntry testId="5521532a-c03d-ff38-db82-2d0010d35d74" executionId="105f1190-71b2-492f-8da2-7b253ce7c1fd" testListId="8c84fa94-04c1-424b-9868-57a2d4851a1d" />
    <TestEntry testId="39b5d22d-0067-e3ff-d99c-706c8284a251" executionId="76995307-38f5-496e-bceb-0c562091e0e6" testListId="8c84fa94-04c1-424b-9868-57a2d4851a1d" />
    <TestEntry testId="2a8abbfe-1496-ae71-1450-b38c0db53bfc" executionId="c1fc34d9-9b15-4f32-bb7c-c91a58fe91a6" testListId="8c84fa94-04c1-424b-9868-57a2d4851a1d" />
    <TestEntry testId="dc4a098b-795d-74bb-d48d-bb930ac51271" executionId="122ee427-da96-4a99-8179-0f21e02b347d" testListId="8c84fa94-04c1-424b-9868-57a2d4851a1d" />
    <TestEntry testId="7fd0c204-7b22-7b74-17fd-4cc34182ba94" executionId="155f6f9f-b912-47ac-bf0c-3eaf3d4ec0f4" testListId="8c84fa94-04c1-424b-9868-57a2d4851a1d" />
    <TestEntry testId="66248bda-3701-ca80-1735-652ce46c5d20" executionId="bd8a29ef-9b00-4dbf-9078-a77bfa0ced5e" testListId="8c84fa94-04c1-424b-9868-57a2d4851a1d" />
    <TestEntry testId="e0ff5e87-9149-ce63-9796-3fa300857898" executionId="49d5cc71-e06c-4ff3-988d-06b4d51b97b6" testListId="8c84fa94-04c1-424b-9868-57a2d4851a1d" />
    <TestEntry testId="5e8ea83d-a317-e7a9-7c7b-042795e1eff1" executionId="29a5fd20-7e94-4116-a2fe-cbd163021196" testListId="8c84fa94-04c1-424b-9868-57a2d4851a1d" />
    <TestEntry testId="5569ace7-c374-a3a5-367c-296344974383" executionId="1d8202b8-d20b-43f5-957f-f9b7b6627a4c" testListId="8c84fa94-04c1-424b-9868-57a2d4851a1d" />
    <TestEntry testId="35966a0e-660b-4e81-3caf-977868899497" executionId="42b3997a-5d16-47fe-b9ef-669d76175acb" testListId="8c84fa94-04c1-424b-9868-57a2d4851a1d" />
    <TestEntry testId="7b1adb34-29e1-8e99-6cf5-b6dc68ed1598" executionId="1bd90ddb-0eb9-4c4a-9e68-bc3175e5406c" testListId="8c84fa94-04c1-424b-9868-57a2d4851a1d" />
    <TestEntry testId="b151b523-5c65-459c-1a05-18b8bbbf66f9" executionId="ac07406e-e7d8-4ab3-873f-7b4bb1a2b981" testListId="8c84fa94-04c1-424b-9868-57a2d4851a1d" />
    <TestEntry testId="66e16570-c643-e3da-6443-21f93e9732be" executionId="403d1256-e538-4a10-950c-fc39d60a1f00" testListId="8c84fa94-04c1-424b-9868-57a2d4851a1d" />
    <TestEntry testId="6e0886c3-c6d4-9316-913e-67c4a2ab715a" executionId="5bb31293-be43-4878-bbe1-adb5777befa6" testListId="8c84fa94-04c1-424b-9868-57a2d4851a1d" />
    <TestEntry testId="6eeceb8d-f303-db47-4bc1-99a3fca42609" executionId="18619281-bd49-4d62-b137-96444484b825" testListId="8c84fa94-04c1-424b-9868-57a2d4851a1d" />
    <TestEntry testId="242ecbf7-6100-e859-58bb-a5d31355fd7f" executionId="bff1a931-5345-41a8-b098-1fca80444857" testListId="8c84fa94-04c1-424b-9868-57a2d4851a1d" />
    <TestEntry testId="f5c4f377-4e3e-b2d1-f112-051ef98aaff6" executionId="24650c01-19eb-4973-9390-fe07f143092d" testListId="8c84fa94-04c1-424b-9868-57a2d4851a1d" />
    <TestEntry testId="a725406b-a2e9-2dd0-1f6b-0aa81740b95d" executionId="2d5f7514-33d2-4c54-8749-2834c05a377f" testListId="8c84fa94-04c1-424b-9868-57a2d4851a1d" />
    <TestEntry testId="b2a5cf74-d54b-a40a-2fad-3f7112c31afc" executionId="d8cdbcfb-becd-46a0-a9ab-26ea01d848ce" testListId="8c84fa94-04c1-424b-9868-57a2d4851a1d" />
    <TestEntry testId="dc528239-1430-c276-350b-70d67eb64991" executionId="a8ce9f3b-4d8f-4440-a0ef-b986d6eef724" testListId="8c84fa94-04c1-424b-9868-57a2d4851a1d" />
    <TestEntry testId="3c56c2c2-4fb6-11eb-e517-8e04c9da4bfc" executionId="195c938f-ff87-429d-8cc7-e7d8296635c3" testListId="8c84fa94-04c1-424b-9868-57a2d4851a1d" />
    <TestEntry testId="46dc94f7-ad9d-a3be-24f6-15ca29f318c8" executionId="118963f4-4fbc-44b5-a7c0-de8c6a3737d6" testListId="8c84fa94-04c1-424b-9868-57a2d4851a1d" />
    <TestEntry testId="2f9efc0b-2b51-e1f2-b995-c9e4d27be7ef" executionId="4ea711ed-71b8-4659-a594-3c84a8dae360" testListId="8c84fa94-04c1-424b-9868-57a2d4851a1d" />
    <TestEntry testId="f86c1082-ed35-a19a-aa0b-8740241d8a93" executionId="0b050841-76f2-429c-9c38-4c97b5c5ff49" testListId="8c84fa94-04c1-424b-9868-57a2d4851a1d" />
    <TestEntry testId="29456248-06fd-18a6-b06f-ad49591a0ced" executionId="c92ae235-76c4-4fe4-9b8f-50f9277f2dfa" testListId="8c84fa94-04c1-424b-9868-57a2d4851a1d" />
    <TestEntry testId="cf9fb0fd-61f7-dc81-2870-e2efb0a27e99" executionId="6b1e5412-4055-42f7-9bc7-352cb3b1f563" testListId="8c84fa94-04c1-424b-9868-57a2d4851a1d" />
    <TestEntry testId="3261412c-4855-a412-6651-3353475b70d1" executionId="593fce90-a68c-400a-af63-dde73eb885fd" testListId="8c84fa94-04c1-424b-9868-57a2d4851a1d" />
    <TestEntry testId="d9db7865-5d01-a38d-f8ab-fec80d4cd58f" executionId="fa4e5b36-714c-4db7-985d-b9d125320176" testListId="8c84fa94-04c1-424b-9868-57a2d4851a1d" />
    <TestEntry testId="2949711f-0eb3-2956-3cc9-6eb25ae76d45" executionId="c149f299-69c5-404b-be52-9e49fc3f43e4" testListId="8c84fa94-04c1-424b-9868-57a2d4851a1d" />
    <TestEntry testId="212362f0-6582-d921-5ad6-0f18fb1fccd7" executionId="208787a7-e345-4f1c-ba8b-6c641f264e93" testListId="8c84fa94-04c1-424b-9868-57a2d4851a1d" />
    <TestEntry testId="5c8b8879-3785-ed7e-8517-b4801c6cd5ed" executionId="bdad2f80-5d8e-4c7d-b6ec-7fbf450a76c3" testListId="8c84fa94-04c1-424b-9868-57a2d4851a1d" />
    <TestEntry testId="41b47b25-71b8-a5de-187b-e2ea18a5bea5" executionId="125344ee-dddc-4684-9d0b-ac776a1fefc1" testListId="8c84fa94-04c1-424b-9868-57a2d4851a1d" />
    <TestEntry testId="37ed753f-fb31-f836-a9b4-732002d7c58a" executionId="31ae3f3d-7293-4210-9057-31bbcd69dcd1" testListId="8c84fa94-04c1-424b-9868-57a2d4851a1d" />
    <TestEntry testId="bbd40c50-138a-242f-0a1a-f5146e72bc55" executionId="0c721137-18e2-47a5-adb4-d53a52dd594e" testListId="8c84fa94-04c1-424b-9868-57a2d4851a1d" />
    <TestEntry testId="691753c3-d5e2-251f-e574-c6c2f1be1f0f" executionId="e4794769-fc4e-45cc-a339-4b92bcb8b1e1" testListId="8c84fa94-04c1-424b-9868-57a2d4851a1d" />
    <TestEntry testId="caf3251d-1749-3055-5c33-0c4dbf193eaf" executionId="d0f3c85f-167b-4580-85b5-1cb135e750c0" testListId="8c84fa94-04c1-424b-9868-57a2d4851a1d" />
    <TestEntry testId="bf835e73-1c1d-3036-1ae1-abe8be46c4ee" executionId="25aa5f9d-5d65-47c7-a79d-49e24823bf3d" testListId="8c84fa94-04c1-424b-9868-57a2d4851a1d" />
    <TestEntry testId="2b42cf1e-53f1-51d7-378c-373f8211cdc9" executionId="3326c377-b348-4bed-98e0-f4ec7b75374a" testListId="8c84fa94-04c1-424b-9868-57a2d4851a1d" />
    <TestEntry testId="c813b430-2229-8354-72e9-cc990737510e" executionId="7aeeaa57-8ba7-40ea-ae09-0fdf7474a326" testListId="8c84fa94-04c1-424b-9868-57a2d4851a1d" />
    <TestEntry testId="64826042-8696-d8e4-f559-e9388633cb53" executionId="24370d94-d6bb-452d-899b-f9cf445eaa66" testListId="8c84fa94-04c1-424b-9868-57a2d4851a1d" />
    <TestEntry testId="c0fece1f-9b44-eed0-6d57-25d33d60c993" executionId="dc818340-4c14-43b3-b34d-4308ae5ee291" testListId="8c84fa94-04c1-424b-9868-57a2d4851a1d" />
    <TestEntry testId="a04a0f39-a134-c31e-63fa-5c0df3d76221" executionId="0d7a1068-4aae-4df0-83ff-cf1fa3ce768c" testListId="8c84fa94-04c1-424b-9868-57a2d4851a1d" />
    <TestEntry testId="101a5c4c-d35c-9c36-c5db-34a72d861be1" executionId="03ecca86-d509-4af4-9e32-1c6b98710cae" testListId="8c84fa94-04c1-424b-9868-57a2d4851a1d" />
    <TestEntry testId="fa3a59df-facb-0618-e063-22bae6a6587f" executionId="865abb61-65e9-4a3b-bf8d-70b3fa97f9e0" testListId="8c84fa94-04c1-424b-9868-57a2d4851a1d" />
    <TestEntry testId="0ed4a6a8-a7ff-3968-5edc-a11fd69e54d9" executionId="46c6ce77-a36c-4efd-bf28-7d100706cfc7" testListId="8c84fa94-04c1-424b-9868-57a2d4851a1d" />
    <TestEntry testId="d0e8e19c-dad1-887d-7e8d-e9f96daabfbb" executionId="49c1f374-3226-4290-b793-37a58d18f91a" testListId="8c84fa94-04c1-424b-9868-57a2d4851a1d" />
    <TestEntry testId="c53f1642-5605-a1e9-4f79-ff719abd0c63" executionId="24ca42b3-ac02-473d-b3d9-801da9393a68" testListId="8c84fa94-04c1-424b-9868-57a2d4851a1d" />
    <TestEntry testId="89572e90-84de-bab5-9f95-9bc70fe162d5" executionId="9529435d-b1a3-4345-8fc8-1f2a8e5b30c2" testListId="8c84fa94-04c1-424b-9868-57a2d4851a1d" />
    <TestEntry testId="bd7495bc-9b5e-cec7-dd03-e6762280b2fa" executionId="edebb16d-b257-41a2-9539-b58dde5c3ffa" testListId="8c84fa94-04c1-424b-9868-57a2d4851a1d" />
    <TestEntry testId="8bf81e66-377b-fa96-3dfc-8bfd6c40e44c" executionId="61999b49-af4c-44c1-8066-a0cc42b3ce27" testListId="8c84fa94-04c1-424b-9868-57a2d4851a1d" />
    <TestEntry testId="92594ce4-a29a-2f60-6b95-8de7cbb18821" executionId="4c67b67d-aa16-4759-8c46-dd0850b9e177" testListId="8c84fa94-04c1-424b-9868-57a2d4851a1d" />
  </TestEntries>
  <TestLists>
    <TestList name="Results Not in a List" id="8c84fa94-04c1-424b-9868-57a2d4851a1d" />
    <TestList name="All Loaded Results" id="19431567-8539-422a-85d7-44ee4e166bda" />
  </TestLists>
  <ResultSummary outcome="Completed">
    <Counters total="320" executed="320" passed="320" failed="0" error="0" timeout="0" aborted="0" inconclusive="0" passedButRunAborted="0" notRunnable="0" notExecuted="0" disconnected="0" warning="0" completed="0" inProgress="0" pending="0" />
    <Output>
      <StdOut>[xUnit.net 00:00:00.00] xUnit.net VSTest Adapter v2.8.2+699d445a1a (64-bit .NET 9.0.6)
[xUnit.net 00:00:00.06]   Discovering: NeoSharp.Tests
[xUnit.net 00:00:00.12]   Discovered:  NeoSharp.Tests
[xUnit.net 00:00:00.12]   Starting:    NeoSharp.Tests
[xUnit.net 00:02:11.47]   Finished:    NeoSharp.Tests
</StdOut>
    </Output>
    <RunInfos>
      <RunInfo computerName="r3e" outcome="Warning" timestamp="2025-08-22T09:53:19.1741645+00:00">
        <Text>Data collection : Unable to find a datacollector with friendly name 'XPlat Code Coverage'.</Text>
      </RunInfo>
      <RunInfo computerName="r3e" outcome="Warning" timestamp="2025-08-22T09:53:19.1743614+00:00">
        <Text>Data collection : Could not find data collector 'XPlat Code Coverage'</Text>
      </RunInfo>
    </RunInfos>
  </ResultSummary>
</TestRun>